#INFO: **** input file is /projects/anma2640/VMC/dqmc_tests/bf/test/bf.py ****
import numpy
from pyscf import gto, scf, mcscf, fci, ao2mo, lib, tools, cc
from pauxy.utils.from_pyscf import generate_integrals
import prepVMC

r = 1.2669
atomstring = f'''
B 0. 0. 0.
F {r} 0. 0.
'''
mol = gto.M(
     atom=atomstring,
     basis='augccpvqz',
     verbose=4,
     symmetry=0,
     spin=0)
mf = scf.RHF(mol)
mf.kernel()
norb = mol.nao
nelec = mol.nelec
print(f'norb: {norb}')
print(f'nelec: {nelec}')


# ccsd
mycc = cc.CCSD(mf)
mycc.frozen = 0
mycc.verbose = 5
mycc.kernel()
#prepVMC.write_ccsd(mycc.t1, mycc.t2)

et = mycc.ccsd_t()
print('CCSD(T) energy', mycc.e_tot + et)

rhf_dipole = mf.dip_moment(unit='au')
print(f'mf dipole: {rhf_dipole}')

nuc_dipmom = [0.0, 0.0, 0.0]
for i in range(mol.natm):
  for j in range(3):
    nuc_dipmom[j] += mol.atom_charge(i)*mol.atom_coord(i)[j]

dip_ints_ao = -mol.intor_symmetric('int1e_r', comp=3)
dip_ints_mo = numpy.empty_like(dip_ints_ao)
for i in range(dip_ints_ao.shape[0]):
  dip_ints_mo[i] = mf.mo_coeff.T.dot(dip_ints_ao[i]).dot(mf.mo_coeff)
dm1_cc = mycc.make_rdm1()
edip_cc = [0., 0. ,0.]
for i in range(3):
  edip_cc[i] = numpy.trace(numpy.dot(dm1_cc, dip_ints_mo[i]))
print(f'cc dipole: {numpy.array(nuc_dipmom) + numpy.array(edip_cc)}')


print('relaxed cc dipoles:')
norbFrozen = 0
mf = scf.RHF(mol)
dE = 1.e-5
E = numpy.array([ -dE, 0., 0. ])
h1e = mf.get_hcore()
h1e += E[0] * dip_ints_ao[0]
mf.get_hcore = lambda *args: h1e
mf.verbose = 1
mf.kernel()
emf_m = mf.e_tot + E[0] * nuc_dipmom[0]

mycc = cc.CCSD(mf)
mycc.frozen = norbFrozen
mycc.verbose = 1
mycc.kernel()
emp2_m = mycc.e_hf + mycc.emp2 + E[0] * nuc_dipmom[0]
eccsd_m = mycc.e_tot + E[0] * nuc_dipmom[0]
#prepVMC.write_ccsd(mycc.t1, mycc.t2)

et = mycc.ccsd_t()
print('CCSD(T) energy', mycc.e_tot + et)
eccsdpt_m = mycc.e_tot + et + E[0] * nuc_dipmom[0]

E = numpy.array([ dE, 0., 0. ])
mf = scf.RHF(mol)
h1e = mf.get_hcore()
h1e += E[0] * dip_ints_ao[0]
mf.get_hcore = lambda *args: h1e
mf.verbose = 1
mf.kernel()
emf_p = mf.e_tot + E[0] * nuc_dipmom[0]

mycc = cc.CCSD(mf)
mycc.frozen = norbFrozen
mycc.verbose = 1
mycc.kernel()
emp2_p = mycc.e_hf + mycc.emp2 + E[0] * nuc_dipmom[0]
eccsd_p = mycc.e_tot + E[0] * nuc_dipmom[0]
#prepVMC.write_ccsd(mycc.t1, mycc.t2)

et = mycc.ccsd_t()
print('CCSD(T) energy', mycc.e_tot + et)
eccsdpt_p = mycc.e_tot + et + E[0] * nuc_dipmom[0]

print(f'emf_m: {emf_m}, emf_p: {emf_p}, dip_mf: {(emf_p - emf_m) / 2 / dE}')
print(f'emp2_m: {emp2_m}, emp2_p: {emp2_p}, dip_mp2: {(emp2_p - emp2_m) / 2 / dE}')
print(f'eccsd_m: {eccsd_m}, eccsd_p: {eccsd_p}, dip_ccsd: {(eccsd_p - eccsd_m) / 2 / dE}')
print(f'eccsdpt_m: {eccsdpt_m}, eccsd_p: {eccsdpt_p}, dip_ccsdpt: {(eccsdpt_p - eccsdpt_m) / 2 / dE}')
#INFO: ******************** input file end ********************


System: uname_result(system='Linux', node='bhpc-c7-u19-1.rc.int.colorado.edu', release='3.10.0-1160.15.2.el7.x86_64', version='#1 SMP Wed Feb 3 15:06:38 UTC 2021', machine='x86_64', processor='x86_64')  Threads 36
Python 3.8.3 (default, May 19 2020, 18:47:26) 
[GCC 7.3.0]
numpy 1.19.1  scipy 1.5.2
Date: Thu Jan 20 22:12:18 2022
PySCF version 1.7.4
PySCF path  /projects/anma2640/pyscf/pyscf
GIT HEAD      ref: refs/heads/master
GIT master branch  14142ec394cbdcffb8e214fba6b1d6cde9025e9a

[CONFIG] conf_file None
[INPUT] verbose = 4
[INPUT] num. atoms = 2
[INPUT] num. electrons = 14
[INPUT] charge = 0
[INPUT] spin (= nelec alpha-beta = 2S) = 0
[INPUT] symmetry 0 subgroup None
[INPUT] Mole.unit = angstrom
[INPUT]  1 B      0.000000000000   0.000000000000   0.000000000000 AA    0.000000000000   0.000000000000   0.000000000000 Bohr
[INPUT]  2 F      1.266900000000   0.000000000000   0.000000000000 AA    2.394094027211   0.000000000000   0.000000000000 Bohr

nuclear repulsion = 18.7962542358513
number of shells = 38
number of NR pGTOs = 186
number of NR cGTOs = 160
basis = augccpvqz
ecp = {}
CPU time:         0.91


******** <class 'pyscf.scf.hf.RHF'> ********
method = RHF
initial guess = minao
damping factor = 0
level_shift factor = 0
DIIS = <class 'pyscf.scf.diis.CDIIS'>
diis_start_cycle = 1
diis_space = 8
SCF conv_tol = 1e-09
SCF conv_tol_grad = None
SCF max_cycles = 50
direct_scf = True
direct_scf_tol = 1e-13
chkfile to save SCF result = /rc_scratch/anma2640/tmp13g18s76
max_memory 4000 MB (current use 82 MB)
Set gradient conv threshold to 3.16228e-05
init E= -124.190244919836
  HOMO = -0.297178604981735  LUMO = 0.0306990087989771
cycle= 1 E= -124.130355862245  delta_E= 0.0599  |g|= 0.405  |ddm|= 0.914
  HOMO = -0.43244885445669  LUMO = 0.0333845481753198
cycle= 2 E= -124.155820033833  delta_E= -0.0255  |g|= 0.27  |ddm|= 0.301
  HOMO = -0.412837593280121  LUMO = 0.0356944612879237
cycle= 3 E= -124.165698453948  delta_E= -0.00988  |g|= 0.0356  |ddm|= 0.0989
  HOMO = -0.404978028839691  LUMO = 0.036676736235519
cycle= 4 E= -124.166104859528  delta_E= -0.000406  |g|= 0.00791  |ddm|= 0.0471
  HOMO = -0.405586209433466  LUMO = 0.0365354489301271
cycle= 5 E= -124.166134033107  delta_E= -2.92e-05  |g|= 0.00151  |ddm|= 0.0149
  HOMO = -0.405726033298098  LUMO = 0.0364897332210482
cycle= 6 E= -124.166135369106  delta_E= -1.34e-06  |g|= 0.000328  |ddm|= 0.0038
  HOMO = -0.405679781691602  LUMO = 0.0364899056929141
cycle= 7 E= -124.166135430435  delta_E= -6.13e-08  |g|= 5.15e-05  |ddm|= 0.000862
  HOMO = -0.405680428639425  LUMO = 0.0364893793811332
cycle= 8 E= -124.166135431532  delta_E= -1.1e-09  |g|= 7.02e-06  |ddm|= 6.87e-05
  HOMO = -0.40568053341697  LUMO = 0.0364893842409425
cycle= 9 E= -124.166135431552  delta_E= -1.98e-11  |g|= 7.6e-07  |ddm|= 2.59e-05
  HOMO = -0.40568052528841  LUMO = 0.0364893889902663
Extra cycle  E= -124.166135431552  delta_E=    0  |g|= 2.39e-07  |ddm|= 2.35e-06
converged SCF energy = -124.166135431552
norb: 160
nelec: (7, 7)

******** <class 'pyscf.cc.ccsd.CCSD'> ********
CC2 = 0
CCSD nocc = 7, nmo = 160
frozen orbitals 0
max_cycle = 50
direct = 0
conv_tol = 1e-07
conv_tol_normt = 1e-05
diis_space = 6
diis_start_cycle = 0
diis_start_energy_diff = 1e+09
max_memory 4000 MB (current use 822 MB)
MO integrals int2e_sph are saved in <HDF5 file "tmpdd7qnywa" (mode r+)>/eri_mo
num. MO ints = 1.3879196e+08, required disk 1110.3357 MB
step1: tmpfile /rc_scratch/anma2640/tmpcf0c7upv  1213.9142 MB
step1: (ij,kl) = (11781,12880), mem cache 3177.2447 MB, iobuf 800 MB
    CPU time for Initializing ao2mo.outcore.half_e1      0.79 sec, wall time      0.02 sec
    CPU time for AO->MO transformation for int2e_sph 1 pass     53.97 sec, wall time      3.29 sec
step2: kl-pair (ao 12880, mo 11781), mem 313.2416 MB, ioblock 286.51392 MB
    CPU time for AO->MO transformation for int2e_sph 2 pass     36.24 sec, wall time      3.68 sec
    CPU time for AO->MO transformation for int2e_sph      90.21 sec, wall time      6.97 sec
step1: tmpfile /rc_scratch/anma2640/tmpn52f0791  115.4048 MB
step1: (ij,kl) = (1120,12880), mem cache 3114.8667 MB, iobuf 800 MB
    CPU time for Initializing ao2mo.outcore.half_e1      0.36 sec, wall time      0.03 sec
    CPU time for CCSD integral transformation    147.82 sec, wall time      9.52 sec
Init t2, MP2 energy = -124.57520495107  E_corr(MP2) -0.409069519517549
    CPU time for init mp2      0.03 sec, wall time      0.04 sec
Init E_corr(CCSD) = -0.409069519517585
cycle = 1  E_corr(CCSD) = -0.406639996998073  dE = 0.00242952252  norm(t1,t2) = 0.0564464
    CPU time for CCSD iter    126.65 sec, wall time      3.83 sec
cycle = 2  E_corr(CCSD) = -0.417301121700463  dE = -0.0106611247  norm(t1,t2) = 0.0232863
    CPU time for CCSD iter    121.50 sec, wall time      3.63 sec
cycle = 3  E_corr(CCSD) = -0.417392342907587  dE = -9.12212071e-05  norm(t1,t2) = 0.013335
    CPU time for CCSD iter    124.28 sec, wall time      3.71 sec
cycle = 4  E_corr(CCSD) = -0.419529555361758  dE = -0.00213721245  norm(t1,t2) = 0.00643199
    CPU time for CCSD iter    118.76 sec, wall time      3.51 sec
cycle = 5  E_corr(CCSD) = -0.419609965389667  dE = -8.04100279e-05  norm(t1,t2) = 0.000777411
    CPU time for CCSD iter    120.31 sec, wall time      3.50 sec
cycle = 6  E_corr(CCSD) = -0.419527053689709  dE = 8.29117e-05  norm(t1,t2) = 0.000277197
    CPU time for CCSD iter    121.58 sec, wall time      3.56 sec
cycle = 7  E_corr(CCSD) = -0.41952284780443  dE = 4.20588528e-06  norm(t1,t2) = 7.00819e-05
    CPU time for CCSD iter    118.06 sec, wall time      3.44 sec
cycle = 8  E_corr(CCSD) = -0.419529606534721  dE = -6.75873029e-06  norm(t1,t2) = 2.53389e-05
    CPU time for CCSD iter    122.95 sec, wall time      3.63 sec
cycle = 9  E_corr(CCSD) = -0.419529120444272  dE = 4.8609045e-07  norm(t1,t2) = 1.0606e-05
    CPU time for CCSD iter    119.13 sec, wall time      3.50 sec
cycle = 10  E_corr(CCSD) = -0.419528679639071  dE = 4.40805201e-07  norm(t1,t2) = 2.55336e-06
    CPU time for CCSD iter    127.09 sec, wall time      3.73 sec
cycle = 11  E_corr(CCSD) = -0.419528864032309  dE = -1.84393238e-07  norm(t1,t2) = 1.06769e-06
    CPU time for CCSD iter    119.26 sec, wall time      3.48 sec
cycle = 12  E_corr(CCSD) = -0.419528792094152  dE = 7.19381573e-08  norm(t1,t2) = 3.0303e-07
    CPU time for CCSD iter    117.33 sec, wall time      3.48 sec
    CPU time for CCSD   1456.91 sec, wall time     43.00 sec
CCSD converged
E(CCSD) = -124.5856642236464  E_corr = -0.4195287920941515
MO integrals int2e_sph are saved in <HDF5 file "tmpjdsc8_nb" (mode r+)>/eri_mo
num. MO ints = 1.3879196e+08, required disk 1110.3357 MB
step1: tmpfile /rc_scratch/anma2640/tmpqqc1vgvw  1213.9142 MB
step1: (ij,kl) = (11781,12880), mem cache 2887.2233 MB, iobuf 800 MB
    CPU time for Initializing ao2mo.outcore.half_e1      0.77 sec, wall time      0.02 sec
    CPU time for AO->MO transformation for int2e_sph 1 pass     55.11 sec, wall time      3.35 sec
step2: kl-pair (ao 12880, mo 11781), mem 280.2688 MB, ioblock 256.35456 MB
    CPU time for AO->MO transformation for int2e_sph 2 pass     41.92 sec, wall time      3.64 sec
    CPU time for AO->MO transformation for int2e_sph      97.03 sec, wall time      6.99 sec
step1: tmpfile /rc_scratch/anma2640/tmprmgp35lx  115.4048 MB
step1: (ij,kl) = (1120,12880), mem cache 2869.7784 MB, iobuf 800 MB
    CPU time for Initializing ao2mo.outcore.half_e1      0.41 sec, wall time      0.02 sec
    CPU time for CCSD integral transformation    148.96 sec, wall time      9.30 sec
max_memory 2867 MB (1132 MB in use)
    CPU time for CCSD(T)     36.22 sec, wall time      1.19 sec
CCSD(T) correction = -0.0132937086795745
CCSD(T) energy -124.59895793232599
Dipole moment(X, Y, Z, A.U.):  0.33314,  0.00000, -0.00000
mf dipole: [ 3.33141846e-01  3.91125098e-15 -4.07098192e-15]
MO integrals int2e_sph are saved in <HDF5 file "tmpc3o1ka6i" (mode r+)>/eri_mo
num. MO ints = 1.3879196e+08, required disk 1110.3357 MB
step1: tmpfile /rc_scratch/anma2640/tmpmtgc4n61  1213.9142 MB
step1: (ij,kl) = (11781,12880), mem cache 2832.2099 MB, iobuf 800 MB
    CPU time for Initializing ao2mo.outcore.half_e1      0.26 sec, wall time      0.01 sec
    CPU time for AO->MO transformation for int2e_sph 1 pass     61.49 sec, wall time      3.22 sec
step2: kl-pair (ao 12880, mo 11781), mem 280.2688 MB, ioblock 256.35456 MB
    CPU time for AO->MO transformation for int2e_sph 2 pass     41.23 sec, wall time      3.72 sec
    CPU time for AO->MO transformation for int2e_sph     102.72 sec, wall time      6.95 sec
step1: tmpfile /rc_scratch/anma2640/tmpk557o3r9  115.4048 MB
step1: (ij,kl) = (1120,12880), mem cache 2829.3222 MB, iobuf 800 MB
    CPU time for Initializing ao2mo.outcore.half_e1      0.17 sec, wall time      0.01 sec
    CPU time for CCSD integral transformation    156.64 sec, wall time      9.30 sec
    CPU time for CCSD lambda initialization     64.97 sec, wall time      4.64 sec
cycle = 1  norm(lambda1,lambda2) = 0.0189152
    CPU time for CCSD iter    101.18 sec, wall time      2.84 sec
cycle = 2  norm(lambda1,lambda2) = 0.00439141
    CPU time for CCSD iter     95.31 sec, wall time      2.65 sec
cycle = 3  norm(lambda1,lambda2) = 0.00302469
    CPU time for CCSD iter     95.64 sec, wall time      2.67 sec
cycle = 4  norm(lambda1,lambda2) = 0.00127651
    CPU time for CCSD iter     93.95 sec, wall time      2.62 sec
cycle = 5  norm(lambda1,lambda2) = 0.000231482
    CPU time for CCSD iter     89.66 sec, wall time      2.50 sec
cycle = 6  norm(lambda1,lambda2) = 7.54347e-05
    CPU time for CCSD iter     95.55 sec, wall time      2.66 sec
cycle = 7  norm(lambda1,lambda2) = 1.55322e-05
    CPU time for CCSD iter     92.97 sec, wall time      2.59 sec
cycle = 8  norm(lambda1,lambda2) = 5.78937e-06
    CPU time for CCSD iter    105.49 sec, wall time      2.98 sec
cc dipole: [ 3.27925261e-01  5.35478582e-16 -7.18985102e-16]
relaxed cc dipoles:
CCSD(T) energy -124.59874571143625
CCSD(T) energy -124.59917015508815
emf_m: -124.1661387637984, emf_p: -124.16613210097451, dip_mf: 0.3331411946305707
emp2_m: -124.57520872096936, emp2_p: -124.57520118300496, dip_mp2: 0.37689821965614095
eccsd_m: -124.58566736874332, eccsd_p: -124.58566108039129, dip_ccsd: 0.31441760128814167
eccsdpt_m: -124.5989611798987, eccsd_p: -124.5989546866257, dip_ccsdpt: 0.3246636495646271
