#INFO: **** input file is /projects/anma2640/VMC/dqmc_tests/tmo/cro/1.8/cro.py ****
import numpy
from pyscf import gto, scf, dft, ao2mo, mcscf, tools, lib, symm, cc
from pyscf.tools import molden
import scipy.linalg as la
from pauxy.utils.from_pyscf import generate_integrals
from pyscf.shciscf import shci
import prepVMC
import json

df=json.load(open("/projects/anma2640/pauxy/examples/generic/tmo/trail.json"))

# Checkpoint File Name
r = 1.9
atomString = f'Cr 0 0 0; O {r} 0 0;'
el = 'Cr'
basis = 'vdz'
#mol = gto.M(atom = atomString, basis = {'Fe': 'ccpwcvdzdk', 'O': 'ccpvdzdk'}, spin = 4, symmetry = 'c2v', verbose = 4)
#mol = gto.M(atom = atomString, basis = 'ccpvdz', spin = 4, symmetry = 'c2v', verbose = 4)
#mol = gto.M(atom = atomString, basis = {'Fe': 'ano@6s5p3d2f1g', 'O': 'ano@4s3p2d1f'}, spin = 4, symmetry = 'c2v', verbose = 4)
mol = gto.Mole()
mol.ecp = {}
mol.basis = {}
for e in [el, 'O']:
  mol.ecp[e] = gto.basis.parse_ecp(df[e]['ecp'])
  mol.basis[e] = gto.basis.parse(df[e][basis])
mol.charge = 0
mol.spin = 4
mol.build(atom = atomString, verbose = 4, symmetry='c2v')
#mf = scf.fast_newton(scf.RHF(mol).x2c())
#mf = scf.ROHF(mol).x2c()
mf = scf.ROHF(mol)
mf.level_shift = 1.
mf.max_cycle = 200
#mf.irrep_nelec = { "A1": (10, 9), 'B1': (4, 3), 'B2': (4, 3), 'A2': (1, 0) }
mf.irrep_nelec = { "A1": (6, 4), 'B1': (2, 2), 'B2': (3, 2), 'A2': (1, 0) }
#mf.chkfile = 'feo.chk'
#chkfile = 'feo.chk'
#mf.__dict__.update(lib.chkfile.load(chkfile, "scf"))
mf.kernel()
mf.analyze()
tools.molden.from_mo(mol, 'cro.molden', mf.mo_coeff)
print(f'mol.nao: {mol.nao}')
print(f'mol.nelec: {mol.nelec}')
#exit(0)

norb = mol.nao
norbAct = 13
nelecAct = 10
norbFrozen = 5
ncore = 5
# active space: Cu 3d, 4d; O 2p, 3p
# O 2s optimized as core in casscf, rest core frozen at hf level
mc = shci.SHCISCF(mf,  norbAct, nelecAct)
#mo = mc.sort_mo_by_irrep({'Ag': 6,'B1u': 4,'B2u': 4, 'B3g': 4, 'B3u': 6, 'B2g': 2, 'B1g': 4, 'Au': 2},
#    {'Ag': 7,'B1u': 2,'B2u': 4, 'B3g': 0, 'B3u': 5,'B2g': 2, 'B1g': 2, 'Au': 0})
mo = mc.sort_mo_by_irrep({'A1': 5,'A2': 2,'B1': 3, 'B2': 3},
    {'A1': 3,'A2': 0,'B1': 1, 'B2': 1})
#chkfile = f'cu2o2_{f}_SHCISCF.chk'
#mc.__dict__.update(lib.chkfile.load(chkfile, 'mcscf'))
mc.chkfile = f'cro_SHCISCF.chk'
#mc.frozen = norbFrozen
mc.fcisolver.sweep_iter = [ 0 ]
mc.fcisolver.sweep_epsilon = [ 1e-5 ]
mc.fcisolver.nPTiter = 0
mc.max_cycle_macro = 10
mc.internal_rotation = True
mc.fcisolver.nPTiter = 0  # Turns off PT calculation, i.e. no PTRDM.
mc.fcisolver.mpiprefix = "mpirun -np 36"
mc.fcisolver.scratchDirectory = "/rc_scratch/anma2640/cro/"
mc.mc1step(mo)
tools.molden.from_mo(mol, 'cro_cas.molden', mc.mo_coeff)
#exit(0)

norbAct = mol.nao
moActDice = mc.mo_coeff[:, :norbAct]
h1eff = moActDice.T.dot(mf.get_hcore()).dot(moActDice)
eri = ao2mo.kernel(mol, moActDice)
tools.fcidump.from_integrals('FCIDUMP_can_all', h1eff, eri, norbAct, mol.nelectron, mol.energy_nuc())

norbAct = 18
moActDice = mc.mo_coeff[:, :norbAct]
h1eff = moActDice.T.dot(mf.get_hcore()).dot(moActDice)
eri = ao2mo.kernel(mol, moActDice)
tools.fcidump.from_integrals('FCIDUMP_can', h1eff, eri, norbAct, mol.nelectron, mol.energy_nuc())

overlap = mf.get_ovlp(mol)
coeffs = numpy.zeros((norb, 2*norb))
coeffs[:,:norb] = prepVMC.basisChange(mf.mo_coeff, mc.mo_coeff, overlap)
coeffs[:,norb:] = prepVMC.basisChange(mf.mo_coeff, mc.mo_coeff, overlap)
prepVMC.writeMat(coeffs, 'uhf.txt')

rhfCoeffs = prepVMC.basisChange(mf.mo_coeff, mc.mo_coeff, overlap)
prepVMC.writeMat(rhfCoeffs, 'rhf.txt')

h1e, chol, nelec, enuc = generate_integrals(mol, mf.get_hcore(), mc.mo_coeff, chol_cut=1e-5, verbose=True)

#nbasis = h1e.shape[-1]
#rotCorevhf = moActive.T.dot(corevhf).dot(moActive)
#h1e = h1e[norbFrozen:norbFrozen+norbAct, norbFrozen:norbFrozen+norbAct] + rotCorevhf
#chol = chol.reshape((-1, nbasis, nbasis))
#chol = chol[:, norbFrozen:norbFrozen+norbAct, norbFrozen:norbFrozen+norbAct]
#mol.nelec = (mol.nelec[0]-norbFrozen, mol.nelec[1]-norbFrozen)
#enuc = energy_core

# after core averaging
nbasis = h1e.shape[-1]
print(f'nelec: {nelec}')
print(f'nbasis: {nbasis}')
print(f'chol.shape: {chol.shape}')
chol = chol.reshape((-1, nbasis, nbasis))
v0 = 0.5 * numpy.einsum('nik,njk->ij', chol, chol, optimize='optimal')
h1e_mod = h1e - v0
chol = chol.reshape((chol.shape[0], -1))
prepVMC.write_dqmc(h1e, h1e_mod, chol, sum(mol.nelec), nbasis, enuc, ms=mol.spin, filename='FCIDUMP_chol')

myucc = cc.UCCSD(mf)
myucc.verbose = 5
myucc.kernel()
#overlap = mf.get_ovlp(mol)
#rotation = (mc1.mo_coeff[:, norbFrozen:].T).dot(overlap.dot(mf.mo_coeff[:, norbFrozen:]))
#prepVMC.write_uccsd(myucc.t1, myucc.t2)

et = myucc.ccsd_t()
print('UCCSD(T) energy', myucc.e_tot + et)
#INFO: ******************** input file end ********************


System: uname_result(system='Linux', node='bhpc-c7-u7-1.rc.int.colorado.edu', release='3.10.0-1160.15.2.el7.x86_64', version='#1 SMP Wed Feb 3 15:06:38 UTC 2021', machine='x86_64', processor='x86_64')  Threads 36
Python 3.8.3 (default, May 19 2020, 18:47:26) 
[GCC 7.3.0]
numpy 1.19.1  scipy 1.5.2
Date: Tue Jan 11 15:52:16 2022
PySCF version 1.7.4
PySCF path  /projects/anma2640/pyscf/pyscf
GIT HEAD      ref: refs/heads/master
GIT master branch  14142ec394cbdcffb8e214fba6b1d6cde9025e9a

[CONFIG] conf_file None
[INPUT] verbose = 4
[INPUT] num. atoms = 2
[INPUT] num. electrons = 20
[INPUT] charge = 0
[INPUT] spin (= nelec alpha-beta = 2S) = 4
[INPUT] symmetry C2v subgroup None
[INPUT] Mole.unit = angstrom
[INPUT]  1 Cr     0.000000000000   0.000000000000   0.000000000000 AA    0.000000000000   0.000000000000   0.000000000000 Bohr
[INPUT]  2 O      1.900000000000   0.000000000000   0.000000000000 AA    3.590479636674   0.000000000000   0.000000000000 Bohr

nuclear repulsion = 23.3952030090947
point group symmetry = C2v
num. orbitals of irrep A1 = 32
num. orbitals of irrep A2 = 8
num. orbitals of irrep B1 = 18
num. orbitals of irrep B2 = 18
number of shells = 24
number of NR pGTOs = 334
number of NR cGTOs = 76
basis = {'Cr': [[0, [41.45590127, 0.010332], [22.20089455, -0.091393], [12.37022616, 0.412444], [7.15443966, -0.722409], [3.63012556, 0.039693], [1.88942247, 0.321055], [1.04381355, 0.652182], [0.47307333, 0.264443], [0.22628807, -0.008646], [0.10750747, 0.012188], [0.05101028, -0.00242], [0.0242372, 0.001733]], [0, [41.45590127, -0.001971], [22.20089455, 0.019152], [12.37022616, -0.094562], [7.15443966, 0.178991], [3.63012556, -0.015716], [1.88942247, -0.084882], [1.04381355, -0.243744], [0.47307333, -0.214624], [0.22628807, 0.055092], [0.10750747, 0.415903], [0.05101028, 0.543473], [0.0242372, 0.170131]], [0, [41.45590127, -0.005874], [22.20089455, 0.067618], [12.37022616, -0.389148], [7.15443966, 0.863039], [3.63012556, -0.192494], [1.88942247, -1.243222], [1.04381355, -0.159486], [0.47307333, 0.70074], [0.22628807, 0.796397], [0.10750747, 0.153618], [0.05101028, -0.585106], [0.0242372, -0.29462]], [0, [0.0242372, 1.0]], [0, [0.01151614, 1.0]], [1, [28.88080716, -0.002973], [13.19380569, 0.044202], [7.25722596, -0.232476], [4.84342676, 0.167654], [2.76949909, 0.179744], [1.50719356, 0.46058], [0.72516508, 0.338218], [0.36385743, 0.097984], [0.16204617, 0.012145], [0.07447705, -0.000948], [0.03422994, 0.000821], [0.01573221, -0.00022]], [1, [28.88080716, 0.000536], [13.19380569, -0.009363], [7.25722596, 0.054752], [4.84342676, -0.042977], [2.76949909, -0.049244], [1.50719356, -0.128712], [0.72516508, -0.11682], [0.36385743, 0.044517], [0.16204617, 0.322192], [0.07447705, 0.482878], [0.03422994, 0.275764], [0.01573221, 0.025472]], [1, [28.88080716, -0.000562], [13.19380569, 0.035351], [7.25722596, -0.310475], [4.84342676, 0.257585], [2.76949909, 0.754226], [1.50719356, 0.194922], [0.72516508, -0.904177], [0.36385743, -0.438274], [0.16204617, 0.529934], [0.07447705, 0.455686], [0.03422994, 0.027191], [0.01573221, 0.005171]], [1, [0.01573221, 1.0]], [1, [0.00723058, 1.0]], [2, [46.50908408, 0.000358], [21.60133229, -0.010512], [11.03652449, 0.11118], [4.54288797, 0.164184], [2.18180243, 0.267436], [1.04009058, 0.310836], [0.48262909, 0.28353], [0.21570372, 0.173079], [0.10059873, 0.057279], [0.04653409, 0.00937]], [2, [46.50908408, 0.000574], [21.60133229, 0.006454], [11.03652449, -0.106748], [4.54288797, -0.214222], [2.18180243, -0.409175], [1.04009058, -0.082468], [0.48262909, 0.284806], [0.21570372, 0.41458], [0.10059873, 0.246257], [0.04653409, 0.05398]], [2, [0.04653409, 1.0]], [2, [0.02152533, 1.0]], [3, [2.094117, 1.0]], [3, [0.9686785, 1.0]]], 'O': [[0, [57.663349, -0.002794], [35.726816, 0.023976], [22.453757, -0.115974], [14.732301, 0.288033], [9.739917, -0.274786], [5.042008, -0.083789], [2.157818, 0.063778], [1.002916, 0.410182], [0.421839, 0.504044], [0.173041, 0.172152]], [0, [0.222099, 1.0]], [0, [0.08884, 1.0]], [1, [52.47406, -0.000522], [32.138432, 0.004857], [19.458579, -0.027749], [11.839344, 0.074258], [7.91003, 0.014369], [3.670858, 0.153479], [1.53966, 0.283685], [0.647119, 0.358201], [0.267853, 0.29559], [0.107198, 0.104889]], [1, [0.252604, 1.0]], [1, [0.101042, 1.0]], [2, [1.223113, 1.0]], [2, [0.489245, 1.0]]]}
ecp = {'Cr': [10, [[-1, [[], [[13.07675203, 14.0]], [[15.15807582, 1258.1555038], [4.62785686, -98.60998187], [15.41136599, -6552.46055066], [15.38690637, 5353.09061557]], [[5.24897308, 183.07452839]], [], [], []]], [0, [[], [], [[9.77680844, -91901.2080948], [9.95980111, 96320.14803227], [8.62275214, 3928.3135917], [12.29288144, -10977.62459544], [18.41316592, -1741.60409682], [16.38541961, 4413.26493033]], [], [], [], []]], [1, [[], [], [[12.00099996, -22156.17142851], [11.46524435, 21551.07876111], [16.23852226, 3703.78784703], [18.43861108, -1424.18632323], [8.88877941, -1964.93568469], [7.52644784, 317.50498882]], [], [], [], []]], [2, [[], [], [[11.1066837, -5435.29666496], [8.49801115, 7350.69608766], [12.28065533, 2443.80334995], [8.1885354, -5401.76770998], [14.34306836, 3881.23075486], [15.24784181, -2855.87137953]], [], [], [], []]]]], 'O': [2, [[-1, [[], [[10.27717748, 6.0]], [[15.99566749, 1232.50197768], [10.46901775, -696.47008301], [14.6384801, -2654.22657081], [12.57591181, 2101.67732548]], [[7.77739102, 61.66306486]], [], [], []]], [0, [[], [], [[12.39426073, -656683.37638839], [12.38126171, 657858.57667068], [8.57671033, 511.50098405], [9.89256508, -2579.54665641], [28.05641604, -57.68129584], [17.24753607, 970.30940152]], [], [], [], []]], [1, [[], [], [[14.78918914, -363027.24258186], [14.82014018, 361852.52314043], [22.89622221, -1300.20069256], [8.51331893, -181.96869573], [11.48609758, 2194.87589959], [27.22017524, 451.19906206]], [], [], [], []]]]]}
CPU time:         1.01


******** <class 'pyscf.scf.hf_symm.SymAdaptedROHF'> ********
method = SymAdaptedROHF-ROHF-RHF
initial guess = minao
damping factor = 0
level_shift factor = 1.0
DIIS = <class 'pyscf.scf.diis.CDIIS'>
diis_start_cycle = 1
diis_space = 8
SCF conv_tol = 1e-09
SCF conv_tol_grad = None
SCF max_cycles = 200
direct_scf = True
direct_scf_tol = 1e-13
chkfile to save SCF result = /rc_scratch/anma2640/tmp9200uj1x
max_memory 4000 MB (current use 90 MB)
num. doubly occ = 8  num. singly occ = 4
irrep_nelec {'A1': (6, 4), 'B1': (2, 2), 'B2': (3, 2), 'A2': (1, 0)}
Freeze 20 electrons in irreps ['A1', 'B1', 'B2', 'A2']
    0 free electrons in irreps 
Set gradient conv threshold to 3.16228e-05
init E= -100.614524355998
HOMO (B2) = 0.463980349448976  LUMO (B1) = 0.463980349448976
cycle= 1 E= -101.349816169332  delta_E= -0.735  |g|= 1.08  |ddm|= 1.95
HOMO (A1) = 0.246554216533798  LUMO (B1) = 0.748112891046993
cycle= 2 E= -101.536564888171  delta_E= -0.187  |g|= 0.958  |ddm|= 1.28
HOMO (A1) = 0.291397095861909  LUMO (A1) = 0.989466294143085
cycle= 3 E= -101.6443860475  delta_E= -0.108  |g|= 0.504  |ddm|= 0.298
HOMO (A1) = 0.308719505457317  LUMO (A1) = 0.999134677325069
cycle= 4 E= -101.695808267946  delta_E= -0.0514  |g|= 0.293  |ddm|= 0.209
HOMO (A1) = 0.347464034370106  LUMO (A1) = 1.00188388939148
cycle= 5 E= -101.732527725084  delta_E= -0.0367  |g|= 0.146  |ddm|= 0.228
HOMO (A1) = 0.342507234562192  LUMO (A1) = 0.995185335171207
cycle= 6 E= -101.761360151098  delta_E= -0.0288  |g|= 0.0901  |ddm|= 0.25
HOMO (A1) = 0.342002315789136  LUMO (A1) = 0.983245438522109
cycle= 7 E= -101.781018185812  delta_E= -0.0197  |g|= 0.074  |ddm|= 0.219
HOMO (A1) = 0.360700245677476  LUMO (A1) = 0.975705656000607
cycle= 8 E= -101.793071548885  delta_E= -0.0121  |g|= 0.0621  |ddm|= 0.196
HOMO (B2) = 0.375765734672547  LUMO (A1) = 0.972865420250038
cycle= 9 E= -101.801399161734  delta_E= -0.00833  |g|= 0.0529  |ddm|= 0.18
HOMO (B2) = 0.389258022103366  LUMO (A1) = 0.964162375317367
cycle= 10 E= -101.805645312472  delta_E= -0.00425  |g|= 0.042  |ddm|= 0.145
HOMO (B2) = 0.382499744904184  LUMO (A1) = 0.960387401246967
cycle= 11 E= -101.808021254778  delta_E= -0.00238  |g|= 0.0336  |ddm|= 0.106
HOMO (B2) = 0.38783480465224  LUMO (A1) = 0.960832402939919
cycle= 12 E= -101.809306039931  delta_E= -0.00128  |g|= 0.0302  |ddm|= 0.0793
HOMO (B2) = 0.385648499579365  LUMO (A1) = 0.960506455642102
cycle= 13 E= -101.810044773556  delta_E= -0.000739  |g|= 0.0255  |ddm|= 0.0523
HOMO (B2) = 0.381048879924685  LUMO (A1) = 0.960002936399535
cycle= 14 E= -101.810420338047  delta_E= -0.000376  |g|= 0.0227  |ddm|= 0.0395
HOMO (B2) = 0.381093656416291  LUMO (A1) = 0.958409135403176
cycle= 15 E= -101.810735344619  delta_E= -0.000315  |g|= 0.0182  |ddm|= 0.0317
HOMO (B2) = 0.384445329215807  LUMO (A1) = 0.956191267376143
cycle= 16 E= -101.811015817087  delta_E= -0.00028  |g|= 0.0185  |ddm|= 0.0359
HOMO (B2) = 0.381277222330246  LUMO (A1) = 0.956911740273271
cycle= 17 E= -101.811158523286  delta_E= -0.000143  |g|= 0.0149  |ddm|= 0.0184
HOMO (B2) = 0.38195396738678  LUMO (A1) = 0.956214932215827
cycle= 18 E= -101.811271850744  delta_E= -0.000113  |g|= 0.014  |ddm|= 0.0198
HOMO (B2) = 0.382046879983027  LUMO (A1) = 0.956221182366082
cycle= 19 E= -101.811359722832  delta_E= -8.79e-05  |g|= 0.0123  |ddm|= 0.0152
HOMO (B2) = 0.382804190194287  LUMO (A1) = 0.955021548327085
cycle= 20 E= -101.811441599809  delta_E= -8.19e-05  |g|= 0.0118  |ddm|= 0.0195
HOMO (B2) = 0.383206843462688  LUMO (A1) = 0.955271681268871
cycle= 21 E= -101.811498643942  delta_E= -5.7e-05  |g|= 0.0105  |ddm|= 0.0163
HOMO (B2) = 0.383042915020474  LUMO (A1) = 0.955288408695462
cycle= 22 E= -101.811538171736  delta_E= -3.95e-05  |g|= 0.00877  |ddm|= 0.013
HOMO (B2) = 0.383776292185876  LUMO (A1) = 0.955127969372868
cycle= 23 E= -101.811561387678  delta_E= -2.32e-05  |g|= 0.00765  |ddm|= 0.0116
HOMO (B2) = 0.383150114286958  LUMO (A1) = 0.955388186126995
cycle= 24 E= -101.811581298798  delta_E= -1.99e-05  |g|= 0.00602  |ddm|= 0.00752
HOMO (B2) = 0.383990200076646  LUMO (A1) = 0.955456936074405
cycle= 25 E= -101.811592854556  delta_E= -1.16e-05  |g|= 0.00471  |ddm|= 0.00584
HOMO (B2) = 0.383973180342402  LUMO (A1) = 0.955427094602903
cycle= 26 E= -101.811600819544  delta_E= -7.96e-06  |g|= 0.00365  |ddm|= 0.00496
HOMO (B2) = 0.383995444943137  LUMO (A1) = 0.955515787567567
cycle= 27 E= -101.81160621732  delta_E= -5.4e-06  |g|= 0.00284  |ddm|= 0.00439
HOMO (B2) = 0.384045555861405  LUMO (A1) = 0.955494085641814
cycle= 28 E= -101.811609499329  delta_E= -3.28e-06  |g|= 0.00225  |ddm|= 0.00289
HOMO (B2) = 0.384027690892901  LUMO (A1) = 0.955494372332782
cycle= 29 E= -101.811611853583  delta_E= -2.35e-06  |g|= 0.00182  |ddm|= 0.00221
HOMO (B2) = 0.38398728354127  LUMO (A1) = 0.955516023126742
cycle= 30 E= -101.811613587642  delta_E= -1.73e-06  |g|= 0.00134  |ddm|= 0.00213
HOMO (B2) = 0.383911541358627  LUMO (A1) = 0.955594692612987
cycle= 31 E= -101.811615030645  delta_E= -1.44e-06  |g|= 0.000918  |ddm|= 0.00218
HOMO (B2) = 0.383900516057919  LUMO (A1) = 0.955588297093971
cycle= 32 E= -101.811615769396  delta_E= -7.39e-07  |g|= 0.000676  |ddm|= 0.0018
HOMO (B2) = 0.383828900821295  LUMO (A1) = 0.955619283274666
cycle= 33 E= -101.811616326374  delta_E= -5.57e-07  |g|= 0.000501  |ddm|= 0.00156
HOMO (B2) = 0.383880959631118  LUMO (A1) = 0.955626467660807
cycle= 34 E= -101.811616628466  delta_E= -3.02e-07  |g|= 0.000396  |ddm|= 0.00103
HOMO (B2) = 0.383820597116539  LUMO (A1) = 0.955615143997186
cycle= 35 E= -101.811616830112  delta_E= -2.02e-07  |g|= 0.000324  |ddm|= 0.00116
HOMO (B2) = 0.38383767491715  LUMO (A1) = 0.955622372742782
cycle= 36 E= -101.811616963689  delta_E= -1.34e-07  |g|= 0.000268  |ddm|= 0.000713
HOMO (B2) = 0.383854270135248  LUMO (A1) = 0.95562694818331
cycle= 37 E= -101.811617043751  delta_E= -8.01e-08  |g|= 0.000234  |ddm|= 0.00058
HOMO (B2) = 0.383854477545429  LUMO (A1) = 0.955620977437792
cycle= 38 E= -101.811617103958  delta_E= -6.02e-08  |g|= 0.000169  |ddm|= 0.000414
HOMO (B2) = 0.383864727676728  LUMO (A1) = 0.955613372379729
cycle= 39 E= -101.81161712753  delta_E= -2.36e-08  |g|= 0.000143  |ddm|= 0.000333
HOMO (B2) = 0.383861513405063  LUMO (A1) = 0.955615798042098
cycle= 40 E= -101.811617145627  delta_E= -1.81e-08  |g|= 0.000121  |ddm|= 0.000205
HOMO (B2) = 0.383866864773958  LUMO (A1) = 0.955615308372128
cycle= 41 E= -101.811617157443  delta_E= -1.18e-08  |g|= 9.85e-05  |ddm|= 0.000255
HOMO (B2) = 0.383867013857076  LUMO (A1) = 0.955617015642585
cycle= 42 E= -101.811617165077  delta_E= -7.63e-09  |g|= 8.76e-05  |ddm|= 0.000187
HOMO (B2) = 0.383867977819194  LUMO (A1) = 0.955617877535172
cycle= 43 E= -101.81161717067  delta_E= -5.59e-09  |g|= 7.37e-05  |ddm|= 0.000134
HOMO (B2) = 0.383868909350537  LUMO (A1) = 0.955618364139702
cycle= 44 E= -101.811617174447  delta_E= -3.78e-09  |g|= 6.16e-05  |ddm|= 8.36e-05
HOMO (B2) = 0.38387167601904  LUMO (A1) = 0.955619610505028
cycle= 45 E= -101.811617176987  delta_E= -2.54e-09  |g|= 5.28e-05  |ddm|= 9.5e-05
HOMO (B2) = 0.383870417111082  LUMO (A1) = 0.955620627447879
cycle= 46 E= -101.811617178696  delta_E= -1.71e-09  |g|= 4.59e-05  |ddm|= 6.66e-05
HOMO (B2) = 0.383870613436399  LUMO (A1) = 0.955621815435056
cycle= 47 E= -101.811617180045  delta_E= -1.35e-09  |g|= 3.91e-05  |ddm|= 7.2e-05
HOMO (B2) = 0.383868598116704  LUMO (A1) = 0.955622907036875
cycle= 48 E= -101.811617180776  delta_E= -7.31e-10  |g|= 3.57e-05  |ddm|= 5.5e-05
HOMO (B2) = 0.383869248712624  LUMO (A1) = 0.955623338238248
cycle= 49 E= -101.811617181318  delta_E= -5.41e-10  |g|= 3.07e-05  |ddm|= 3.83e-05
HOMO (B2) = -0.116133932353367  LUMO (A1) = -0.0443775528411142
Extra cycle  E= -101.811617177525  delta_E= 3.79e-09  |g|= 6.08e-05  |ddm|= 0.000325
converged SCF energy = -101.811617177525
**** SCF Summaries ****
Total Energy =                        -101.811617177524624
Nuclear Repulsion Energy =              23.395203009094736
One-electron Energy =                 -222.833727585379023
Two-electron Energy =                   97.626907398759670
Wave-function symmetry = B1
occupancy for each irrep:     A1   A2   B1   B2
double occ                     4    0    2    2
single occ                     2    1    0    1
**** MO energy ****
                          Roothaan           | alpha              | beta
MO #1   (A1  #1 ) energy= -3.63656483938106  | -3.79104766257784  | -3.48208202548592  occ= 2
MO #2   (B1  #1 ) energy= -2.32183028197622  | -2.4913758553679   | -2.15228470858454  occ= 2
MO #3   (A1  #2 ) energy= -2.31665692551759  | -2.484321254302    | -2.1489925539692   occ= 2
MO #4   (B2  #1 ) energy= -2.31303888961094  | -2.54163081090997  | -2.08444694282886  occ= 2
MO #5   (A1  #3 ) energy= -1.07468950633629  | -1.07891868163896  | -1.07046038638295  occ= 2
MO #6   (B2  #2 ) energy= -0.345148161522604 | -0.356860810261371 | -0.333436841685467 occ= 2
MO #7   (A1  #4 ) energy= -0.344245303068722 | -0.360144209990603 | -0.328347137181749 occ= 2
MO #8   (B1  #2 ) energy= -0.328858423256182 | -0.333226968916511 | -0.324489877595854 occ= 2
MO #9   (A1  #5 ) energy= -0.150095654133546 | -0.576301972379741 | 0.276112505498054  occ= 1
MO #10  (A2  #1 ) energy= -0.134909305802614 | -0.57057790701442  | 0.300759519352438  occ= 1
MO #11  (A1  #6 ) energy= -0.118313917769576 | -0.526662662783711 | 0.290047098324861  occ= 1
MO #12  (B2  #3 ) energy= -0.116133932353367 | -0.544369139646023 | 0.312101358092651  occ= 1
MO #13  (A1  #7 ) energy= -0.0443775528411142 | -0.0532769084965162 | -0.035491866344944 occ= 0
MO #14  (B1  #3 ) energy= 0.00633898090091983 | 0.004663863187182  | 0.00801409861465749 occ= 0
MO #15  (B2  #4 ) energy= 0.00936354015063729 | 0.00841993736503361 | 0.0103082012297433 occ= 0
MO #16  (A1  #8 ) energy= 0.00940377638341712 | 0.00773692330309084 | 0.0110717240643237 occ= 0
MO #17  (B1  #4 ) energy= 0.0269886292966328 | 0.0241308736606314 | 0.0298463849326338 occ= 0
MO #18  (A1  #9 ) energy= 0.030645093231931  | 0.030104312170779  | 0.0311850400736189 occ= 0
MO #19  (B2  #5 ) energy= 0.0337374163318908 | 0.0307368495837026 | 0.0367379860536068 occ= 0
MO #20  (A1  #10) energy= 0.0538197936146309 | 0.0507832057957846 | 0.0568562086400768 occ= 0
MO #21  (A2  #2 ) energy= 0.0618373608545486 | 0.0616296846720161 | 0.0620450922617418 occ= 0
MO #22  (A1  #11) energy= 0.0618571355951896 | 0.0616341061990896 | 0.0620801888669449 occ= 0
MO #23  (B1  #5 ) energy= 0.0776897381647321 | 0.0753658018767235 | 0.0800136744527399 occ= 0
MO #24  (B2  #6 ) energy= 0.0811101512817931 | 0.0799773936609912 | 0.0822423572225482 occ= 0
MO #25  (A1  #12) energy= 0.0967057709040849 | 0.094919406214756  | 0.0984919248825745 occ= 0
MO #26  (B1  #6 ) energy= 0.114428231109559  | 0.100342737867551  | 0.128513724351569  occ= 0
MO #27  (B2  #7 ) energy= 0.149586192762289  | 0.135066646515994  | 0.164106716487511  occ= 0
MO #28  (A1  #13) energy= 0.15013788754146   | 0.143722213477333  | 0.156553260605363  occ= 0
MO #29  (A1  #14) energy= 0.178457287722697  | 0.170269233690104  | 0.186645806854713  occ= 0
MO #30  (A2  #3 ) energy= 0.191988126454723  | 0.186314823261075  | 0.197661316975877  occ= 0
MO #31  (A1  #15) energy= 0.192291500101639  | 0.18635767582377   | 0.198225367878706  occ= 0
MO #32  (B1  #7 ) energy= 0.205455237565606  | 0.172456789824337  | 0.238453685306875  occ= 0
MO #33  (B2  #8 ) energy= 0.221559846638429  | 0.210357018065486  | 0.232762705772598  occ= 0
MO #34  (B1  #8 ) energy= 0.222997638170206  | 0.210333001468354  | 0.235662274872057  occ= 0
MO #35  (A1  #16) energy= 0.356701701419249  | 0.347121236872438  | 0.366282295934182  occ= 0
MO #36  (A1  #17) energy= 0.482984780464302  | 0.475934168204062  | 0.490035410132695  occ= 0
MO #37  (B2  #9 ) energy= 0.484780372823837  | 0.483256405377957  | 0.486304318062128  occ= 0
MO #38  (B1  #9 ) energy= 0.485000076429825  | 0.484246270898149  | 0.4857538819615    occ= 0
MO #39  (A1  #18) energy= 1.05995100112253   | 1.03437964600272   | 1.08552244952851   occ= 0
MO #40  (B2  #10) energy= 1.24866976587874   | 1.18808517904835   | 1.30925396323222   occ= 0
MO #41  (B1  #10) energy= 1.29231875521234   | 1.27176689991054   | 1.31287061051415   occ= 0
MO #42  (A2  #4 ) energy= 1.30270193930473   | 1.22196088857417   | 1.38344281674579   occ= 0
MO #43  (A1  #19) energy= 1.30291892221317   | 1.22223784973442   | 1.38359988516652   occ= 0
MO #44  (A1  #20) energy= 1.49143050802696   | 1.44170702943957   | 1.5411540117471    occ= 0
MO #45  (A2  #5 ) energy= 1.51697774557162   | 1.50705994865355   | 1.52689555294287   occ= 0
MO #46  (A1  #21) energy= 1.51710151424245   | 1.5070959759645    | 1.52710707291804   occ= 0
MO #47  (B2  #11) energy= 1.60690981362601   | 1.60265967695294   | 1.6111599861501    occ= 0
MO #48  (B1  #11) energy= 1.60956871380523   | 1.6084292212844    | 1.61070820632605   occ= 0
MO #49  (A1  #22) energy= 1.61613566938609   | 1.60649512295088   | 1.62577621642544   occ= 0
MO #50  (B2  #12) energy= 1.71403278935202   | 1.67814189908377   | 1.7499238135761    occ= 0
MO #51  (B1  #12) energy= 1.72409317192233   | 1.70859227745816   | 1.7395940663865    occ= 0
MO #52  (A1  #23) energy= 1.91297968513741   | 1.86966649803092   | 1.95629288063944   occ= 0
MO #53  (A1  #24) energy= 2.06328084497831   | 2.0528251318763    | 2.07373657158843   occ= 0
MO #54  (A1  #25) energy= 2.63487388148731   | 2.58041982849113   | 2.68932798252521   occ= 0
MO #55  (B1  #13) energy= 2.78683269840117   | 2.69713278177877   | 2.87653261502356   occ= 0
MO #56  (B2  #13) energy= 2.78841711878533   | 2.695524989931     | 2.88130924745453   occ= 0
MO #57  (A2  #6 ) energy= 2.80879721736362   | 2.74339535310349   | 2.87419907790196   occ= 0
MO #58  (A1  #26) energy= 2.80890509087175   | 2.74296577219712   | 2.87484440526169   occ= 0
MO #59  (B1  #14) energy= 2.81907640353847   | 2.75047141898185   | 2.8876813880951    occ= 0
MO #60  (B2  #14) energy= 2.84511922485329   | 2.76264916708239   | 2.92758925695979   occ= 0
MO #61  (B1  #15) energy= 2.95084720799247   | 2.90982013646416   | 2.99187427952077   occ= 0
MO #62  (B2  #15) energy= 2.9540430815449    | 2.87839502643873   | 3.02969110740322   occ= 0
MO #63  (A1  #27) energy= 3.49882631762572   | 3.45865069352012   | 3.53900193842161   occ= 0
MO #64  (A1  #28) energy= 3.62843749352896   | 3.58742267534076   | 3.66945228439068   occ= 0
MO #65  (A1  #29) energy= 4.29792205680135   | 4.29650126043036   | 4.2993428531523    occ= 0
MO #66  (A2  #7 ) energy= 4.29792247087065   | 4.29650093291272   | 4.29934400880891   occ= 0
MO #67  (B1  #16) energy= 4.42277544963503   | 4.42121186331433   | 4.42433903595571   occ= 0
MO #68  (B2  #16) energy= 4.42663286149422   | 4.42345476252739   | 4.42981095986761   occ= 0
MO #69  (A1  #30) energy= 4.91822271637128   | 4.9124438267915    | 4.92400160413191   occ= 0
MO #70  (B1  #17) energy= 7.4972130511702    | 7.40316140224954   | 7.59126470009086   occ= 0
MO #71  (B2  #17) energy= 7.49728214662706   | 7.40305982740662   | 7.59150446582707   occ= 0
MO #72  (A1  #31) energy= 7.50447262106714   | 7.43558651878203   | 7.57335872339755   occ= 0
MO #73  (A2  #8 ) energy= 7.50513507108672   | 7.43421497673475   | 7.57605516552108   occ= 0
MO #74  (B1  #18) energy= 7.58414003883345   | 7.52745141732841   | 7.64082866033847   occ= 0
MO #75  (B2  #18) energy= 7.59919308867483   | 7.50640547470636   | 7.6919807028702    occ= 0
MO #76  (A1  #32) energy= 7.67699357246027   | 7.59565674779015   | 7.75833039789287   occ= 0
 ** Mulliken pop on meta-lowdin orthogonal AOs  **
 ** Mulliken pop  **
pop of  0 Cr 3s        1.99973
pop of  0 Cr 4s        0.49054
pop of  0 Cr 5s        0.00766
pop of  0 Cr 6s        0.00604
pop of  0 Cr 7s        0.00259
pop of  0 Cr 3px       1.99881
pop of  0 Cr 3py       1.99928
pop of  0 Cr 3pz       1.99956
pop of  0 Cr 4px       0.00262
pop of  0 Cr 4py       0.03248
pop of  0 Cr 4pz       0.04136
pop of  0 Cr 5px       0.00092
pop of  0 Cr 5py       0.00213
pop of  0 Cr 5pz       0.00237
pop of  0 Cr 6px       0.00146
pop of  0 Cr 6py       0.00148
pop of  0 Cr 6pz       0.00165
pop of  0 Cr 7px       0.00010
pop of  0 Cr 7py       0.00026
pop of  0 Cr 7pz       0.00032
pop of  0 Cr 3dxy      0.16174
pop of  0 Cr 3dyz      0.99772
pop of  0 Cr 3dz^2     0.99811
pop of  0 Cr 3dxz      1.02762
pop of  0 Cr 3dx2-y2    1.02322
pop of  0 Cr 4dxy      0.00502
pop of  0 Cr 4dyz      0.00130
pop of  0 Cr 4dz^2     0.00088
pop of  0 Cr 4dxz      0.00370
pop of  0 Cr 4dx2-y2    0.00128
pop of  0 Cr 5dxy      0.00309
pop of  0 Cr 5dyz      0.00083
pop of  0 Cr 5dz^2     0.00074
pop of  0 Cr 5dxz      0.00224
pop of  0 Cr 5dx2-y2    0.00139
pop of  0 Cr 6dxy      0.00035
pop of  0 Cr 6dyz      0.00002
pop of  0 Cr 6dz^2     0.00012
pop of  0 Cr 6dxz      0.00036
pop of  0 Cr 6dx2-y2    0.00037
pop of  0 Cr 4fy^3     0.00005
pop of  0 Cr 4fxyz     0.00001
pop of  0 Cr 4fyz^2    0.00001
pop of  0 Cr 4fz^3     0.00003
pop of  0 Cr 4fxz^2    0.00003
pop of  0 Cr 4fzx^2    0.00002
pop of  0 Cr 4fx^3     0.00005
pop of  0 Cr 5fy^3     0.00020
pop of  0 Cr 5fxyz     0.00010
pop of  0 Cr 5fyz^2    0.00001
pop of  0 Cr 5fz^3     0.00014
pop of  0 Cr 5fxz^2    0.00018
pop of  0 Cr 5fzx^2    0.00021
pop of  0 Cr 5fx^3     0.00020
pop of  1 O 2s        1.93318
pop of  1 O 3s        0.00175
pop of  1 O 4s        0.00461
pop of  1 O 2px       1.50591
pop of  1 O 2py       1.76813
pop of  1 O 2pz       1.89354
pop of  1 O 3px       0.00598
pop of  1 O 3py       0.00550
pop of  1 O 3pz       0.00571
pop of  1 O 4px       0.00757
pop of  1 O 4py       0.01603
pop of  1 O 4pz       0.01755
pop of  1 O 3dxy      0.00052
pop of  1 O 3dyz      0.00000
pop of  1 O 3dz^2     0.00016
pop of  1 O 3dxz      0.00038
pop of  1 O 3dx2-y2    0.00042
pop of  1 O 4dxy      0.00372
pop of  1 O 4dyz      0.00002
pop of  1 O 4dz^2     0.00092
pop of  1 O 4dxz      0.00325
pop of  1 O 4dx2-y2    0.00244
 ** Mulliken atomic charges  **
charge of  0Cr =      1.17729
charge of  1O =     -1.17729
Dipole moment(X, Y, Z, Debye): -10.27102, -0.00000,  0.00000
mol.nao: 76
mol.nelec: (12, 8)
ncore for each irreps {'A1': 3, 'A2': 0, 'B1': 1, 'B2': 1}
ncas for each irreps {'A1': 5, 'A2': 2, 'B1': 3, 'B2': 3}
(0-based) caslst = [ 5  6  7  8  9 10 11 12 13 14 15 16 20]

******** <class 'pyscf.mcscf.mc1step_symm.SymAdaptedCASSCF'> ********
CAS (7e+3e, 13o), ncore = 5, nvir = 58
max_cycle_macro = 10
max_cycle_micro = 4
conv_tol = 1e-07
conv_tol_grad = None
orbital rotation max_stepsize = 0.02
augmented hessian ah_max_cycle = 30
augmented hessian ah_conv_tol = 1e-12
augmented hessian ah_linear dependence = 1e-14
augmented hessian ah_level shift = 0
augmented hessian ah_start_tol = 2.5
augmented hessian ah_start_cycle = 3
augmented hessian ah_grad_trust_region = 3
kf_trust_region = 3
kf_interval = 4
ci_response_space = 4
ci_grad_trust_region = 3
with_dep4 0
natorb = False
canonicalization = True
sorting_mo_energy = False
ao2mo_level = 2
chkfile = cro_SHCISCF.chk
max_memory 4000 MB (current use 206 MB)
internal_rotation = True

******** SHCI flags ********
executable             = /projects/anma2640/newDice/Dice/Dice
mpiprefix              = mpirun -np 36
scratchDirectory       = /rc_scratch/anma2640/cro/
integralFile           = ./FCIDUMP
configFile             = ./input.dat
outputFile             = ./output.dat
maxIter                = 6
sweep_iter             = [    0]
sweep_epsilon          = [1e-05]
nPTiter                = 0
Stochastic             = True
restart                = False
fullrestart            = False
num_thrds              = 1
memory                 = None

Active space CI wfn symmetry = B1
CASCI E = -101.824559174224  S^2 = 6.0000000
Set conv_tol_grad to 0.000316228
macro iter 1 (21 JK  4 micro), CASSCF E = -101.895376493365  dE = -0.070817319  S^2 = 6.0000000
               |grad[o]|= 0.13  |grad[c]|= None  |ddm|=0.522
macro iter 2 (21 JK  4 micro), CASSCF E = -101.927050780153  dE = -0.031674287  S^2 = 6.0000000
               |grad[o]|=0.069  |grad[c]|= None  |ddm|=0.0928
macro iter 3 (21 JK  4 micro), CASSCF E = -101.961506756066  dE = -0.034455976  S^2 = 6.0000000
               |grad[o]|=0.0649  |grad[c]|= None  |ddm|=0.0391
macro iter 4 (21 JK  4 micro), CASSCF E = -101.972266162992  dE = -0.010759407  S^2 = 6.0000000
               |grad[o]|=0.0291  |grad[c]|= None  |ddm|=0.0289
macro iter 5 (21 JK  4 micro), CASSCF E = -101.984743202238  dE = -0.012477039  S^2 = 6.0000000
               |grad[o]|=0.0185  |grad[c]|= None  |ddm|=0.0402
macro iter 6 (21 JK  4 micro), CASSCF E = -102.010777114916  dE = -0.026033913  S^2 = 6.0000000
               |grad[o]|=0.019  |grad[c]|= None  |ddm|=0.352
macro iter 7 (21 JK  4 micro), CASSCF E = -102.019941305972  dE = -0.0091641911  S^2 = 6.0000000
               |grad[o]|=0.0628  |grad[c]|= None  |ddm|=0.152
macro iter 8 (18 JK  4 micro), CASSCF E = -102.020912830266  dE = -0.00097152429  S^2 = 6.0000000
               |grad[o]|=0.0221  |grad[c]|= None  |ddm|=0.0354
macro iter 9 (12 JK  3 micro), CASSCF E = -102.020915721197  dE = -2.8909306e-06  S^2 = 6.0000000
               |grad[o]|=0.000935  |grad[c]|= None  |ddm|=0.00284
macro iter 10 (4 JK  1 micro), CASSCF E = -102.020915726163  dE = -4.9658126e-09  S^2 = 6.0000000
               |grad[o]|=6.11e-05  |grad[c]|= None  |ddm|=9.83e-06
1-step CASSCF converged in 10 macro (181 JK 36 micro) steps
CASSCF canonicalization
Density matrix diagonal elements [1.96136145 1.79855269 1.54576712 0.90446009 0.99268332 0.87663813
 1.00849156 0.39412768 0.442603   0.02731391 0.02753964 0.01442625
 0.0060352 ]
CASSCF energy = -102.020915726163
CASCI E = -102.020915726163  E(CI) = -23.7751772493224  S^2 = 6.0000000
 # Transforming hcore and eri to ortho AO basis.
 # Performing modified Cholesky decomposition on ERI tensor.
# Generating Cholesky decomposition of ERIs.
# max number of cholesky vectors = 760
# iteration     0: delta_max = 1.002732
# iteration     1: delta_max = 7.73562307e-01: time = 4.77068918e-03
# iteration     2: delta_max = 2.72722594e-01: time = 7.00912112e-03
# iteration     3: delta_max = 2.26457274e-01: time = 2.91579687e-02
# iteration     4: delta_max = 2.26457274e-01: time = 1.62042961e-02
# iteration     5: delta_max = 2.24549309e-01: time = 1.68356183e-02
# iteration     6: delta_max = 1.94914964e-01: time = 4.03903048e-02
# iteration     7: delta_max = 1.61764464e-01: time = 1.99889001e-02
# iteration     8: delta_max = 1.61764464e-01: time = 1.99476071e-02
# iteration     9: delta_max = 1.57080361e-01: time = 1.28653687e-02
# iteration    10: delta_max = 1.42967066e-01: time = 7.04188319e-03
# iteration    11: delta_max = 1.29600894e-01: time = 1.10785812e-02
# iteration    12: delta_max = 1.09474827e-01: time = 1.53441271e-02
# iteration    13: delta_max = 9.43916176e-02: time = 4.86334320e-03
# iteration    14: delta_max = 9.43134237e-02: time = 1.29586961e-02
# iteration    15: delta_max = 9.42807271e-02: time = 2.26439368e-02
# iteration    16: delta_max = 9.09665007e-02: time = 1.04730870e-02
# iteration    17: delta_max = 8.91715446e-02: time = 1.29062063e-02
# iteration    18: delta_max = 8.00982792e-02: time = 5.65419625e-03
# iteration    19: delta_max = 8.00327045e-02: time = 5.57513162e-03
# iteration    20: delta_max = 8.00315497e-02: time = 1.20173153e-02
# iteration    21: delta_max = 7.76520620e-02: time = 5.32453139e-02
# iteration    22: delta_max = 7.48642898e-02: time = 5.37546640e-02
# iteration    23: delta_max = 7.19874562e-02: time = 1.97452493e-02
# iteration    24: delta_max = 7.16625055e-02: time = 4.83855698e-03
# iteration    25: delta_max = 7.15314977e-02: time = 7.12712528e-03
# iteration    26: delta_max = 6.32148361e-02: time = 5.05046220e-03
# iteration    27: delta_max = 5.98191368e-02: time = 1.75322401e-02
# iteration    28: delta_max = 5.98189869e-02: time = 1.20267803e-02
# iteration    29: delta_max = 5.98141688e-02: time = 6.94753136e-03
# iteration    30: delta_max = 5.98103129e-02: time = 6.94081979e-03
# iteration    31: delta_max = 5.98054870e-02: time = 6.93475502e-03
# iteration    32: delta_max = 5.97879593e-02: time = 1.50256990e-02
# iteration    33: delta_max = 5.97782504e-02: time = 1.44597380e-02
# iteration    34: delta_max = 5.75415885e-02: time = 4.32044780e-03
# iteration    35: delta_max = 5.65640145e-02: time = 6.99248677e-03
# iteration    36: delta_max = 5.51659179e-02: time = 7.13603897e-03
# iteration    37: delta_max = 5.02033529e-02: time = 4.95210988e-03
# iteration    38: delta_max = 4.74968152e-02: time = 1.78378960e-02
# iteration    39: delta_max = 4.72723124e-02: time = 2.02369150e-02
# iteration    40: delta_max = 4.66356966e-02: time = 4.92818095e-03
# iteration    41: delta_max = 4.63016679e-02: time = 7.22144218e-03
# iteration    42: delta_max = 4.49314883e-02: time = 3.12276813e-02
# iteration    43: delta_max = 4.43463877e-02: time = 4.39845957e-03
# iteration    44: delta_max = 4.32928373e-02: time = 4.35240660e-03
# iteration    45: delta_max = 4.22853501e-02: time = 1.29368450e-02
# iteration    46: delta_max = 4.22779882e-02: time = 2.91279019e-02
# iteration    47: delta_max = 4.17538746e-02: time = 1.30475899e-02
# iteration    48: delta_max = 4.17378809e-02: time = 1.67627707e-02
# iteration    49: delta_max = 4.07817440e-02: time = 1.20655727e-02
# iteration    50: delta_max = 3.96597112e-02: time = 8.32429808e-03
# iteration    51: delta_max = 3.96107182e-02: time = 3.32816867e-02
# iteration    52: delta_max = 3.56715568e-02: time = 1.75343952e-02
# iteration    53: delta_max = 3.51123314e-02: time = 4.93470393e-03
# iteration    54: delta_max = 3.46398572e-02: time = 4.42722393e-03
# iteration    55: delta_max = 3.39412173e-02: time = 1.39124577e-01
# iteration    56: delta_max = 3.32507076e-02: time = 8.93783104e-03
# iteration    57: delta_max = 3.27597063e-02: time = 4.40054014e-03
# iteration    58: delta_max = 3.11784341e-02: time = 7.15822726e-03
# iteration    59: delta_max = 3.07662792e-02: time = 2.97741243e-02
# iteration    60: delta_max = 3.00357939e-02: time = 9.17949388e-03
# iteration    61: delta_max = 2.94680955e-02: time = 4.37845336e-03
# iteration    62: delta_max = 2.93237983e-02: time = 4.37460700e-03
# iteration    63: delta_max = 2.87962743e-02: time = 1.29526174e-02
# iteration    64: delta_max = 2.67534330e-02: time = 1.43927773e-02
# iteration    65: delta_max = 2.59927751e-02: time = 1.37323691e-02
# iteration    66: delta_max = 2.57942587e-02: time = 5.09856921e-03
# iteration    67: delta_max = 2.57910928e-02: time = 1.82272177e-02
# iteration    68: delta_max = 2.50083318e-02: time = 1.41840489e-02
# iteration    69: delta_max = 2.44845109e-02: time = 2.82381820e-02
# iteration    70: delta_max = 2.42379393e-02: time = 2.95374640e-02
# iteration    71: delta_max = 2.37189882e-02: time = 2.29483712e-02
# iteration    72: delta_max = 2.35344176e-02: time = 7.31796399e-03
# iteration    73: delta_max = 2.34493198e-02: time = 6.21414697e-03
# iteration    74: delta_max = 2.29363348e-02: time = 5.44137200e-02
# iteration    75: delta_max = 2.24010776e-02: time = 1.37236249e-02
# iteration    76: delta_max = 2.23958147e-02: time = 8.71889386e-03
# iteration    77: delta_max = 2.21670645e-02: time = 7.20238592e-03
# iteration    78: delta_max = 2.21333440e-02: time = 3.51962037e-02
# iteration    79: delta_max = 2.19922017e-02: time = 1.13969832e-02
# iteration    80: delta_max = 2.19850268e-02: time = 7.16233207e-03
# iteration    81: delta_max = 2.18130889e-02: time = 7.21758371e-03
# iteration    82: delta_max = 2.16203055e-02: time = 3.39247934e-02
# iteration    83: delta_max = 2.11874067e-02: time = 2.36805491e-02
# iteration    84: delta_max = 2.02676804e-02: time = 7.76082696e-03
# iteration    85: delta_max = 2.01543484e-02: time = 1.14657134e-02
# iteration    86: delta_max = 1.97256482e-02: time = 1.27764367e-02
# iteration    87: delta_max = 1.96253955e-02: time = 7.19057582e-03
# iteration    88: delta_max = 1.94750441e-02: time = 2.53033880e-02
# iteration    89: delta_max = 1.90618707e-02: time = 1.23564680e-02
# iteration    90: delta_max = 1.85804276e-02: time = 4.84334817e-03
# iteration    91: delta_max = 1.84501103e-02: time = 4.14212700e-03
# iteration    92: delta_max = 1.72298661e-02: time = 8.21509538e-03
# iteration    93: delta_max = 1.71351713e-02: time = 8.21567699e-03
# iteration    94: delta_max = 1.71271258e-02: time = 8.53283424e-03
# iteration    95: delta_max = 1.69330491e-02: time = 1.92012708e-02
# iteration    96: delta_max = 1.68579863e-02: time = 8.23971024e-03
# iteration    97: delta_max = 1.68489056e-02: time = 7.19018327e-03
# iteration    98: delta_max = 1.67975422e-02: time = 8.34568590e-03
# iteration    99: delta_max = 1.65282072e-02: time = 1.77224530e-02
# iteration   100: delta_max = 1.63755540e-02: time = 1.08926622e-02
# iteration   101: delta_max = 1.59957054e-02: time = 7.15157017e-03
# iteration   102: delta_max = 1.57187094e-02: time = 7.19187828e-03
# iteration   103: delta_max = 1.56693287e-02: time = 3.98759670e-02
# iteration   104: delta_max = 1.56622624e-02: time = 7.15289265e-03
# iteration   105: delta_max = 1.54597164e-02: time = 7.06721004e-03
# iteration   106: delta_max = 1.52997823e-02: time = 3.44925132e-02
# iteration   107: delta_max = 1.51722572e-02: time = 5.09897387e-03
# iteration   108: delta_max = 1.51603347e-02: time = 7.11451424e-03
# iteration   109: delta_max = 1.49975083e-02: time = 7.24231824e-03
# iteration   110: delta_max = 1.49911698e-02: time = 7.66184088e-03
# iteration   111: delta_max = 1.49520084e-02: time = 1.28297987e-02
# iteration   112: delta_max = 1.44590101e-02: time = 1.34498873e-01
# iteration   113: delta_max = 1.43907898e-02: time = 3.38546028e-02
# iteration   114: delta_max = 1.40212886e-02: time = 8.36431514e-03
# iteration   115: delta_max = 1.34446519e-02: time = 5.06373122e-03
# iteration   116: delta_max = 1.34396956e-02: time = 4.98695811e-03
# iteration   117: delta_max = 1.28696959e-02: time = 8.62604007e-03
# iteration   118: delta_max = 1.25702620e-02: time = 1.20185651e-02
# iteration   119: delta_max = 1.24472552e-02: time = 2.45496607e-02
# iteration   120: delta_max = 1.24142023e-02: time = 3.45423380e-02
# iteration   121: delta_max = 1.22680149e-02: time = 3.55706341e-02
# iteration   122: delta_max = 1.22546580e-02: time = 1.88805689e-02
# iteration   123: delta_max = 1.21682306e-02: time = 7.71686202e-03
# iteration   124: delta_max = 1.21517123e-02: time = 4.27702395e-03
# iteration   125: delta_max = 1.20990764e-02: time = 4.31172969e-03
# iteration   126: delta_max = 1.19633998e-02: time = 4.48044064e-03
# iteration   127: delta_max = 1.18794101e-02: time = 8.74304678e-03
# iteration   128: delta_max = 1.16308712e-02: time = 2.03608782e-02
# iteration   129: delta_max = 1.14817280e-02: time = 8.72608088e-03
# iteration   130: delta_max = 1.14724304e-02: time = 7.22658867e-03
# iteration   131: delta_max = 1.13794755e-02: time = 5.13136992e-03
# iteration   132: delta_max = 1.11809597e-02: time = 8.37821621e-02
# iteration   133: delta_max = 1.09966651e-02: time = 5.14886528e-03
# iteration   134: delta_max = 1.08967695e-02: time = 4.57936479e-03
# iteration   135: delta_max = 1.07707262e-02: time = 1.37308447e-01
# iteration   136: delta_max = 1.06380080e-02: time = 1.23617682e-02
# iteration   137: delta_max = 1.05254484e-02: time = 7.45560508e-03
# iteration   138: delta_max = 1.04391374e-02: time = 7.42924772e-03
# iteration   139: delta_max = 1.01018001e-02: time = 7.34090060e-03
# iteration   140: delta_max = 1.00791385e-02: time = 1.97152719e-02
# iteration   141: delta_max = 9.90432758e-03: time = 1.05755888e-02
# iteration   142: delta_max = 9.88691457e-03: time = 1.29461692e-01
# iteration   143: delta_max = 9.82888951e-03: time = 2.04657768e-02
# iteration   144: delta_max = 9.81648977e-03: time = 7.56758591e-03
# iteration   145: delta_max = 9.44393924e-03: time = 4.63623460e-03
# iteration   146: delta_max = 9.14274784e-03: time = 7.45454519e-02
# iteration   147: delta_max = 9.11139387e-03: time = 1.17533198e-02
# iteration   148: delta_max = 9.03589132e-03: time = 7.34994272e-02
# iteration   149: delta_max = 8.99737873e-03: time = 4.80436487e-03
# iteration   150: delta_max = 8.91619075e-03: time = 8.61018323e-02
# iteration   151: delta_max = 8.71740883e-03: time = 5.43204974e-03
# iteration   152: delta_max = 8.62971336e-03: time = 5.15132910e-03
# iteration   153: delta_max = 8.56203166e-03: time = 9.44302743e-03
# iteration   154: delta_max = 8.54913857e-03: time = 3.51436492e-02
# iteration   155: delta_max = 8.54889587e-03: time = 1.84621210e-02
# iteration   156: delta_max = 8.52735399e-03: time = 1.98421441e-02
# iteration   157: delta_max = 8.42510414e-03: time = 8.66030529e-03
# iteration   158: delta_max = 8.38708437e-03: time = 1.84468408e-02
# iteration   159: delta_max = 8.25533970e-03: time = 3.56527530e-02
# iteration   160: delta_max = 8.12141884e-03: time = 1.39917340e-02
# iteration   161: delta_max = 8.11300040e-03: time = 8.38162983e-03
# iteration   162: delta_max = 8.07708470e-03: time = 2.13022828e-02
# iteration   163: delta_max = 8.06679541e-03: time = 1.77231687e-02
# iteration   164: delta_max = 7.85375460e-03: time = 1.10484399e-02
# iteration   165: delta_max = 7.67013370e-03: time = 8.63317451e-02
# iteration   166: delta_max = 7.52489455e-03: time = 5.33976173e-03
# iteration   167: delta_max = 7.43641406e-03: time = 1.74590666e-02
# iteration   168: delta_max = 7.37635932e-03: time = 3.41341393e-02
# iteration   169: delta_max = 7.34714770e-03: time = 4.56080539e-03
# iteration   170: delta_max = 7.28307797e-03: time = 5.23321889e-03
# iteration   171: delta_max = 7.24459504e-03: time = 1.81325679e-02
# iteration   172: delta_max = 7.24086447e-03: time = 8.44547898e-03
# iteration   173: delta_max = 7.21681122e-03: time = 6.77608037e-02
# iteration   174: delta_max = 7.19878939e-03: time = 7.75123229e-02
# iteration   175: delta_max = 6.99729330e-03: time = 7.37036858e-02
# iteration   176: delta_max = 6.91192466e-03: time = 7.32581178e-03
# iteration   177: delta_max = 6.86672019e-03: time = 9.68211284e-03
# iteration   178: delta_max = 6.82026529e-03: time = 1.40947628e-01
# iteration   179: delta_max = 6.78364813e-03: time = 5.03805093e-03
# iteration   180: delta_max = 6.74088826e-03: time = 7.70705892e-03
# iteration   181: delta_max = 6.43268868e-03: time = 8.44300408e-02
# iteration   182: delta_max = 6.30041655e-03: time = 9.87703120e-03
# iteration   183: delta_max = 6.04918636e-03: time = 8.25358834e-03
# iteration   184: delta_max = 5.91605193e-03: time = 2.04985742e-02
# iteration   185: delta_max = 5.66015928e-03: time = 1.28642270e-01
# iteration   186: delta_max = 5.54572899e-03: time = 5.28974133e-03
# iteration   187: delta_max = 5.51016778e-03: time = 8.50013481e-02
# iteration   188: delta_max = 5.41344856e-03: time = 1.41234104e-01
# iteration   189: delta_max = 5.24119334e-03: time = 7.28236232e-02
# iteration   190: delta_max = 5.18029395e-03: time = 4.54825815e-03
# iteration   191: delta_max = 5.16062382e-03: time = 7.38416892e-03
# iteration   192: delta_max = 5.11992072e-03: time = 1.41609702e-01
# iteration   193: delta_max = 5.07529777e-03: time = 7.51753384e-03
# iteration   194: delta_max = 5.01430330e-03: time = 4.78303479e-03
# iteration   195: delta_max = 4.90123232e-03: time = 1.03325862e-02
# iteration   196: delta_max = 4.88253828e-03: time = 1.35427054e-01
# iteration   197: delta_max = 4.83636164e-03: time = 6.29719812e-03
# iteration   198: delta_max = 4.71688880e-03: time = 1.40047677e-01
# iteration   199: delta_max = 4.61398355e-03: time = 1.40010394e-01
# iteration   200: delta_max = 4.60859939e-03: time = 9.15733865e-03
# iteration   201: delta_max = 4.60271003e-03: time = 6.93104672e-02
# iteration   202: delta_max = 4.59178421e-03: time = 3.46758612e-02
# iteration   203: delta_max = 4.56631716e-03: time = 1.94062940e-02
# iteration   204: delta_max = 4.56001409e-03: time = 3.78451622e-02
# iteration   205: delta_max = 4.51110899e-03: time = 1.85897457e-02
# iteration   206: delta_max = 4.48416911e-03: time = 8.45154780e-02
# iteration   207: delta_max = 4.33743697e-03: time = 4.61669359e-03
# iteration   208: delta_max = 4.29133008e-03: time = 5.24828536e-03
# iteration   209: delta_max = 3.94384088e-03: time = 1.40679000e-01
# iteration   210: delta_max = 3.81179915e-03: time = 1.25493675e-01
# iteration   211: delta_max = 3.48015349e-03: time = 1.16423499e-02
# iteration   212: delta_max = 3.41830944e-03: time = 1.26502691e-02
# iteration   213: delta_max = 3.40163535e-03: time = 4.63157007e-03
# iteration   214: delta_max = 3.35131227e-03: time = 1.25359381e-01
# iteration   215: delta_max = 3.30379960e-03: time = 9.71114775e-03
# iteration   216: delta_max = 3.17172897e-03: time = 1.42025226e-01
# iteration   217: delta_max = 3.15212263e-03: time = 5.32831112e-03
# iteration   218: delta_max = 3.14651323e-03: time = 1.43374581e-01
# iteration   219: delta_max = 3.11508134e-03: time = 5.32195298e-03
# iteration   220: delta_max = 3.08183526e-03: time = 5.28106885e-03
# iteration   221: delta_max = 2.92676302e-03: time = 8.65208092e-02
# iteration   222: delta_max = 2.84479360e-03: time = 2.10484001e-02
# iteration   223: delta_max = 2.82768714e-03: time = 3.38087231e-02
# iteration   224: delta_max = 2.79292036e-03: time = 9.64753297e-02
# iteration   225: delta_max = 2.74444870e-03: time = 1.86531330e-02
# iteration   226: delta_max = 2.62772235e-03: time = 1.45117870e-01
# iteration   227: delta_max = 2.62347962e-03: time = 5.33496309e-03
# iteration   228: delta_max = 2.57403878e-03: time = 5.34656271e-03
# iteration   229: delta_max = 2.50173008e-03: time = 9.36484197e-03
# iteration   230: delta_max = 2.43293202e-03: time = 1.31849782e-02
# iteration   231: delta_max = 2.42865134e-03: time = 1.32896993e-02
# iteration   232: delta_max = 2.25867511e-03: time = 4.53177062e-02
# iteration   233: delta_max = 2.25763664e-03: time = 3.52436239e-02
# iteration   234: delta_max = 2.23408065e-03: time = 3.83482687e-02
# iteration   235: delta_max = 2.11300977e-03: time = 9.03161941e-03
# iteration   236: delta_max = 2.00752913e-03: time = 1.45249320e-02
# iteration   237: delta_max = 1.99525146e-03: time = 8.10840726e-03
# iteration   238: delta_max = 1.98167627e-03: time = 7.03416797e-02
# iteration   239: delta_max = 1.93122545e-03: time = 3.59297292e-02
# iteration   240: delta_max = 1.90640145e-03: time = 5.50315576e-02
# iteration   241: delta_max = 1.89479501e-03: time = 2.25593201e-02
# iteration   242: delta_max = 1.88825370e-03: time = 1.23607120e-02
# iteration   243: delta_max = 1.86083756e-03: time = 1.48368874e-02
# iteration   244: delta_max = 1.81094479e-03: time = 3.49031021e-02
# iteration   245: delta_max = 1.78420727e-03: time = 2.53959130e-02
# iteration   246: delta_max = 1.75887490e-03: time = 3.52317379e-02
# iteration   247: delta_max = 1.61299793e-03: time = 1.02137220e-02
# iteration   248: delta_max = 1.58154917e-03: time = 1.34806819e-02
# iteration   249: delta_max = 1.57804270e-03: time = 1.03382240e-02
# iteration   250: delta_max = 1.52521099e-03: time = 1.48088960e-02
# iteration   251: delta_max = 1.48468433e-03: time = 1.33230340e-01
# iteration   252: delta_max = 1.43101933e-03: time = 1.49005470e-02
# iteration   253: delta_max = 1.40922594e-03: time = 1.62303243e-02
# iteration   254: delta_max = 1.36499243e-03: time = 5.40135289e-03
# iteration   255: delta_max = 1.32808420e-03: time = 1.34457210e-02
# iteration   256: delta_max = 1.32386363e-03: time = 1.46277099e-01
# iteration   257: delta_max = 1.26411959e-03: time = 5.38182165e-03
# iteration   258: delta_max = 1.23049797e-03: time = 7.33392918e-03
# iteration   259: delta_max = 1.19746486e-03: time = 2.79358970e-02
# iteration   260: delta_max = 1.14019856e-03: time = 1.35306059e-02
# iteration   261: delta_max = 1.13743990e-03: time = 1.44659420e-01
# iteration   262: delta_max = 1.11049569e-03: time = 1.40896189e-01
# iteration   263: delta_max = 1.06915482e-03: time = 7.26946630e-02
# iteration   264: delta_max = 1.03147752e-03: time = 9.40807303e-03
# iteration   265: delta_max = 9.76445128e-04: time = 2.99690780e-02
# iteration   266: delta_max = 9.57816131e-04: time = 1.35394800e-02
# iteration   267: delta_max = 9.55283370e-04: time = 1.45632911e-01
# iteration   268: delta_max = 9.39652384e-04: time = 1.40338819e-02
# iteration   269: delta_max = 9.14286449e-04: time = 2.93907700e-02
# iteration   270: delta_max = 9.07782498e-04: time = 1.04376008e-02
# iteration   271: delta_max = 8.87616432e-04: time = 5.47618186e-03
# iteration   272: delta_max = 8.59465012e-04: time = 5.39721921e-03
# iteration   273: delta_max = 8.46474745e-04: time = 4.68914676e-03
# iteration   274: delta_max = 8.36712933e-04: time = 3.00308438e-02
# iteration   275: delta_max = 8.32506261e-04: time = 5.39641175e-03
# iteration   276: delta_max = 8.32156744e-04: time = 1.35147707e-02
# iteration   277: delta_max = 8.15022714e-04: time = 8.16818792e-03
# iteration   278: delta_max = 8.07077042e-04: time = 2.71916217e-02
# iteration   279: delta_max = 7.63446587e-04: time = 5.53578092e-03
# iteration   280: delta_max = 7.58152587e-04: time = 1.35783916e-02
# iteration   281: delta_max = 7.36675644e-04: time = 1.34405578e-02
# iteration   282: delta_max = 7.12891468e-04: time = 2.39911792e-02
# iteration   283: delta_max = 6.99269582e-04: time = 2.67863623e-02
# iteration   284: delta_max = 6.80445699e-04: time = 2.24370998e-02
# iteration   285: delta_max = 6.63998003e-04: time = 1.41135780e-02
# iteration   286: delta_max = 6.25191050e-04: time = 8.75419006e-03
# iteration   287: delta_max = 6.17394422e-04: time = 1.35670891e-02
# iteration   288: delta_max = 6.08536113e-04: time = 2.00813990e-02
# iteration   289: delta_max = 5.89468680e-04: time = 1.45131884e-01
# iteration   290: delta_max = 5.88823388e-04: time = 1.35656566e-01
# iteration   291: delta_max = 5.74662421e-04: time = 1.51292919e-02
# iteration   292: delta_max = 5.53693300e-04: time = 6.05902774e-03
# iteration   293: delta_max = 5.50107102e-04: time = 1.41736954e-01
# iteration   294: delta_max = 5.50082504e-04: time = 2.45125252e-02
# iteration   295: delta_max = 5.43557587e-04: time = 5.55630913e-03
# iteration   296: delta_max = 5.22320930e-04: time = 6.35075802e-03
# iteration   297: delta_max = 5.17282532e-04: time = 1.35928411e-02
# iteration   298: delta_max = 5.15630409e-04: time = 1.13731758e-02
# iteration   299: delta_max = 5.00935749e-04: time = 5.03230793e-03
# iteration   300: delta_max = 4.98793361e-04: time = 7.61969900e-03
# iteration   301: delta_max = 4.95872055e-04: time = 7.63071375e-03
# iteration   302: delta_max = 4.94526789e-04: time = 1.36252949e-02
# iteration   303: delta_max = 4.83338036e-04: time = 1.81420813e-02
# iteration   304: delta_max = 4.74293991e-04: time = 7.60654965e-03
# iteration   305: delta_max = 4.64079080e-04: time = 2.29115193e-02
# iteration   306: delta_max = 4.62978381e-04: time = 1.51369502e-02
# iteration   307: delta_max = 4.53753058e-04: time = 7.40700494e-03
# iteration   308: delta_max = 4.49733848e-04: time = 1.87911610e-02
# iteration   309: delta_max = 4.39119236e-04: time = 3.55232200e-02
# iteration   310: delta_max = 4.33668174e-04: time = 5.57685690e-03
# iteration   311: delta_max = 4.30632609e-04: time = 7.69563811e-03
# iteration   312: delta_max = 4.15677510e-04: time = 9.32069309e-03
# iteration   313: delta_max = 4.12059266e-04: time = 4.57424517e-02
# iteration   314: delta_max = 4.05328191e-04: time = 8.46734410e-03
# iteration   315: delta_max = 4.02825082e-04: time = 3.70523590e-02
# iteration   316: delta_max = 3.96764529e-04: time = 3.60226510e-02
# iteration   317: delta_max = 3.85296588e-04: time = 5.67196403e-03
# iteration   318: delta_max = 3.79015547e-04: time = 5.11056511e-03
# iteration   319: delta_max = 3.75807570e-04: time = 2.71539390e-02
# iteration   320: delta_max = 3.61453460e-04: time = 1.10967383e-02
# iteration   321: delta_max = 3.54424968e-04: time = 1.89439668e-02
# iteration   322: delta_max = 3.50391069e-04: time = 3.38253146e-02
# iteration   323: delta_max = 3.30946575e-04: time = 9.56918439e-03
# iteration   324: delta_max = 3.27758843e-04: time = 2.22576070e-02
# iteration   325: delta_max = 3.25197933e-04: time = 1.92615981e-02
# iteration   326: delta_max = 3.16838351e-04: time = 5.06309699e-03
# iteration   327: delta_max = 2.93428290e-04: time = 8.04750901e-03
# iteration   328: delta_max = 2.89695979e-04: time = 9.72299976e-03
# iteration   329: delta_max = 2.88639453e-04: time = 8.94855708e-03
# iteration   330: delta_max = 2.83724512e-04: time = 1.39031441e-01
# iteration   331: delta_max = 2.77752490e-04: time = 5.22224512e-03
# iteration   332: delta_max = 2.73061708e-04: time = 5.68041066e-03
# iteration   333: delta_max = 2.65851754e-04: time = 3.42907161e-02
# iteration   334: delta_max = 2.64261980e-04: time = 2.08421559e-02
# iteration   335: delta_max = 2.55537949e-04: time = 1.53445876e-02
# iteration   336: delta_max = 2.52541433e-04: time = 8.05090088e-03
# iteration   337: delta_max = 2.46766307e-04: time = 7.75318593e-03
# iteration   338: delta_max = 2.42396758e-04: time = 5.58797317e-03
# iteration   339: delta_max = 2.36743357e-04: time = 4.92976187e-03
# iteration   340: delta_max = 2.35976092e-04: time = 9.34988493e-03
# iteration   341: delta_max = 2.34789633e-04: time = 1.40280118e-02
# iteration   342: delta_max = 2.34253009e-04: time = 9.36362380e-03
# iteration   343: delta_max = 2.32235309e-04: time = 7.88445491e-03
# iteration   344: delta_max = 2.20372177e-04: time = 5.16353967e-03
# iteration   345: delta_max = 2.14037093e-04: time = 3.28834560e-02
# iteration   346: delta_max = 2.08700215e-04: time = 6.51312433e-03
# iteration   347: delta_max = 2.07892350e-04: time = 1.89375570e-02
# iteration   348: delta_max = 1.99993450e-04: time = 1.40821953e-01
# iteration   349: delta_max = 1.98774422e-04: time = 5.72451204e-03
# iteration   350: delta_max = 1.98252564e-04: time = 7.82998698e-03
# iteration   351: delta_max = 1.96827168e-04: time = 9.88693675e-03
# iteration   352: delta_max = 1.91756103e-04: time = 1.42231844e-02
# iteration   353: delta_max = 1.87919160e-04: time = 9.51013807e-03
# iteration   354: delta_max = 1.83981674e-04: time = 7.84053095e-03
# iteration   355: delta_max = 1.80676025e-04: time = 5.18415961e-03
# iteration   356: delta_max = 1.74927822e-04: time = 4.99171531e-03
# iteration   357: delta_max = 1.73135953e-04: time = 5.66512998e-03
# iteration   358: delta_max = 1.54891885e-04: time = 1.28069078e-02
# iteration   359: delta_max = 1.47832196e-04: time = 1.57030001e-02
# iteration   360: delta_max = 1.43733650e-04: time = 7.91062973e-03
# iteration   361: delta_max = 1.42047222e-04: time = 5.76138403e-03
# iteration   362: delta_max = 1.39228797e-04: time = 7.87756592e-03
# iteration   363: delta_max = 1.38710019e-04: time = 1.78533532e-02
# iteration   364: delta_max = 1.36560276e-04: time = 1.08571090e-02
# iteration   365: delta_max = 1.34688645e-04: time = 2.48741317e-02
# iteration   366: delta_max = 1.31479617e-04: time = 1.50557738e-02
# iteration   367: delta_max = 1.24607044e-04: time = 1.38083952e-02
# iteration   368: delta_max = 1.20135971e-04: time = 7.94359902e-03
# iteration   369: delta_max = 1.16074350e-04: time = 8.04786058e-03
# iteration   370: delta_max = 1.14467201e-04: time = 5.30275968e-02
# iteration   371: delta_max = 1.14155424e-04: time = 5.25882514e-03
# iteration   372: delta_max = 1.12982756e-04: time = 1.32113830e-02
# iteration   373: delta_max = 9.69917470e-05: time = 1.36886640e-02
# iteration   374: delta_max = 9.24830671e-05: time = 6.96282396e-02
# iteration   375: delta_max = 8.31423746e-05: time = 3.45717082e-02
# iteration   376: delta_max = 8.29650120e-05: time = 7.87864579e-03
# iteration   377: delta_max = 8.28380558e-05: time = 6.26226235e-03
# iteration   378: delta_max = 7.81161922e-05: time = 6.55626226e-03
# iteration   379: delta_max = 7.54007887e-05: time = 1.50602218e-02
# iteration   380: delta_max = 7.47020160e-05: time = 1.48895560e-02
# iteration   381: delta_max = 7.45090536e-05: time = 1.39678521e-02
# iteration   382: delta_max = 7.37515077e-05: time = 3.26506542e-02
# iteration   383: delta_max = 7.22852661e-05: time = 8.32582591e-03
# iteration   384: delta_max = 7.11672191e-05: time = 7.80626014e-03
# iteration   385: delta_max = 7.06468944e-05: time = 6.32355129e-03
# iteration   386: delta_max = 6.87329468e-05: time = 3.49398819e-02
# iteration   387: delta_max = 6.44957225e-05: time = 1.04293199e-02
# iteration   388: delta_max = 6.00862940e-05: time = 5.31453593e-03
# iteration   389: delta_max = 5.86080281e-05: time = 2.28140741e-02
# iteration   390: delta_max = 5.65997371e-05: time = 1.46804890e-02
# iteration   391: delta_max = 5.62395859e-05: time = 5.29621122e-03
# iteration   392: delta_max = 5.61772201e-05: time = 6.28184481e-03
# iteration   393: delta_max = 5.57057293e-05: time = 5.09274472e-03
# iteration   394: delta_max = 5.54407947e-05: time = 1.04908589e-02
# iteration   395: delta_max = 5.35930987e-05: time = 5.77243580e-02
# iteration   396: delta_max = 5.27215617e-05: time = 1.60971852e-02
# iteration   397: delta_max = 5.27177117e-05: time = 5.32622216e-03
# iteration   398: delta_max = 5.05596248e-05: time = 5.15354006e-03
# iteration   399: delta_max = 4.85849693e-05: time = 2.61559961e-02
# iteration   400: delta_max = 4.79641885e-05: time = 1.43372570e-02
# iteration   401: delta_max = 4.79543967e-05: time = 1.39839393e-02
# iteration   402: delta_max = 4.70414553e-05: time = 5.38654532e-03
# iteration   403: delta_max = 4.59940283e-05: time = 6.30786689e-03
# iteration   404: delta_max = 4.57052817e-05: time = 1.51853780e-02
# iteration   405: delta_max = 4.48487018e-05: time = 1.21050971e-02
# iteration   406: delta_max = 4.47735149e-05: time = 5.36956219e-03
# iteration   407: delta_max = 4.40370426e-05: time = 5.43034123e-03
# iteration   408: delta_max = 4.35298934e-05: time = 8.14261613e-03
# iteration   409: delta_max = 4.30062676e-05: time = 3.56897027e-02
# iteration   410: delta_max = 4.28276532e-05: time = 5.41855069e-03
# iteration   411: delta_max = 4.20365971e-05: time = 5.89429401e-03
# iteration   412: delta_max = 4.12825606e-05: time = 8.32244940e-03
# iteration   413: delta_max = 4.06482175e-05: time = 3.05098682e-02
# iteration   414: delta_max = 3.99475103e-05: time = 1.40720480e-02
# iteration   415: delta_max = 3.95704219e-05: time = 2.29957998e-02
# iteration   416: delta_max = 3.92847280e-05: time = 2.12761830e-02
# iteration   417: delta_max = 3.86433581e-05: time = 5.94505528e-03
# iteration   418: delta_max = 3.58821549e-05: time = 5.40522300e-03
# iteration   419: delta_max = 3.54230186e-05: time = 5.18594915e-03
# iteration   420: delta_max = 3.47199419e-05: time = 5.65566630e-02
# iteration   421: delta_max = 3.42967811e-05: time = 2.66770269e-02
# iteration   422: delta_max = 3.36248602e-05: time = 1.40150520e-02
# iteration   423: delta_max = 3.36115490e-05: time = 2.85180500e-02
# iteration   424: delta_max = 3.27286848e-05: time = 1.49835693e-02
# iteration   425: delta_max = 3.20208998e-05: time = 1.42134656e-02
# iteration   426: delta_max = 3.08025078e-05: time = 1.44278063e-02
# iteration   427: delta_max = 2.97554614e-05: time = 2.01085480e-02
# iteration   428: delta_max = 2.95322226e-05: time = 5.46411984e-03
# iteration   429: delta_max = 2.92712070e-05: time = 5.41422330e-03
# iteration   430: delta_max = 2.91200743e-05: time = 2.82336739e-02
# iteration   431: delta_max = 2.80712923e-05: time = 6.91854116e-03
# iteration   432: delta_max = 2.80462769e-05: time = 5.42820431e-03
# iteration   433: delta_max = 2.77076101e-05: time = 5.84090780e-03
# iteration   434: delta_max = 2.66299568e-05: time = 8.11535399e-03
# iteration   435: delta_max = 2.65562432e-05: time = 1.01534971e-02
# iteration   436: delta_max = 2.64418942e-05: time = 8.09778282e-02
# iteration   437: delta_max = 2.63583761e-05: time = 9.98866558e-03
# iteration   438: delta_max = 2.51851514e-05: time = 5.49512310e-03
# iteration   439: delta_max = 2.51463746e-05: time = 2.19526063e-02
# iteration   440: delta_max = 2.47678431e-05: time = 9.60229663e-03
# iteration   441: delta_max = 2.35532340e-05: time = 5.49302995e-03
# iteration   442: delta_max = 2.35091714e-05: time = 5.39240069e-02
# iteration   443: delta_max = 2.34698668e-05: time = 8.11370881e-03
# iteration   444: delta_max = 2.29736884e-05: time = 8.43024068e-03
# iteration   445: delta_max = 2.23097584e-05: time = 3.26755722e-02
# iteration   446: delta_max = 2.20213061e-05: time = 1.42636090e-02
# iteration   447: delta_max = 2.19742908e-05: time = 2.13595619e-02
# iteration   448: delta_max = 2.13199345e-05: time = 2.18712618e-02
# iteration   449: delta_max = 2.09410165e-05: time = 3.54048153e-02
# iteration   450: delta_max = 2.02789195e-05: time = 6.31758804e-03
# iteration   451: delta_max = 2.02152555e-05: time = 8.12779088e-03
# iteration   452: delta_max = 1.98265532e-05: time = 8.12607398e-03
# iteration   453: delta_max = 1.95107091e-05: time = 1.01466752e-02
# iteration   454: delta_max = 1.84894947e-05: time = 3.01238382e-02
# iteration   455: delta_max = 1.83139028e-05: time = 2.88932370e-02
# iteration   456: delta_max = 1.81553336e-05: time = 2.02099271e-02
# iteration   457: delta_max = 1.76175900e-05: time = 5.57443220e-03
# iteration   458: delta_max = 1.69201105e-05: time = 5.90797421e-03
# iteration   459: delta_max = 1.66926550e-05: time = 5.25395488e-02
# iteration   460: delta_max = 1.59570569e-05: time = 8.52509122e-03
# iteration   461: delta_max = 1.51547789e-05: time = 1.75887281e-02
# iteration   462: delta_max = 1.49278444e-05: time = 5.49007207e-03
# iteration   463: delta_max = 1.41180562e-05: time = 5.90312807e-03
# iteration   464: delta_max = 1.39012404e-05: time = 5.50844986e-03
# iteration   465: delta_max = 1.37567802e-05: time = 6.00973517e-03
# iteration   466: delta_max = 1.30889178e-05: time = 5.56157390e-03
# iteration   467: delta_max = 1.29641479e-05: time = 5.24531333e-02
# iteration   468: delta_max = 1.27581869e-05: time = 3.40276500e-02
# iteration   469: delta_max = 1.21131495e-05: time = 5.58210490e-03
# iteration   470: delta_max = 1.20316182e-05: time = 5.31316595e-03
# iteration   471: delta_max = 1.18467000e-05: time = 5.95332403e-03
# iteration   472: delta_max = 1.17589311e-05: time = 2.90891640e-02
# iteration   473: delta_max = 1.13211770e-05: time = 6.04174798e-03
# iteration   474: delta_max = 1.12191773e-05: time = 5.50001115e-03
# iteration   475: delta_max = 1.11608529e-05: time = 3.20047080e-02
# iteration   476: delta_max = 1.11506904e-05: time = 7.58201629e-03
# iteration   477: delta_max = 1.11275070e-05: time = 5.52115822e-03
# iteration   478: delta_max = 1.10642724e-05: time = 5.31238085e-03
# iteration   479: delta_max = 1.08379439e-05: time = 2.94486932e-02
# iteration   480: delta_max = 1.07435614e-05: time = 2.33643074e-02
# iteration   481: delta_max = 1.04948766e-05: time = 5.54519193e-03
# iteration   482: delta_max = 9.66858270e-06: time = 6.74244203e-03
 # Orthogonalising Cholesky vectors.
 # Time to orthogonalise: 0.032640
nelec: (12, 8)
nbasis: 76
chol.shape: (482, 5776)

******** <class 'pyscf.cc.uccsd.UCCSD'> ********
CC2 = 0
CCSD nocc = (12, 8), nmo = (76, 76)
max_cycle = 50
direct = 0
conv_tol = 1e-07
conv_tol_normt = 1e-06
diis_space = 6
diis_start_cycle = 0
diis_start_energy_diff = 1e+09
max_memory 4000 MB (current use 601 MB)
Init t2, MP2 energy = -0.654739394384461
    CPU time for init mp2      0.39 sec, wall time      0.01 sec
Init E_corr(CCSD) = -0.660357978615124
cycle = 1  E_corr(CCSD) = -0.593462398885976  dE = 0.0668955797  norm(t1,t2) = 0.351348
    CPU time for CCSD iter     51.51 sec, wall time      1.44 sec
cycle = 2  E_corr(CCSD) = -0.676710548349857  dE = -0.0832481495  norm(t1,t2) = 0.352614
    CPU time for CCSD iter     48.77 sec, wall time      1.36 sec
cycle = 3  E_corr(CCSD) = -0.648135249731176  dE = 0.0285752986  norm(t1,t2) = 0.466769
    CPU time for CCSD iter     47.43 sec, wall time      1.32 sec
cycle = 4  E_corr(CCSD) = -0.64896503780811  dE = -0.000829788077  norm(t1,t2) = 0.0837115
    CPU time for CCSD iter     45.29 sec, wall time      1.26 sec
cycle = 5  E_corr(CCSD) = -0.657206303223532  dE = -0.00824126542  norm(t1,t2) = 0.0597449
    CPU time for CCSD iter     46.46 sec, wall time      1.29 sec
cycle = 6  E_corr(CCSD) = -0.662846527791231  dE = -0.00564022457  norm(t1,t2) = 0.0454462
    CPU time for CCSD iter     47.36 sec, wall time      1.32 sec
cycle = 7  E_corr(CCSD) = -0.667428438742559  dE = -0.00458191095  norm(t1,t2) = 0.0323655
    CPU time for CCSD iter     47.14 sec, wall time      1.31 sec
cycle = 8  E_corr(CCSD) = -0.670602080352609  dE = -0.00317364161  norm(t1,t2) = 0.0333098
    CPU time for CCSD iter     46.94 sec, wall time      1.31 sec
cycle = 9  E_corr(CCSD) = -0.671766622443421  dE = -0.00116454209  norm(t1,t2) = 0.0153552
    CPU time for CCSD iter     45.44 sec, wall time      1.27 sec
cycle = 10  E_corr(CCSD) = -0.671711375294403  dE = 5.5247149e-05  norm(t1,t2) = 0.0101165
    CPU time for CCSD iter     46.10 sec, wall time      1.28 sec
cycle = 11  E_corr(CCSD) = -0.67247995830486  dE = -0.00076858301  norm(t1,t2) = 0.00752026
    CPU time for CCSD iter     46.13 sec, wall time      1.28 sec
cycle = 12  E_corr(CCSD) = -0.672779251743531  dE = -0.000299293439  norm(t1,t2) = 0.0054377
    CPU time for CCSD iter     47.41 sec, wall time      1.32 sec
cycle = 13  E_corr(CCSD) = -0.673036334417695  dE = -0.000257082674  norm(t1,t2) = 0.00374681
    CPU time for CCSD iter     46.59 sec, wall time      1.30 sec
cycle = 14  E_corr(CCSD) = -0.673307459758536  dE = -0.000271125341  norm(t1,t2) = 0.00232667
    CPU time for CCSD iter     46.76 sec, wall time      1.30 sec
cycle = 15  E_corr(CCSD) = -0.673340070078873  dE = -3.26103203e-05  norm(t1,t2) = 0.00202836
    CPU time for CCSD iter     47.02 sec, wall time      1.31 sec
cycle = 16  E_corr(CCSD) = -0.673374968649453  dE = -3.48985706e-05  norm(t1,t2) = 0.00123578
    CPU time for CCSD iter     46.67 sec, wall time      1.31 sec
cycle = 17  E_corr(CCSD) = -0.673402953162312  dE = -2.79845129e-05  norm(t1,t2) = 0.000953628
    CPU time for CCSD iter     46.07 sec, wall time      1.29 sec
cycle = 18  E_corr(CCSD) = -0.673422320899844  dE = -1.93677375e-05  norm(t1,t2) = 0.000729924
    CPU time for CCSD iter     50.01 sec, wall time      1.40 sec
cycle = 19  E_corr(CCSD) = -0.67342499327229  dE = -2.67237245e-06  norm(t1,t2) = 0.000478022
    CPU time for CCSD iter     55.71 sec, wall time      1.58 sec
cycle = 20  E_corr(CCSD) = -0.673428187780149  dE = -3.19450786e-06  norm(t1,t2) = 0.000343893
    CPU time for CCSD iter     48.72 sec, wall time      1.36 sec
cycle = 21  E_corr(CCSD) = -0.673433153184121  dE = -4.96540397e-06  norm(t1,t2) = 0.000253416
    CPU time for CCSD iter     44.50 sec, wall time      1.24 sec
cycle = 22  E_corr(CCSD) = -0.673449732169188  dE = -1.65789851e-05  norm(t1,t2) = 0.000204057
    CPU time for CCSD iter     48.39 sec, wall time      1.35 sec
cycle = 23  E_corr(CCSD) = -0.673455573769134  dE = -5.84159995e-06  norm(t1,t2) = 0.000166635
    CPU time for CCSD iter     46.68 sec, wall time      1.30 sec
cycle = 24  E_corr(CCSD) = -0.673467302759842  dE = -1.17289907e-05  norm(t1,t2) = 0.000117495
    CPU time for CCSD iter     44.80 sec, wall time      1.25 sec
cycle = 25  E_corr(CCSD) = -0.673477098030518  dE = -9.79527068e-06  norm(t1,t2) = 9.23777e-05
    CPU time for CCSD iter     43.90 sec, wall time      1.22 sec
cycle = 26  E_corr(CCSD) = -0.67348503356505  dE = -7.93553453e-06  norm(t1,t2) = 7.25647e-05
    CPU time for CCSD iter     43.54 sec, wall time      1.21 sec
cycle = 27  E_corr(CCSD) = -0.673490336814646  dE = -5.3032496e-06  norm(t1,t2) = 4.53056e-05
    CPU time for CCSD iter     45.07 sec, wall time      1.26 sec
cycle = 28  E_corr(CCSD) = -0.673493198981224  dE = -2.86216658e-06  norm(t1,t2) = 3.48509e-05
    CPU time for CCSD iter     42.32 sec, wall time      1.18 sec
cycle = 29  E_corr(CCSD) = -0.67349438417617  dE = -1.18519495e-06  norm(t1,t2) = 2.65765e-05
    CPU time for CCSD iter     44.48 sec, wall time      1.24 sec
cycle = 30  E_corr(CCSD) = -0.67349543797651  dE = -1.05380034e-06  norm(t1,t2) = 1.981e-05
    CPU time for CCSD iter     45.63 sec, wall time      1.27 sec
cycle = 31  E_corr(CCSD) = -0.67349596727704  dE = -5.29300531e-07  norm(t1,t2) = 1.68114e-05
    CPU time for CCSD iter     45.20 sec, wall time      1.26 sec
cycle = 32  E_corr(CCSD) = -0.673495867921544  dE = 9.93554962e-08  norm(t1,t2) = 1.34305e-05
    CPU time for CCSD iter     44.65 sec, wall time      1.24 sec
cycle = 33  E_corr(CCSD) = -0.673496370251802  dE = -5.02330258e-07  norm(t1,t2) = 1.01058e-05
    CPU time for CCSD iter     46.24 sec, wall time      1.29 sec
cycle = 34  E_corr(CCSD) = -0.673496313254162  dE = 5.69976392e-08  norm(t1,t2) = 8.25758e-06
    CPU time for CCSD iter     44.39 sec, wall time      1.24 sec
cycle = 35  E_corr(CCSD) = -0.673496728682733  dE = -4.1542857e-07  norm(t1,t2) = 5.95964e-06
    CPU time for CCSD iter     44.19 sec, wall time      1.23 sec
cycle = 36  E_corr(CCSD) = -0.673496838993015  dE = -1.10310282e-07  norm(t1,t2) = 4.75829e-06
    CPU time for CCSD iter     42.78 sec, wall time      1.19 sec
cycle = 37  E_corr(CCSD) = -0.67349709241174  dE = -2.53418725e-07  norm(t1,t2) = 3.50578e-06
    CPU time for CCSD iter     43.87 sec, wall time      1.22 sec
cycle = 38  E_corr(CCSD) = -0.673497227307184  dE = -1.34895444e-07  norm(t1,t2) = 2.74789e-06
    CPU time for CCSD iter     43.53 sec, wall time      1.21 sec
cycle = 39  E_corr(CCSD) = -0.673497437855422  dE = -2.10548238e-07  norm(t1,t2) = 2.22014e-06
    CPU time for CCSD iter     42.65 sec, wall time      1.19 sec
cycle = 40  E_corr(CCSD) = -0.673497542443746  dE = -1.04588324e-07  norm(t1,t2) = 1.79653e-06
    CPU time for CCSD iter     44.90 sec, wall time      1.25 sec
cycle = 41  E_corr(CCSD) = -0.673497701886705  dE = -1.59442959e-07  norm(t1,t2) = 1.33803e-06
    CPU time for CCSD iter     44.95 sec, wall time      1.26 sec
cycle = 42  E_corr(CCSD) = -0.673497731187685  dE = -2.93009794e-08  norm(t1,t2) = 1.07658e-06
    CPU time for CCSD iter     43.98 sec, wall time      1.23 sec
cycle = 43  E_corr(CCSD) = -0.673497808023054  dE = -7.68353694e-08  norm(t1,t2) = 8.40595e-07
    CPU time for CCSD iter     41.99 sec, wall time      1.17 sec
    CPU time for CCSD   1976.17 sec, wall time     55.11 sec
UCCSD converged
E(UCCSD) = -102.4851149855477  E_corr = -0.673497808023054
max_memory 3100 MB (899 MB in use)
max_memory 3100 MB (899 MB in use)
    CPU time for UCCSD(T)     37.46 sec, wall time      1.04 sec
UCCSD(T) correction = -0.0394946550739928
UCCSD(T) energy -102.52460964062168
