#INFO: **** input file is /projects/anma2640/VMC/dqmc_tests/mno/mno.py ****
import numpy
from pyscf import gto, scf, dft, ao2mo, mcscf, tools, lib, symm, cc
from pyscf.tools import molden
import scipy.linalg as la
from pauxy.utils.from_pyscf import generate_integrals
from pyscf.shciscf import shci
import prepVMC
import json

df=json.load(open("/projects/anma2640/pauxy/examples/generic/tmo/trail.json"))

# Checkpoint File Name
r = 1.648
atomString = f'Mn 0 0 0; O {r} 0 0;'
el = 'Mn'
basis = 'vdz'
#mol = gto.M(atom = atomString, basis = {'Fe': 'ccpwcvdzdk', 'O': 'ccpvdzdk'}, spin = 4, symmetry = 'c2v', verbose = 4)
#mol = gto.M(atom = atomString, basis = 'ccpvdz', spin = 4, symmetry = 'c2v', verbose = 4)
#mol = gto.M(atom = atomString, basis = {'Fe': 'ano@6s5p3d2f1g', 'O': 'ano@4s3p2d1f'}, spin = 4, symmetry = 'c2v', verbose = 4)
mol = gto.Mole()
mol.ecp = {}
mol.basis = {}
for e in [el, 'O']:
  mol.ecp[e] = gto.basis.parse_ecp(df[e]['ecp'])
  mol.basis[e] = gto.basis.parse(df[e][basis])
mol.charge = 0
mol.spin = 5
mol.build(atom = atomString, verbose = 4, symmetry='c2v')
mf = scf.ROHF(mol)
mf.level_shift = 2.0
mf.max_cycle = 200
mf.irrep_nelec = { "A1": (6, 4), 'B1': (3, 2), 'B2': (3, 2), 'A2': (1, 0) }
#mf.chkfile = 'mno.chk'
#mf = scf.fast_newton(mf)
#mf = scf.fast_newton(scf.RHF(mol))
#mf = scf.ROHF(mol).x2c()
#chkfile = 'mno.chk'
#mf.__dict__.update(lib.chkfile.load(chkfile, "scf"))
mf.kernel()
#print(f'ene: {mf.e_tot}')
mf.analyze()
tools.molden.from_mo(mol, 'mno.molden', mf.mo_coeff)
print(f'mol.nao: {mol.nao}')
print(f'mol.nelec: {mol.nelec}')
#exit(0)
#mf.mo_coeff = symm.symmetrize_orb(mol, mf.mo_coeff)

norb = mol.nao
norbAct = 13
nelecAct = 11
norbFrozen = 5
ncore = 5
# active space: Cu 3d, 4d; O 2p, 3p
# O 2s optimized as core in casscf, rest core frozen at hf level
mc = shci.SHCISCF(mf,  norbAct, nelecAct)
#mo = mc.sort_mo_by_irrep({'Ag': 6,'B1u': 4,'B2u': 4, 'B3g': 4, 'B3u': 6, 'B2g': 2, 'B1g': 4, 'Au': 2},
#    {'Ag': 7,'B1u': 2,'B2u': 4, 'B3g': 0, 'B3u': 5,'B2g': 2, 'B1g': 2, 'Au': 0})
mo = mc.sort_mo_by_irrep({'A1': 5,'A2': 2,'B1': 3, 'B2': 3},
    {'A1': 3,'A2': 0,'B1': 1, 'B2': 1})
#chkfile = f'cu2o2_{f}_SHCISCF.chk'
#mc.__dict__.update(lib.chkfile.load(chkfile, 'mcscf'))
mc.chkfile = f'mno_SHCISCF.chk'
#mc.frozen = norbFrozen
mc.fcisolver.sweep_iter = [ 0 ]
mc.fcisolver.sweep_epsilon = [ 1e-5 ]
mc.fcisolver.nPTiter = 0
mc.max_cycle_macro = 10
mc.internal_rotation = True
mc.fcisolver.nPTiter = 0  # Turns off PT calculation, i.e. no PTRDM.
mc.fcisolver.mpiprefix = "mpirun -np 36"
mc.fcisolver.scratchDirectory = "/rc_scratch/anma2640/mno/"
mc.mc1step(mo)
tools.molden.from_mo(mol, 'mno_cas.molden', mc.mo_coeff)
#exit(0)

norbAct = 18
moActDice = mc.mo_coeff[:, :norbAct]
h1eff = moActDice.T.dot(mf.get_hcore()).dot(moActDice)
eri = ao2mo.kernel(mol, moActDice)
tools.fcidump.from_integrals('FCIDUMP_can', h1eff, eri, norbAct, mol.nelectron, mol.energy_nuc())

overlap = mf.get_ovlp(mol)
coeffs = numpy.zeros((norb, 2*norb))
coeffs[:,:norb] = prepVMC.basisChange(mf.mo_coeff, mc.mo_coeff, overlap)
coeffs[:,norb:] = prepVMC.basisChange(mf.mo_coeff, mc.mo_coeff, overlap)
prepVMC.writeMat(coeffs, 'uhf.txt')

rhfCoeffs = prepVMC.basisChange(mf.mo_coeff, mc.mo_coeff, overlap)
prepVMC.writeMat(rhfCoeffs, 'rhf.txt')

h1e, chol, nelec, enuc = generate_integrals(mol, mf.get_hcore(), mc.mo_coeff, chol_cut=1e-5, verbose=True)

#nbasis = h1e.shape[-1]
#rotCorevhf = moActive.T.dot(corevhf).dot(moActive)
#h1e = h1e[norbFrozen:norbFrozen+norbAct, norbFrozen:norbFrozen+norbAct] + rotCorevhf
#chol = chol.reshape((-1, nbasis, nbasis))
#chol = chol[:, norbFrozen:norbFrozen+norbAct, norbFrozen:norbFrozen+norbAct]
#mol.nelec = (mol.nelec[0]-norbFrozen, mol.nelec[1]-norbFrozen)
#enuc = energy_core

# after core averaging
nbasis = h1e.shape[-1]
print(f'nelec: {nelec}')
print(f'nbasis: {nbasis}')
print(f'chol.shape: {chol.shape}')
chol = chol.reshape((-1, nbasis, nbasis))
v0 = 0.5 * numpy.einsum('nik,njk->ij', chol, chol, optimize='optimal')
h1e_mod = h1e - v0
chol = chol.reshape((chol.shape[0], -1))
prepVMC.write_dqmc(h1e, h1e_mod, chol, sum(mol.nelec), nbasis, enuc, ms=mol.spin, filename='FCIDUMP_chol')

myucc = cc.UCCSD(mf)
myucc.verbose = 5
myucc.kernel()
#overlap = mf.get_ovlp(mol)
#rotation = (mc1.mo_coeff[:, norbFrozen:].T).dot(overlap.dot(mf.mo_coeff[:, norbFrozen:]))
#prepVMC.write_uccsd(myucc.t1, myucc.t2)

et = myucc.ccsd_t()
print('UCCSD(T) energy', myucc.e_tot + et)
#INFO: ******************** input file end ********************


System: uname_result(system='Linux', node='bhpc-c7-u7-18.rc.int.colorado.edu', release='3.10.0-1160.15.2.el7.x86_64', version='#1 SMP Wed Feb 3 15:06:38 UTC 2021', machine='x86_64', processor='x86_64')  Threads 36
Python 3.8.3 (default, May 19 2020, 18:47:26) 
[GCC 7.3.0]
numpy 1.19.1  scipy 1.5.2
Date: Thu Dec 23 14:22:29 2021
PySCF version 1.7.4
PySCF path  /projects/anma2640/pyscf/pyscf
GIT HEAD      ref: refs/heads/master
GIT master branch  14142ec394cbdcffb8e214fba6b1d6cde9025e9a

[CONFIG] conf_file None
[INPUT] verbose = 4
[INPUT] num. atoms = 2
[INPUT] num. electrons = 21
[INPUT] charge = 0
[INPUT] spin (= nelec alpha-beta = 2S) = 5
[INPUT] symmetry C2v subgroup None
[INPUT] Mole.unit = angstrom
[INPUT]  1 Mn     0.000000000000   0.000000000000   0.000000000000 AA    0.000000000000   0.000000000000   0.000000000000 Bohr
[INPUT]  2 O      1.648000000000   0.000000000000   0.000000000000 AA    3.114268653283   0.000000000000   0.000000000000 Bohr

nuclear repulsion = 28.8992408876214
point group symmetry = C2v
num. orbitals of irrep A1 = 32
num. orbitals of irrep A2 = 8
num. orbitals of irrep B1 = 18
num. orbitals of irrep B2 = 18
number of shells = 24
number of NR pGTOs = 334
number of NR cGTOs = 76
basis = {'Mn': [[0, [41.19094709, 0.0124], [21.94503151, -0.141461], [12.89081507, 0.669584], [8.14876869, -1.015431], [3.94904809, 0.149151], [1.91298055, 0.350677], [1.10736282, 0.627006], [0.4793266, 0.235349], [0.22675293, -0.024214], [0.10639652, 0.017357], [0.05000494, -0.005272], [0.0234982, 0.002181]], [0, [41.19094709, -0.002036], [21.94503151, 0.02709], [12.89081507, -0.142056], [8.14876869, 0.229945], [3.94904809, -0.035538], [1.91298055, -0.085336], [1.10736282, -0.24355], [0.4793266, -0.201798], [0.22675293, 0.098761], [0.10639652, 0.439512], [0.05000494, 0.524416], [0.0234982, 0.13192]], [0, [41.19094709, -0.004448], [21.94503151, 0.086272], [12.89081507, -0.555298], [8.14876869, 1.050441], [3.94904809, -0.337173], [1.91298055, -1.203908], [1.10736282, -0.006079], [0.4793266, 0.670363], [0.22675293, 0.824311], [0.10639652, 0.061945], [0.05000494, -0.613998], [0.0234982, -0.243067]], [0, [0.0234982, 1.0]], [0, [0.01104221, 1.0]], [1, [60.1913049, 0.000757], [31.1792672, -0.006538], [16.24276866, 0.042902], [8.80021485, -0.164602], [5.33575038, 0.099387], [3.0325056, 0.217723], [1.63861968, 0.443669], [0.80258711, 0.32785], [0.40627833, 0.098641], [0.17382998, 0.011768], [0.07306386, -0.000703], [0.03071005, 0.000403]], [1, [60.1913049, -0.000118], [31.1792672, 0.001208], [16.24276866, -0.009122], [8.80021485, 0.038924], [5.33575038, -0.027473], [3.0325056, -0.058215], [1.63861968, -0.124371], [0.80258711, -0.107355], [0.40627833, 0.040741], [0.17382998, 0.350952], [0.07306386, 0.523294], [0.03071005, 0.234255]], [1, [60.1913049, -0.000211], [31.1792672, -0.002024], [16.24276866, 0.037014], [8.80021485, -0.235453], [5.33575038, 0.184384], [3.0325056, 0.808525], [1.63861968, 0.15119], [0.80258711, -0.861849], [0.40627833, -0.476701], [0.17382998, 0.542345], [0.07306386, 0.419535], [0.03071005, 0.008828]], [1, [0.03071005, 1.0]], [1, [0.01290798, 1.0]], [2, [52.56900844, 0.000307], [23.81654224, -0.007961], [11.32693504, 0.114253], [4.99176622, 0.164228], [2.46839125, 0.269996], [1.15974738, 0.320627], [0.53124091, 0.273188], [0.24220121, 0.161357], [0.11248934, 0.058244], [0.05201371, 0.009574]], [2, [52.56900844, 0.000227], [23.81654224, 0.005426], [11.32693504, -0.108395], [4.99176622, -0.200206], [2.46839125, -0.359104], [1.15974738, -0.096632], [0.53124091, 0.250081], [0.24220121, 0.404676], [0.11248934, 0.295662], [0.05201371, 0.077911]], [2, [0.05201371, 1.0]], [2, [0.02405051, 1.0]], [3, [2.379676, 1.0]], [3, [1.10033338, 1.0]]], 'O': [[0, [57.663349, -0.002794], [35.726816, 0.023976], [22.453757, -0.115974], [14.732301, 0.288033], [9.739917, -0.274786], [5.042008, -0.083789], [2.157818, 0.063778], [1.002916, 0.410182], [0.421839, 0.504044], [0.173041, 0.172152]], [0, [0.222099, 1.0]], [0, [0.08884, 1.0]], [1, [52.47406, -0.000522], [32.138432, 0.004857], [19.458579, -0.027749], [11.839344, 0.074258], [7.91003, 0.014369], [3.670858, 0.153479], [1.53966, 0.283685], [0.647119, 0.358201], [0.267853, 0.29559], [0.107198, 0.104889]], [1, [0.252604, 1.0]], [1, [0.101042, 1.0]], [2, [1.223113, 1.0]], [2, [0.489245, 1.0]]]}
ecp = {'Mn': [10, [[-1, [[], [[18.43432244, 15.0]], [[12.74175213, 31301.56494509], [11.67410914, -4576.3546318], [12.90376156, -26766.73507377], [4.97171871, -4.09339906]], [[8.79264819, 276.51483655]], [], [], []]], [0, [[], [], [[13.56187871, 2771.78238977], [9.44812535, 12553.69429672], [10.76503846, 1886.79316638], [11.65345594, -9260.55332402], [8.48073002, -8943.95003535], [6.96707028, 1041.73211249]], [], [], [], []]], [1, [[], [], [[12.71342918, -23181.32761179], [18.03174513, 111577.22220216], [16.6827906, -42399.84416473], [13.18867124, 16025.79106608], [18.42861128, -76264.60573764], [12.90928974, 14270.47832347]], [], [], [], []]], [2, [[], [], [[8.13384228, -382.83904013], [14.28699222, 5676.99013005], [11.14406629, 35338.03440844], [11.37674978, -38881.44458388], [18.25818233, 3550.6602642], [17.73146307, -5317.47975296]], [], [], [], []]]]], 'O': [2, [[-1, [[], [[10.27717748, 6.0]], [[15.99566749, 1232.50197768], [10.46901775, -696.47008301], [14.6384801, -2654.22657081], [12.57591181, 2101.67732548]], [[7.77739102, 61.66306486]], [], [], []]], [0, [[], [], [[12.39426073, -656683.37638839], [12.38126171, 657858.57667068], [8.57671033, 511.50098405], [9.89256508, -2579.54665641], [28.05641604, -57.68129584], [17.24753607, 970.30940152]], [], [], [], []]], [1, [[], [], [[14.78918914, -363027.24258186], [14.82014018, 361852.52314043], [22.89622221, -1300.20069256], [8.51331893, -181.96869573], [11.48609758, 2194.87589959], [27.22017524, 451.19906206]], [], [], [], []]]]]}
CPU time:         1.01


******** <class 'pyscf.scf.hf_symm.SymAdaptedROHF'> ********
method = SymAdaptedROHF-ROHF-RHF
initial guess = minao
damping factor = 0
level_shift factor = 2.0
DIIS = <class 'pyscf.scf.diis.CDIIS'>
diis_start_cycle = 1
diis_space = 8
SCF conv_tol = 1e-09
SCF conv_tol_grad = None
SCF max_cycles = 200
direct_scf = True
direct_scf_tol = 1e-13
chkfile to save SCF result = /rc_scratch/anma2640/tmpcvgmfcyd
max_memory 4000 MB (current use 92 MB)
num. doubly occ = 8  num. singly occ = 5
irrep_nelec {'A1': (6, 4), 'B1': (3, 2), 'B2': (3, 2), 'A2': (1, 0)}
Freeze 21 electrons in irreps ['A1', 'B1', 'B2', 'A2']
    0 free electrons in irreps 
Set gradient conv threshold to 3.16228e-05
init E= -117.444120211977
HOMO (A2) = 2.0758393520253  LUMO (A1) = 0.970249660681443
cycle= 1 E= -110.59248874599  delta_E= 6.85  |g|= 4.48  |ddm|= 6.96
HOMO (B1) = -0.545610916325099  LUMO (A1) = 0.341773507250951
cycle= 2 E= -113.918413880935  delta_E= -3.33  |g|= 5.47  |ddm|= 7.18
HOMO (A2) = 2.03343609360894  LUMO (A2) = 0.358043593888878
cycle= 3 E= -114.670883538395  delta_E= -0.752  |g|= 1.21  |ddm|= 23.6
HOMO (A1) = 0.942392543634988  LUMO (A1) = 0.873593780819352
cycle= 4 E= -117.987986637513  delta_E= -3.32  |g|= 2.05  |ddm|= 23.4
HOMO (A2) = 1.95046761753199  LUMO (A2) = 0.352937851331028
cycle= 5 E= -118.278595050703  delta_E= -0.291  |g|= 1.44  |ddm|= 1.98
HOMO (A2) = 0.904183831295637  LUMO (A1) = 1.59264932289997
cycle= 6 E= -118.339916045291  delta_E= -0.0613  |g|= 1.38  |ddm|= 0.469
HOMO (A2) = 0.882293579253242  LUMO (A1) = 1.66341110946264
cycle= 7 E= -118.398328224993  delta_E= -0.0584  |g|=  1.3  |ddm|= 0.394
HOMO (A2) = 0.855455840748539  LUMO (A1) = 1.74323346854997
cycle= 8 E= -118.478432838189  delta_E= -0.0801  |g|= 1.22  |ddm|= 0.493
HOMO (A2) = 0.790064086905391  LUMO (A1) = 1.76292691983516
cycle= 9 E= -118.526454116443  delta_E= -0.048  |g|= 1.26  |ddm|= 0.488
HOMO (A2) = 0.719268948388239  LUMO (A1) = 1.76493455867968
cycle= 10 E= -118.559963758753  delta_E= -0.0335  |g|=  1.3  |ddm|= 0.348
HOMO (A2) = 0.701010979546042  LUMO (A1) = 1.77278430785293
cycle= 11 E= -118.615891919832  delta_E= -0.0559  |g|= 1.13  |ddm|= 0.165
HOMO (A1) = 0.836555829649931  LUMO (A1) = 1.92723406668238
cycle= 12 E= -118.704585440133  delta_E= -0.0887  |g|= 0.91  |ddm|= 0.401
HOMO (A1) = 0.888997085172886  LUMO (A1) = 1.949108610188
cycle= 13 E= -118.761165416708  delta_E= -0.0566  |g|= 0.718  |ddm|= 0.19
HOMO (A1) = 0.925042818889442  LUMO (A1) = 1.96945475203903
cycle= 14 E= -118.811444555657  delta_E= -0.0503  |g|= 0.509  |ddm|= 0.142
HOMO (A1) = 0.9364728845246  LUMO (A1) = 1.97516167263207
cycle= 15 E= -118.851826258775  delta_E= -0.0404  |g|= 0.42  |ddm|= 0.158
HOMO (A1) = 0.90487587244798  LUMO (A1) = 1.96892373135073
cycle= 16 E= -118.885805839233  delta_E= -0.034  |g|= 0.383  |ddm|= 0.137
HOMO (A1) = 0.83539722910538  LUMO (A1) = 1.94522137522841
cycle= 17 E= -118.906789017965  delta_E= -0.021  |g|= 0.387  |ddm|= 0.143
HOMO (A1) = 0.950760580629362  LUMO (A1) = 1.97626360608139
cycle= 18 E= -118.953968008279  delta_E= -0.0472  |g|= 0.279  |ddm|= 0.195
HOMO (A1) = 0.920466158813874  LUMO (A1) = 1.9667637728978
cycle= 19 E= -118.993931900224  delta_E= -0.04  |g|= 0.238  |ddm|= 0.19
HOMO (A1) = 0.918937821305848  LUMO (A1) = 1.96584755159181
cycle= 20 E= -119.033959989685  delta_E= -0.04  |g|= 0.197  |ddm|= 0.206
HOMO (A1) = 0.923035679219454  LUMO (A1) = 1.96492619356178
cycle= 21 E= -119.06819515484  delta_E= -0.0342  |g|= 0.16  |ddm|=  0.2
HOMO (A1) = 0.923583473754373  LUMO (A1) = 1.96732570278103
cycle= 22 E= -119.090642109521  delta_E= -0.0224  |g|= 0.118  |ddm|= 0.147
HOMO (A1) = 0.899832765352485  LUMO (A1) = 1.96302285645844
cycle= 23 E= -119.104212741496  delta_E= -0.0136  |g|= 0.104  |ddm|= 0.123
HOMO (A1) = 0.901143945139368  LUMO (A1) = 1.96560741621307
cycle= 24 E= -119.111646574962  delta_E= -0.00743  |g|= 0.0903  |ddm|= 0.0842
HOMO (A1) = 0.897030878855628  LUMO (A1) = 1.96434656327713
cycle= 25 E= -119.11769640693  delta_E= -0.00605  |g|= 0.0766  |ddm|= 0.0748
HOMO (A1) = 0.905720777985717  LUMO (A1) = 1.97030145818258
cycle= 26 E= -119.116757516222  delta_E= 0.000939  |g|= 0.0839  |ddm|= 0.0775
HOMO (A1) = 0.900664174773738  LUMO (A1) = 1.96904706421415
cycle= 27 E= -119.117160795306  delta_E= -0.000403  |g|= 0.0876  |ddm|= 0.0468
HOMO (A1) = 0.881547920983925  LUMO (A1) = 1.96547589369232
cycle= 28 E= -119.121279161298  delta_E= -0.00412  |g|= 0.0797  |ddm|= 0.0647
HOMO (A1) = 0.877037260280813  LUMO (A1) = 1.96361566657499
cycle= 29 E= -119.125359696676  delta_E= -0.00408  |g|= 0.0701  |ddm|= 0.0723
HOMO (A1) = 0.879923119481453  LUMO (A1) = 1.9649175248602
cycle= 30 E= -119.128011587814  delta_E= -0.00265  |g|= 0.0575  |ddm|= 0.054
HOMO (A1) = 0.882324008821028  LUMO (A1) = 1.96602241937658
cycle= 31 E= -119.129694197761  delta_E= -0.00168  |g|= 0.0449  |ddm|= 0.0392
HOMO (B2) = 0.881820286789036  LUMO (A1) = 1.96788637203994
cycle= 32 E= -119.130638757128  delta_E= -0.000945  |g|= 0.0386  |ddm|= 0.034
HOMO (B2) = 0.879076622995107  LUMO (A1) = 1.96734348588355
cycle= 33 E= -119.131366167725  delta_E= -0.000727  |g|= 0.0345  |ddm|= 0.0301
HOMO (B2) = 0.880966719730081  LUMO (A1) = 1.96838178573531
cycle= 34 E= -119.131840010425  delta_E= -0.000474  |g|= 0.0292  |ddm|= 0.0237
HOMO (B2) = 0.878543795393352  LUMO (A1) = 1.96915266657868
cycle= 35 E= -119.132187426109  delta_E= -0.000347  |g|= 0.0278  |ddm|= 0.0234
HOMO (B2) = 0.878597970658841  LUMO (A1) = 1.96929885492861
cycle= 36 E= -119.132445195936  delta_E= -0.000258  |g|= 0.0249  |ddm|= 0.019
HOMO (B1) = 0.880582248093988  LUMO (A1) = 1.97094705147604
cycle= 37 E= -119.132649649819  delta_E= -0.000204  |g|= 0.0213  |ddm|= 0.0205
HOMO (B1) = 0.881031163037726  LUMO (A1) = 1.97117637192831
cycle= 38 E= -119.132798574803  delta_E= -0.000149  |g|= 0.018  |ddm|= 0.0155
HOMO (B1) = 0.880823126840088  LUMO (A1) = 1.97140518670328
cycle= 39 E= -119.132905318503  delta_E= -0.000107  |g|= 0.0156  |ddm|= 0.0129
HOMO (B1) = 0.879970212114643  LUMO (A1) = 1.97221043657736
cycle= 40 E= -119.132982784886  delta_E= -7.75e-05  |g|= 0.0151  |ddm|= 0.0135
HOMO (B2) = 0.880170810695479  LUMO (A1) = 1.97213207678128
cycle= 41 E= -119.133046535423  delta_E= -6.38e-05  |g|= 0.0133  |ddm|= 0.0108
HOMO (B1) = 0.880265010146728  LUMO (A1) = 1.97229682099574
cycle= 42 E= -119.133093932756  delta_E= -4.74e-05  |g|= 0.0116  |ddm|= 0.00947
HOMO (B2) = 0.880068559775776  LUMO (A1) = 1.9724991850502
cycle= 43 E= -119.133128202105  delta_E= -3.43e-05  |g|= 0.0106  |ddm|= 0.00852
HOMO (B2) = 0.879902908722188  LUMO (A1) = 1.97277608443018
cycle= 44 E= -119.133152960446  delta_E= -2.48e-05  |g|= 0.00983  |ddm|= 0.00786
HOMO (B1) = 0.879801595912493  LUMO (A1) = 1.97277899501546
cycle= 45 E= -119.133172451016  delta_E= -1.95e-05  |g|= 0.00884  |ddm|= 0.00662
HOMO (B2) = 0.879680995142517  LUMO (A1) = 1.97285279250891
cycle= 46 E= -119.133187715481  delta_E= -1.53e-05  |g|= 0.00788  |ddm|= 0.0054
HOMO (B2) = 0.880170817596558  LUMO (A1) = 1.97274714504445
cycle= 47 E= -119.133201201874  delta_E= -1.35e-05  |g|= 0.00643  |ddm|= 0.00432
HOMO (B2) = 0.879893968145177  LUMO (A1) = 1.97263160809005
cycle= 48 E= -119.13321181283  delta_E= -1.06e-05  |g|= 0.00519  |ddm|= 0.00346
HOMO (B2) = 0.880032396481772  LUMO (A1) = 1.97255483284301
cycle= 49 E= -119.133219892831  delta_E= -8.08e-06  |g|= 0.00398  |ddm|= 0.00324
HOMO (B1) = 0.879838695476195  LUMO (A1) = 1.97247497838528
cycle= 50 E= -119.133225166514  delta_E= -5.27e-06  |g|= 0.00328  |ddm|= 0.00309
HOMO (B1) = 0.879885332458846  LUMO (A1) = 1.97254546397787
cycle= 51 E= -119.133229054611  delta_E= -3.89e-06  |g|= 0.00261  |ddm|= 0.00279
HOMO (B1) = 0.879837738795178  LUMO (A1) = 1.97249936647067
cycle= 52 E= -119.133231853431  delta_E= -2.8e-06  |g|= 0.00215  |ddm|= 0.00231
HOMO (B2) = 0.879758677511825  LUMO (A1) = 1.97253775820423
cycle= 53 E= -119.133233804979  delta_E= -1.95e-06  |g|= 0.00178  |ddm|= 0.00204
HOMO (B2) = 0.879757929015908  LUMO (A1) = 1.97254653935171
cycle= 54 E= -119.133235165121  delta_E= -1.36e-06  |g|= 0.00149  |ddm|= 0.00159
HOMO (B2) = 0.879637665341758  LUMO (A1) = 1.97258319164639
cycle= 55 E= -119.133236192174  delta_E= -1.03e-06  |g|= 0.00131  |ddm|= 0.00144
HOMO (B2) = 0.879669638392112  LUMO (A1) = 1.97256929522395
cycle= 56 E= -119.133236971721  delta_E= -7.8e-07  |g|= 0.00111  |ddm|= 0.00115
HOMO (B2) = 0.879634960874316  LUMO (A1) = 1.97258614259173
cycle= 57 E= -119.133237550161  delta_E= -5.78e-07  |g|= 0.000943  |ddm|= 0.000971
HOMO (B2) = 0.879640057480161  LUMO (A1) = 1.97259164746435
cycle= 58 E= -119.133237982978  delta_E= -4.33e-07  |g|= 0.000799  |ddm|= 0.000821
HOMO (B1) = 0.879625148699168  LUMO (A1) = 1.97259483050129
cycle= 59 E= -119.133238301218  delta_E= -3.18e-07  |g|= 0.000697  |ddm|= 0.000633
HOMO (B2) = 0.879615896316981  LUMO (A1) = 1.9726261096174
cycle= 60 E= -119.133238539428  delta_E= -2.38e-07  |g|= 0.000609  |ddm|= 0.00059
HOMO (B2) = 0.879600844812075  LUMO (A1) = 1.97263624134611
cycle= 61 E= -119.133238722905  delta_E= -1.83e-07  |g|= 0.000548  |ddm|= 0.000477
HOMO (B2) = 0.879558954010605  LUMO (A1) = 1.97265246447681
cycle= 62 E= -119.133238861188  delta_E= -1.38e-07  |g|= 0.000535  |ddm|= 0.00043
HOMO (B2) = 0.879584317329595  LUMO (A1) = 1.97265725995104
cycle= 63 E= -119.133238983528  delta_E= -1.22e-07  |g|= 0.000455  |ddm|= 0.00038
HOMO (B2) = 0.879549525589004  LUMO (A1) = 1.97267689552379
cycle= 64 E= -119.133239076106  delta_E= -9.26e-08  |g|= 0.000454  |ddm|= 0.000368
HOMO (B2) = 0.879545710760796  LUMO (A1) = 1.97269121216483
cycle= 65 E= -119.133239145946  delta_E= -6.98e-08  |g|= 0.000428  |ddm|= 0.000355
HOMO (B2) = 0.879544753450337  LUMO (A1) = 1.97268945218344
cycle= 66 E= -119.133239209713  delta_E= -6.38e-08  |g|= 0.000394  |ddm|= 0.000262
HOMO (B2) = 0.879559339655879  LUMO (A1) = 1.97269639641458
cycle= 67 E= -119.133239263582  delta_E= -5.39e-08  |g|= 0.00035  |ddm|= 0.000242
HOMO (B2) = 0.879545382351431  LUMO (A1) = 1.97270381755006
cycle= 68 E= -119.133239305555  delta_E= -4.2e-08  |g|= 0.000323  |ddm|= 0.000228
HOMO (B2) = 0.879537976329618  LUMO (A1) = 1.97272001055503
cycle= 69 E= -119.133239336179  delta_E= -3.06e-08  |g|= 0.000318  |ddm|= 0.000237
HOMO (B2) = 0.879536847935345  LUMO (A1) = 1.97272374359372
cycle= 70 E= -119.13323936321  delta_E= -2.7e-08  |g|= 0.000301  |ddm|= 0.000214
HOMO (B2) = 0.879541389080907  LUMO (A1) = 1.97273071037462
cycle= 71 E= -119.133239387242  delta_E= -2.4e-08  |g|= 0.000282  |ddm|= 0.000219
HOMO (B2) = 0.879541073048011  LUMO (A1) = 1.97273120437557
cycle= 72 E= -119.133239407389  delta_E= -2.01e-08  |g|= 0.000253  |ddm|= 0.000175
HOMO (B2) = 0.879543699657864  LUMO (A1) = 1.97272525019478
cycle= 73 E= -119.13323942848  delta_E= -2.11e-08  |g|= 0.000224  |ddm|= 0.000178
HOMO (B2) = 0.879551769997455  LUMO (A1) = 1.9727253041408
cycle= 74 E= -119.133239444143  delta_E= -1.57e-08  |g|= 0.000189  |ddm|= 0.000131
HOMO (B2) = 0.87954948472098  LUMO (A1) = 1.97272314053184
cycle= 75 E= -119.133239456415  delta_E= -1.23e-08  |g|= 0.00016  |ddm|= 0.000105
HOMO (B2) = 0.879549034692151  LUMO (A1) = 1.97272147504364
cycle= 76 E= -119.133239465952  delta_E= -9.54e-09  |g|= 0.000137  |ddm|= 0.000103
HOMO (B2) = 0.879551123712973  LUMO (A1) = 1.97272293660833
cycle= 77 E= -119.133239472955  delta_E= -7e-09  |g|= 0.000119  |ddm|= 8.55e-05
HOMO (B2) = 0.879544707099036  LUMO (A1) = 1.97272166041644
cycle= 78 E= -119.133239478225  delta_E= -5.27e-09  |g|= 0.000105  |ddm|= 7.23e-05
HOMO (B1) = 0.879543290096767  LUMO (A1) = 1.97272409190632
cycle= 79 E= -119.133239482287  delta_E= -4.06e-09  |g|= 9.6e-05  |ddm|= 6.82e-05
HOMO (B1) = 0.87954088916159  LUMO (A1) = 1.9727281517102
cycle= 80 E= -119.133239485248  delta_E= -2.96e-09  |g|= 9.11e-05  |ddm|= 6.3e-05
HOMO (B1) = 0.879540794615274  LUMO (A1) = 1.97272677121725
cycle= 81 E= -119.133239488117  delta_E= -2.87e-09  |g|= 8.19e-05  |ddm|= 5.78e-05
HOMO (B2) = 0.879539264010861  LUMO (A1) = 1.97272835634905
cycle= 82 E= -119.133239490057  delta_E= -1.94e-09  |g|= 7.3e-05  |ddm|= 4.4e-05
HOMO (B2) = 0.879539479824216  LUMO (A1) = 1.97272793241461
cycle= 83 E= -119.133239491812  delta_E= -1.75e-09  |g|= 6.47e-05  |ddm|= 3.98e-05
HOMO (B2) = 0.879538258003852  LUMO (A1) = 1.97272797024918
cycle= 84 E= -119.13323949324  delta_E= -1.43e-09  |g|= 5.77e-05  |ddm|= 3.49e-05
HOMO (B1) = 0.879538605293138  LUMO (A1) = 1.97272756974975
cycle= 85 E= -119.133239494434  delta_E= -1.19e-09  |g|= 5.02e-05  |ddm|= 3.07e-05
HOMO (B1) = 0.879537882016083  LUMO (A1) = 1.97272734545868
cycle= 86 E= -119.133239495406  delta_E= -9.72e-10  |g|= 4.45e-05  |ddm|= 2.69e-05
HOMO (B2) = 0.879537272862743  LUMO (A1) = 1.97272682252872
cycle= 87 E= -119.133239496245  delta_E= -8.39e-10  |g|= 3.75e-05  |ddm|= 2.95e-05
HOMO (B2) = 0.879535776439726  LUMO (A1) = 1.97272822475731
cycle= 88 E= -119.133239496774  delta_E= -5.29e-10  |g|= 3.57e-05  |ddm|= 2.12e-05
HOMO (B2) = 0.87953584620544  LUMO (A1) = 1.97272805618471
cycle= 89 E= -119.133239497244  delta_E= -4.7e-10  |g|= 3.23e-05  |ddm|= 1.81e-05
HOMO (B2) = 0.879536373124433  LUMO (A1) = 1.9727278820326
cycle= 90 E= -119.133239497692  delta_E= -4.48e-10  |g|= 2.78e-05  |ddm|= 1.93e-05
HOMO (B1) = -0.120455627849549  LUMO (A1) = -0.027277706202202
Extra cycle  E= -119.133239493978  delta_E= 3.71e-09  |g|= 6.69e-05  |ddm|= 0.000284
converged SCF energy = -119.133239493978
**** SCF Summaries ****
Total Energy =                        -119.133239493978181
Nuclear Repulsion Energy =              28.899240887621367
One-electron Energy =                 -265.300813490555356
Two-electron Energy =                  117.268333108955801
Wave-function symmetry = A1
occupancy for each irrep:     A1   A2   B1   B2
double occ                     4    0    2    2
single occ                     2    1    1    1
**** MO energy ****
                          Roothaan           | alpha              | beta
MO #1   (A1  #1 ) energy= -4.02650767758339  | -4.23065316683507  | -3.82236216804316  occ= 2
MO #2   (A1  #2 ) energy= -2.54005198837032  | -2.77833384191273  | -2.30177000229487  occ= 2
MO #3   (B1  #1 ) energy= -2.53528676842395  | -2.7848837062845   | -2.28568977825026  occ= 2
MO #4   (B2  #1 ) energy= -2.53528676842395  | -2.7848837062845   | -2.28568977825027  occ= 2
MO #5   (A1  #3 ) energy= -1.11079635039158  | -1.12338864832322  | -1.09820399717104  occ= 2
MO #6   (A1  #4 ) energy= -0.394823554040831 | -0.421313493317141 | -0.36833284297208  occ= 2
MO #7   (B1  #2 ) energy= -0.382122149043423 | -0.406591170350217 | -0.357653074080336 occ= 2
MO #8   (B2  #2 ) energy= -0.382122149043429 | -0.406591170350224 | -0.357653074080345 occ= 2
MO #9   (A2  #1 ) energy= -0.149897950563703 | -0.634571950437921 | 0.334775309599674  occ= 1
MO #10  (A1  #5 ) energy= -0.149897932421763 | -0.634572060789943 | 0.334775247290708  occ= 1
MO #11  (A1  #6 ) energy= -0.124321227157263 | -0.511759541697726 | 0.26309007354018   occ= 1
MO #12  (B1  #3 ) energy= -0.120455627849549 | -0.584382266766117 | 0.343470011618191  occ= 1
MO #13  (B2  #3 ) energy= -0.120455627849555 | -0.584382266766122 | 0.343470011618199  occ= 1
MO #14  (A1  #7 ) energy= -0.027277706202202 | -0.0394275495828794 | -0.0150993006520742 occ= 0
MO #15  (B1  #4 ) energy= 0.0178459462281224 | 0.0161965817202951 | 0.0194940135403292 occ= 0
MO #16  (B2  #4 ) energy= 0.0178459462281217 | 0.0161965817202947 | 0.0194940135403292 occ= 0
MO #17  (A1  #8 ) energy= 0.0204081244705028 | 0.015292345228424  | 0.025523838067638  occ= 0
MO #18  (A1  #9 ) energy= 0.0360484878770146 | 0.0352771949370896 | 0.0368193631399691 occ= 0
MO #19  (B1  #5 ) energy= 0.0683841437143437 | 0.0638580967527683 | 0.0729106854879187 occ= 0
MO #20  (B2  #5 ) energy= 0.0683841437143403 | 0.0638580967527646 | 0.0729106854879171 occ= 0
MO #21  (A1  #10) energy= 0.070109483033989  | 0.0698401303787033 | 0.0703788511923349 occ= 0
MO #22  (A2  #2 ) energy= 0.0701094848785422 | 0.0698401311244197 | 0.0703788505479047 occ= 0
MO #23  (A1  #11) energy= 0.0832790357798032 | 0.0820909923227585 | 0.0844672163891116 occ= 0
MO #24  (B1  #6 ) energy= 0.0932866018483628 | 0.0887878513998714 | 0.0977860705105248 occ= 0
MO #25  (B2  #6 ) energy= 0.0932866018483636 | 0.0887878513998727 | 0.0977860705105202 occ= 0
MO #26  (A1  #12) energy= 0.137248618403209  | 0.13206769061723   | 0.142429605913586  occ= 0
MO #27  (A1  #13) energy= 0.161659916133518  | 0.146408801025059  | 0.176910314860001  occ= 0
MO #28  (B1  #7 ) energy= 0.210976064764453  | 0.20670790624256   | 0.21524427536326   occ= 0
MO #29  (B2  #7 ) energy= 0.210976064764459  | 0.206707906242555  | 0.21524427536326   occ= 0
MO #30  (A1  #14) energy= 0.216467022800024  | 0.208963520788119  | 0.22396970017284   occ= 0
MO #31  (A1  #15) energy= 0.216912614302712  | 0.210054943576455  | 0.223770383291419  occ= 0
MO #32  (A2  #3 ) energy= 0.216912688050361  | 0.210054950296373  | 0.223770276826123  occ= 0
MO #33  (B1  #8 ) energy= 0.296177759019897  | 0.268564831635527  | 0.323790738002471  occ= 0
MO #34  (B2  #8 ) energy= 0.296177759019886  | 0.268564831635516  | 0.323790738002464  occ= 0
MO #35  (A1  #16) energy= 0.434038116486051  | 0.420796572075014  | 0.447279618995835  occ= 0
MO #36  (A1  #17) energy= 0.491859459948118  | 0.482106078551457  | 0.50161243071925   occ= 0
MO #37  (B1  #9 ) energy= 0.493873877065889  | 0.492000130476616  | 0.495747624556622  occ= 0
MO #38  (B2  #9 ) energy= 0.493873877065896  | 0.492000130476621  | 0.495747624556634  occ= 0
MO #39  (A1  #18) energy= 1.15534906015104   | 1.11742224193242   | 1.19327591618137   occ= 0
MO #40  (A1  #19) energy= 1.32606801145622   | 1.25376339310133   | 1.39837325708776   occ= 0
MO #41  (A2  #4 ) energy= 1.32606801899517   | 1.25376341444707   | 1.39837328476499   occ= 0
MO #42  (B1  #10) energy= 1.32929573648669   | 1.26287213029185   | 1.39571995224338   occ= 0
MO #43  (B2  #10) energy= 1.32929573648668   | 1.26287213029184   | 1.39571995224337   occ= 0
MO #44  (A1  #20) energy= 1.53351060495579   | 1.50338537380741   | 1.56363604309894   occ= 0
MO #45  (A2  #5 ) energy= 1.53351060715132   | 1.50338537673203   | 1.56363605249656   occ= 0
MO #46  (A1  #21) energy= 1.58087284341597   | 1.57684205982389   | 1.58490362800104   occ= 0
MO #47  (B1  #11) energy= 1.62170284838565   | 1.61796621666751   | 1.6254394880202    occ= 0
MO #48  (B2  #11) energy= 1.62170284838563   | 1.61796621666749   | 1.62543948802019   occ= 0
MO #49  (A1  #22) energy= 1.75298394142875   | 1.68851400262619   | 1.81745375572946   occ= 0
MO #50  (B1  #12) energy= 1.81273135046404   | 1.76988315140918   | 1.85557979694157   occ= 0
MO #51  (B2  #12) energy= 1.81273135046404   | 1.76988315140917   | 1.85557979694156   occ= 0
MO #52  (A1  #23) energy= 2.01908015947502   | 1.97473496554388   | 2.06342517195818   occ= 0
MO #53  (A1  #24) energy= 2.2671294662747    | 2.24106332609714   | 2.29319564834238   occ= 0
MO #54  (B1  #13) energy= 3.12301259075333   | 3.03493225995796   | 3.21109294042987   occ= 0
MO #55  (B2  #13) energy= 3.12301259075333   | 3.03493225995796   | 3.21109294042987   occ= 0
MO #56  (A1  #25) energy= 3.1477032463968    | 3.07604884256549   | 3.21935764758389   occ= 0
MO #57  (B1  #14) energy= 3.17648969659203   | 3.07178465651706   | 3.28119473666699   occ= 0
MO #58  (B2  #14) energy= 3.17648969659202   | 3.07178465651706   | 3.28119473666698   occ= 0
MO #59  (A1  #26) energy= 3.20107871253134   | 3.10363231341895   | 3.29852510884597   occ= 0
MO #60  (A2  #6 ) energy= 3.20107871472482   | 3.10363232117776   | 3.29852510546911   occ= 0
MO #61  (B1  #15) energy= 3.45026656530049   | 3.37041042283074   | 3.5301226937943    occ= 0
MO #62  (B2  #15) energy= 3.45026656530049   | 3.37041042283074   | 3.5301226937943    occ= 0
MO #63  (A1  #27) energy= 4.19553017917503   | 4.13179984030054   | 4.25926050344968   occ= 0
MO #64  (A1  #28) energy= 4.29383715263638   | 4.28918799833305   | 4.29848630685647   occ= 0
MO #65  (A2  #7 ) energy= 4.29383715276792   | 4.28918799844196   | 4.29848630701336   occ= 0
MO #66  (B1  #16) energy= 4.42352010377209   | 4.42023857234288   | 4.42680163525469   occ= 0
MO #67  (B2  #16) energy= 4.42352010377209   | 4.42023857234288   | 4.42680163525468   occ= 0
MO #68  (A1  #29) energy= 4.53320548888163   | 4.51153727958282   | 4.55487369591934   occ= 0
MO #69  (A1  #30) energy= 8.2723759570505    | 8.2185160306665    | 8.32623588006634   occ= 0
MO #70  (B1  #17) energy= 8.55513675698017   | 8.44705510870498   | 8.66321840525534   occ= 0
MO #71  (B2  #17) energy= 8.55513675698019   | 8.44705510870502   | 8.66321840525538   occ= 0
MO #72  (A1  #31) energy= 8.57497367156962   | 8.46482512454866   | 8.68512222209037   occ= 0
MO #73  (A2  #8 ) energy= 8.57497367322082   | 8.46482513374999   | 8.6851222162011    occ= 0
MO #74  (B1  #18) energy= 8.70789249249335   | 8.60541736030987   | 8.81036762789005   occ= 0
MO #75  (B2  #18) energy= 8.70789249249334   | 8.60541736030986   | 8.81036762789005   occ= 0
MO #76  (A1  #32) energy= 9.10674509706632   | 9.03459977280591   | 9.17889042121883   occ= 0
 ** Mulliken pop on meta-lowdin orthogonal AOs  **
 ** Mulliken pop  **
pop of  0 Mn 3s        1.99990
pop of  0 Mn 4s        0.45054
pop of  0 Mn 5s        0.00874
pop of  0 Mn 6s        0.00758
pop of  0 Mn 7s        0.00201
pop of  0 Mn 3px       1.99856
pop of  0 Mn 3py       1.99957
pop of  0 Mn 3pz       1.99957
pop of  0 Mn 4px       0.00362
pop of  0 Mn 4py       0.05209
pop of  0 Mn 4pz       0.05209
pop of  0 Mn 5px       0.00134
pop of  0 Mn 5py       0.00142
pop of  0 Mn 5pz       0.00142
pop of  0 Mn 6px       0.00216
pop of  0 Mn 6py       0.00487
pop of  0 Mn 6pz       0.00487
pop of  0 Mn 7px       0.00046
pop of  0 Mn 7py       0.00073
pop of  0 Mn 7pz       0.00073
pop of  0 Mn 3dxy      1.06178
pop of  0 Mn 3dyz      0.99754
pop of  0 Mn 3dz^2     1.00480
pop of  0 Mn 3dxz      1.06178
pop of  0 Mn 3dx2-y2    1.01932
pop of  0 Mn 4dxy      0.00369
pop of  0 Mn 4dyz      0.00152
pop of  0 Mn 4dz^2     0.00118
pop of  0 Mn 4dxz      0.00369
pop of  0 Mn 4dx2-y2    0.00050
pop of  0 Mn 5dxy      0.00152
pop of  0 Mn 5dyz      0.00081
pop of  0 Mn 5dz^2     0.00093
pop of  0 Mn 5dxz      0.00152
pop of  0 Mn 5dx2-y2    0.00118
pop of  0 Mn 6dxy      0.00025
pop of  0 Mn 6dyz      0.00002
pop of  0 Mn 6dz^2     0.00010
pop of  0 Mn 6dxz      0.00025
pop of  0 Mn 6dx2-y2    0.00026
pop of  0 Mn 4fy^3     0.00004
pop of  0 Mn 4fxyz     0.00001
pop of  0 Mn 4fyz^2    0.00000
pop of  0 Mn 4fz^3     0.00002
pop of  0 Mn 4fxz^2    0.00003
pop of  0 Mn 4fzx^2    0.00003
pop of  0 Mn 4fx^3     0.00005
pop of  0 Mn 5fy^3     0.00028
pop of  0 Mn 5fxyz     0.00007
pop of  0 Mn 5fyz^2    0.00002
pop of  0 Mn 5fz^3     0.00011
pop of  0 Mn 5fxz^2    0.00013
pop of  0 Mn 5fzx^2    0.00019
pop of  0 Mn 5fx^3     0.00016
pop of  1 O 2s        1.89902
pop of  1 O 3s        0.00200
pop of  1 O 4s        0.00507
pop of  1 O 2px       1.57646
pop of  1 O 2py       1.84230
pop of  1 O 2pz       1.84230
pop of  1 O 3px       0.00422
pop of  1 O 3py       0.00789
pop of  1 O 3pz       0.00789
pop of  1 O 4px       0.00520
pop of  1 O 4py       0.01644
pop of  1 O 4pz       0.01644
pop of  1 O 3dxy      0.00087
pop of  1 O 3dyz      0.00000
pop of  1 O 3dz^2     0.00030
pop of  1 O 3dxz      0.00087
pop of  1 O 3dx2-y2    0.00089
pop of  1 O 4dxy      0.00625
pop of  1 O 4dyz      0.00003
pop of  1 O 4dz^2     0.00084
pop of  1 O 4dxz      0.00625
pop of  1 O 4dx2-y2    0.00244
 ** Mulliken atomic charges  **
charge of  0Mn =      1.24396
charge of  1O =     -1.24396
Dipole moment(X, Y, Z, Debye): -8.80217, -0.00000,  0.00000
mol.nao: 76
mol.nelec: (13, 8)
ncore for each irreps {'A1': 3, 'A2': 0, 'B1': 1, 'B2': 1}
ncas for each irreps {'A1': 5, 'A2': 2, 'B1': 3, 'B2': 3}
(0-based) caslst = [ 5  6  7  8  9 10 11 12 13 14 15 16 21]

******** <class 'pyscf.mcscf.mc1step_symm.SymAdaptedCASSCF'> ********
CAS (8e+3e, 13o), ncore = 5, nvir = 58
max_cycle_macro = 10
max_cycle_micro = 4
conv_tol = 1e-07
conv_tol_grad = None
orbital rotation max_stepsize = 0.02
augmented hessian ah_max_cycle = 30
augmented hessian ah_conv_tol = 1e-12
augmented hessian ah_linear dependence = 1e-14
augmented hessian ah_level shift = 0
augmented hessian ah_start_tol = 2.5
augmented hessian ah_start_cycle = 3
augmented hessian ah_grad_trust_region = 3
kf_trust_region = 3
kf_interval = 4
ci_response_space = 4
ci_grad_trust_region = 3
with_dep4 0
natorb = False
canonicalization = True
sorting_mo_energy = False
ao2mo_level = 2
chkfile = mno_SHCISCF.chk
max_memory 4000 MB (current use 217 MB)
internal_rotation = True

******** SHCI flags ********
executable             = /projects/anma2640/newDice/Dice/Dice
mpiprefix              = mpirun -np 36
scratchDirectory       = /rc_scratch/anma2640/mno/
integralFile           = ./FCIDUMP
configFile             = ./input.dat
outputFile             = ./output.dat
maxIter                = 6
sweep_iter             = [    0]
sweep_epsilon          = [1e-05]
nPTiter                = 0
Stochastic             = True
restart                = False
fullrestart            = False
num_thrds              = 1
memory                 = None

Active space CI wfn symmetry = A1
CASCI E = -119.150060828883  S^2 = 8.7500000
Set conv_tol_grad to 0.000316228
macro iter 1 (21 JK  4 micro), CASSCF E = -119.220598306318  dE = -0.070537477  S^2 = 8.7500000
               |grad[o]|=0.117  |grad[c]|= None  |ddm|=0.382
macro iter 2 (21 JK  4 micro), CASSCF E = -119.260656092947  dE = -0.040057787  S^2 = 8.7500000
               |grad[o]|=0.0876  |grad[c]|= None  |ddm|= 0.07
macro iter 3 (21 JK  4 micro), CASSCF E = -119.287595660709  dE = -0.026939568  S^2 = 8.7500000
               |grad[o]|=0.0619  |grad[c]|= None  |ddm|=0.0311
macro iter 4 (21 JK  4 micro), CASSCF E = -119.297645536031  dE = -0.010049875  S^2 = 8.7500000
               |grad[o]|=0.0241  |grad[c]|= None  |ddm|=0.0177
macro iter 5 (21 JK  4 micro), CASSCF E = -119.302330740455  dE = -0.0046852044  S^2 = 8.7500000
               |grad[o]|=0.0118  |grad[c]|= None  |ddm|=0.011
macro iter 6 (20 JK  4 micro), CASSCF E = -119.303509241285  dE = -0.0011785008  S^2 = 8.7500000
               |grad[o]|=0.00475  |grad[c]|= None  |ddm|=0.0064
macro iter 7 (17 JK  4 micro), CASSCF E = -119.303523626467  dE = -1.4385182e-05  S^2 = 8.7500000
               |grad[o]|=0.000957  |grad[c]|= None  |ddm|=0.00318
macro iter 8 (5 JK  1 micro), CASSCF E = -119.303523644394  dE = -1.7926567e-08  S^2 = 8.7500000
               |grad[o]|=5.9e-05  |grad[c]|= None  |ddm|=8.24e-05
1-step CASSCF converged in 8 macro (147 JK 29 micro) steps
CASSCF canonicalization
Density matrix diagonal elements [1.78028129 1.95219356 1.95219356 0.99614907 0.9998826  0.94051628
 1.01773838 1.01773838 0.23081504 0.02938794 0.02938794 0.04974631
 0.00396966]
CASSCF energy = -119.303523644394
CASCI E = -119.303523644394  E(CI) = -31.0784618990783  S^2 = 8.7500000
 # Transforming hcore and eri to ortho AO basis.
 # Performing modified Cholesky decomposition on ERI tensor.
# Generating Cholesky decomposition of ERIs.
# max number of cholesky vectors = 760
# iteration     0: delta_max = 1.062732
# iteration     1: delta_max = 7.55334275e-01: time = 5.03475801e-03
# iteration     2: delta_max = 2.89866947e-01: time = 7.10849895e-03
# iteration     3: delta_max = 2.39704252e-01: time = 2.84112210e-02
# iteration     4: delta_max = 2.39704252e-01: time = 2.11622710e-02
# iteration     5: delta_max = 2.36809488e-01: time = 2.79703670e-02
# iteration     6: delta_max = 1.90557959e-01: time = 2.79313041e-02
# iteration     7: delta_max = 1.61503151e-01: time = 2.53939030e-02
# iteration     8: delta_max = 1.61503151e-01: time = 1.24973530e-02
# iteration     9: delta_max = 1.53258300e-01: time = 1.26400701e-02
# iteration    10: delta_max = 1.47102996e-01: time = 1.36322960e-02
# iteration    11: delta_max = 1.29939903e-01: time = 1.03273659e-02
# iteration    12: delta_max = 1.14809001e-01: time = 6.92932191e-03
# iteration    13: delta_max = 9.99596469e-02: time = 1.28418320e-02
# iteration    14: delta_max = 9.98862596e-02: time = 1.51616069e-02
# iteration    15: delta_max = 9.44749997e-02: time = 2.40949499e-02
# iteration    16: delta_max = 9.43969552e-02: time = 4.73086094e-03
# iteration    17: delta_max = 8.83240474e-02: time = 9.99260100e-03
# iteration    18: delta_max = 8.00960490e-02: time = 6.41365396e-03
# iteration    19: delta_max = 7.99216675e-02: time = 1.05473821e-02
# iteration    20: delta_max = 7.99178697e-02: time = 1.41646350e-02
# iteration    21: delta_max = 7.88773635e-02: time = 4.99878430e-02
# iteration    22: delta_max = 7.67524195e-02: time = 4.91768440e-02
# iteration    23: delta_max = 7.62627925e-02: time = 9.50534595e-03
# iteration    24: delta_max = 7.62032747e-02: time = 1.35793730e-02
# iteration    25: delta_max = 7.16451960e-02: time = 9.55436891e-03
# iteration    26: delta_max = 6.45751926e-02: time = 1.77596910e-02
# iteration    27: delta_max = 6.45751892e-02: time = 1.19619609e-02
# iteration    28: delta_max = 6.45596666e-02: time = 7.44789594e-03
# iteration    29: delta_max = 6.45472329e-02: time = 7.07367295e-03
# iteration    30: delta_max = 6.45316371e-02: time = 7.02830299e-03
# iteration    31: delta_max = 6.44923421e-02: time = 1.95268589e-02
# iteration    32: delta_max = 6.44636802e-02: time = 9.76443000e-03
# iteration    33: delta_max = 6.31801940e-02: time = 4.91150701e-03
# iteration    34: delta_max = 6.03120621e-02: time = 7.19390705e-03
# iteration    35: delta_max = 5.88024520e-02: time = 7.19264592e-03
# iteration    36: delta_max = 5.75410548e-02: time = 4.50284895e-03
# iteration    37: delta_max = 5.07980916e-02: time = 2.64792710e-02
# iteration    38: delta_max = 4.96842729e-02: time = 8.99360096e-03
# iteration    39: delta_max = 4.96719441e-02: time = 7.10646703e-03
# iteration    40: delta_max = 4.82237891e-02: time = 2.86452710e-02
# iteration    41: delta_max = 4.74593406e-02: time = 6.48926105e-03
# iteration    42: delta_max = 4.48062039e-02: time = 1.30336420e-02
# iteration    43: delta_max = 4.47859651e-02: time = 1.35907430e-02
# iteration    44: delta_max = 4.47409177e-02: time = 2.89956030e-02
# iteration    45: delta_max = 4.42405245e-02: time = 1.30685550e-02
# iteration    46: delta_max = 4.41900284e-02: time = 2.10194869e-02
# iteration    47: delta_max = 4.33092164e-02: time = 1.04510350e-02
# iteration    48: delta_max = 4.20038851e-02: time = 4.51993896e-03
# iteration    49: delta_max = 3.92212180e-02: time = 3.39224840e-02
# iteration    50: delta_max = 3.91411405e-02: time = 1.21743070e-02
# iteration    51: delta_max = 3.87586731e-02: time = 4.43046109e-03
# iteration    52: delta_max = 3.79908541e-02: time = 7.44847802e-03
# iteration    53: delta_max = 3.62281086e-02: time = 7.14418304e-03
# iteration    54: delta_max = 3.49767676e-02: time = 7.48590339e-02
# iteration    55: delta_max = 3.48131235e-02: time = 1.08643021e-02
# iteration    56: delta_max = 3.36237486e-02: time = 4.42659692e-03
# iteration    57: delta_max = 3.22502080e-02: time = 4.80580307e-03
# iteration    58: delta_max = 3.13322379e-02: time = 4.28743998e-03
# iteration    59: delta_max = 3.12519140e-02: time = 1.32736221e-01
# iteration    60: delta_max = 3.05108701e-02: time = 1.81744380e-02
# iteration    61: delta_max = 2.93927271e-02: time = 5.14474895e-03
# iteration    62: delta_max = 2.86085387e-02: time = 7.54547503e-03
# iteration    63: delta_max = 2.77203921e-02: time = 8.20184350e-02
# iteration    64: delta_max = 2.77190185e-02: time = 4.18437109e-03
# iteration    65: delta_max = 2.66408610e-02: time = 7.08003901e-03
# iteration    66: delta_max = 2.65454854e-02: time = 6.75078350e-02
# iteration    67: delta_max = 2.59653175e-02: time = 1.27076850e-02
# iteration    68: delta_max = 2.55610895e-02: time = 1.19804391e-02
# iteration    69: delta_max = 2.48572037e-02: time = 7.13182299e-03
# iteration    70: delta_max = 2.45421511e-02: time = 5.16931650e-02
# iteration    71: delta_max = 2.39976924e-02: time = 8.16324796e-03
# iteration    72: delta_max = 2.34089647e-02: time = 6.94111898e-03
# iteration    73: delta_max = 2.33117749e-02: time = 8.26710190e-02
# iteration    74: delta_max = 2.33006093e-02: time = 7.08272099e-03
# iteration    75: delta_max = 2.32472028e-02: time = 7.29887793e-03
# iteration    76: delta_max = 2.25036210e-02: time = 3.88271910e-02
# iteration    77: delta_max = 2.24726557e-02: time = 7.15379708e-03
# iteration    78: delta_max = 2.24585650e-02: time = 4.85678494e-03
# iteration    79: delta_max = 2.23993680e-02: time = 4.93145804e-03
# iteration    80: delta_max = 2.23825782e-02: time = 4.84539196e-03
# iteration    81: delta_max = 2.16397237e-02: time = 8.91609341e-02
# iteration    82: delta_max = 2.09197537e-02: time = 8.04003899e-03
# iteration    83: delta_max = 2.04389573e-02: time = 3.83122159e-02
# iteration    84: delta_max = 2.01901378e-02: time = 4.88184497e-03
# iteration    85: delta_max = 2.00647199e-02: time = 4.86088998e-03
# iteration    86: delta_max = 1.96714505e-02: time = 8.11547798e-03
# iteration    87: delta_max = 1.91710468e-02: time = 3.28983300e-02
# iteration    88: delta_max = 1.89351426e-02: time = 1.81736441e-02
# iteration    89: delta_max = 1.86906015e-02: time = 4.39289503e-03
# iteration    90: delta_max = 1.80054081e-02: time = 1.92129280e-02
# iteration    91: delta_max = 1.76795281e-02: time = 7.06643506e-03
# iteration    92: delta_max = 1.74589521e-02: time = 7.07239995e-03
# iteration    93: delta_max = 1.74209865e-02: time = 8.09782709e-03
# iteration    94: delta_max = 1.73139107e-02: time = 4.85823303e-03
# iteration    95: delta_max = 1.72776697e-02: time = 4.90084500e-03
# iteration    96: delta_max = 1.72184593e-02: time = 2.17439531e-02
# iteration    97: delta_max = 1.71913581e-02: time = 7.36129307e-03
# iteration    98: delta_max = 1.69015015e-02: time = 7.07627099e-03
# iteration    99: delta_max = 1.67673096e-02: time = 6.73832950e-02
# iteration   100: delta_max = 1.67056590e-02: time = 2.20590819e-02
# iteration   101: delta_max = 1.66560254e-02: time = 2.33237630e-02
# iteration   102: delta_max = 1.65936953e-02: time = 4.13180108e-03
# iteration   103: delta_max = 1.65197915e-02: time = 8.59124702e-03
# iteration   104: delta_max = 1.64435983e-02: time = 1.84100261e-02
# iteration   105: delta_max = 1.59850001e-02: time = 7.21674704e-03
# iteration   106: delta_max = 1.59795497e-02: time = 7.11335603e-03
# iteration   107: delta_max = 1.57752730e-02: time = 2.78785081e-02
# iteration   108: delta_max = 1.56715666e-02: time = 1.31007610e-02
# iteration   109: delta_max = 1.53630644e-02: time = 1.82298729e-02
# iteration   110: delta_max = 1.53443950e-02: time = 3.27173379e-02
# iteration   111: delta_max = 1.46510823e-02: time = 4.36543499e-03
# iteration   112: delta_max = 1.40361033e-02: time = 4.98521200e-03
# iteration   113: delta_max = 1.39749157e-02: time = 8.14234698e-03
# iteration   114: delta_max = 1.37250482e-02: time = 1.37983268e-01
# iteration   115: delta_max = 1.35814881e-02: time = 7.16056197e-03
# iteration   116: delta_max = 1.34281187e-02: time = 4.96077293e-03
# iteration   117: delta_max = 1.33834853e-02: time = 2.98945850e-02
# iteration   118: delta_max = 1.33575042e-02: time = 2.10300001e-02
# iteration   119: delta_max = 1.29659265e-02: time = 7.17744394e-03
# iteration   120: delta_max = 1.25103388e-02: time = 4.44251392e-03
# iteration   121: delta_max = 1.24310507e-02: time = 9.74329899e-03
# iteration   122: delta_max = 1.24115692e-02: time = 1.11028110e-02
# iteration   123: delta_max = 1.23813150e-02: time = 8.61824199e-03
# iteration   124: delta_max = 1.22689150e-02: time = 7.11298804e-03
# iteration   125: delta_max = 1.22599081e-02: time = 4.26224420e-02
# iteration   126: delta_max = 1.19007991e-02: time = 8.15170200e-03
# iteration   127: delta_max = 1.17615993e-02: time = 4.70295199e-03
# iteration   128: delta_max = 1.12841082e-02: time = 7.09481793e-03
# iteration   129: delta_max = 1.12602494e-02: time = 1.35871380e-02
# iteration   130: delta_max = 1.12384515e-02: time = 1.35601320e-02
# iteration   131: delta_max = 1.10832339e-02: time = 4.91742999e-03
# iteration   132: delta_max = 1.10455191e-02: time = 7.07862608e-03
# iteration   133: delta_max = 1.10262423e-02: time = 7.39603501e-03
# iteration   134: delta_max = 1.07629460e-02: time = 8.33638897e-03
# iteration   135: delta_max = 1.07541608e-02: time = 1.66348520e-02
# iteration   136: delta_max = 1.07418633e-02: time = 8.68187309e-03
# iteration   137: delta_max = 1.04838965e-02: time = 7.27529498e-03
# iteration   138: delta_max = 1.03393524e-02: time = 7.40352797e-03
# iteration   139: delta_max = 1.02739863e-02: time = 7.31527701e-03
# iteration   140: delta_max = 1.02684142e-02: time = 1.37260077e-01
# iteration   141: delta_max = 1.02251373e-02: time = 5.16276096e-03
# iteration   142: delta_max = 9.98273614e-03: time = 5.00410597e-03
# iteration   143: delta_max = 9.80180924e-03: time = 4.48315591e-03
# iteration   144: delta_max = 9.71913186e-03: time = 1.37765023e-01
# iteration   145: delta_max = 9.66143282e-03: time = 1.84639320e-02
# iteration   146: delta_max = 9.53333662e-03: time = 4.22059500e-03
# iteration   147: delta_max = 9.22689317e-03: time = 3.24142360e-02
# iteration   148: delta_max = 9.22587677e-03: time = 1.84991560e-02
# iteration   149: delta_max = 9.16941614e-03: time = 5.26594510e-03
# iteration   150: delta_max = 9.15974538e-03: time = 8.27689680e-02
# iteration   151: delta_max = 9.11453283e-03: time = 4.76313604e-03
# iteration   152: delta_max = 9.08858636e-03: time = 7.22729403e-03
# iteration   153: delta_max = 9.08549299e-03: time = 7.30020297e-03
# iteration   154: delta_max = 8.94741527e-03: time = 3.24431980e-02
# iteration   155: delta_max = 8.92066239e-03: time = 6.68914450e-02
# iteration   156: delta_max = 8.61686212e-03: time = 1.14411401e-02
# iteration   157: delta_max = 8.54826087e-03: time = 2.84017620e-02
# iteration   158: delta_max = 8.51683214e-03: time = 7.86249320e-02
# iteration   159: delta_max = 8.35635496e-03: time = 1.30848710e-02
# iteration   160: delta_max = 8.10618894e-03: time = 5.02552395e-03
# iteration   161: delta_max = 8.07161323e-03: time = 5.13406901e-03
# iteration   162: delta_max = 7.93097044e-03: time = 5.02117700e-03
# iteration   163: delta_max = 7.85062069e-03: time = 8.24399991e-03
# iteration   164: delta_max = 7.80374047e-03: time = 1.45173169e-02
# iteration   165: delta_max = 7.76861748e-03: time = 1.37520400e-02
# iteration   166: delta_max = 7.64350528e-03: time = 7.27745902e-03
# iteration   167: delta_max = 7.59415544e-03: time = 7.24417402e-03
# iteration   168: delta_max = 7.43456132e-03: time = 7.27579801e-03
# iteration   169: delta_max = 7.35993074e-03: time = 4.58743400e-03
# iteration   170: delta_max = 7.17615760e-03: time = 1.70359190e-02
# iteration   171: delta_max = 7.01533985e-03: time = 7.30485310e-02
# iteration   172: delta_max = 6.83313744e-03: time = 4.38447203e-03
# iteration   173: delta_max = 6.75287495e-03: time = 7.18812703e-03
# iteration   174: delta_max = 6.72796596e-03: time = 8.27542971e-02
# iteration   175: delta_max = 6.56242486e-03: time = 1.23719050e-01
# iteration   176: delta_max = 6.50854527e-03: time = 1.38357843e-01
# iteration   177: delta_max = 6.32692140e-03: time = 4.56572301e-03
# iteration   178: delta_max = 6.20749733e-03: time = 6.82584910e-02
# iteration   179: delta_max = 6.18024422e-03: time = 2.00144961e-02
# iteration   180: delta_max = 6.11853593e-03: time = 9.27439297e-03
# iteration   181: delta_max = 5.90579481e-03: time = 4.60094796e-03
# iteration   182: delta_max = 5.87315356e-03: time = 1.34891858e-01
# iteration   183: delta_max = 5.71650726e-03: time = 1.29572914e-01
# iteration   184: delta_max = 5.69045633e-03: time = 7.50486400e-02
# iteration   185: delta_max = 5.49485099e-03: time = 1.33893189e-02
# iteration   186: delta_max = 5.49201068e-03: time = 1.24417609e-01
# iteration   187: delta_max = 5.41508251e-03: time = 1.11777850e-02
# iteration   188: delta_max = 5.31041536e-03: time = 1.35200852e-01
# iteration   189: delta_max = 5.28604257e-03: time = 5.11437200e-03
# iteration   190: delta_max = 5.10983910e-03: time = 4.55218705e-03
# iteration   191: delta_max = 5.09184907e-03: time = 8.03875650e-02
# iteration   192: delta_max = 4.98036006e-03: time = 1.21534294e-01
# iteration   193: delta_max = 4.89111066e-03: time = 3.24693229e-02
# iteration   194: delta_max = 4.85159927e-03: time = 7.16812570e-02
# iteration   195: delta_max = 4.74806478e-03: time = 1.38052051e-01
# iteration   196: delta_max = 4.68103118e-03: time = 1.85484501e-02
# iteration   197: delta_max = 4.64261334e-03: time = 5.09231305e-03
# iteration   198: delta_max = 4.55981443e-03: time = 8.25627670e-02
# iteration   199: delta_max = 4.49951637e-03: time = 5.09462797e-03
# iteration   200: delta_max = 4.45495029e-03: time = 6.78863230e-02
# iteration   201: delta_max = 4.42651849e-03: time = 1.21535230e-02
# iteration   202: delta_max = 4.41794673e-03: time = 7.61588360e-02
# iteration   203: delta_max = 3.92991132e-03: time = 5.08090900e-03
# iteration   204: delta_max = 3.77775873e-03: time = 5.23881894e-03
# iteration   205: delta_max = 3.77245230e-03: time = 4.57120698e-03
# iteration   206: delta_max = 3.69219418e-03: time = 1.03434540e-02
# iteration   207: delta_max = 3.66668974e-03: time = 2.78899930e-02
# iteration   208: delta_max = 3.59953385e-03: time = 5.10246097e-03
# iteration   209: delta_max = 3.58716516e-03: time = 4.59371100e-03
# iteration   210: delta_max = 3.56802096e-03: time = 5.07834810e-03
# iteration   211: delta_max = 3.52635428e-03: time = 1.41622760e-01
# iteration   212: delta_max = 3.49502826e-03: time = 1.42141488e-01
# iteration   213: delta_max = 3.48735481e-03: time = 1.84084501e-02
# iteration   214: delta_max = 3.42942713e-03: time = 1.41017701e-01
# iteration   215: delta_max = 3.34431744e-03: time = 5.12489595e-03
# iteration   216: delta_max = 3.32140469e-03: time = 1.38528624e-01
# iteration   217: delta_max = 3.26825063e-03: time = 9.25901195e-03
# iteration   218: delta_max = 3.23293186e-03: time = 5.17739705e-03
# iteration   219: delta_max = 3.17282504e-03: time = 5.12829307e-03
# iteration   220: delta_max = 2.94430607e-03: time = 2.75348841e-02
# iteration   221: delta_max = 2.93647650e-03: time = 1.20411940e-02
# iteration   222: delta_max = 2.92190075e-03: time = 4.69882600e-03
# iteration   223: delta_max = 2.88777928e-03: time = 4.67964006e-03
# iteration   224: delta_max = 2.83775670e-03: time = 5.14131808e-03
# iteration   225: delta_max = 2.79191830e-03: time = 7.89098269e-02
# iteration   226: delta_max = 2.76913912e-03: time = 2.42501301e-02
# iteration   227: delta_max = 2.68827571e-03: time = 7.91259099e-02
# iteration   228: delta_max = 2.61569509e-03: time = 1.33492245e-01
# iteration   229: delta_max = 2.58619386e-03: time = 4.61830397e-03
# iteration   230: delta_max = 2.50183344e-03: time = 1.44912415e-01
# iteration   231: delta_max = 2.42007602e-03: time = 3.31470910e-02
# iteration   232: delta_max = 2.41773654e-03: time = 2.04668720e-02
# iteration   233: delta_max = 2.34463180e-03: time = 4.41825640e-02
# iteration   234: delta_max = 2.32726887e-03: time = 4.74198291e-03
# iteration   235: delta_max = 2.29170915e-03: time = 1.52327900e-02
# iteration   236: delta_max = 2.25540199e-03: time = 4.21231530e-02
# iteration   237: delta_max = 2.24418878e-03: time = 4.40700080e-02
# iteration   238: delta_max = 2.07578294e-03: time = 3.98796269e-02
# iteration   239: delta_max = 2.02393189e-03: time = 1.84334950e-02
# iteration   240: delta_max = 1.99558380e-03: time = 3.43557970e-02
# iteration   241: delta_max = 1.96083600e-03: time = 4.48047393e-03
# iteration   242: delta_max = 1.96049254e-03: time = 1.84887000e-02
# iteration   243: delta_max = 1.89526855e-03: time = 1.03999980e-02
# iteration   244: delta_max = 1.86282305e-03: time = 2.28880891e-02
# iteration   245: delta_max = 1.86045223e-03: time = 4.46996803e-03
# iteration   246: delta_max = 1.83321750e-03: time = 5.27183870e-02
# iteration   247: delta_max = 1.75928415e-03: time = 5.31933398e-03
# iteration   248: delta_max = 1.75877697e-03: time = 2.10424010e-02
# iteration   249: delta_max = 1.74245219e-03: time = 1.30948049e-02
# iteration   250: delta_max = 1.65325740e-03: time = 1.26444002e-01
# iteration   251: delta_max = 1.61233640e-03: time = 6.72572805e-03
# iteration   252: delta_max = 1.56326202e-03: time = 1.43413380e-02
# iteration   253: delta_max = 1.54838846e-03: time = 1.75625411e-02
# iteration   254: delta_max = 1.45685388e-03: time = 1.37793094e-01
# iteration   255: delta_max = 1.43696804e-03: time = 7.22717519e-02
# iteration   256: delta_max = 1.40768521e-03: time = 5.18044992e-03
# iteration   257: delta_max = 1.34887810e-03: time = 2.28288900e-02
# iteration   258: delta_max = 1.33219735e-03: time = 1.90731450e-02
# iteration   259: delta_max = 1.21698489e-03: time = 5.28802199e-03
# iteration   260: delta_max = 1.18875756e-03: time = 1.45409240e-02
# iteration   261: delta_max = 1.09880647e-03: time = 2.73775840e-02
# iteration   262: delta_max = 1.09235379e-03: time = 5.47001802e-03
# iteration   263: delta_max = 1.05635856e-03: time = 1.32929530e-02
# iteration   264: delta_max = 1.04905483e-03: time = 3.09236140e-02
# iteration   265: delta_max = 1.04892992e-03: time = 1.56178890e-02
# iteration   266: delta_max = 1.00267517e-03: time = 1.41970578e-01
# iteration   267: delta_max = 9.90162756e-04: time = 1.28773560e-01
# iteration   268: delta_max = 9.75182794e-04: time = 3.20186900e-02
# iteration   269: delta_max = 9.48250528e-04: time = 1.33449720e-02
# iteration   270: delta_max = 9.18308567e-04: time = 2.89132800e-02
# iteration   271: delta_max = 8.70218748e-04: time = 1.26098377e-01
# iteration   272: delta_max = 8.13509817e-04: time = 1.56319790e-02
# iteration   273: delta_max = 8.11579450e-04: time = 1.26380690e-02
# iteration   274: delta_max = 8.06288585e-04: time = 5.23441297e-03
# iteration   275: delta_max = 8.02487837e-04: time = 5.23632392e-03
# iteration   276: delta_max = 7.91162933e-04: time = 1.33156030e-02
# iteration   277: delta_max = 7.75779297e-04: time = 8.50197207e-03
# iteration   278: delta_max = 7.65724354e-04: time = 2.47139590e-02
# iteration   279: delta_max = 7.30730112e-04: time = 1.33704441e-02
# iteration   280: delta_max = 7.24954093e-04: time = 7.35564902e-03
# iteration   281: delta_max = 7.19676136e-04: time = 1.45711810e-02
# iteration   282: delta_max = 6.55685805e-04: time = 1.06276330e-02
# iteration   283: delta_max = 6.09496163e-04: time = 7.32161396e-03
# iteration   284: delta_max = 6.01930020e-04: time = 1.85012369e-02
# iteration   285: delta_max = 5.98750918e-04: time = 1.97657819e-02
# iteration   286: delta_max = 5.86259540e-04: time = 8.28218693e-03
# iteration   287: delta_max = 5.70820695e-04: time = 4.75511199e-03
# iteration   288: delta_max = 5.62139363e-04: time = 4.77569201e-03
# iteration   289: delta_max = 5.58280292e-04: time = 1.38166421e-01
# iteration   290: delta_max = 5.51050584e-04: time = 2.58245310e-02
# iteration   291: delta_max = 5.47628810e-04: time = 3.37770501e-02
# iteration   292: delta_max = 5.45540651e-04: time = 4.76149400e-03
# iteration   293: delta_max = 5.45354214e-04: time = 5.30468405e-03
# iteration   294: delta_max = 5.40125220e-04: time = 4.56652499e-03
# iteration   295: delta_max = 5.35007204e-04: time = 7.38442794e-03
# iteration   296: delta_max = 5.32097035e-04: time = 1.05341731e-02
# iteration   297: delta_max = 5.20913946e-04: time = 1.66042270e-02
# iteration   298: delta_max = 5.16910014e-04: time = 5.29299199e-03
# iteration   299: delta_max = 4.99116896e-04: time = 1.27827291e-01
# iteration   300: delta_max = 4.94817978e-04: time = 3.12217360e-02
# iteration   301: delta_max = 4.83716734e-04: time = 7.40450504e-03
# iteration   302: delta_max = 4.76968610e-04: time = 4.89240303e-03
# iteration   303: delta_max = 4.72188221e-04: time = 5.13086002e-03
# iteration   304: delta_max = 4.53547126e-04: time = 1.26439710e-02
# iteration   305: delta_max = 4.48594830e-04: time = 1.13782950e-02
# iteration   306: delta_max = 4.46121041e-04: time = 7.59187900e-03
# iteration   307: delta_max = 4.32114033e-04: time = 7.62781699e-03
# iteration   308: delta_max = 4.31304643e-04: time = 3.14153159e-02
# iteration   309: delta_max = 4.22452243e-04: time = 7.37845304e-03
# iteration   310: delta_max = 4.19994834e-04: time = 4.90032998e-03
# iteration   311: delta_max = 3.76999595e-04: time = 5.35094796e-03
# iteration   312: delta_max = 3.69197479e-04: time = 2.63114671e-02
# iteration   313: delta_max = 3.50629100e-04: time = 1.18075140e-02
# iteration   314: delta_max = 3.37347660e-04: time = 1.86321861e-02
# iteration   315: delta_max = 3.31824965e-04: time = 4.50150401e-03
# iteration   316: delta_max = 3.30161441e-04: time = 3.38741190e-02
# iteration   317: delta_max = 3.25144071e-04: time = 1.55481610e-02
# iteration   318: delta_max = 3.23095640e-04: time = 4.58668708e-03
# iteration   319: delta_max = 3.14113056e-04: time = 3.34568761e-02
# iteration   320: delta_max = 3.11133152e-04: time = 9.02733998e-03
# iteration   321: delta_max = 3.08805814e-04: time = 3.16930229e-02
# iteration   322: delta_max = 3.08513377e-04: time = 9.28598992e-03
# iteration   323: delta_max = 2.86693355e-04: time = 5.47266298e-03
# iteration   324: delta_max = 2.58983817e-04: time = 7.64724799e-03
# iteration   325: delta_max = 2.58196119e-04: time = 4.76280809e-03
# iteration   326: delta_max = 2.55012262e-04: time = 7.55829399e-03
# iteration   327: delta_max = 2.48148178e-04: time = 2.01437090e-02
# iteration   328: delta_max = 2.45276610e-04: time = 5.47782192e-03
# iteration   329: delta_max = 2.42678429e-04: time = 7.71179202e-03
# iteration   330: delta_max = 2.38112578e-04: time = 5.47344307e-03
# iteration   331: delta_max = 2.35806539e-04: time = 3.37030910e-02
# iteration   332: delta_max = 2.35508011e-04: time = 1.87810070e-02
# iteration   333: delta_max = 2.34432067e-04: time = 5.63797296e-03
# iteration   334: delta_max = 2.29349491e-04: time = 8.14022310e-03
# iteration   335: delta_max = 2.16380549e-04: time = 1.50121010e-02
# iteration   336: delta_max = 2.15006866e-04: time = 6.57078507e-03
# iteration   337: delta_max = 2.10794377e-04: time = 7.69169396e-03
# iteration   338: delta_max = 2.07637111e-04: time = 7.68538902e-03
# iteration   339: delta_max = 2.04103871e-04: time = 5.02002297e-03
# iteration   340: delta_max = 2.01148849e-04: time = 4.93662292e-03
# iteration   341: delta_max = 1.96228279e-04: time = 1.36802860e-02
# iteration   342: delta_max = 1.95502948e-04: time = 2.43591890e-02
# iteration   343: delta_max = 1.94995905e-04: time = 5.49467991e-03
# iteration   344: delta_max = 1.90262869e-04: time = 7.83320691e-03
# iteration   345: delta_max = 1.81755182e-04: time = 3.33749510e-02
# iteration   346: delta_max = 1.79076399e-04: time = 1.98610320e-02
# iteration   347: delta_max = 1.76395723e-04: time = 3.23612080e-02
# iteration   348: delta_max = 1.70659958e-04: time = 2.07890280e-02
# iteration   349: delta_max = 1.61015052e-04: time = 1.38279500e-02
# iteration   350: delta_max = 1.58522840e-04: time = 8.42808001e-03
# iteration   351: delta_max = 1.56239675e-04: time = 4.78976395e-03
# iteration   352: delta_max = 1.55920237e-04: time = 7.72886595e-03
# iteration   353: delta_max = 1.51577546e-04: time = 7.77864899e-03
# iteration   354: delta_max = 1.45234341e-04: time = 1.11305570e-02
# iteration   355: delta_max = 1.44937081e-04: time = 1.89955180e-02
# iteration   356: delta_max = 1.43035068e-04: time = 5.58296696e-03
# iteration   357: delta_max = 1.42963959e-04: time = 2.80643409e-02
# iteration   358: delta_max = 1.36586034e-04: time = 1.30769610e-02
# iteration   359: delta_max = 1.33450030e-04: time = 9.98258090e-03
# iteration   360: delta_max = 1.31456064e-04: time = 1.25856182e-01
# iteration   361: delta_max = 1.27571202e-04: time = 2.15087631e-02
# iteration   362: delta_max = 1.25032565e-04: time = 2.00993191e-02
# iteration   363: delta_max = 1.24948162e-04: time = 7.92765303e-03
# iteration   364: delta_max = 1.20573640e-04: time = 1.21832860e-02
# iteration   365: delta_max = 1.15282050e-04: time = 1.63262500e-02
# iteration   366: delta_max = 1.13785276e-04: time = 2.42444120e-02
# iteration   367: delta_max = 1.12737156e-04: time = 1.57610530e-02
# iteration   368: delta_max = 1.04672449e-04: time = 1.44245400e-02
# iteration   369: delta_max = 1.03853183e-04: time = 6.38478599e-03
# iteration   370: delta_max = 9.85937088e-05: time = 4.86512994e-03
# iteration   371: delta_max = 9.76846419e-05: time = 6.05285505e-03
# iteration   372: delta_max = 9.19221329e-05: time = 3.40747799e-02
# iteration   373: delta_max = 9.12444173e-05: time = 6.13828399e-03
# iteration   374: delta_max = 8.68525954e-05: time = 9.59920604e-03
# iteration   375: delta_max = 8.67563555e-05: time = 1.47187969e-02
# iteration   376: delta_max = 8.17672798e-05: time = 2.36985250e-02
# iteration   377: delta_max = 8.12942705e-05: time = 6.14885404e-03
# iteration   378: delta_max = 8.09508339e-05: time = 1.37573840e-02
# iteration   379: delta_max = 8.00298853e-05: time = 5.38212670e-02
# iteration   380: delta_max = 7.66479905e-05: time = 1.76851380e-02
# iteration   381: delta_max = 7.53314878e-05: time = 1.01041290e-02
# iteration   382: delta_max = 7.46951263e-05: time = 1.88485070e-02
# iteration   383: delta_max = 7.43808709e-05: time = 1.26017180e-02
# iteration   384: delta_max = 6.47505992e-05: time = 1.63790509e-02
# iteration   385: delta_max = 6.38659846e-05: time = 6.12352300e-03
# iteration   386: delta_max = 6.35531470e-05: time = 1.38618740e-02
# iteration   387: delta_max = 6.28471337e-05: time = 1.16965690e-02
# iteration   388: delta_max = 6.20284491e-05: time = 1.39306351e-02
# iteration   389: delta_max = 6.13702993e-05: time = 7.73430697e-03
# iteration   390: delta_max = 5.99822959e-05: time = 1.38041141e-02
# iteration   391: delta_max = 5.96561959e-05: time = 1.09567540e-02
# iteration   392: delta_max = 5.76681197e-05: time = 2.15110619e-02
# iteration   393: delta_max = 5.64121583e-05: time = 6.86869940e-02
# iteration   394: delta_max = 5.51346965e-05: time = 5.70354506e-03
# iteration   395: delta_max = 5.47470642e-05: time = 4.97611903e-03
# iteration   396: delta_max = 5.37440432e-05: time = 1.12507690e-02
# iteration   397: delta_max = 5.29356197e-05: time = 1.81652550e-02
# iteration   398: delta_max = 4.94093001e-05: time = 9.67450102e-03
# iteration   399: delta_max = 4.82014686e-05: time = 5.15178498e-03
# iteration   400: delta_max = 4.73211158e-05: time = 5.16787893e-03
# iteration   401: delta_max = 4.64469563e-05: time = 1.07186011e-02
# iteration   402: delta_max = 4.60396969e-05: time = 2.39147090e-02
# iteration   403: delta_max = 4.53996197e-05: time = 5.02713991e-03
# iteration   404: delta_max = 4.45410136e-05: time = 7.87000905e-03
# iteration   405: delta_max = 4.38727395e-05: time = 3.34766050e-02
# iteration   406: delta_max = 4.12295664e-05: time = 1.39265220e-02
# iteration   407: delta_max = 4.11126752e-05: time = 9.79064999e-03
# iteration   408: delta_max = 4.10144059e-05: time = 5.22901709e-02
# iteration   409: delta_max = 3.91177956e-05: time = 2.89644860e-02
# iteration   410: delta_max = 3.85154948e-05: time = 7.88123498e-03
# iteration   411: delta_max = 3.67525254e-05: time = 5.23784698e-03
# iteration   412: delta_max = 3.60365267e-05: time = 5.26929600e-03
# iteration   413: delta_max = 3.59199796e-05: time = 5.19413501e-03
# iteration   414: delta_max = 3.54864686e-05: time = 2.93942260e-02
# iteration   415: delta_max = 3.49075784e-05: time = 1.38452760e-02
# iteration   416: delta_max = 3.47549807e-05: time = 5.20985795e-03
# iteration   417: delta_max = 3.47170732e-05: time = 8.87394301e-03
# iteration   418: delta_max = 3.46621187e-05: time = 1.40779719e-02
# iteration   419: delta_max = 3.26579109e-05: time = 8.92258994e-03
# iteration   420: delta_max = 3.17200899e-05: time = 1.39026900e-02
# iteration   421: delta_max = 3.07036078e-05: time = 5.18268696e-03
# iteration   422: delta_max = 2.93425586e-05: time = 5.34890500e-02
# iteration   423: delta_max = 2.93317879e-05: time = 1.25500221e-02
# iteration   424: delta_max = 2.92522177e-05: time = 1.71609200e-02
# iteration   425: delta_max = 2.82229483e-05: time = 7.96566997e-03
# iteration   426: delta_max = 2.80507985e-05: time = 1.39153340e-02
# iteration   427: delta_max = 2.77801648e-05: time = 2.97452060e-02
# iteration   428: delta_max = 2.77752231e-05: time = 5.25563897e-03
# iteration   429: delta_max = 2.75868362e-05: time = 5.26810903e-03
# iteration   430: delta_max = 2.66131836e-05: time = 1.38743240e-02
# iteration   431: delta_max = 2.60065227e-05: time = 2.17697440e-02
# iteration   432: delta_max = 2.58285987e-05: time = 9.68536898e-03
# iteration   433: delta_max = 2.50148685e-05: time = 5.32749004e-03
# iteration   434: delta_max = 2.48566326e-05: time = 5.81753999e-03
# iteration   435: delta_max = 2.47367514e-05: time = 7.85237108e-03
# iteration   436: delta_max = 2.36441884e-05: time = 3.45287659e-02
# iteration   437: delta_max = 2.32851939e-05: time = 2.00832330e-02
# iteration   438: delta_max = 2.32592238e-05: time = 2.40609790e-02
# iteration   439: delta_max = 2.29896343e-05: time = 5.86518005e-03
# iteration   440: delta_max = 2.23167939e-05: time = 1.90728400e-02
# iteration   441: delta_max = 2.20296605e-05: time = 1.27022710e-02
# iteration   442: delta_max = 2.19942745e-05: time = 2.64626100e-02
# iteration   443: delta_max = 2.12549254e-05: time = 5.31675701e-03
# iteration   444: delta_max = 2.08458908e-05: time = 7.95833301e-03
# iteration   445: delta_max = 2.07217988e-05: time = 5.47942600e-02
# iteration   446: delta_max = 2.06123467e-05: time = 1.44627419e-02
# iteration   447: delta_max = 2.02960847e-05: time = 7.30656340e-02
# iteration   448: delta_max = 2.00373396e-05: time = 6.37296005e-03
# iteration   449: delta_max = 1.95166682e-05: time = 1.03813310e-02
# iteration   450: delta_max = 1.94198340e-05: time = 1.58492320e-02
# iteration   451: delta_max = 1.94120054e-05: time = 1.05855420e-02
# iteration   452: delta_max = 1.91142014e-05: time = 1.91630330e-02
# iteration   453: delta_max = 1.76972487e-05: time = 1.09617370e-02
# iteration   454: delta_max = 1.75044041e-05: time = 1.52876240e-02
# iteration   455: delta_max = 1.66224773e-05: time = 1.40789290e-02
# iteration   456: delta_max = 1.65886401e-05: time = 6.36940601e-03
# iteration   457: delta_max = 1.64653214e-05: time = 6.40332489e-03
# iteration   458: delta_max = 1.58467879e-05: time = 2.42416530e-02
# iteration   459: delta_max = 1.57748698e-05: time = 5.78854105e-03
# iteration   460: delta_max = 1.52226158e-05: time = 6.40587695e-03
# iteration   461: delta_max = 1.49656693e-05: time = 1.41251420e-02
# iteration   462: delta_max = 1.49540689e-05: time = 1.33928690e-02
# iteration   463: delta_max = 1.45704117e-05: time = 2.04849730e-02
# iteration   464: delta_max = 1.41276242e-05: time = 5.76700503e-03
# iteration   465: delta_max = 1.35331911e-05: time = 1.34852593e-01
# iteration   466: delta_max = 1.33929400e-05: time = 7.79260602e-03
# iteration   467: delta_max = 1.33743050e-05: time = 5.33661805e-03
# iteration   468: delta_max = 1.30994181e-05: time = 5.32524195e-03
# iteration   469: delta_max = 1.29755159e-05: time = 5.83413104e-03
# iteration   470: delta_max = 1.16106682e-05: time = 5.84252703e-03
# iteration   471: delta_max = 1.14109144e-05: time = 1.10136369e-02
# iteration   472: delta_max = 1.07735264e-05: time = 1.49979079e-02
# iteration   473: delta_max = 1.07695469e-05: time = 6.40647300e-03
# iteration   474: delta_max = 1.07401438e-05: time = 1.92165470e-02
# iteration   475: delta_max = 1.05997122e-05: time = 2.82185880e-02
# iteration   476: delta_max = 1.04624394e-05: time = 5.04671806e-03
# iteration   477: delta_max = 1.03869286e-05: time = 1.40020100e-02
# iteration   478: delta_max = 1.02906506e-05: time = 1.28776330e-02
# iteration   479: delta_max = 9.98320224e-06: time = 1.35878280e-01
 # Orthogonalising Cholesky vectors.
 # Time to orthogonalise: 0.029770
nelec: (13, 8)
nbasis: 76
chol.shape: (479, 5776)

******** <class 'pyscf.cc.uccsd.UCCSD'> ********
CC2 = 0
CCSD nocc = (13, 8), nmo = (76, 76)
max_cycle = 50
direct = 0
conv_tol = 1e-07
conv_tol_normt = 1e-06
diis_space = 6
diis_start_cycle = 0
diis_start_energy_diff = 1e+09
max_memory 4000 MB (current use 604 MB)
Init t2, MP2 energy = -0.679797421998463
    CPU time for init mp2      0.82 sec, wall time      0.02 sec
Init E_corr(CCSD) = -0.687233602799892
cycle = 1  E_corr(CCSD) = -0.624113408407694  dE = 0.0631201944  norm(t1,t2) = 0.282811
    CPU time for CCSD iter     54.31 sec, wall time      1.51 sec
cycle = 2  E_corr(CCSD) = -0.689440297706228  dE = -0.0653268893  norm(t1,t2) = 0.23863
    CPU time for CCSD iter     49.61 sec, wall time      1.38 sec
cycle = 3  E_corr(CCSD) = -0.669805330906138  dE = 0.0196349668  norm(t1,t2) = 0.281044
    CPU time for CCSD iter     49.05 sec, wall time      1.37 sec
cycle = 4  E_corr(CCSD) = -0.672679901793955  dE = -0.00287457089  norm(t1,t2) = 0.0610337
    CPU time for CCSD iter     49.30 sec, wall time      1.38 sec
cycle = 5  E_corr(CCSD) = -0.681618142405926  dE = -0.00893824061  norm(t1,t2) = 0.0413665
    CPU time for CCSD iter     49.95 sec, wall time      1.39 sec
cycle = 6  E_corr(CCSD) = -0.684124425129434  dE = -0.00250628272  norm(t1,t2) = 0.026957
    CPU time for CCSD iter     48.79 sec, wall time      1.36 sec
cycle = 7  E_corr(CCSD) = -0.684920589159962  dE = -0.000796164031  norm(t1,t2) = 0.0172525
    CPU time for CCSD iter     48.16 sec, wall time      1.34 sec
cycle = 8  E_corr(CCSD) = -0.685792314381956  dE = -0.000871725222  norm(t1,t2) = 0.0109733
    CPU time for CCSD iter     48.27 sec, wall time      1.34 sec
cycle = 9  E_corr(CCSD) = -0.685814573810008  dE = -2.22594281e-05  norm(t1,t2) = 0.0051355
    CPU time for CCSD iter     48.81 sec, wall time      1.36 sec
cycle = 10  E_corr(CCSD) = -0.686033745497203  dE = -0.000219171687  norm(t1,t2) = 0.00359657
    CPU time for CCSD iter     48.45 sec, wall time      1.35 sec
cycle = 11  E_corr(CCSD) = -0.685966121271262  dE = 6.76242259e-05  norm(t1,t2) = 0.00257474
    CPU time for CCSD iter     48.97 sec, wall time      1.36 sec
cycle = 12  E_corr(CCSD) = -0.685961284772049  dE = 4.83649921e-06  norm(t1,t2) = 0.00105784
    CPU time for CCSD iter     49.49 sec, wall time      1.38 sec
cycle = 13  E_corr(CCSD) = -0.685937663488264  dE = 2.36212838e-05  norm(t1,t2) = 0.000621571
    CPU time for CCSD iter     50.77 sec, wall time      1.42 sec
cycle = 14  E_corr(CCSD) = -0.685922365426563  dE = 1.52980617e-05  norm(t1,t2) = 0.000475766
    CPU time for CCSD iter     50.49 sec, wall time      1.42 sec
cycle = 15  E_corr(CCSD) = -0.685942769062217  dE = -2.04036357e-05  norm(t1,t2) = 0.000250325
    CPU time for CCSD iter     49.42 sec, wall time      1.38 sec
cycle = 16  E_corr(CCSD) = -0.685951530334531  dE = -8.76127231e-06  norm(t1,t2) = 0.000181499
    CPU time for CCSD iter     50.07 sec, wall time      1.40 sec
cycle = 17  E_corr(CCSD) = -0.685955644799825  dE = -4.11446529e-06  norm(t1,t2) = 0.000104743
    CPU time for CCSD iter     50.08 sec, wall time      1.40 sec
cycle = 18  E_corr(CCSD) = -0.685961759313893  dE = -6.11451407e-06  norm(t1,t2) = 7.39746e-05
    CPU time for CCSD iter     49.44 sec, wall time      1.38 sec
cycle = 19  E_corr(CCSD) = -0.685964514402996  dE = -2.7550891e-06  norm(t1,t2) = 5.38366e-05
    CPU time for CCSD iter     50.06 sec, wall time      1.39 sec
cycle = 20  E_corr(CCSD) = -0.685965384175858  dE = -8.69772862e-07  norm(t1,t2) = 3.57519e-05
    CPU time for CCSD iter     51.87 sec, wall time      1.45 sec
cycle = 21  E_corr(CCSD) = -0.685966032295038  dE = -6.4811918e-07  norm(t1,t2) = 2.37619e-05
    CPU time for CCSD iter     50.12 sec, wall time      1.40 sec
cycle = 22  E_corr(CCSD) = -0.685965396927873  dE = 6.35367165e-07  norm(t1,t2) = 1.71859e-05
    CPU time for CCSD iter     47.16 sec, wall time      1.31 sec
cycle = 23  E_corr(CCSD) = -0.68596546264592  dE = -6.57180473e-08  norm(t1,t2) = 1.0812e-05
    CPU time for CCSD iter     49.31 sec, wall time      1.39 sec
cycle = 24  E_corr(CCSD) = -0.685965493416065  dE = -3.07701445e-08  norm(t1,t2) = 7.59741e-06
    CPU time for CCSD iter     49.03 sec, wall time      1.37 sec
cycle = 25  E_corr(CCSD) = -0.685965500087581  dE = -6.67151645e-09  norm(t1,t2) = 5.08833e-06
    CPU time for CCSD iter     47.41 sec, wall time      1.32 sec
cycle = 26  E_corr(CCSD) = -0.685965556416232  dE = -5.63286512e-08  norm(t1,t2) = 3.0425e-06
    CPU time for CCSD iter     48.17 sec, wall time      1.34 sec
cycle = 27  E_corr(CCSD) = -0.68596567128917  dE = -1.14872938e-07  norm(t1,t2) = 1.98962e-06
    CPU time for CCSD iter     47.69 sec, wall time      1.33 sec
cycle = 28  E_corr(CCSD) = -0.685965718203486  dE = -4.69143162e-08  norm(t1,t2) = 1.59406e-06
    CPU time for CCSD iter     47.60 sec, wall time      1.33 sec
cycle = 29  E_corr(CCSD) = -0.685965814820644  dE = -9.66171577e-08  norm(t1,t2) = 1.09709e-06
    CPU time for CCSD iter     47.91 sec, wall time      1.33 sec
cycle = 30  E_corr(CCSD) = -0.685965824655253  dE = -9.83460879e-09  norm(t1,t2) = 7.26767e-07
    CPU time for CCSD iter     47.83 sec, wall time      1.33 sec
    CPU time for CCSD   1477.57 sec, wall time     41.22 sec
UCCSD converged
E(UCCSD) = -119.8192053186334  E_corr = -0.6859658246552529
max_memory 3084 MB (915 MB in use)
max_memory 3084 MB (915 MB in use)
    CPU time for UCCSD(T)     39.46 sec, wall time      1.10 sec
UCCSD(T) correction = -0.0262890405017393
UCCSD(T) energy -119.84549435913517
