#INFO: **** input file is /projects/anma2640/VMC/dqmc_tests/h2o/test/h2o.py ****
import numpy
from pyscf import gto, scf, mcscf, fci, ao2mo, lib, tools, cc
from pauxy.utils.from_pyscf import generate_integrals
import prepVMC

r = 0.958
theta = 104.4776 * numpy.pi / 180.
atomstring = f'O 0. 0. 0.; H {r * numpy.sin(theta/2)}  {r * numpy.cos(theta/2)} 0.; H {-r * numpy.sin(theta/2)}  {r * numpy.cos(theta/2)} 0.'
mol = gto.M(
     atom=atomstring,
     basis='augccpvqz',
     verbose=4,
     symmetry=0,
     spin=0)
mf = scf.RHF(mol)
mf.kernel()
norb = mol.nao
nelec = mol.nelec
print(f'norb: {norb}')
print(f'nelec: {nelec}')

mc = mcscf.CASSCF(mf, 6, 8)
mc.kernel()

# ccsd
mycc = cc.CCSD(mf)
mycc.frozen = 0
mycc.verbose = 5
mycc.kernel()
#prepVMC.write_ccsd(mycc.t1, mycc.t2)

et = mycc.ccsd_t()
print('CCSD(T) energy', mycc.e_tot + et)

nuc_dipmom = [0.0, 0.0, 0.0]
for i in range(mol.natm):
  for j in range(3):
    nuc_dipmom[j] += mol.atom_charge(i)*mol.atom_coord(i)[j]

dip_ints_ao = -mol.intor_symmetric('int1e_r', comp=3)
dip_ints_mo = numpy.empty_like(dip_ints_ao)
for i in range(dip_ints_ao.shape[0]):
  dip_ints_mo[i] = mc.mo_coeff.T.dot(dip_ints_ao[i]).dot(mc.mo_coeff)

import h5py
with h5py.File('dipoleInts.h5', 'w') as fh5:
  fh5['header'] = numpy.array([mol.nao, 3])
  fh5['constants'] = numpy.array(nuc_dipmom)
  for i in range(3):
    fh5[f'ints_{i}'] = dip_ints_mo[i]
#eri_zero = eri * 0.
#perm, dzH = fci.direct_spin1.pspace(dip_ints_mo[2], eri_zero, mol.nao, mol.nelec, np=hDim)
#dzH = dzH[numpy.ix_(perm, perm)]
#print(f'hf dz: {nuc_dipmom[2] - dzH[0,0]}')
#print(f'fci dz: {nuc_dipmom[2] - state[:,0].T.dot(dzH).dot(state[:,0])}')
#exit(0)
#dm1_fci = cisolver.make_rdm1(ci, mol.nao, mol.nelec)
rhf_dipole = mf.dip_moment(unit='au')
print(f'mf dipole: {rhf_dipole}')
dm1_cc = mycc.make_rdm1()
dip_ints_mo = numpy.empty_like(dip_ints_ao)
for i in range(dip_ints_ao.shape[0]):
  dip_ints_mo[i] = mf.mo_coeff.T.dot(dip_ints_ao[i]).dot(mf.mo_coeff)
edip_cc = [0., 0. ,0.]
for i in range(3):
  edip_cc[i] = numpy.trace(numpy.dot(dm1_cc, dip_ints_mo[i]))
print(f'cc dipole: {numpy.array(nuc_dipmom) + numpy.array(edip_cc)}')


print('relaxed cc dipoles:')
mf = scf.RHF(mol)
dE = 1.e-5
E = numpy.array([ 0., -dE, 0. ])
h1e = mf.get_hcore()
h1e += E[1] * dip_ints_ao[1]
mf.get_hcore = lambda *args: h1e
mf.verbose = 1
mf.kernel()
emf_m = mf.e_tot + E[1] * nuc_dipmom[1]

mycc = cc.CCSD(mf)
mycc.frozen = 0
mycc.verbose = 1
mycc.kernel()
emp2_m = mycc.e_hf + mycc.emp2 + E[1] * nuc_dipmom[1]
eccsd_m = mycc.e_tot + E[1] * nuc_dipmom[1]
#prepVMC.write_ccsd(mycc.t1, mycc.t2)

et = mycc.ccsd_t()
print('CCSD(T) energy', mycc.e_tot + et)
eccsdpt_m = mycc.e_tot + et + E[1] * nuc_dipmom[1]

E = numpy.array([ 0., dE, 0. ])
mf = scf.RHF(mol)
h1e = mf.get_hcore()
h1e += E[1] * dip_ints_ao[1]
mf.get_hcore = lambda *args: h1e
mf.verbose = 1
mf.kernel()
emf_p = mf.e_tot + E[1] * nuc_dipmom[1]

mycc = cc.CCSD(mf)
mycc.frozen = 0
mycc.verbose = 1
mycc.kernel()
emp2_p = mycc.e_hf + mycc.emp2 + E[1] * nuc_dipmom[1]
eccsd_p = mycc.e_tot + E[1] * nuc_dipmom[1]
#prepVMC.write_ccsd(mycc.t1, mycc.t2)

et = mycc.ccsd_t()
print('CCSD(T) energy', mycc.e_tot + et)
eccsdpt_p = mycc.e_tot + et + E[1] * nuc_dipmom[1]

print(f'emf_m: {emf_m}, emf_p: {emf_p}, dip_mf: {(emf_p - emf_m) / 2 / dE}')
print(f'emp2_m: {emp2_m}, emp2_p: {emp2_p}, dip_mp2: {(emp2_p - emp2_m) / 2 / dE}')
print(f'eccsd_m: {eccsd_m}, eccsd_p: {eccsd_p}, dip_ccsd: {(eccsd_p - eccsd_m) / 2 / dE}')
print(f'eccsdpt_m: {eccsdpt_m}, eccsd_p: {eccsdpt_p}, dip_ccsdpt: {(eccsdpt_p - eccsdpt_m) / 2 / dE}')
#INFO: ******************** input file end ********************


System: uname_result(system='Linux', node='bhpc-c7-u19-1.rc.int.colorado.edu', release='3.10.0-1160.15.2.el7.x86_64', version='#1 SMP Wed Feb 3 15:06:38 UTC 2021', machine='x86_64', processor='x86_64')  Threads 36
Python 3.8.3 (default, May 19 2020, 18:47:26) 
[GCC 7.3.0]
numpy 1.19.1  scipy 1.5.2
Date: Thu Jan 20 22:22:01 2022
PySCF version 1.7.4
PySCF path  /projects/anma2640/pyscf/pyscf
GIT HEAD      ref: refs/heads/master
GIT master branch  14142ec394cbdcffb8e214fba6b1d6cde9025e9a

[CONFIG] conf_file None
[INPUT] verbose = 4
[INPUT] num. atoms = 3
[INPUT] num. electrons = 10
[INPUT] charge = 0
[INPUT] spin (= nelec alpha-beta = 2S) = 0
[INPUT] symmetry 0 subgroup None
[INPUT] Mole.unit = angstrom
[INPUT]  1 O      0.000000000000   0.000000000000   0.000000000000 AA    0.000000000000   0.000000000000   0.000000000000 Bohr
[INPUT]  2 H      0.757365949175   0.586652213010   0.000000000000 AA    1.431214220012   1.108612012959   0.000000000000 Bohr
[INPUT]  3 H     -0.757365949175   0.586652213010   0.000000000000 AA   -1.431214220012   1.108612012959   0.000000000000 Bohr

nuclear repulsion = 9.18738646193022
number of shells = 47
number of NR pGTOs = 189
number of NR cGTOs = 172
basis = augccpvqz
ecp = {}
CPU time:         0.83


******** <class 'pyscf.scf.hf.RHF'> ********
method = RHF
initial guess = minao
damping factor = 0
level_shift factor = 0
DIIS = <class 'pyscf.scf.diis.CDIIS'>
diis_start_cycle = 1
diis_space = 8
SCF conv_tol = 1e-09
SCF conv_tol_grad = None
SCF max_cycles = 50
direct_scf = True
direct_scf_tol = 1e-13
chkfile to save SCF result = /rc_scratch/anma2640/tmpnta8u9qc
max_memory 4000 MB (current use 82 MB)
Set gradient conv threshold to 3.16228e-05
init E= -75.8861317936208
  HOMO = -0.479409672386519  LUMO = 0.0136463373119103
cycle= 1 E= -76.0296818700816  delta_E= -0.144  |g|= 0.441  |ddm|= 0.678
  HOMO = -0.435316395841238  LUMO = 0.0252944960575582
cycle= 2 E= -76.0552608593558  delta_E= -0.0256  |g|= 0.263  |ddm|= 0.276
  HOMO = -0.519431754427108  LUMO = 0.0261022096512222
cycle= 3 E= -76.0657246000189  delta_E= -0.0105  |g|= 0.032  |ddm|= 0.102
  HOMO = -0.509346574776604  LUMO = 0.0269263823618634
cycle= 4 E= -76.0659260062546  delta_E= -0.000201  |g|= 0.00594  |ddm|= 0.0153
  HOMO = -0.510183690888752  LUMO = 0.0269419349079261
cycle= 5 E= -76.0659403629438  delta_E= -1.44e-05  |g|= 0.00108  |ddm|= 0.00478
  HOMO = -0.510377066130934  LUMO = 0.0269365264893518
cycle= 6 E= -76.0659411004944  delta_E= -7.38e-07  |g|= 0.000199  |ddm|= 0.00111
  HOMO = -0.510438218175693  LUMO = 0.0269367967288301
cycle= 7 E= -76.0659411279569  delta_E= -2.75e-08  |g|= 3.22e-05  |ddm|= 0.000257
  HOMO = -0.510439863330349  LUMO = 0.0269371086659234
cycle= 8 E= -76.0659411285318  delta_E= -5.75e-10  |g|= 3.31e-06  |ddm|= 3.58e-05
  HOMO = -0.51043992838993  LUMO = 0.0269371883840554
Extra cycle  E= -76.0659411285369  delta_E= -5.14e-12  |g|= 1.16e-06  |ddm|= 5.28e-06
converged SCF energy = -76.0659411285369
norb: 172
nelec: (5, 5)

******** <class 'pyscf.mcscf.mc1step.CASSCF'> ********
CAS (4e+4e, 6o), ncore = 1, nvir = 165
max_cycle_macro = 50
max_cycle_micro = 4
conv_tol = 1e-07
conv_tol_grad = None
orbital rotation max_stepsize = 0.02
augmented hessian ah_max_cycle = 30
augmented hessian ah_conv_tol = 1e-12
augmented hessian ah_linear dependence = 1e-14
augmented hessian ah_level shift = 0
augmented hessian ah_start_tol = 2.5
augmented hessian ah_start_cycle = 3
augmented hessian ah_grad_trust_region = 3
kf_trust_region = 3
kf_interval = 4
ci_response_space = 4
ci_grad_trust_region = 3
with_dep4 0
natorb = False
canonicalization = True
sorting_mo_energy = False
ao2mo_level = 2
chkfile = /rc_scratch/anma2640/tmpnta8u9qc
max_memory 4000 MB (current use 1023 MB)
internal_rotation = False
******** <class 'pyscf.fci.direct_spin1.FCISolver'> ********
max. cycles = 50
conv_tol = 1e-08
davidson only = False
linear dependence = 1e-10
level shift = 0.001
max iter space = 12
max_memory 4000 MB
nroots = 1
pspace_size = 400
spin = None
CASCI E = -76.0659646359287  S^2 = 0.0000000
Set conv_tol_grad to 0.000316228
macro iter 1 (12 JK  3 micro), CASSCF E = -76.0663179791273  dE = -0.0003533432  S^2 = 0.0000000
               |grad[o]|=0.00023  |grad[c]|= 0.003429881241396401  |ddm|=0.00342
macro iter 2 (21 JK  4 micro), CASSCF E = -76.081521091841  dE = -0.015203113  S^2 = 0.0000000
               |grad[o]|=0.00272  |grad[c]|= 0.04203336531758987  |ddm|=0.0141
macro iter 3 (21 JK  4 micro), CASSCF E = -76.1099390129578  dE = -0.028417921  S^2 = 0.0000000
               |grad[o]|=0.035  |grad[c]|= 0.03931525584661914  |ddm|=0.0162
macro iter 4 (21 JK  4 micro), CASSCF E = -76.1189931799587  dE = -0.009054167  S^2 = 0.0000000
               |grad[o]|= 0.03  |grad[c]|= 0.018703810557796713  |ddm|=0.0139
macro iter 5 (7 JK  2 micro), CASSCF E = -76.1193557673204  dE = -0.00036258736  S^2 = 0.0000000
               |grad[o]|=0.00914  |grad[c]|= 0.009129255015320687  |ddm|=0.000879
macro iter 6 (7 JK  2 micro), CASSCF E = -76.1195849063085  dE = -0.00022913899  S^2 = 0.0000000
               |grad[o]|=0.00676  |grad[c]|= 0.01241116426195889  |ddm|=0.00116
macro iter 7 (12 JK  4 micro), CASSCF E = -76.1196109518032  dE = -2.6045495e-05  S^2 = 0.0000000
               |grad[o]|=0.00251  |grad[c]|= 0.0006417893267323392  |ddm|=0.00232
macro iter 8 (6 JK  2 micro), CASSCF E = -76.1196111941117  dE = -2.4230843e-07  S^2 = 0.0000000
               |grad[o]|=0.00063  |grad[c]|= 0.00010162405310980185  |ddm|=0.000146
macro iter 9 (3 JK  1 micro), CASSCF E = -76.1196111974366  dE = -3.3249705e-09  S^2 = 0.0000000
               |grad[o]|=4.05e-05  |grad[c]|= 4.9691804171107955e-05  |ddm|=1.69e-05
1-step CASSCF converged in 9 macro (110 JK 26 micro) steps
CASSCF canonicalization
Density matrix diagonal elements [1.99272887 1.9779317  1.98525481 1.99954498 0.02206352 0.02247612]
CASSCF energy = -76.1196111974366
CASCI E = -76.1196111974366  E(CI) = -24.2318896213472  S^2 = 0.0000000

******** <class 'pyscf.cc.ccsd.CCSD'> ********
CC2 = 0
CCSD nocc = 5, nmo = 172
frozen orbitals 0
max_cycle = 50
direct = 0
conv_tol = 1e-07
conv_tol_normt = 1e-05
diis_space = 6
diis_start_cycle = 0
diis_start_energy_diff = 1e+09
max_memory 4000 MB (current use 1145 MB)
MO integrals int2e_sph are saved in <HDF5 file "tmpulrpiw9a" (mode r+)>/eri_mo
num. MO ints = 1.9678478e+08, required disk 1574.2783 MB
step1: tmpfile /rc_scratch/anma2640/tmph50zyhlb  1669.6687 MB
step1: (ij,kl) = (14028,14878), mem cache 2854.3406 MB, iobuf 800 MB
    CPU time for Initializing ao2mo.outcore.half_e1      0.43 sec, wall time      0.01 sec
    CPU time for AO->MO transformation for int2e_sph 1 pass     71.23 sec, wall time      3.46 sec
step2: kl-pair (ao 14878, mo 14028), mem 266.61376 MB, ioblock 251.38176 MB
    CPU time for AO->MO transformation for int2e_sph 2 pass     60.34 sec, wall time      4.94 sec
    CPU time for AO->MO transformation for int2e_sph     131.57 sec, wall time      8.39 sec
step1: tmpfile /rc_scratch/anma2640/tmpvo8961jl  102.36064 MB
step1: (ij,kl) = (860,14878), mem cache 2787.5963 MB, iobuf 800 MB
    CPU time for Initializing ao2mo.outcore.half_e1      0.09 sec, wall time      0.01 sec
    CPU time for CCSD integral transformation    182.78 sec, wall time     10.22 sec
Init t2, MP2 energy = -76.3827745732355  E_corr(MP2) -0.316833444698511
    CPU time for init mp2      0.02 sec, wall time      0.02 sec
Init E_corr(CCSD) = -0.316833444699042
cycle = 1  E_corr(CCSD) = -0.313265126433445  dE = 0.00356831827  norm(t1,t2) = 0.0293753
    CPU time for CCSD iter    122.95 sec, wall time      3.54 sec
cycle = 2  E_corr(CCSD) = -0.319136737509821  dE = -0.00587161108  norm(t1,t2) = 0.00934627
    CPU time for CCSD iter    116.84 sec, wall time      3.30 sec
cycle = 3  E_corr(CCSD) = -0.319142772503898  dE = -6.03499408e-06  norm(t1,t2) = 0.00411798
    CPU time for CCSD iter    110.49 sec, wall time      3.10 sec
cycle = 4  E_corr(CCSD) = -0.319645118293158  dE = -0.000502345789  norm(t1,t2) = 0.00153455
    CPU time for CCSD iter    109.29 sec, wall time      3.06 sec
cycle = 5  E_corr(CCSD) = -0.319708849426441  dE = -6.37311333e-05  norm(t1,t2) = 0.000332979
    CPU time for CCSD iter    114.51 sec, wall time      3.38 sec
cycle = 6  E_corr(CCSD) = -0.31968133118011  dE = 2.75182463e-05  norm(t1,t2) = 0.000111392
    CPU time for CCSD iter    113.64 sec, wall time      3.20 sec
cycle = 7  E_corr(CCSD) = -0.319676150997158  dE = 5.18018295e-06  norm(t1,t2) = 2.67272e-05
    CPU time for CCSD iter    109.78 sec, wall time      3.11 sec
cycle = 8  E_corr(CCSD) = -0.319677719565204  dE = -1.56856805e-06  norm(t1,t2) = 1.04212e-05
    CPU time for CCSD iter    113.87 sec, wall time      3.22 sec
cycle = 9  E_corr(CCSD) = -0.319677475805545  dE = 2.43759659e-07  norm(t1,t2) = 3.46538e-06
    CPU time for CCSD iter    106.92 sec, wall time      3.00 sec
cycle = 10  E_corr(CCSD) = -0.319677485909282  dE = -1.01037377e-08  norm(t1,t2) = 8.21008e-07
    CPU time for CCSD iter    115.23 sec, wall time      3.23 sec
    CPU time for CCSD   1133.53 sec, wall time     32.13 sec
CCSD converged
E(CCSD) = -76.38561861444623  E_corr = -0.3196774859092825
MO integrals int2e_sph are saved in <HDF5 file "tmps_rhx3m5" (mode r+)>/eri_mo
num. MO ints = 1.9678478e+08, required disk 1574.2783 MB
step1: tmpfile /rc_scratch/anma2640/tmpg13_dorj  1669.6687 MB
step1: (ij,kl) = (14028,14878), mem cache 2665.0931 MB, iobuf 800 MB
    CPU time for Initializing ao2mo.outcore.half_e1      0.36 sec, wall time      0.01 sec
    CPU time for AO->MO transformation for int2e_sph 1 pass     71.83 sec, wall time      3.29 sec
step2: kl-pair (ao 14878, mo 14028), mem 247.56992 MB, ioblock 233.42592 MB
    CPU time for AO->MO transformation for int2e_sph 2 pass     60.15 sec, wall time      4.74 sec
    CPU time for AO->MO transformation for int2e_sph     131.98 sec, wall time      8.04 sec
step1: tmpfile /rc_scratch/anma2640/tmpvddvj30b  102.36064 MB
step1: (ij,kl) = (860,14878), mem cache 2651.2282 MB, iobuf 800 MB
    CPU time for Initializing ao2mo.outcore.half_e1      0.31 sec, wall time      0.02 sec
    CPU time for CCSD integral transformation    185.29 sec, wall time      9.92 sec
max_memory 2649 MB (1350 MB in use)
    CPU time for CCSD(T)     30.18 sec, wall time      0.99 sec
CCSD(T) correction = -0.00963957014997743
CCSD(T) energy -76.3952581845962
Dipole moment(X, Y, Z, A.U.): -0.00000,  0.77964,  0.00000
mf dipole: [-1.15447130e-14  7.79643015e-01  2.24041604e-15]
MO integrals int2e_sph are saved in <HDF5 file "tmph3w5gwma" (mode r+)>/eri_mo
num. MO ints = 1.9678478e+08, required disk 1574.2783 MB
step1: tmpfile /rc_scratch/anma2640/tmpoafvjeut  1669.6687 MB
step1: (ij,kl) = (14028,14878), mem cache 2604.1692 MB, iobuf 800 MB
    CPU time for Initializing ao2mo.outcore.half_e1      0.41 sec, wall time      0.01 sec
    CPU time for AO->MO transformation for int2e_sph 1 pass     76.10 sec, wall time      3.60 sec
step2: kl-pair (ao 14878, mo 14028), mem 247.56992 MB, ioblock 233.42592 MB
    CPU time for AO->MO transformation for int2e_sph 2 pass     61.44 sec, wall time      5.03 sec
    CPU time for AO->MO transformation for int2e_sph     137.54 sec, wall time      8.63 sec
step1: tmpfile /rc_scratch/anma2640/tmp10pemnhu  102.36064 MB
step1: (ij,kl) = (860,14878), mem cache 2601.3061 MB, iobuf 800 MB
    CPU time for Initializing ao2mo.outcore.half_e1      0.07 sec, wall time      0.01 sec
    CPU time for CCSD integral transformation    191.42 sec, wall time     10.50 sec
    CPU time for CCSD lambda initialization     63.06 sec, wall time      3.86 sec
cycle = 1  norm(lambda1,lambda2) = 0.00754543
    CPU time for CCSD iter    115.98 sec, wall time      3.25 sec
cycle = 2  norm(lambda1,lambda2) = 0.00150959
    CPU time for CCSD iter    107.98 sec, wall time      3.02 sec
cycle = 3  norm(lambda1,lambda2) = 0.000949079
    CPU time for CCSD iter    109.28 sec, wall time      3.04 sec
cycle = 4  norm(lambda1,lambda2) = 0.000371753
    CPU time for CCSD iter    106.38 sec, wall time      2.96 sec
cycle = 5  norm(lambda1,lambda2) = 6.34441e-05
    CPU time for CCSD iter    103.93 sec, wall time      2.89 sec
cycle = 6  norm(lambda1,lambda2) = 2.25295e-05
    CPU time for CCSD iter    106.20 sec, wall time      2.96 sec
cycle = 7  norm(lambda1,lambda2) = 4.72899e-06
    CPU time for CCSD iter    115.18 sec, wall time      3.23 sec
cc dipole: [-8.49403211e-16  7.33919505e-01 -3.01199525e-16]
relaxed cc dipoles:
CCSD(T) energy -76.39524330393127
CCSD(T) energy -76.39527306620771
emf_m: -76.06594892538416, emf_p: -76.0659333325394, dip_mf: 0.7796422380579314
emp2_m: -76.38278190507452, emp2_p: -76.38276724235834, dip_mp2: 0.7331358091278161
eccsd_m: -76.38562599569343, eccsd_p: -76.38561123412435, dip_ccsd: 0.7380784538213446
eccsdpt_m: -76.39526547617153, eccsd_p: -76.39525089396744, dip_ccsdpt: 0.7291102043893715
