#INFO: **** input file is /projects/anma2640/VMC/dqmc_tests/feo/trail/rot/feo.py ****
import numpy
from pyscf import gto, scf, dft, ao2mo, mcscf, tools, lib, symm, cc
from pyscf.tools import molden
import scipy.linalg as la
from pauxy.utils.from_pyscf import generate_integrals
from pyscf.shciscf import shci
import prepVMC
import json

df=json.load(open("/projects/anma2640/pauxy/examples/generic/tmo/trail.json"))

# Checkpoint File Name
r = 1.616
atomString = f'Fe 0 0 0; O {r} 0 0;'
el = 'Fe'
basis = 'vdz'
#mol = gto.M(atom = atomString, basis = {'Fe': 'ccpwcvdzdk', 'O': 'ccpvdzdk'}, spin = 4, symmetry = 'c2v', verbose = 4)
#mol = gto.M(atom = atomString, basis = 'ccpvdz', spin = 4, symmetry = 'c2v', verbose = 4)
#mol = gto.M(atom = atomString, basis = {'Fe': 'ano@6s5p3d2f1g', 'O': 'ano@4s3p2d1f'}, spin = 4, symmetry = 'c2v', verbose = 4)
mol = gto.Mole()
mol.ecp = {}
mol.basis = {}
for e in [el, 'O']:
  mol.ecp[e] = gto.basis.parse_ecp(df[e]['ecp'])
  mol.basis[e] = gto.basis.parse(df[e][basis])
mol.charge = 0
mol.spin = 4
mol.build(atom = atomString, verbose = 4, symmetry='c2v')
#mf = scf.fast_newton(scf.RHF(mol).x2c())
#mf = scf.ROHF(mol).x2c()
mf = scf.ROHF(mol)
mf.level_shift = 0.4
mf.max_cycle = 200
#mf.irrep_nelec = { "A1": (10, 9), 'B1': (4, 3), 'B2': (4, 3), 'A2': (1, 0) }
#mf.chkfile = 'feo.chk'
#chkfile = 'feo.chk'
#mf.__dict__.update(lib.chkfile.load(chkfile, "scf"))
mf.kernel()
mf.analyze()
tools.molden.from_mo(mol, 'feo.molden', mf.mo_coeff)
print(f'mol.nao: {mol.nao}')
print(f'mol.nelec: {mol.nelec}')
#exit(0)

norb = mol.nao
norbAct = 13
nelecAct = 12
norbFrozen = 5
ncore = 5
# active space: Cu 3d, 4d; O 2p, 3p
# O 2s optimized as core in casscf, rest core frozen at hf level
mc = shci.SHCISCF(mf,  norbAct, nelecAct)
#mo = mc.sort_mo_by_irrep({'Ag': 6,'B1u': 4,'B2u': 4, 'B3g': 4, 'B3u': 6, 'B2g': 2, 'B1g': 4, 'Au': 2},
#    {'Ag': 7,'B1u': 2,'B2u': 4, 'B3g': 0, 'B3u': 5,'B2g': 2, 'B1g': 2, 'Au': 0})
mo = mc.sort_mo_by_irrep({'A1': 5,'A2': 2,'B1': 3, 'B2': 3},
    {'A1': 3,'A2': 0,'B1': 1, 'B2': 1})
#chkfile = f'cu2o2_{f}_SHCISCF.chk'
#mc.__dict__.update(lib.chkfile.load(chkfile, 'mcscf'))
mc.chkfile = f'feo_SHCISCF.chk'
#mc.frozen = norbFrozen
mc.fcisolver.sweep_iter = [ 0 ]
mc.fcisolver.sweep_epsilon = [ 1e-5 ]
mc.fcisolver.nPTiter = 0
mc.max_cycle_macro = 10
mc.internal_rotation = True
mc.fcisolver.nPTiter = 0  # Turns off PT calculation, i.e. no PTRDM.
mc.fcisolver.mpiprefix = "mpirun -np 36"
mc.fcisolver.scratchDirectory = "/rc_scratch/anma2640/feo/"
mc.mc1step(mo)
tools.molden.from_mo(mol, 'feo_cas.molden', mc.mo_coeff)
#exit(0)

norbAct = 18
moActDice = mc.mo_coeff[:, :norbAct]
h1eff = moActDice.T.dot(mf.get_hcore()).dot(moActDice)
eri = ao2mo.kernel(mol, moActDice)
tools.fcidump.from_integrals('FCIDUMP_can', h1eff, eri, norbAct, mol.nelectron, mol.energy_nuc())

overlap = mf.get_ovlp(mol)
coeffs = numpy.zeros((norb, 2*norb))
coeffs[:,:norb] = prepVMC.basisChange(mf.mo_coeff, mc.mo_coeff, overlap)
coeffs[:,norb:] = prepVMC.basisChange(mf.mo_coeff, mc.mo_coeff, overlap)
prepVMC.writeMat(coeffs, 'uhf.txt')

rhfCoeffs = prepVMC.basisChange(mf.mo_coeff, mc.mo_coeff, overlap)
prepVMC.writeMat(rhfCoeffs, 'rhf.txt')

h1e, chol, nelec, enuc = generate_integrals(mol, mf.get_hcore(), mc.mo_coeff, chol_cut=1e-5, verbose=True)

#nbasis = h1e.shape[-1]
#rotCorevhf = moActive.T.dot(corevhf).dot(moActive)
#h1e = h1e[norbFrozen:norbFrozen+norbAct, norbFrozen:norbFrozen+norbAct] + rotCorevhf
#chol = chol.reshape((-1, nbasis, nbasis))
#chol = chol[:, norbFrozen:norbFrozen+norbAct, norbFrozen:norbFrozen+norbAct]
#mol.nelec = (mol.nelec[0]-norbFrozen, mol.nelec[1]-norbFrozen)
#enuc = energy_core

# after core averaging
nbasis = h1e.shape[-1]
print(f'nelec: {nelec}')
print(f'nbasis: {nbasis}')
print(f'chol.shape: {chol.shape}')
chol = chol.reshape((-1, nbasis, nbasis))
v0 = 0.5 * numpy.einsum('nik,njk->ij', chol, chol, optimize='optimal')
h1e_mod = h1e - v0
chol = chol.reshape((chol.shape[0], -1))
prepVMC.write_dqmc(h1e, h1e_mod, chol, sum(mol.nelec), nbasis, enuc, ms=mol.spin, filename='FCIDUMP_chol')

myucc = cc.UCCSD(mf)
myucc.verbose = 5
myucc.kernel()
#overlap = mf.get_ovlp(mol)
#rotation = (mc1.mo_coeff[:, norbFrozen:].T).dot(overlap.dot(mf.mo_coeff[:, norbFrozen:]))
#prepVMC.write_uccsd(myucc.t1, myucc.t2)

et = myucc.ccsd_t()
print('UCCSD(T) energy', myucc.e_tot + et)
#INFO: ******************** input file end ********************


System: uname_result(system='Linux', node='bhpc-c7-u7-15.rc.int.colorado.edu', release='3.10.0-1160.15.2.el7.x86_64', version='#1 SMP Wed Feb 3 15:06:38 UTC 2021', machine='x86_64', processor='x86_64')  Threads 36
Python 3.8.3 (default, May 19 2020, 18:47:26) 
[GCC 7.3.0]
numpy 1.19.1  scipy 1.5.2
Date: Fri Dec 17 01:12:49 2021
PySCF version 1.7.4
PySCF path  /projects/anma2640/pyscf/pyscf
GIT HEAD      ref: refs/heads/master
GIT master branch  14142ec394cbdcffb8e214fba6b1d6cde9025e9a

[CONFIG] conf_file None
[INPUT] verbose = 4
[INPUT] num. atoms = 2
[INPUT] num. electrons = 22
[INPUT] charge = 0
[INPUT] spin (= nelec alpha-beta = 2S) = 4
[INPUT] symmetry C2v subgroup None
[INPUT] Mole.unit = angstrom
[INPUT]  1 Fe     0.000000000000   0.000000000000   0.000000000000 AA    0.000000000000   0.000000000000   0.000000000000 Bohr
[INPUT]  2 O      1.616000000000   0.000000000000   0.000000000000 AA    3.053797417297   0.000000000000   0.000000000000 Bohr

nuclear repulsion = 31.4362699556436
point group symmetry = C2v
num. orbitals of irrep A1 = 32
num. orbitals of irrep A2 = 8
num. orbitals of irrep B1 = 18
num. orbitals of irrep B2 = 18
number of shells = 24
number of NR pGTOs = 334
number of NR cGTOs = 76
basis = {'Fe': [[0, [41.79315189, 0.013363], [21.4479766, -0.225831], [13.50597996, 1.092302], [9.47978339, -1.379238], [4.48116767, 0.183004], [2.00533715, 0.377557], [1.21557711, 0.591529], [0.52042955, 0.236703], [0.24120153, -0.029854], [0.11142434, 0.02048], [0.05213724, -0.006828], [0.02419858, 0.002604]], [0, [41.79315189, -0.002034], [21.4479766, 0.04181], [13.50597996, -0.22265], [9.47978339, 0.296462], [4.48116767, -0.039261], [2.00533715, -0.090727], [1.21557711, -0.230375], [0.52042955, -0.197211], [0.24120153, 0.111234], [0.11142434, 0.439139], [0.05213724, 0.516418], [0.02419858, 0.126845]], [0, [41.79315189, -0.004323], [21.4479766, 0.132016], [13.50597996, -0.841007], [9.47978339, 1.270608], [4.48116767, -0.357855], [2.00533715, -1.172638], [1.21557711, 0.080918], [0.52042955, 0.564238], [0.24120153, 0.803759], [0.11142434, 0.166439], [0.05213724, -0.599817], [0.02419858, -0.320989]], [0, [0.02419858, 1.0]], [0, [0.01123134, 1.0]], [1, [66.19105244, 0.00032], [34.58074578, -0.003142], [17.77781378, 0.029707], [9.38371315, -0.152873], [5.85185491, 0.094627], [3.39352009, 0.227547], [1.80084269, 0.448024], [0.88349057, 0.318306], [0.45376195, 0.097682], [0.18864625, 0.012314], [0.07756623, -0.001004], [0.03189313, 0.000474]], [1, [66.19105244, -1.8e-05], [34.58074578, 0.000416], [17.77781378, -0.005911], [9.38371315, 0.03555], [5.85185491, -0.025962], [3.39352009, -0.059781], [1.80084269, -0.122371], [0.88349057, -0.102075], [0.45376195, 0.039881], [0.18864625, 0.346137], [0.07756623, 0.528115], [0.03189313, 0.237416]], [1, [66.19105244, -0.000834], [34.58074578, 0.002604], [17.77781378, 0.016549], [9.38371315, -0.211504], [5.85185491, 0.182022], [3.39352009, 0.789997], [1.80084269, 0.110593], [0.88349057, -0.853215], [0.45376195, -0.426908], [0.18864625, 0.584503], [0.07756623, 0.418096], [0.03189313, 0.004159]], [1, [0.03189313, 1.0]], [1, [0.01311358, 1.0]], [2, [58.21685909, 0.000311], [24.96806153, -0.010386], [12.44413704, 0.126915], [5.48395408, 0.166806], [2.79137309, 0.262721], [1.34407118, 0.316542], [0.61230651, 0.280074], [0.27095461, 0.158069], [0.12811374, 0.049028], [0.05904405, 0.008369]], [2, [58.21685909, 0.000264], [24.96806153, 0.008003], [12.44413704, -0.131894], [5.48395408, -0.228203], [2.79137309, -0.382561], [1.34407118, -0.063105], [0.61230651, 0.332607], [0.27095461, 0.402603], [0.12811374, 0.213988], [0.05904405, 0.04923]], [2, [0.05904405, 1.0]], [2, [0.02721175, 1.0]], [3, [2.703381, 1.0]], [3, [1.2459129, 1.0]]], 'O': [[0, [57.663349, -0.002794], [35.726816, 0.023976], [22.453757, -0.115974], [14.732301, 0.288033], [9.739917, -0.274786], [5.042008, -0.083789], [2.157818, 0.063778], [1.002916, 0.410182], [0.421839, 0.504044], [0.173041, 0.172152]], [0, [0.222099, 1.0]], [0, [0.08884, 1.0]], [1, [52.47406, -0.000522], [32.138432, 0.004857], [19.458579, -0.027749], [11.839344, 0.074258], [7.91003, 0.014369], [3.670858, 0.153479], [1.53966, 0.283685], [0.647119, 0.358201], [0.267853, 0.29559], [0.107198, 0.104889]], [1, [0.252604, 1.0]], [1, [0.101042, 1.0]], [2, [1.223113, 1.0]], [2, [0.489245, 1.0]]]}
ecp = {'Fe': [10, [[-1, [[], [[16.90683491, 16.0]], [[18.40258134, 26847.81569895], [6.30300831, -133.54888707], [18.42848726, -26765.4049232], [18.43432023, 1.00742417]], [[7.01300654, 270.50935856]], [], [], []]], [0, [[], [], [[9.62463353, 20308.8999348], [9.1270955, -17595.21707731], [7.5416384, 1884.69012383], [12.70900949, -4483.50209856], [8.14863339, -1094.38597968], [16.27611739, 1032.95376659]], [], [], [], []]], [1, [[], [], [[11.36514719, -905.00711112], [14.56762424, 34640.9358259], [15.05861359, -42299.94223895], [17.41337089, 10633.68808757], [18.3746752, -5844.19723669], [17.04734437, 3803.80414779]], [], [], [], []]], [2, [[], [], [[10.13935738, -11031.18647055], [13.45796076, 16711.37502047], [10.97387824, 37989.95033676], [11.92919033, -41782.92514683], [17.7123012, 3812.58339812], [17.32108913, -5718.00854971]], [], [], [], []]]]], 'O': [2, [[-1, [[], [[10.27717748, 6.0]], [[15.99566749, 1232.50197768], [10.46901775, -696.47008301], [14.6384801, -2654.22657081], [12.57591181, 2101.67732548]], [[7.77739102, 61.66306486]], [], [], []]], [0, [[], [], [[12.39426073, -656683.37638839], [12.38126171, 657858.57667068], [8.57671033, 511.50098405], [9.89256508, -2579.54665641], [28.05641604, -57.68129584], [17.24753607, 970.30940152]], [], [], [], []]], [1, [[], [], [[14.78918914, -363027.24258186], [14.82014018, 361852.52314043], [22.89622221, -1300.20069256], [8.51331893, -181.96869573], [11.48609758, 2194.87589959], [27.22017524, 451.19906206]], [], [], [], []]]]]}
CPU time:         0.76


******** <class 'pyscf.scf.hf_symm.SymAdaptedROHF'> ********
method = SymAdaptedROHF-ROHF-RHF
initial guess = minao
damping factor = 0
level_shift factor = 0.4
DIIS = <class 'pyscf.scf.diis.CDIIS'>
diis_start_cycle = 1
diis_space = 8
SCF conv_tol = 1e-09
SCF conv_tol_grad = None
SCF max_cycles = 200
direct_scf = True
direct_scf_tol = 1e-13
chkfile to save SCF result = /rc_scratch/anma2640/tmpff4wpt8g
max_memory 4000 MB (current use 90 MB)
num. doubly occ = 9  num. singly occ = 4
Freeze 0 electrons in irreps []
    22 free electrons in irreps A1 A2 B1 B2
Set gradient conv threshold to 3.16228e-05
init E= -137.114048351701
HOMO (A1) = 0.429096563365583  LUMO (A1) = 0.393741027296994
cycle= 1 E= -130.70174689064  delta_E= 6.41  |g|=  5.7  |ddm|= 5.25
HOMO (B2) = -0.898979982251255  LUMO (A1) = -0.786326319934947
cycle= 2 E= -119.249228919943  delta_E= 11.5  |g|= 10.4  |ddm|= 6.26
HOMO (A1) = 0.575939976612737  LUMO (B1) = -0.653825437086946
cycle= 3 E= -134.97007527102  delta_E= -15.7  |g|= 2.49  |ddm|=   33
HOMO (A1) = -0.291434234602348  LUMO (A1) = -0.0355528211204097
cycle= 4 E= -138.134637087919  delta_E= -3.16  |g|= 1.48  |ddm|=   33
HOMO (A1) = -0.00123362116248788  LUMO (A1) = 0.25530171026106
cycle= 5 E= -138.259475386109  delta_E= -0.125  |g|= 1.22  |ddm|= 1.07
HOMO (A1) = -0.0374258129365106  LUMO (A1) = 0.29539874554903
cycle= 6 E= -138.405006488274  delta_E= -0.146  |g|= 0.961  |ddm|= 0.322
HOMO (A1) = 0.0277903413475724  LUMO (A1) = 0.333051409793199
cycle= 7 E= -138.546570532542  delta_E= -0.142  |g|= 0.554  |ddm|= 0.309
HOMO (B1) = 0.0695465457203293  LUMO (A1) = 0.353767139949997
cycle= 8 E= -138.609461162823  delta_E= -0.0629  |g|= 0.28  |ddm|= 0.254
HOMO (A1) = 0.0775467751425042  LUMO (A1) = 0.363452560155809
cycle= 9 E= -138.625481908162  delta_E= -0.016  |g|= 0.185  |ddm|= 0.179
HOMO (B1) = 0.0735744625280264  LUMO (A1) = 0.362598782260197
cycle= 10 E= -138.639407583727  delta_E= -0.0139  |g|= 0.106  |ddm|= 0.157
HOMO (A1) = 0.0666551712676246  LUMO (A1) = 0.361629909213099
cycle= 11 E= -138.643928604013  delta_E= -0.00452  |g|= 0.107  |ddm|= 0.0977
HOMO (B2) = 0.0963882379317834  LUMO (A1) = 0.373150349474483
cycle= 12 E= -138.646572548844  delta_E= -0.00264  |g|= 0.0976  |ddm|= 0.0924
HOMO (B2) = 0.0995426164317374  LUMO (A1) = 0.374982732008953
cycle= 13 E= -138.645836914878  delta_E= 0.000736  |g|= 0.0784  |ddm|= 0.0583
HOMO (B2) = 0.0830446064772502  LUMO (A1) = 0.373204685562107
cycle= 14 E= -138.649399421664  delta_E= -0.00356  |g|= 0.0574  |ddm|= 0.0876
HOMO (A1) = 0.0680889021610575  LUMO (A1) = 0.368922690549767
cycle= 15 E= -138.654876203539  delta_E= -0.00548  |g|= 0.0427  |ddm|= 0.18
HOMO (A1) = 0.050076102238745  LUMO (A1) = 0.362971439202988
cycle= 16 E= -138.659584977938  delta_E= -0.00471  |g|= 0.0226  |ddm|= 0.247
HOMO (A1) = 0.0574905450070422  LUMO (A1) = 0.364112704642017
cycle= 17 E= -138.659848551941  delta_E= -0.000264  |g|= 0.0113  |ddm|= 0.0302
HOMO (A1) = 0.0568305165061319  LUMO (A1) = 0.363422961506526
cycle= 18 E= -138.660043203114  delta_E= -0.000195  |g|= 0.00665  |ddm|= 0.0423
HOMO (A1) = 0.0547999389257402  LUMO (A1) = 0.362680060241068
cycle= 19 E= -138.660078865027  delta_E= -3.57e-05  |g|= 0.0047  |ddm|= 0.0283
HOMO (A1) = 0.0568757026901876  LUMO (A1) = 0.363181453525193
cycle= 20 E= -138.66008509667  delta_E= -6.23e-06  |g|= 0.00352  |ddm|= 0.014
HOMO (A1) = 0.0562651802505947  LUMO (A1) = 0.363119512536966
cycle= 21 E= -138.660092253505  delta_E= -7.16e-06  |g|= 0.00209  |ddm|= 0.00521
HOMO (A1) = 0.0559990336343732  LUMO (A1) = 0.363084062995875
cycle= 22 E= -138.660095446845  delta_E= -3.19e-06  |g|= 0.00097  |ddm|= 0.00355
HOMO (A1) = 0.0562749459058266  LUMO (A1) = 0.363164317734898
cycle= 23 E= -138.660095902555  delta_E= -4.56e-07  |g|= 0.000993  |ddm|= 0.00199
HOMO (A1) = 0.0560280600701547  LUMO (A1) = 0.363135647108633
cycle= 24 E= -138.660096657558  delta_E= -7.55e-07  |g|= 0.00036  |ddm|= 0.00197
HOMO (A1) = 0.0560247912625694  LUMO (A1) = 0.363145387130088
cycle= 25 E= -138.660096817717  delta_E= -1.6e-07  |g|= 0.000214  |ddm|= 0.00133
HOMO (A1) = 0.0560365238374603  LUMO (A1) = 0.363157933908693
cycle= 26 E= -138.660096887322  delta_E= -6.96e-08  |g|= 0.000115  |ddm|= 0.000816
HOMO (A1) = 0.0560221363308567  LUMO (A1) = 0.363160343448355
cycle= 27 E= -138.660096909146  delta_E= -2.18e-08  |g|= 8.55e-05  |ddm|= 0.000473
HOMO (A1) = 0.0560226557613085  LUMO (A1) = 0.363165584842744
cycle= 28 E= -138.660096917014  delta_E= -7.87e-09  |g|= 6.5e-05  |ddm|= 0.000326
HOMO (A1) = 0.0560269914588801  LUMO (A1) = 0.363172446770245
cycle= 29 E= -138.660096922136  delta_E= -5.12e-09  |g|= 3.64e-05  |ddm|= 0.000221
HOMO (A1) = 0.0560296885448094  LUMO (A1) = 0.363175153129281
cycle= 30 E= -138.660096923595  delta_E= -1.46e-09  |g|= 2.32e-05  |ddm|= 0.000158
HOMO (A1) = 0.0560277416258899  LUMO (A1) = 0.363176107767824
cycle= 31 E= -138.660096924277  delta_E= -6.82e-10  |g|= 1.33e-05  |ddm|= 8.46e-05
HOMO (A1) = -0.143972881092525  LUMO (A1) = -0.0368249394894934
Extra cycle  E= -138.660096924342  delta_E= -6.56e-11  |g|= 1.28e-05  |ddm|= 6.79e-05
converged SCF energy = -138.660096924342
**** SCF Summaries ****
Total Energy =                        -138.660096924342412
Nuclear Repulsion Energy =              31.436269955643564
One-electron Energy =                 -306.465760642998930
Two-electron Energy =                  136.369393763012965
Wave-function symmetry = A2
occupancy for each irrep:     A1   A2   B1   B2
double occ                     4    1    2    2
single occ                     2    0    1    1
**** MO energy ****
                          Roothaan           | alpha              | beta
MO #1   (A1  #1 ) energy= -4.40673915990535  | -4.57946371119044  | -4.23401462061322  occ= 2
MO #2   (A1  #2 ) energy= -2.79915216528849  | -3.0469916355566   | -2.55131264072336  occ= 2
MO #3   (B1  #1 ) energy= -2.78789544932542  | -2.9754127149487   | -2.6003781610617   occ= 2
MO #4   (B2  #1 ) energy= -2.78789543930742  | -2.97541272091736  | -2.6003781358959   occ= 2
MO #5   (A1  #3 ) energy= -1.11832202060642  | -1.1326388364419   | -1.10400527143034  occ= 2
MO #6   (A2  #1 ) energy= -0.542091139881809 | -0.602525834249611 | -0.481656445514004 occ= 2
MO #7   (A1  #4 ) energy= -0.414865018754024 | -0.445940122177551 | -0.383791277624171 occ= 2
MO #8   (B1  #2 ) energy= -0.387191644649333 | -0.414928298289351 | -0.359455498341323 occ= 2
MO #9   (B2  #2 ) energy= -0.38719129733221  | -0.414927957032153 | -0.359455113089156 occ= 2
MO #10  (A1  #5 ) energy= -0.152958359216633 | -0.570297131701552 | 0.264380203995515  occ= 1
MO #11  (B1  #3 ) energy= -0.147320148254166 | -0.62250772053079  | 0.327867898415534  occ= 1
MO #12  (B2  #3 ) energy= -0.147320101228533 | -0.622507584573387 | 0.327867776306091  occ= 1
MO #13  (A1  #6 ) energy= -0.143972881092525 | -0.648944175482713 | 0.36099841548988   occ= 1
MO #14  (A1  #7 ) energy= -0.0368249394894934 | -0.0476588133691991 | -0.0259900244171504 occ= 0
MO #15  (A1  #8 ) energy= 0.0180668056791702 | 0.0146332738690745 | 0.0215006049886294 occ= 0
MO #16  (B2  #4 ) energy= 0.0187109791653751 | 0.0174656247057947 | 0.0199568639838578 occ= 0
MO #17  (B1  #4 ) energy= 0.0187109832466328 | 0.0174656043155259 | 0.0199567361879546 occ= 0
MO #18  (A1  #9 ) energy= 0.0371996443989878 | 0.0367169696689232 | 0.0376822850621167 occ= 0
MO #19  (B1  #5 ) energy= 0.0710033167071579 | 0.067137570257812  | 0.0748687493803203 occ= 0
MO #20  (B2  #5 ) energy= 0.0710033313319001 | 0.0671375977103928 | 0.074868792870323  occ= 0
MO #21  (A2  #2 ) energy= 0.0793975173271619 | 0.0792557816366621 | 0.079539253017662  occ= 0
MO #22  (A1  #10) energy= 0.0794397250949752 | 0.0791522583423519 | 0.0797272618714785 occ= 0
MO #23  (A1  #11) energy= 0.0889450934352234 | 0.0875558668637459 | 0.0903344019822563 occ= 0
MO #24  (B1  #6 ) energy= 0.104811863930811  | 0.101746146732258  | 0.107877578091945  occ= 0
MO #25  (B2  #6 ) energy= 0.104811939264115  | 0.101746185055457  | 0.107877559694865  occ= 0
MO #26  (A1  #12) energy= 0.142617817545407  | 0.139205549836512  | 0.146030084561763  occ= 0
MO #27  (A1  #13) energy= 0.161838207825747  | 0.149483864438965  | 0.17419262010278   occ= 0
MO #28  (B1  #7 ) energy= 0.228790682783506  | 0.222972443975895  | 0.234608941273047  occ= 0
MO #29  (B2  #7 ) energy= 0.228790707629088  | 0.22297245794455   | 0.234608935969325  occ= 0
MO #30  (A1  #14) energy= 0.233499539536048  | 0.226190030971889  | 0.240809092249909  occ= 0
MO #31  (A2  #3 ) energy= 0.244062742225798  | 0.240874402883663  | 0.247251081567933  occ= 0
MO #32  (A1  #15) energy= 0.246697196050727  | 0.23917014988316   | 0.254224207465462  occ= 0
MO #33  (B1  #8 ) energy= 0.321155769818448  | 0.301797876190088  | 0.340513683963843  occ= 0
MO #34  (B2  #8 ) energy= 0.321155813405932  | 0.301797916789935  | 0.340513730052593  occ= 0
MO #35  (A1  #16) energy= 0.448757983178427  | 0.440325288089178  | 0.457190710587525  occ= 0
MO #36  (B1  #9 ) energy= 0.49287296246831   | 0.490899007064666  | 0.494846925530902  occ= 0
MO #37  (B2  #9 ) energy= 0.492873029780448  | 0.490899070885451  | 0.494846993781051  occ= 0
MO #38  (A1  #17) energy= 0.494376474273144  | 0.484380308737991  | 0.504372588135125  occ= 0
MO #39  (A1  #18) energy= 1.24142441480008   | 1.21417289006776   | 1.26867596134637   occ= 0
MO #40  (B1  #10) energy= 1.44328794517213   | 1.4019175434393    | 1.48465820305172   occ= 0
MO #41  (B2  #10) energy= 1.44328797395369   | 1.40191758048658   | 1.48465824176572   occ= 0
MO #42  (A2  #4 ) energy= 1.44689647716601   | 1.44071083131178   | 1.45308212302024   occ= 0
MO #43  (A1  #19) energy= 1.45198309410183   | 1.43911933086148   | 1.46484684306294   occ= 0
MO #44  (A1  #20) energy= 1.58586491364045   | 1.58188607143481   | 1.58984374871793   occ= 0
MO #45  (B1  #11) energy= 1.62089922955665   | 1.61659388618765   | 1.62520458250553   occ= 0
MO #46  (B2  #11) energy= 1.62089931299109   | 1.61659397141714   | 1.62520466273285   occ= 0
MO #47  (A2  #5 ) energy= 1.76146693560151   | 1.73316986311918   | 1.78976400808383   occ= 0
MO #48  (A1  #21) energy= 1.80267790495235   | 1.70373239898816   | 1.90162338916871   occ= 0
MO #49  (A1  #22) energy= 1.95345493528548   | 1.90086440274718   | 2.00604552930718   occ= 0
MO #50  (B1  #12) energy= 2.12626168446318   | 2.05361723636901   | 2.19890619557867   occ= 0
MO #51  (B2  #12) energy= 2.12626170141337   | 2.05361726439147   | 2.19890621038726   occ= 0
MO #52  (A1  #23) energy= 2.15557626491384   | 2.10299014518899   | 2.20816246168805   occ= 0
MO #53  (A1  #24) energy= 2.34243748261119   | 2.31192753387475   | 2.37294743363642   occ= 0
MO #54  (A1  #25) energy= 3.45057422483973   | 3.38617689035032   | 3.51497156173581   occ= 0
MO #55  (B1  #13) energy= 3.53418192019197   | 3.4668136800696    | 3.60155014739557   occ= 0
MO #56  (B2  #13) energy= 3.53418194310815   | 3.46681370779954   | 3.60155016574856   occ= 0
MO #57  (B1  #14) energy= 3.59618933838904   | 3.52886710583445   | 3.66351157094415   occ= 0
MO #58  (B2  #14) energy= 3.59618933845407   | 3.52886709705099   | 3.66351157985751   occ= 0
MO #59  (A2  #6 ) energy= 3.60173379580997   | 3.53280513831502   | 3.67066245330492   occ= 0
MO #60  (A1  #26) energy= 3.61277278134433   | 3.51346223535563   | 3.71208332629927   occ= 0
MO #61  (B1  #15) energy= 3.81380002966572   | 3.73408762012474   | 3.89351242984661   occ= 0
MO #62  (B2  #15) energy= 3.81380004764081   | 3.73408764716996   | 3.89351243870183   occ= 0
MO #63  (A2  #7 ) energy= 4.29802944758694   | 4.29252164144137   | 4.30353725373252   occ= 0
MO #64  (A1  #27) energy= 4.29804376083923   | 4.29195314366761   | 4.30413437791167   occ= 0
MO #65  (B2  #16) energy= 4.4228668766591    | 4.41803473415403   | 4.42769901856943   occ= 0
MO #66  (B1  #16) energy= 4.42286691015393   | 4.41803476697524   | 4.42769905274664   occ= 0
MO #67  (A1  #28) energy= 4.48650879716054   | 4.42017870641546   | 4.55283887971385   occ= 0
MO #68  (A1  #29) energy= 4.64471609421823   | 4.61236947638398   | 4.67706270745993   occ= 0
MO #69  (A1  #30) energy= 8.65636344597332   | 8.62345254346978   | 8.6892743493595    occ= 0
MO #70  (A2  #8 ) energy= 9.68200001674609   | 9.60181466952377   | 9.7621853639684    occ= 0
MO #71  (B1  #17) energy= 9.68293521079073   | 9.61329731218461   | 9.752573109346     occ= 0
MO #72  (B2  #17) energy= 9.68293521063627   | 9.61329731461898   | 9.75257310660691   occ= 0
MO #73  (A1  #31) energy= 9.68486816389138   | 9.57188872664545   | 9.79784760092505   occ= 0
MO #74  (B1  #18) energy= 9.78799003207339   | 9.68815343247121   | 9.88782663108671   occ= 0
MO #75  (B2  #18) energy= 9.78799005288331   | 9.68815345238786   | 9.8878266528088    occ= 0
MO #76  (A1  #32) energy= 9.96781629234258   | 9.87521203130903   | 10.0604205535995   occ= 0
 ** Mulliken pop on meta-lowdin orthogonal AOs  **
 ** Mulliken pop  **
pop of  0 Fe 3s        1.99994
pop of  0 Fe 4s        0.37151
pop of  0 Fe 5s        0.00774
pop of  0 Fe 6s        0.00558
pop of  0 Fe 7s        0.00144
pop of  0 Fe 3px       1.99870
pop of  0 Fe 3py       1.99959
pop of  0 Fe 3pz       1.99959
pop of  0 Fe 4px       0.00340
pop of  0 Fe 4py       0.04829
pop of  0 Fe 4pz       0.04829
pop of  0 Fe 5px       0.00129
pop of  0 Fe 5py       0.00228
pop of  0 Fe 5pz       0.00228
pop of  0 Fe 6px       0.00186
pop of  0 Fe 6py       0.00474
pop of  0 Fe 6pz       0.00474
pop of  0 Fe 7px       0.00039
pop of  0 Fe 7py       0.00068
pop of  0 Fe 7pz       0.00068
pop of  0 Fe 3dxy      1.07004
pop of  0 Fe 3dyz      1.99981
pop of  0 Fe 3dz^2     1.01975
pop of  0 Fe 3dxz      1.07004
pop of  0 Fe 3dx2-y2    1.06083
pop of  0 Fe 4dxy      0.00269
pop of  0 Fe 4dyz      0.00005
pop of  0 Fe 4dz^2     0.00030
pop of  0 Fe 4dxz      0.00269
pop of  0 Fe 4dx2-y2    0.00015
pop of  0 Fe 5dxy      0.00162
pop of  0 Fe 5dyz      0.00000
pop of  0 Fe 5dz^2     0.00045
pop of  0 Fe 5dxz      0.00162
pop of  0 Fe 5dx2-y2    0.00071
pop of  0 Fe 6dxy      0.00027
pop of  0 Fe 6dyz      0.00000
pop of  0 Fe 6dz^2     0.00009
pop of  0 Fe 6dxz      0.00027
pop of  0 Fe 6dx2-y2    0.00024
pop of  0 Fe 4fy^3     0.00004
pop of  0 Fe 4fxyz     0.00002
pop of  0 Fe 4fyz^2    0.00002
pop of  0 Fe 4fz^3     0.00004
pop of  0 Fe 4fxz^2    0.00003
pop of  0 Fe 4fzx^2    0.00002
pop of  0 Fe 4fx^3     0.00004
pop of  0 Fe 5fy^3     0.00025
pop of  0 Fe 5fxyz     0.00011
pop of  0 Fe 5fyz^2    0.00004
pop of  0 Fe 5fz^3     0.00013
pop of  0 Fe 5fxz^2    0.00011
pop of  0 Fe 5fzx^2    0.00016
pop of  0 Fe 5fx^3     0.00014
pop of  1 O 2s        1.90111
pop of  1 O 3s        0.00193
pop of  1 O 4s        0.00459
pop of  1 O 2px       1.60397
pop of  1 O 2py       1.83945
pop of  1 O 2pz       1.83945
pop of  1 O 3px       0.00457
pop of  1 O 3py       0.00771
pop of  1 O 3pz       0.00771
pop of  1 O 4px       0.00397
pop of  1 O 4py       0.01471
pop of  1 O 4pz       0.01471
pop of  1 O 3dxy      0.00097
pop of  1 O 3dyz      0.00001
pop of  1 O 3dz^2     0.00035
pop of  1 O 3dxz      0.00097
pop of  1 O 3dx2-y2    0.00103
pop of  1 O 4dxy      0.00661
pop of  1 O 4dyz      0.00000
pop of  1 O 4dz^2     0.00096
pop of  1 O 4dxz      0.00661
pop of  1 O 4dx2-y2    0.00284
 ** Mulliken atomic charges  **
charge of  0Fe =      1.26423
charge of  1O =     -1.26423
Dipole moment(X, Y, Z, Debye): -8.85317, -0.00000,  0.00000
mol.nao: 76
mol.nelec: (13, 9)
ncore for each irreps {'A1': 3, 'A2': 0, 'B1': 1, 'B2': 1}
ncas for each irreps {'A1': 5, 'A2': 2, 'B1': 3, 'B2': 3}
(0-based) caslst = [ 5  6  7  8  9 10 11 12 13 14 15 16 20]

******** <class 'pyscf.mcscf.mc1step_symm.SymAdaptedCASSCF'> ********
CAS (8e+4e, 13o), ncore = 5, nvir = 58
max_cycle_macro = 10
max_cycle_micro = 4
conv_tol = 1e-07
conv_tol_grad = None
orbital rotation max_stepsize = 0.02
augmented hessian ah_max_cycle = 30
augmented hessian ah_conv_tol = 1e-12
augmented hessian ah_linear dependence = 1e-14
augmented hessian ah_level shift = 0
augmented hessian ah_start_tol = 2.5
augmented hessian ah_start_cycle = 3
augmented hessian ah_grad_trust_region = 3
kf_trust_region = 3
kf_interval = 4
ci_response_space = 4
ci_grad_trust_region = 3
with_dep4 0
natorb = False
canonicalization = True
sorting_mo_energy = False
ao2mo_level = 2
chkfile = feo_SHCISCF.chk
max_memory 4000 MB (current use 213 MB)
internal_rotation = True

******** SHCI flags ********
executable             = /projects/anma2640/newDice/Dice/Dice
mpiprefix              = mpirun -np 36
scratchDirectory       = /rc_scratch/anma2640/feo/
integralFile           = ./FCIDUMP
configFile             = ./input.dat
outputFile             = ./output.dat
maxIter                = 6
sweep_iter             = [    0]
sweep_epsilon          = [1e-05]
nPTiter                = 0
Stochastic             = True
restart                = False
fullrestart            = False
num_thrds              = 1
memory                 = None

Active space CI wfn symmetry = A2
CASCI E = -138.678367469123  S^2 = 6.0000000
Set conv_tol_grad to 0.000316228
macro iter 1 (21 JK  4 micro), CASSCF E = -138.746937103104  dE = -0.068569634  S^2 = 6.0000000
               |grad[o]|=0.129  |grad[c]|= None  |ddm|=0.383
macro iter 2 (21 JK  4 micro), CASSCF E = -138.792078175457  dE = -0.045141072  S^2 = 6.0000000
               |grad[o]|=0.0889  |grad[c]|= None  |ddm|=0.0717
macro iter 3 (21 JK  4 micro), CASSCF E = -138.824124518419  dE = -0.032046343  S^2 = 6.0000000
               |grad[o]|=0.0613  |grad[c]|= None  |ddm|=0.0337
macro iter 4 (21 JK  4 micro), CASSCF E = -138.840058740241  dE = -0.015934222  S^2 = 6.0000000
               |grad[o]|=0.0304  |grad[c]|= None  |ddm|=0.0193
macro iter 5 (19 JK  4 micro), CASSCF E = -138.843852437729  dE = -0.0037936975  S^2 = 6.0000000
               |grad[o]|=0.011  |grad[c]|= None  |ddm|=0.0163
macro iter 6 (16 JK  4 micro), CASSCF E = -138.843876670495  dE = -2.4232765e-05  S^2 = 6.0000000
               |grad[o]|=0.00165  |grad[c]|= None  |ddm|=0.00531
macro iter 7 (10 JK  2 micro), CASSCF E = -138.843876904856  dE = -2.3436144e-07  S^2 = 6.0000000
               |grad[o]|=0.000185  |grad[c]|= None  |ddm|=0.000512
macro iter 8 (5 JK  1 micro), CASSCF E = -138.843876927946  dE = -2.3089825e-08  S^2 = 6.0000000
               |grad[o]|=5.73e-05  |grad[c]|= None  |ddm|=8.95e-05
1-step CASSCF converged in 8 macro (134 JK 27 micro) steps
CASSCF canonicalization
Density matrix diagonal elements [1.97789839 1.82110812 1.94532836 1.94532836 0.93101394 1.02599143
 1.02599141 1.00045861 0.22188896 0.03321543 0.02818626 0.02818623
 0.01540442]
CASSCF energy = -138.843876927946
CASCI E = -138.843876927946  E(CI) = -38.9198331633439  S^2 = 6.0000000
 # Transforming hcore and eri to ortho AO basis.
 # Performing modified Cholesky decomposition on ERI tensor.
# Generating Cholesky decomposition of ERIs.
# max number of cholesky vectors = 760
# iteration     0: delta_max = 1.126654
# iteration     1: delta_max = 7.61149485e-01: time = 4.91967500e-03
# iteration     2: delta_max = 3.26840164e-01: time = 3.89248500e-02
# iteration     3: delta_max = 2.52822061e-01: time = 1.54581650e-02
# iteration     4: delta_max = 2.52822061e-01: time = 1.49623280e-02
# iteration     5: delta_max = 2.50044893e-01: time = 1.49314540e-02
# iteration     6: delta_max = 1.91264671e-01: time = 2.74727720e-02
# iteration     7: delta_max = 1.61525446e-01: time = 1.21607380e-02
# iteration     8: delta_max = 1.61525446e-01: time = 1.22640580e-02
# iteration     9: delta_max = 1.54120037e-01: time = 8.55856296e-03
# iteration    10: delta_max = 1.53190988e-01: time = 1.22444800e-02
# iteration    11: delta_max = 1.27721330e-01: time = 4.06389497e-03
# iteration    12: delta_max = 1.06420114e-01: time = 1.27941320e-02
# iteration    13: delta_max = 1.06351735e-01: time = 1.27536820e-02
# iteration    14: delta_max = 1.04524213e-01: time = 6.88194600e-03
# iteration    15: delta_max = 1.00589693e-01: time = 1.28042750e-02
# iteration    16: delta_max = 9.60029528e-02: time = 4.80188604e-03
# iteration    17: delta_max = 8.50091369e-02: time = 4.69989202e-03
# iteration    18: delta_max = 8.37112293e-02: time = 6.88430195e-03
# iteration    19: delta_max = 8.12244061e-02: time = 1.27997650e-02
# iteration    20: delta_max = 8.00963308e-02: time = 5.62226604e-03
# iteration    21: delta_max = 7.99211860e-02: time = 5.59577701e-03
# iteration    22: delta_max = 7.98621717e-02: time = 5.53429499e-03
# iteration    23: delta_max = 7.77680449e-02: time = 1.27857020e-02
# iteration    24: delta_max = 7.59137773e-02: time = 3.68593130e-02
# iteration    25: delta_max = 7.39039179e-02: time = 4.93772601e-03
# iteration    26: delta_max = 7.19359677e-02: time = 1.27151720e-02
# iteration    27: delta_max = 6.92215248e-02: time = 6.81927899e-03
# iteration    28: delta_max = 6.92214685e-02: time = 6.80489000e-03
# iteration    29: delta_max = 6.92079741e-02: time = 6.82373298e-03
# iteration    30: delta_max = 6.91971245e-02: time = 6.77359803e-03
# iteration    31: delta_max = 6.91835233e-02: time = 6.80644001e-03
# iteration    32: delta_max = 6.91482918e-02: time = 6.77894196e-03
# iteration    33: delta_max = 6.91415293e-02: time = 6.87242002e-03
# iteration    34: delta_max = 6.71310135e-02: time = 4.71912202e-03
# iteration    35: delta_max = 6.05999474e-02: time = 6.87750505e-03
# iteration    36: delta_max = 5.75487904e-02: time = 4.34259704e-03
# iteration    37: delta_max = 5.48364929e-02: time = 9.41452790e-02
# iteration    38: delta_max = 4.98621339e-02: time = 6.87346200e-03
# iteration    39: delta_max = 4.96046539e-02: time = 1.48444790e-02
# iteration    40: delta_max = 4.77396853e-02: time = 4.81688796e-03
# iteration    41: delta_max = 4.77097140e-02: time = 1.28205580e-02
# iteration    42: delta_max = 4.76907986e-02: time = 1.28579050e-02
# iteration    43: delta_max = 4.71137720e-02: time = 4.74887301e-03
# iteration    44: delta_max = 4.71083704e-02: time = 1.28405630e-02
# iteration    45: delta_max = 4.70653371e-02: time = 1.28308180e-02
# iteration    46: delta_max = 4.59686595e-02: time = 1.48364980e-02
# iteration    47: delta_max = 4.54338204e-02: time = 6.91470096e-03
# iteration    48: delta_max = 4.33225296e-02: time = 4.24625498e-03
# iteration    49: delta_max = 4.00270570e-02: time = 4.30973701e-03
# iteration    50: delta_max = 3.95023013e-02: time = 6.88591303e-03
# iteration    51: delta_max = 3.90900392e-02: time = 4.23976697e-03
# iteration    52: delta_max = 3.85844969e-02: time = 4.34858899e-03
# iteration    53: delta_max = 3.70014347e-02: time = 2.75941240e-02
# iteration    54: delta_max = 3.53447159e-02: time = 4.75818000e-03
# iteration    55: delta_max = 3.42803974e-02: time = 5.23995690e-02
# iteration    56: delta_max = 3.29484623e-02: time = 4.28593304e-03
# iteration    57: delta_max = 3.24889707e-02: time = 1.27977710e-02
# iteration    58: delta_max = 3.24260212e-02: time = 4.81404399e-03
# iteration    59: delta_max = 3.12765917e-02: time = 4.26678703e-03
# iteration    60: delta_max = 3.07564389e-02: time = 7.02198897e-03
# iteration    61: delta_max = 3.05122728e-02: time = 7.28025701e-03
# iteration    62: delta_max = 2.99516089e-02: time = 7.15494197e-03
# iteration    63: delta_max = 2.93980377e-02: time = 4.39278397e-03
# iteration    64: delta_max = 2.86039413e-02: time = 7.17664702e-03
# iteration    65: delta_max = 2.81979097e-02: time = 4.81787504e-03
# iteration    66: delta_max = 2.77270528e-02: time = 1.80970320e-02
# iteration    67: delta_max = 2.70167882e-02: time = 1.80858480e-02
# iteration    68: delta_max = 2.63305329e-02: time = 1.80718750e-02
# iteration    69: delta_max = 2.62575981e-02: time = 6.97883597e-03
# iteration    70: delta_max = 2.58675607e-02: time = 4.85970901e-03
# iteration    71: delta_max = 2.55342897e-02: time = 1.81531240e-02
# iteration    72: delta_max = 2.52240078e-02: time = 7.07903400e-03
# iteration    73: delta_max = 2.50642593e-02: time = 4.12232097e-03
# iteration    74: delta_max = 2.39781693e-02: time = 7.15580001e-03
# iteration    75: delta_max = 2.35069299e-02: time = 4.14196297e-03
# iteration    76: delta_max = 2.31380670e-02: time = 8.17498798e-03
# iteration    77: delta_max = 2.24006560e-02: time = 4.84484999e-03
# iteration    78: delta_max = 2.23834268e-02: time = 4.81200899e-03
# iteration    79: delta_max = 2.22979247e-02: time = 6.93993201e-03
# iteration    80: delta_max = 2.21884618e-02: time = 4.83643700e-03
# iteration    81: delta_max = 2.20377040e-02: time = 2.33815870e-02
# iteration    82: delta_max = 2.16142611e-02: time = 3.67877360e-02
# iteration    83: delta_max = 2.11685584e-02: time = 5.25227160e-02
# iteration    84: delta_max = 2.01871090e-02: time = 4.04586102e-03
# iteration    85: delta_max = 1.99420024e-02: time = 2.33158590e-02
# iteration    86: delta_max = 1.96827160e-02: time = 7.20043899e-03
# iteration    87: delta_max = 1.96802132e-02: time = 8.03772197e-03
# iteration    88: delta_max = 1.92319433e-02: time = 9.45000320e-02
# iteration    89: delta_max = 1.84066755e-02: time = 4.32794401e-03
# iteration    90: delta_max = 1.80511509e-02: time = 7.12187396e-03
# iteration    91: delta_max = 1.78036231e-02: time = 3.67841590e-02
# iteration    92: delta_max = 1.76268091e-02: time = 4.94515599e-03
# iteration    93: delta_max = 1.74394671e-02: time = 5.25154440e-02
# iteration    94: delta_max = 1.73080066e-02: time = 8.09587596e-03
# iteration    95: delta_max = 1.72320636e-02: time = 4.89154004e-03
# iteration    96: delta_max = 1.72149618e-02: time = 5.23878610e-02
# iteration    97: delta_max = 1.72127937e-02: time = 1.10410260e-02
# iteration    98: delta_max = 1.70744934e-02: time = 7.55927601e-03
# iteration    99: delta_max = 1.70313439e-02: time = 7.06940499e-03
# iteration   100: delta_max = 1.70301263e-02: time = 7.13878998e-03
# iteration   101: delta_max = 1.69848653e-02: time = 4.23410500e-03
# iteration   102: delta_max = 1.68398113e-02: time = 1.82310200e-02
# iteration   103: delta_max = 1.67086485e-02: time = 8.11091898e-03
# iteration   104: delta_max = 1.66106827e-02: time = 4.91868495e-03
# iteration   105: delta_max = 1.65702344e-02: time = 1.80884640e-02
# iteration   106: delta_max = 1.64855505e-02: time = 8.09338997e-03
# iteration   107: delta_max = 1.63309963e-02: time = 4.07967402e-03
# iteration   108: delta_max = 1.53361037e-02: time = 6.91090705e-03
# iteration   109: delta_max = 1.51919256e-02: time = 7.10460002e-03
# iteration   110: delta_max = 1.49657429e-02: time = 6.95448800e-03
# iteration   111: delta_max = 1.45403553e-02: time = 9.44143880e-02
# iteration   112: delta_max = 1.45324976e-02: time = 4.84620401e-03
# iteration   113: delta_max = 1.44684758e-02: time = 1.81304560e-02
# iteration   114: delta_max = 1.44195564e-02: time = 1.82475430e-02
# iteration   115: delta_max = 1.44179460e-02: time = 7.10112596e-03
# iteration   116: delta_max = 1.42314233e-02: time = 4.38971003e-03
# iteration   117: delta_max = 1.39747909e-02: time = 8.19408899e-03
# iteration   118: delta_max = 1.38095820e-02: time = 7.17540900e-03
# iteration   119: delta_max = 1.34264901e-02: time = 5.18042897e-03
# iteration   120: delta_max = 1.32600746e-02: time = 7.02333805e-03
# iteration   121: delta_max = 1.32273010e-02: time = 7.15991104e-03
# iteration   122: delta_max = 1.31120783e-02: time = 4.95463697e-03
# iteration   123: delta_max = 1.30996953e-02: time = 5.25217410e-02
# iteration   124: delta_max = 1.30562493e-02: time = 7.36637396e-03
# iteration   125: delta_max = 1.27623078e-02: time = 7.14339700e-03
# iteration   126: delta_max = 1.25730407e-02: time = 4.15817602e-03
# iteration   127: delta_max = 1.25676918e-02: time = 4.07363800e-03
# iteration   128: delta_max = 1.23325950e-02: time = 4.30618500e-03
# iteration   129: delta_max = 1.22459010e-02: time = 2.77143400e-02
# iteration   130: delta_max = 1.20799704e-02: time = 9.43336280e-02
# iteration   131: delta_max = 1.17485574e-02: time = 7.14012905e-03
# iteration   132: delta_max = 1.17035771e-02: time = 7.23510201e-03
# iteration   133: delta_max = 1.14912807e-02: time = 7.13061902e-03
# iteration   134: delta_max = 1.14678811e-02: time = 7.34006101e-03
# iteration   135: delta_max = 1.11960230e-02: time = 8.28998198e-03
# iteration   136: delta_max = 1.11410214e-02: time = 4.94292402e-03
# iteration   137: delta_max = 1.10990308e-02: time = 4.93818300e-03
# iteration   138: delta_max = 1.10070871e-02: time = 7.17348797e-03
# iteration   139: delta_max = 1.08479060e-02: time = 7.23538699e-03
# iteration   140: delta_max = 1.07718202e-02: time = 4.47303598e-03
# iteration   141: delta_max = 1.05888135e-02: time = 4.41878301e-03
# iteration   142: delta_max = 1.03284613e-02: time = 1.82938530e-02
# iteration   143: delta_max = 1.02466203e-02: time = 5.05541504e-03
# iteration   144: delta_max = 1.00145117e-02: time = 4.96650097e-03
# iteration   145: delta_max = 9.95489377e-03: time = 1.82615550e-02
# iteration   146: delta_max = 9.95416427e-03: time = 1.83077290e-02
# iteration   147: delta_max = 9.77611504e-03: time = 5.27263990e-02
# iteration   148: delta_max = 9.72751976e-03: time = 7.21622701e-03
# iteration   149: delta_max = 9.70449305e-03: time = 7.26882700e-03
# iteration   150: delta_max = 9.60123203e-03: time = 1.82993020e-02
# iteration   151: delta_max = 9.53363481e-03: time = 5.28471020e-02
# iteration   152: delta_max = 9.38227521e-03: time = 5.24716260e-02
# iteration   153: delta_max = 9.37752358e-03: time = 1.82784200e-02
# iteration   154: delta_max = 9.32295850e-03: time = 9.42685300e-02
# iteration   155: delta_max = 9.25227349e-03: time = 4.51369002e-03
# iteration   156: delta_max = 9.23781366e-03: time = 7.26662599e-03
# iteration   157: delta_max = 9.17137400e-03: time = 5.00529702e-03
# iteration   158: delta_max = 8.90910672e-03: time = 7.20242597e-03
# iteration   159: delta_max = 8.87022690e-03: time = 5.26693060e-02
# iteration   160: delta_max = 8.84176548e-03: time = 4.53368004e-03
# iteration   161: delta_max = 8.36219560e-03: time = 5.00798301e-03
# iteration   162: delta_max = 8.35397938e-03: time = 9.44683050e-02
# iteration   163: delta_max = 8.20974027e-03: time = 5.25886890e-02
# iteration   164: delta_max = 8.10576228e-03: time = 5.03102498e-03
# iteration   165: delta_max = 7.94254915e-03: time = 7.45483901e-03
# iteration   166: delta_max = 7.90619335e-03: time = 5.00206201e-03
# iteration   167: delta_max = 7.90179738e-03: time = 9.45538730e-02
# iteration   168: delta_max = 7.80332596e-03: time = 5.26842920e-02
# iteration   169: delta_max = 7.77109032e-03: time = 5.04379399e-03
# iteration   170: delta_max = 7.73949970e-03: time = 1.01377530e-02
# iteration   171: delta_max = 7.67595944e-03: time = 7.70290801e-03
# iteration   172: delta_max = 7.66294739e-03: time = 8.30158801e-03
# iteration   173: delta_max = 7.44900071e-03: time = 9.45826840e-02
# iteration   174: delta_max = 7.40608954e-03: time = 9.44251440e-02
# iteration   175: delta_max = 7.24281614e-03: time = 7.62718800e-03
# iteration   176: delta_max = 7.21268736e-03: time = 9.45700200e-02
# iteration   177: delta_max = 7.04877490e-03: time = 9.44320020e-02
# iteration   178: delta_max = 6.96010401e-03: time = 5.05799701e-03
# iteration   179: delta_max = 6.87328162e-03: time = 4.48017102e-03
# iteration   180: delta_max = 6.86868831e-03: time = 7.25517701e-03
# iteration   181: delta_max = 6.84582388e-03: time = 5.27983600e-02
# iteration   182: delta_max = 6.22900784e-03: time = 4.42686101e-03
# iteration   183: delta_max = 6.18802013e-03: time = 9.45934070e-02
# iteration   184: delta_max = 6.13980060e-03: time = 1.83331300e-02
# iteration   185: delta_max = 5.98941632e-03: time = 4.51839500e-03
# iteration   186: delta_max = 5.95808859e-03: time = 7.17893901e-03
# iteration   187: delta_max = 5.91049209e-03: time = 5.27400710e-02
# iteration   188: delta_max = 5.84303544e-03: time = 9.45492900e-02
# iteration   189: delta_max = 5.80897007e-03: time = 7.32750201e-03
# iteration   190: delta_max = 5.76691580e-03: time = 7.34147604e-03
# iteration   191: delta_max = 5.66664450e-03: time = 7.27659103e-03
# iteration   192: delta_max = 5.46683219e-03: time = 4.57700103e-03
# iteration   193: delta_max = 5.39793967e-03: time = 4.60194703e-03
# iteration   194: delta_max = 5.32930849e-03: time = 1.83627650e-02
# iteration   195: delta_max = 5.31820936e-03: time = 1.84045860e-02
# iteration   196: delta_max = 5.29049041e-03: time = 9.48240070e-02
# iteration   197: delta_max = 5.13021242e-03: time = 5.28143480e-02
# iteration   198: delta_max = 5.09067042e-03: time = 4.43207298e-03
# iteration   199: delta_max = 4.91861554e-03: time = 9.45041910e-02
# iteration   200: delta_max = 4.76811245e-03: time = 9.45481620e-02
# iteration   201: delta_max = 4.73286278e-03: time = 5.29477300e-02
# iteration   202: delta_max = 4.64974815e-03: time = 9.45462940e-02
# iteration   203: delta_max = 4.61431955e-03: time = 5.29897470e-02
# iteration   204: delta_max = 4.50355078e-03: time = 9.45559510e-02
# iteration   205: delta_max = 4.39628570e-03: time = 5.15419099e-03
# iteration   206: delta_max = 4.29849992e-03: time = 5.06827299e-03
# iteration   207: delta_max = 4.17225692e-03: time = 5.03559603e-03
# iteration   208: delta_max = 4.06622379e-03: time = 5.52614740e-02
# iteration   209: delta_max = 4.04881921e-03: time = 4.67998302e-03
# iteration   210: delta_max = 3.98589995e-03: time = 1.83629600e-02
# iteration   211: delta_max = 3.94451543e-03: time = 4.58781997e-03
# iteration   212: delta_max = 3.82290867e-03: time = 9.46489210e-02
# iteration   213: delta_max = 3.52925083e-03: time = 1.83165440e-02
# iteration   214: delta_max = 3.45464102e-03: time = 5.09327196e-03
# iteration   215: delta_max = 3.43133488e-03: time = 5.11150900e-03
# iteration   216: delta_max = 3.40218076e-03: time = 5.06988802e-03
# iteration   217: delta_max = 3.37950502e-03: time = 5.07868995e-03
# iteration   218: delta_max = 3.37499756e-03: time = 5.06633701e-03
# iteration   219: delta_max = 3.23225874e-03: time = 4.61506000e-03
# iteration   220: delta_max = 3.20430061e-03: time = 4.59793198e-03
# iteration   221: delta_max = 3.17165430e-03: time = 9.44081609e-02
# iteration   222: delta_max = 3.14467344e-03: time = 4.58846701e-03
# iteration   223: delta_max = 3.12901248e-03: time = 4.63789399e-03
# iteration   224: delta_max = 3.11718315e-03: time = 1.83909270e-02
# iteration   225: delta_max = 3.07301418e-03: time = 4.41559200e-03
# iteration   226: delta_max = 3.06157428e-03: time = 5.15903998e-03
# iteration   227: delta_max = 2.99906884e-03: time = 5.27343600e-02
# iteration   228: delta_max = 2.97066848e-03: time = 1.83779510e-02
# iteration   229: delta_max = 2.83252157e-03: time = 5.11691102e-03
# iteration   230: delta_max = 2.69839060e-03: time = 5.12354798e-03
# iteration   231: delta_max = 2.55421066e-03: time = 5.10272995e-03
# iteration   232: delta_max = 2.46150263e-03: time = 4.62830102e-03
# iteration   233: delta_max = 2.44709782e-03: time = 5.11014898e-03
# iteration   234: delta_max = 2.33977453e-03: time = 2.79501950e-02
# iteration   235: delta_max = 2.33249356e-03: time = 5.12956397e-03
# iteration   236: delta_max = 2.25559219e-03: time = 2.80168500e-02
# iteration   237: delta_max = 2.20905003e-03: time = 9.47225790e-02
# iteration   238: delta_max = 2.19775647e-03: time = 2.80276550e-02
# iteration   239: delta_max = 2.16647011e-03: time = 1.84808220e-02
# iteration   240: delta_max = 2.15485792e-03: time = 1.84931310e-02
# iteration   241: delta_max = 2.13771740e-03: time = 1.84438560e-02
# iteration   242: delta_max = 2.12795502e-03: time = 4.76345001e-03
# iteration   243: delta_max = 2.10606982e-03: time = 1.84550540e-02
# iteration   244: delta_max = 2.09835833e-03: time = 1.84679450e-02
# iteration   245: delta_max = 1.98155478e-03: time = 9.48458730e-02
# iteration   246: delta_max = 1.95965396e-03: time = 5.25690202e-03
# iteration   247: delta_max = 1.75180670e-03: time = 4.45273495e-03
# iteration   248: delta_max = 1.71177934e-03: time = 5.29360602e-03
# iteration   249: delta_max = 1.68703252e-03: time = 4.63011605e-03
# iteration   250: delta_max = 1.63954213e-03: time = 7.22482405e-03
# iteration   251: delta_max = 1.63479867e-03: time = 9.47787000e-02
# iteration   252: delta_max = 1.61344887e-03: time = 9.45374150e-02
# iteration   253: delta_max = 1.59711937e-03: time = 5.28844130e-02
# iteration   254: delta_max = 1.58036082e-03: time = 9.26814199e-03
# iteration   255: delta_max = 1.55371230e-03: time = 8.24257702e-03
# iteration   256: delta_max = 1.54424162e-03: time = 2.57220550e-02
# iteration   257: delta_max = 1.45346370e-03: time = 1.84170850e-02
# iteration   258: delta_max = 1.43308465e-03: time = 1.82881520e-02
# iteration   259: delta_max = 1.43050047e-03: time = 5.21502498e-03
# iteration   260: delta_max = 1.41329475e-03: time = 5.85364003e-03
# iteration   261: delta_max = 1.34043517e-03: time = 1.89300620e-02
# iteration   262: delta_max = 1.32096463e-03: time = 1.37976300e-02
# iteration   263: delta_max = 1.26463554e-03: time = 2.36576870e-02
# iteration   264: delta_max = 1.25472824e-03: time = 9.49761530e-02
# iteration   265: delta_max = 1.23780601e-03: time = 1.33775060e-02
# iteration   266: delta_max = 1.23405859e-03: time = 1.34101240e-02
# iteration   267: delta_max = 1.21998198e-03: time = 5.29683899e-03
# iteration   268: delta_max = 1.01566149e-03: time = 9.47904770e-02
# iteration   269: delta_max = 1.01187301e-03: time = 1.33533200e-02
# iteration   270: delta_max = 1.00915664e-03: time = 1.33325160e-02
# iteration   271: delta_max = 9.75282378e-04: time = 5.27524200e-02
# iteration   272: delta_max = 9.12545317e-04: time = 1.33463590e-02
# iteration   273: delta_max = 9.12312853e-04: time = 5.23619202e-03
# iteration   274: delta_max = 9.09791409e-04: time = 1.85526470e-02
# iteration   275: delta_max = 8.91348888e-04: time = 1.33700690e-02
# iteration   276: delta_max = 8.67164729e-04: time = 9.46986200e-02
# iteration   277: delta_max = 8.51667394e-04: time = 5.29477099e-03
# iteration   278: delta_max = 8.07228569e-04: time = 1.85366770e-02
# iteration   279: delta_max = 8.05574812e-04: time = 5.93603903e-03
# iteration   280: delta_max = 7.36447333e-04: time = 9.53681170e-02
# iteration   281: delta_max = 7.29048171e-04: time = 1.33484560e-02
# iteration   282: delta_max = 7.18407596e-04: time = 1.33321190e-02
# iteration   283: delta_max = 7.17446868e-04: time = 5.31468802e-03
# iteration   284: delta_max = 6.95640540e-04: time = 1.33290810e-02
# iteration   285: delta_max = 6.77021892e-04: time = 1.85351250e-02
# iteration   286: delta_max = 6.61447429e-04: time = 1.85884540e-02
# iteration   287: delta_max = 6.50783834e-04: time = 4.89521102e-03
# iteration   288: delta_max = 6.10889458e-04: time = 1.85913100e-02
# iteration   289: delta_max = 6.08075222e-04: time = 1.87935340e-02
# iteration   290: delta_max = 5.97778842e-04: time = 7.34553696e-03
# iteration   291: delta_max = 5.93854616e-04: time = 1.93512540e-02
# iteration   292: delta_max = 5.68389340e-04: time = 7.42087205e-03
# iteration   293: delta_max = 5.67263426e-04: time = 1.85698650e-02
# iteration   294: delta_max = 5.65482389e-04: time = 5.28290303e-03
# iteration   295: delta_max = 5.61707112e-04: time = 4.84226999e-03
# iteration   296: delta_max = 5.43084773e-04: time = 4.79284098e-03
# iteration   297: delta_max = 5.42872127e-04: time = 4.77723900e-03
# iteration   298: delta_max = 5.37496095e-04: time = 1.85671060e-02
# iteration   299: delta_max = 5.35569517e-04: time = 5.30157099e-03
# iteration   300: delta_max = 5.29514401e-04: time = 1.85695720e-02
# iteration   301: delta_max = 5.26984948e-04: time = 1.85934790e-02
# iteration   302: delta_max = 5.26510988e-04: time = 3.71362049e-02
# iteration   303: delta_max = 5.24978827e-04: time = 4.85967798e-03
# iteration   304: delta_max = 5.16080860e-04: time = 1.88399490e-02
# iteration   305: delta_max = 5.13765100e-04: time = 5.33488998e-03
# iteration   306: delta_max = 4.97358306e-04: time = 7.48365803e-03
# iteration   307: delta_max = 4.76554509e-04: time = 7.60136999e-03
# iteration   308: delta_max = 4.76443025e-04: time = 4.92698897e-03
# iteration   309: delta_max = 4.71440107e-04: time = 4.88329103e-03
# iteration   310: delta_max = 4.69523050e-04: time = 7.41178199e-03
# iteration   311: delta_max = 4.59609987e-04: time = 7.41810899e-03
# iteration   312: delta_max = 4.50913456e-04: time = 1.86547590e-02
# iteration   313: delta_max = 4.49890727e-04: time = 5.34687098e-03
# iteration   314: delta_max = 4.24353486e-04: time = 4.88850201e-03
# iteration   315: delta_max = 4.21779829e-04: time = 5.38424199e-03
# iteration   316: delta_max = 4.19119341e-04: time = 1.86342400e-02
# iteration   317: delta_max = 4.07579120e-04: time = 7.60855002e-03
# iteration   318: delta_max = 4.01803681e-04: time = 5.39117103e-03
# iteration   319: delta_max = 3.82140993e-04: time = 5.43619401e-03
# iteration   320: delta_max = 3.78302648e-04: time = 1.87044590e-02
# iteration   321: delta_max = 3.68869562e-04: time = 4.87349799e-03
# iteration   322: delta_max = 3.49927907e-04: time = 4.75298899e-03
# iteration   323: delta_max = 3.43716128e-04: time = 4.68745397e-03
# iteration   324: delta_max = 3.35100874e-04: time = 1.55966850e-02
# iteration   325: delta_max = 3.29093389e-04: time = 7.64923898e-03
# iteration   326: delta_max = 3.21881560e-04: time = 4.70633799e-03
# iteration   327: delta_max = 3.10399990e-04: time = 9.07261600e-03
# iteration   328: delta_max = 3.10264951e-04: time = 3.74830361e-02
# iteration   329: delta_max = 2.86810410e-04: time = 5.78831095e-03
# iteration   330: delta_max = 2.81334734e-04: time = 7.65848299e-03
# iteration   331: delta_max = 2.71127682e-04: time = 1.94108350e-02
# iteration   332: delta_max = 2.65425665e-04: time = 5.15639799e-03
# iteration   333: delta_max = 2.62085810e-04: time = 1.88663210e-02
# iteration   334: delta_max = 2.55156726e-04: time = 5.54560497e-03
# iteration   335: delta_max = 2.42382430e-04: time = 9.42848698e-03
# iteration   336: delta_max = 2.41990892e-04: time = 5.42552699e-03
# iteration   337: delta_max = 2.34502268e-04: time = 5.43043000e-03
# iteration   338: delta_max = 2.33650596e-04: time = 5.41820802e-03
# iteration   339: delta_max = 2.28025721e-04: time = 4.94620501e-03
# iteration   340: delta_max = 2.26798820e-04: time = 7.81421101e-03
# iteration   341: delta_max = 2.23986225e-04: time = 7.75782799e-03
# iteration   342: delta_max = 2.20645440e-04: time = 4.97811305e-03
# iteration   343: delta_max = 2.18780332e-04: time = 5.45008801e-03
# iteration   344: delta_max = 2.12198521e-04: time = 7.68088200e-03
# iteration   345: delta_max = 2.11899876e-04: time = 5.59863797e-03
# iteration   346: delta_max = 2.07788869e-04: time = 5.00929600e-03
# iteration   347: delta_max = 2.01802313e-04: time = 4.97441099e-03
# iteration   348: delta_max = 1.97645434e-04: time = 1.55082410e-02
# iteration   349: delta_max = 1.88860709e-04: time = 5.44063299e-03
# iteration   350: delta_max = 1.88279640e-04: time = 5.16912399e-03
# iteration   351: delta_max = 1.78891179e-04: time = 9.39180702e-03
# iteration   352: delta_max = 1.67727488e-04: time = 7.64158199e-03
# iteration   353: delta_max = 1.57616071e-04: time = 7.72427605e-03
# iteration   354: delta_max = 1.56954725e-04: time = 7.74004398e-03
# iteration   355: delta_max = 1.55884382e-04: time = 7.76110898e-03
# iteration   356: delta_max = 1.54841999e-04: time = 7.68114603e-03
# iteration   357: delta_max = 1.46721525e-04: time = 5.56631002e-03
# iteration   358: delta_max = 1.43414078e-04: time = 4.84925898e-03
# iteration   359: delta_max = 1.39951381e-04: time = 4.59799403e-03
# iteration   360: delta_max = 1.37269029e-04: time = 1.14699330e-02
# iteration   361: delta_max = 1.34989300e-04: time = 7.70016003e-03
# iteration   362: delta_max = 1.33290956e-04: time = 9.49051999e-03
# iteration   363: delta_max = 1.24816917e-04: time = 7.83034798e-03
# iteration   364: delta_max = 1.17327186e-04: time = 5.55807899e-03
# iteration   365: delta_max = 1.14015761e-04: time = 9.49831901e-03
# iteration   366: delta_max = 1.11799052e-04: time = 6.05809898e-03
# iteration   367: delta_max = 1.10917554e-04: time = 9.48852801e-03
# iteration   368: delta_max = 1.05746049e-04: time = 6.32754498e-03
# iteration   369: delta_max = 1.05283987e-04: time = 3.74504920e-02
# iteration   370: delta_max = 9.69322305e-05: time = 8.19386903e-03
# iteration   371: delta_max = 9.31223018e-05: time = 1.89328420e-02
# iteration   372: delta_max = 8.51114612e-05: time = 1.37769320e-02
# iteration   373: delta_max = 8.44672404e-05: time = 9.47948499e-03
# iteration   374: delta_max = 8.13718700e-05: time = 6.10100396e-03
# iteration   375: delta_max = 7.90797600e-05: time = 1.36894490e-02
# iteration   376: delta_max = 7.43864208e-05: time = 6.31571299e-03
# iteration   377: delta_max = 7.33060349e-05: time = 6.22581900e-03
# iteration   378: delta_max = 7.18816779e-05: time = 4.68615204e-03
# iteration   379: delta_max = 6.80636917e-05: time = 4.71688702e-03
# iteration   380: delta_max = 6.78569656e-05: time = 6.07115199e-03
# iteration   381: delta_max = 6.74002247e-05: time = 6.06452901e-03
# iteration   382: delta_max = 6.67875368e-05: time = 1.38977450e-02
# iteration   383: delta_max = 6.66362297e-05: time = 7.79373996e-03
# iteration   384: delta_max = 6.53677703e-05: time = 9.56013496e-03
# iteration   385: delta_max = 6.47950806e-05: time = 7.78756203e-03
# iteration   386: delta_max = 6.44116118e-05: time = 1.37360800e-02
# iteration   387: delta_max = 6.22937658e-05: time = 1.38554040e-02
# iteration   388: delta_max = 6.20663153e-05: time = 7.90770998e-03
# iteration   389: delta_max = 5.97667843e-05: time = 9.37582902e-03
# iteration   390: delta_max = 5.94101419e-05: time = 6.76965300e-03
# iteration   391: delta_max = 5.59458614e-05: time = 1.32553640e-02
# iteration   392: delta_max = 5.28120303e-05: time = 1.40685900e-02
# iteration   393: delta_max = 5.26075774e-05: time = 5.82320796e-03
# iteration   394: delta_max = 5.12408542e-05: time = 4.90626204e-03
# iteration   395: delta_max = 5.07263124e-05: time = 7.97671999e-03
# iteration   396: delta_max = 4.98810877e-05: time = 7.78456801e-03
# iteration   397: delta_max = 4.96815118e-05: time = 1.38755280e-02
# iteration   398: delta_max = 4.82056205e-05: time = 7.88401597e-03
# iteration   399: delta_max = 4.75924036e-05: time = 6.16284099e-03
# iteration   400: delta_max = 4.67183325e-05: time = 1.38097840e-02
# iteration   401: delta_max = 4.63197508e-05: time = 4.92449797e-03
# iteration   402: delta_max = 4.52258424e-05: time = 5.10254898e-03
# iteration   403: delta_max = 4.51700965e-05: time = 7.66499998e-03
# iteration   404: delta_max = 4.48647183e-05: time = 7.86465203e-03
# iteration   405: delta_max = 4.46184309e-05: time = 5.10665099e-03
# iteration   406: delta_max = 4.42129454e-05: time = 3.05706330e-02
# iteration   407: delta_max = 4.40251417e-05: time = 7.69278302e-03
# iteration   408: delta_max = 4.13237527e-05: time = 1.89821420e-02
# iteration   409: delta_max = 4.07259314e-05: time = 5.12900000e-03
# iteration   410: delta_max = 4.06636003e-05: time = 4.79153200e-03
# iteration   411: delta_max = 4.00484260e-05: time = 6.17940899e-03
# iteration   412: delta_max = 3.94063244e-05: time = 5.12756302e-03
# iteration   413: delta_max = 3.88362094e-05: time = 1.38487350e-02
# iteration   414: delta_max = 3.82722581e-05: time = 1.37820160e-02
# iteration   415: delta_max = 3.82094003e-05: time = 3.79083290e-02
# iteration   416: delta_max = 3.72209624e-05: time = 1.38663810e-02
# iteration   417: delta_max = 3.71976381e-05: time = 1.89377420e-02
# iteration   418: delta_max = 3.56802718e-05: time = 5.34337050e-02
# iteration   419: delta_max = 3.52839802e-05: time = 7.85431400e-03
# iteration   420: delta_max = 3.45961002e-05: time = 6.10445801e-03
# iteration   421: delta_max = 3.25659479e-05: time = 9.75654100e-03
# iteration   422: delta_max = 3.10639731e-05: time = 5.88212901e-03
# iteration   423: delta_max = 3.07455044e-05: time = 8.67087202e-03
# iteration   424: delta_max = 3.06856059e-05: time = 9.85469599e-03
# iteration   425: delta_max = 3.06573265e-05: time = 5.80860901e-03
# iteration   426: delta_max = 2.96171961e-05: time = 5.77175600e-03
# iteration   427: delta_max = 2.94604796e-05: time = 7.95902399e-03
# iteration   428: delta_max = 2.80561725e-05: time = 8.00791499e-03
# iteration   429: delta_max = 2.75440238e-05: time = 5.29314496e-03
# iteration   430: delta_max = 2.70698750e-05: time = 7.95953802e-03
# iteration   431: delta_max = 2.57137515e-05: time = 3.76911460e-02
# iteration   432: delta_max = 2.56590497e-05: time = 5.37955202e-03
# iteration   433: delta_max = 2.52176306e-05: time = 1.38779580e-02
# iteration   434: delta_max = 2.45391182e-05: time = 5.25185204e-03
# iteration   435: delta_max = 2.43881978e-05: time = 3.77716060e-02
# iteration   436: delta_max = 2.42899425e-05: time = 1.58040090e-02
# iteration   437: delta_max = 2.36556560e-05: time = 1.38340580e-02
# iteration   438: delta_max = 2.36139947e-05: time = 8.33598000e-03
# iteration   439: delta_max = 2.32194860e-05: time = 5.30304102e-03
# iteration   440: delta_max = 2.29811737e-05: time = 5.80577296e-03
# iteration   441: delta_max = 2.27432846e-05: time = 1.40674410e-02
# iteration   442: delta_max = 2.26724908e-05: time = 5.22730697e-03
# iteration   443: delta_max = 2.19865922e-05: time = 5.22889901e-03
# iteration   444: delta_max = 2.12680700e-05: time = 1.41193350e-02
# iteration   445: delta_max = 2.08044547e-05: time = 6.33103703e-03
# iteration   446: delta_max = 1.98287948e-05: time = 5.25915803e-03
# iteration   447: delta_max = 1.92497842e-05: time = 5.31948399e-03
# iteration   448: delta_max = 1.91801693e-05: time = 5.33836650e-02
# iteration   449: delta_max = 1.84989968e-05: time = 5.77362499e-03
# iteration   450: delta_max = 1.78345860e-05: time = 5.81415702e-03
# iteration   451: delta_max = 1.75324449e-05: time = 8.14437598e-03
# iteration   452: delta_max = 1.72353518e-05: time = 1.90894440e-02
# iteration   453: delta_max = 1.67795174e-05: time = 5.32217300e-03
# iteration   454: delta_max = 1.67274452e-05: time = 5.25400700e-03
# iteration   455: delta_max = 1.65375489e-05: time = 5.24421001e-03
# iteration   456: delta_max = 1.63962524e-05: time = 1.40048730e-02
# iteration   457: delta_max = 1.60799781e-05: time = 5.67855500e-03
# iteration   458: delta_max = 1.59773266e-05: time = 6.41330204e-03
# iteration   459: delta_max = 1.58568136e-05: time = 5.78826305e-03
# iteration   460: delta_max = 1.54563191e-05: time = 6.31686399e-03
# iteration   461: delta_max = 1.51051140e-05: time = 5.68975799e-03
# iteration   462: delta_max = 1.49649101e-05: time = 1.90422240e-02
# iteration   463: delta_max = 1.48669711e-05: time = 8.11567600e-03
# iteration   464: delta_max = 1.45682923e-05: time = 5.74599102e-03
# iteration   465: delta_max = 1.45475504e-05: time = 5.27609698e-03
# iteration   466: delta_max = 1.41791652e-05: time = 7.88566202e-03
# iteration   467: delta_max = 1.41435660e-05: time = 5.77075098e-03
# iteration   468: delta_max = 1.41179219e-05: time = 5.77064103e-03
# iteration   469: delta_max = 1.37294424e-05: time = 6.37677498e-03
# iteration   470: delta_max = 1.34562951e-05: time = 9.81303997e-03
# iteration   471: delta_max = 1.33171329e-05: time = 6.39921898e-03
# iteration   472: delta_max = 1.27255653e-05: time = 5.82580798e-03
# iteration   473: delta_max = 1.22794739e-05: time = 5.34812798e-03
# iteration   474: delta_max = 1.21601159e-05: time = 5.31636097e-03
# iteration   475: delta_max = 1.20247036e-05: time = 6.32786940e-02
# iteration   476: delta_max = 1.16687838e-05: time = 6.39730901e-03
# iteration   477: delta_max = 1.11744929e-05: time = 6.39614201e-03
# iteration   478: delta_max = 1.10797218e-05: time = 1.91922980e-02
# iteration   479: delta_max = 1.07276570e-05: time = 5.89496898e-03
# iteration   480: delta_max = 1.06385880e-05: time = 5.85004000e-03
# iteration   481: delta_max = 1.01403939e-05: time = 1.91358970e-02
# iteration   482: delta_max = 9.86729205e-06: time = 1.91867130e-02
 # Orthogonalising Cholesky vectors.
 # Time to orthogonalise: 0.021210
nelec: (13, 9)
nbasis: 76
chol.shape: (482, 5776)

******** <class 'pyscf.cc.uccsd.UCCSD'> ********
CC2 = 0
CCSD nocc = (13, 9), nmo = (76, 76)
max_cycle = 50
direct = 0
conv_tol = 1e-07
conv_tol_normt = 1e-06
diis_space = 6
diis_start_cycle = 0
diis_start_energy_diff = 1e+09
max_memory 4000 MB (current use 605 MB)
Init t2, MP2 energy = -0.741247508968629
    CPU time for init mp2      0.48 sec, wall time      0.01 sec
Init E_corr(CCSD) = -0.749780871653433
cycle = 1  E_corr(CCSD) = -0.672439888730297  dE = 0.0773409829  norm(t1,t2) = 0.289247
    CPU time for CCSD iter     42.92 sec, wall time      1.21 sec
cycle = 2  E_corr(CCSD) = -0.745600572539142  dE = -0.0731606838  norm(t1,t2) = 0.233379
    CPU time for CCSD iter     42.50 sec, wall time      1.18 sec
cycle = 3  E_corr(CCSD) = -0.723997262113676  dE = 0.0216033104  norm(t1,t2) = 0.278829
    CPU time for CCSD iter     42.40 sec, wall time      1.18 sec
cycle = 4  E_corr(CCSD) = -0.726216044490907  dE = -0.00221878238  norm(t1,t2) = 0.0626255
    CPU time for CCSD iter     42.58 sec, wall time      1.19 sec
cycle = 5  E_corr(CCSD) = -0.735849483111119  dE = -0.00963343862  norm(t1,t2) = 0.0419998
    CPU time for CCSD iter     42.53 sec, wall time      1.18 sec
cycle = 6  E_corr(CCSD) = -0.738693573331092  dE = -0.00284409022  norm(t1,t2) = 0.0272505
    CPU time for CCSD iter     42.80 sec, wall time      1.19 sec
cycle = 7  E_corr(CCSD) = -0.739710048859762  dE = -0.00101647553  norm(t1,t2) = 0.0177928
    CPU time for CCSD iter     43.42 sec, wall time      1.21 sec
cycle = 8  E_corr(CCSD) = -0.740398106111685  dE = -0.000688057252  norm(t1,t2) = 0.0116215
    CPU time for CCSD iter     44.06 sec, wall time      1.23 sec
cycle = 9  E_corr(CCSD) = -0.740608801903485  dE = -0.000210695792  norm(t1,t2) = 0.00631504
    CPU time for CCSD iter     43.49 sec, wall time      1.21 sec
cycle = 10  E_corr(CCSD) = -0.740813619886423  dE = -0.000204817983  norm(t1,t2) = 0.00446501
    CPU time for CCSD iter     43.51 sec, wall time      1.21 sec
cycle = 11  E_corr(CCSD) = -0.740677473124688  dE = 0.000136146762  norm(t1,t2) = 0.00340931
    CPU time for CCSD iter     43.39 sec, wall time      1.21 sec
cycle = 12  E_corr(CCSD) = -0.740680755894083  dE = -3.2827694e-06  norm(t1,t2) = 0.00163291
    CPU time for CCSD iter     43.07 sec, wall time      1.20 sec
cycle = 13  E_corr(CCSD) = -0.740642585296592  dE = 3.81705975e-05  norm(t1,t2) = 0.00111994
    CPU time for CCSD iter     43.07 sec, wall time      1.20 sec
cycle = 14  E_corr(CCSD) = -0.740609491447434  dE = 3.30938492e-05  norm(t1,t2) = 0.000656099
    CPU time for CCSD iter     43.30 sec, wall time      1.21 sec
cycle = 15  E_corr(CCSD) = -0.740642029477694  dE = -3.25380303e-05  norm(t1,t2) = 0.000391503
    CPU time for CCSD iter     42.96 sec, wall time      1.20 sec
cycle = 16  E_corr(CCSD) = -0.740641801175958  dE = 2.28301736e-07  norm(t1,t2) = 0.000269567
    CPU time for CCSD iter     42.93 sec, wall time      1.20 sec
cycle = 17  E_corr(CCSD) = -0.740656612786718  dE = -1.48116108e-05  norm(t1,t2) = 0.000199655
    CPU time for CCSD iter     43.08 sec, wall time      1.20 sec
cycle = 18  E_corr(CCSD) = -0.740672295717139  dE = -1.56829304e-05  norm(t1,t2) = 0.000153908
    CPU time for CCSD iter     44.82 sec, wall time      1.25 sec
cycle = 19  E_corr(CCSD) = -0.740675679341184  dE = -3.38362404e-06  norm(t1,t2) = 0.000110815
    CPU time for CCSD iter     43.34 sec, wall time      1.21 sec
cycle = 20  E_corr(CCSD) = -0.740680383914583  dE = -4.7045734e-06  norm(t1,t2) = 7.70303e-05
    CPU time for CCSD iter     43.15 sec, wall time      1.20 sec
cycle = 21  E_corr(CCSD) = -0.740683921963841  dE = -3.53804926e-06  norm(t1,t2) = 6.24873e-05
    CPU time for CCSD iter     42.90 sec, wall time      1.19 sec
cycle = 22  E_corr(CCSD) = -0.740683492677899  dE = 4.29285942e-07  norm(t1,t2) = 3.92542e-05
    CPU time for CCSD iter     44.23 sec, wall time      1.24 sec
cycle = 23  E_corr(CCSD) = -0.740684909631053  dE = -1.41695315e-06  norm(t1,t2) = 2.17534e-05
    CPU time for CCSD iter     43.21 sec, wall time      1.21 sec
cycle = 24  E_corr(CCSD) = -0.740684572192488  dE = 3.37438565e-07  norm(t1,t2) = 1.38915e-05
    CPU time for CCSD iter     43.54 sec, wall time      1.22 sec
cycle = 25  E_corr(CCSD) = -0.740684803979777  dE = -2.31787289e-07  norm(t1,t2) = 8.60701e-06
    CPU time for CCSD iter     42.69 sec, wall time      1.19 sec
cycle = 26  E_corr(CCSD) = -0.740684992052502  dE = -1.88072725e-07  norm(t1,t2) = 5.31603e-06
    CPU time for CCSD iter     42.93 sec, wall time      1.20 sec
cycle = 27  E_corr(CCSD) = -0.740685159180982  dE = -1.6712848e-07  norm(t1,t2) = 3.70773e-06
    CPU time for CCSD iter     43.29 sec, wall time      1.21 sec
cycle = 28  E_corr(CCSD) = -0.740685208274688  dE = -4.90937059e-08  norm(t1,t2) = 2.56588e-06
    CPU time for CCSD iter     43.59 sec, wall time      1.21 sec
cycle = 29  E_corr(CCSD) = -0.740685354520661  dE = -1.46245973e-07  norm(t1,t2) = 1.9329e-06
    CPU time for CCSD iter     43.37 sec, wall time      1.21 sec
cycle = 30  E_corr(CCSD) = -0.740685445429648  dE = -9.0908987e-08  norm(t1,t2) = 1.50112e-06
    CPU time for CCSD iter     43.16 sec, wall time      1.20 sec
cycle = 31  E_corr(CCSD) = -0.740685540109865  dE = -9.46802172e-08  norm(t1,t2) = 1.01962e-06
    CPU time for CCSD iter     43.21 sec, wall time      1.20 sec
cycle = 32  E_corr(CCSD) = -0.740685560922376  dE = -2.08125109e-08  norm(t1,t2) = 7.019e-07
    CPU time for CCSD iter     44.44 sec, wall time      1.24 sec
    CPU time for CCSD   1383.89 sec, wall time     38.57 sec
UCCSD converged
E(UCCSD) = -139.4007824852648  E_corr = -0.7406855609223759
max_memory 3079 MB (920 MB in use)
max_memory 3079 MB (920 MB in use)
    CPU time for UCCSD(T)     35.71 sec, wall time      1.00 sec
UCCSD(T) correction = -0.029344742129565
UCCSD(T) energy -139.43012722739437
