#INFO: **** input file is /projects/anma2640/VMC/dqmc_tests/tmo/cro/stretched/cro.py ****
import numpy
from pyscf import gto, scf, dft, ao2mo, mcscf, tools, lib, symm, cc
from pyscf.tools import molden
import scipy.linalg as la
from pauxy.utils.from_pyscf import generate_integrals
from pyscf.shciscf import shci
import prepVMC
import json

df=json.load(open("/projects/anma2640/pauxy/examples/generic/tmo/trail.json"))

# Checkpoint File Name
r = 1.4
atomString = f'Cr 0 0 0; O {r} 0 0;'
el = 'Cr'
basis = 'vdz'
#mol = gto.M(atom = atomString, basis = {'Fe': 'ccpwcvdzdk', 'O': 'ccpvdzdk'}, spin = 4, symmetry = 'c2v', verbose = 4)
#mol = gto.M(atom = atomString, basis = 'ccpvdz', spin = 4, symmetry = 'c2v', verbose = 4)
#mol = gto.M(atom = atomString, basis = {'Fe': 'ano@6s5p3d2f1g', 'O': 'ano@4s3p2d1f'}, spin = 4, symmetry = 'c2v', verbose = 4)
mol = gto.Mole()
mol.ecp = {}
mol.basis = {}
for e in [el, 'O']:
  mol.ecp[e] = gto.basis.parse_ecp(df[e]['ecp'])
  mol.basis[e] = gto.basis.parse(df[e][basis])
mol.charge = 0
mol.spin = 4
mol.build(atom = atomString, verbose = 4, symmetry='c2v')
#mf = scf.fast_newton(scf.RHF(mol).x2c())
#mf = scf.ROHF(mol).x2c()
mf = scf.ROHF(mol)
mf.level_shift = 1.
mf.max_cycle = 200
#mf.irrep_nelec = { "A1": (10, 9), 'B1': (4, 3), 'B2': (4, 3), 'A2': (1, 0) }
mf.irrep_nelec = { "A1": (6, 4), 'B1': (2, 2), 'B2': (3, 2), 'A2': (1, 0) }
#mf.chkfile = 'feo.chk'
#chkfile = 'feo.chk'
#mf.__dict__.update(lib.chkfile.load(chkfile, "scf"))
mf.kernel()
mf.analyze()
tools.molden.from_mo(mol, 'cro.molden', mf.mo_coeff)
print(f'mol.nao: {mol.nao}')
print(f'mol.nelec: {mol.nelec}')
#exit(0)

norb = mol.nao
norbAct = 13
nelecAct = 10
norbFrozen = 5
ncore = 5
# active space: Cu 3d, 4d; O 2p, 3p
# O 2s optimized as core in casscf, rest core frozen at hf level
mc = shci.SHCISCF(mf,  norbAct, nelecAct)
#mo = mc.sort_mo_by_irrep({'Ag': 6,'B1u': 4,'B2u': 4, 'B3g': 4, 'B3u': 6, 'B2g': 2, 'B1g': 4, 'Au': 2},
#    {'Ag': 7,'B1u': 2,'B2u': 4, 'B3g': 0, 'B3u': 5,'B2g': 2, 'B1g': 2, 'Au': 0})
mo = mc.sort_mo_by_irrep({'A1': 5,'A2': 2,'B1': 3, 'B2': 3},
    {'A1': 3,'A2': 0,'B1': 1, 'B2': 1})
#chkfile = f'cu2o2_{f}_SHCISCF.chk'
#mc.__dict__.update(lib.chkfile.load(chkfile, 'mcscf'))
mc.chkfile = f'cro_SHCISCF.chk'
#mc.frozen = norbFrozen
mc.fcisolver.sweep_iter = [ 0 ]
mc.fcisolver.sweep_epsilon = [ 1e-5 ]
mc.fcisolver.nPTiter = 0
mc.max_cycle_macro = 10
mc.internal_rotation = True
mc.fcisolver.nPTiter = 0  # Turns off PT calculation, i.e. no PTRDM.
mc.fcisolver.mpiprefix = "mpirun -np 36"
mc.fcisolver.scratchDirectory = "/rc_scratch/anma2640/cro/"
mc.mc1step(mo)
tools.molden.from_mo(mol, 'cro_cas.molden', mc.mo_coeff)
#exit(0)

norbAct = 18
moActDice = mc.mo_coeff[:, :norbAct]
h1eff = moActDice.T.dot(mf.get_hcore()).dot(moActDice)
eri = ao2mo.kernel(mol, moActDice)
tools.fcidump.from_integrals('FCIDUMP_can', h1eff, eri, norbAct, mol.nelectron, mol.energy_nuc())

overlap = mf.get_ovlp(mol)
coeffs = numpy.zeros((norb, 2*norb))
coeffs[:,:norb] = prepVMC.basisChange(mf.mo_coeff, mc.mo_coeff, overlap)
coeffs[:,norb:] = prepVMC.basisChange(mf.mo_coeff, mc.mo_coeff, overlap)
prepVMC.writeMat(coeffs, 'uhf.txt')

rhfCoeffs = prepVMC.basisChange(mf.mo_coeff, mc.mo_coeff, overlap)
prepVMC.writeMat(rhfCoeffs, 'rhf.txt')

h1e, chol, nelec, enuc = generate_integrals(mol, mf.get_hcore(), mc.mo_coeff, chol_cut=1e-5, verbose=True)

#nbasis = h1e.shape[-1]
#rotCorevhf = moActive.T.dot(corevhf).dot(moActive)
#h1e = h1e[norbFrozen:norbFrozen+norbAct, norbFrozen:norbFrozen+norbAct] + rotCorevhf
#chol = chol.reshape((-1, nbasis, nbasis))
#chol = chol[:, norbFrozen:norbFrozen+norbAct, norbFrozen:norbFrozen+norbAct]
#mol.nelec = (mol.nelec[0]-norbFrozen, mol.nelec[1]-norbFrozen)
#enuc = energy_core

# after core averaging
nbasis = h1e.shape[-1]
print(f'nelec: {nelec}')
print(f'nbasis: {nbasis}')
print(f'chol.shape: {chol.shape}')
chol = chol.reshape((-1, nbasis, nbasis))
v0 = 0.5 * numpy.einsum('nik,njk->ij', chol, chol, optimize='optimal')
h1e_mod = h1e - v0
chol = chol.reshape((chol.shape[0], -1))
prepVMC.write_dqmc(h1e, h1e_mod, chol, sum(mol.nelec), nbasis, enuc, ms=mol.spin, filename='FCIDUMP_chol')

myucc = cc.UCCSD(mf)
myucc.verbose = 5
myucc.kernel()
#overlap = mf.get_ovlp(mol)
#rotation = (mc1.mo_coeff[:, norbFrozen:].T).dot(overlap.dot(mf.mo_coeff[:, norbFrozen:]))
#prepVMC.write_uccsd(myucc.t1, myucc.t2)

et = myucc.ccsd_t()
print('UCCSD(T) energy', myucc.e_tot + et)
#INFO: ******************** input file end ********************


System: uname_result(system='Linux', node='bhpc-c7-u7-20.rc.int.colorado.edu', release='3.10.0-1160.15.2.el7.x86_64', version='#1 SMP Wed Feb 3 15:06:38 UTC 2021', machine='x86_64', processor='x86_64')  Threads 36
Python 3.8.3 (default, May 19 2020, 18:47:26) 
[GCC 7.3.0]
numpy 1.19.1  scipy 1.5.2
Date: Mon Jan 10 21:04:12 2022
PySCF version 1.7.4
PySCF path  /projects/anma2640/pyscf/pyscf
GIT HEAD      ref: refs/heads/master
GIT master branch  14142ec394cbdcffb8e214fba6b1d6cde9025e9a

[CONFIG] conf_file None
[INPUT] verbose = 4
[INPUT] num. atoms = 2
[INPUT] num. electrons = 20
[INPUT] charge = 0
[INPUT] spin (= nelec alpha-beta = 2S) = 4
[INPUT] symmetry C2v subgroup None
[INPUT] Mole.unit = angstrom
[INPUT]  1 Cr     0.000000000000   0.000000000000   0.000000000000 AA    0.000000000000   0.000000000000   0.000000000000 Bohr
[INPUT]  2 O      1.400000000000   0.000000000000   0.000000000000 AA    2.645616574391   0.000000000000   0.000000000000 Bohr

nuclear repulsion = 31.7506326552
point group symmetry = C2v
num. orbitals of irrep A1 = 32
num. orbitals of irrep A2 = 8
num. orbitals of irrep B1 = 18
num. orbitals of irrep B2 = 18
number of shells = 24
number of NR pGTOs = 334
number of NR cGTOs = 76
basis = {'Cr': [[0, [41.45590127, 0.010332], [22.20089455, -0.091393], [12.37022616, 0.412444], [7.15443966, -0.722409], [3.63012556, 0.039693], [1.88942247, 0.321055], [1.04381355, 0.652182], [0.47307333, 0.264443], [0.22628807, -0.008646], [0.10750747, 0.012188], [0.05101028, -0.00242], [0.0242372, 0.001733]], [0, [41.45590127, -0.001971], [22.20089455, 0.019152], [12.37022616, -0.094562], [7.15443966, 0.178991], [3.63012556, -0.015716], [1.88942247, -0.084882], [1.04381355, -0.243744], [0.47307333, -0.214624], [0.22628807, 0.055092], [0.10750747, 0.415903], [0.05101028, 0.543473], [0.0242372, 0.170131]], [0, [41.45590127, -0.005874], [22.20089455, 0.067618], [12.37022616, -0.389148], [7.15443966, 0.863039], [3.63012556, -0.192494], [1.88942247, -1.243222], [1.04381355, -0.159486], [0.47307333, 0.70074], [0.22628807, 0.796397], [0.10750747, 0.153618], [0.05101028, -0.585106], [0.0242372, -0.29462]], [0, [0.0242372, 1.0]], [0, [0.01151614, 1.0]], [1, [28.88080716, -0.002973], [13.19380569, 0.044202], [7.25722596, -0.232476], [4.84342676, 0.167654], [2.76949909, 0.179744], [1.50719356, 0.46058], [0.72516508, 0.338218], [0.36385743, 0.097984], [0.16204617, 0.012145], [0.07447705, -0.000948], [0.03422994, 0.000821], [0.01573221, -0.00022]], [1, [28.88080716, 0.000536], [13.19380569, -0.009363], [7.25722596, 0.054752], [4.84342676, -0.042977], [2.76949909, -0.049244], [1.50719356, -0.128712], [0.72516508, -0.11682], [0.36385743, 0.044517], [0.16204617, 0.322192], [0.07447705, 0.482878], [0.03422994, 0.275764], [0.01573221, 0.025472]], [1, [28.88080716, -0.000562], [13.19380569, 0.035351], [7.25722596, -0.310475], [4.84342676, 0.257585], [2.76949909, 0.754226], [1.50719356, 0.194922], [0.72516508, -0.904177], [0.36385743, -0.438274], [0.16204617, 0.529934], [0.07447705, 0.455686], [0.03422994, 0.027191], [0.01573221, 0.005171]], [1, [0.01573221, 1.0]], [1, [0.00723058, 1.0]], [2, [46.50908408, 0.000358], [21.60133229, -0.010512], [11.03652449, 0.11118], [4.54288797, 0.164184], [2.18180243, 0.267436], [1.04009058, 0.310836], [0.48262909, 0.28353], [0.21570372, 0.173079], [0.10059873, 0.057279], [0.04653409, 0.00937]], [2, [46.50908408, 0.000574], [21.60133229, 0.006454], [11.03652449, -0.106748], [4.54288797, -0.214222], [2.18180243, -0.409175], [1.04009058, -0.082468], [0.48262909, 0.284806], [0.21570372, 0.41458], [0.10059873, 0.246257], [0.04653409, 0.05398]], [2, [0.04653409, 1.0]], [2, [0.02152533, 1.0]], [3, [2.094117, 1.0]], [3, [0.9686785, 1.0]]], 'O': [[0, [57.663349, -0.002794], [35.726816, 0.023976], [22.453757, -0.115974], [14.732301, 0.288033], [9.739917, -0.274786], [5.042008, -0.083789], [2.157818, 0.063778], [1.002916, 0.410182], [0.421839, 0.504044], [0.173041, 0.172152]], [0, [0.222099, 1.0]], [0, [0.08884, 1.0]], [1, [52.47406, -0.000522], [32.138432, 0.004857], [19.458579, -0.027749], [11.839344, 0.074258], [7.91003, 0.014369], [3.670858, 0.153479], [1.53966, 0.283685], [0.647119, 0.358201], [0.267853, 0.29559], [0.107198, 0.104889]], [1, [0.252604, 1.0]], [1, [0.101042, 1.0]], [2, [1.223113, 1.0]], [2, [0.489245, 1.0]]]}
ecp = {'Cr': [10, [[-1, [[], [[13.07675203, 14.0]], [[15.15807582, 1258.1555038], [4.62785686, -98.60998187], [15.41136599, -6552.46055066], [15.38690637, 5353.09061557]], [[5.24897308, 183.07452839]], [], [], []]], [0, [[], [], [[9.77680844, -91901.2080948], [9.95980111, 96320.14803227], [8.62275214, 3928.3135917], [12.29288144, -10977.62459544], [18.41316592, -1741.60409682], [16.38541961, 4413.26493033]], [], [], [], []]], [1, [[], [], [[12.00099996, -22156.17142851], [11.46524435, 21551.07876111], [16.23852226, 3703.78784703], [18.43861108, -1424.18632323], [8.88877941, -1964.93568469], [7.52644784, 317.50498882]], [], [], [], []]], [2, [[], [], [[11.1066837, -5435.29666496], [8.49801115, 7350.69608766], [12.28065533, 2443.80334995], [8.1885354, -5401.76770998], [14.34306836, 3881.23075486], [15.24784181, -2855.87137953]], [], [], [], []]]]], 'O': [2, [[-1, [[], [[10.27717748, 6.0]], [[15.99566749, 1232.50197768], [10.46901775, -696.47008301], [14.6384801, -2654.22657081], [12.57591181, 2101.67732548]], [[7.77739102, 61.66306486]], [], [], []]], [0, [[], [], [[12.39426073, -656683.37638839], [12.38126171, 657858.57667068], [8.57671033, 511.50098405], [9.89256508, -2579.54665641], [28.05641604, -57.68129584], [17.24753607, 970.30940152]], [], [], [], []]], [1, [[], [], [[14.78918914, -363027.24258186], [14.82014018, 361852.52314043], [22.89622221, -1300.20069256], [8.51331893, -181.96869573], [11.48609758, 2194.87589959], [27.22017524, 451.19906206]], [], [], [], []]]]]}
CPU time:         0.85


******** <class 'pyscf.scf.hf_symm.SymAdaptedROHF'> ********
method = SymAdaptedROHF-ROHF-RHF
initial guess = minao
damping factor = 0
level_shift factor = 1.0
DIIS = <class 'pyscf.scf.diis.CDIIS'>
diis_start_cycle = 1
diis_space = 8
SCF conv_tol = 1e-09
SCF conv_tol_grad = None
SCF max_cycles = 200
direct_scf = True
direct_scf_tol = 1e-13
chkfile to save SCF result = /rc_scratch/anma2640/tmpj7141mfb
max_memory 4000 MB (current use 92 MB)
num. doubly occ = 8  num. singly occ = 4
irrep_nelec {'A1': (6, 4), 'B1': (2, 2), 'B2': (3, 2), 'A2': (1, 0)}
Freeze 20 electrons in irreps ['A1', 'B1', 'B2', 'A2']
    0 free electrons in irreps 
Set gradient conv threshold to 3.16228e-05
init E= -101.162678597911
HOMO (B2) = 0.536810548635978  LUMO (B1) = 0.536810548635979
cycle= 1 E= -101.526858313164  delta_E= -0.364  |g|= 0.868  |ddm|= 2.38
HOMO (B2) = 0.266554093632939  LUMO (B1) = 0.984455698838171
cycle= 2 E= -101.716235440064  delta_E= -0.189  |g|= 0.528  |ddm|= 0.822
HOMO (B2) = 0.449492951080821  LUMO (A1) = 1.01116901960464
cycle= 3 E= -101.770848132805  delta_E= -0.0546  |g|= 0.137  |ddm|= 0.285
HOMO (B2) = 0.430694703643566  LUMO (A1) = 1.01256400489891
cycle= 4 E= -101.784923352257  delta_E= -0.0141  |g|= 0.0755  |ddm|= 0.193
HOMO (B2) = 0.440876010656461  LUMO (A1) = 1.01273445920074
cycle= 5 E= -101.791640850467  delta_E= -0.00672  |g|= 0.044  |ddm|= 0.143
HOMO (B2) = 0.429264538841809  LUMO (B1) = 1.01299681240086
cycle= 6 E= -101.794556739319  delta_E= -0.00292  |g|= 0.0299  |ddm|= 0.104
HOMO (B2) = 0.424986606039938  LUMO (B1) = 1.01300079767543
cycle= 7 E= -101.795992884822  delta_E= -0.00144  |g|= 0.0207  |ddm|= 0.077
HOMO (B2) = 0.426138132015145  LUMO (B1) = 1.013080688362
cycle= 8 E= -101.796673269271  delta_E= -0.00068  |g|= 0.0145  |ddm|= 0.0519
HOMO (B2) = 0.424289479595319  LUMO (B1) = 1.01310980742476
cycle= 9 E= -101.79702612777  delta_E= -0.000353  |g|= 0.0107  |ddm|= 0.04
HOMO (B2) = 0.422900334297439  LUMO (B1) = 1.01313025188105
cycle= 10 E= -101.797227367227  delta_E= -0.000201  |g|= 0.0083  |ddm|= 0.0343
HOMO (B2) = 0.423155493520969  LUMO (B1) = 1.01313676030413
cycle= 11 E= -101.797320066234  delta_E= -9.27e-05  |g|= 0.00604  |ddm|= 0.0226
HOMO (B2) = 0.422346689486044  LUMO (B1) = 1.01313981762942
cycle= 12 E= -101.797366242067  delta_E= -4.62e-05  |g|= 0.0046  |ddm|= 0.017
HOMO (B2) = 0.422624717931575  LUMO (B1) = 1.01314287822147
cycle= 13 E= -101.797388607861  delta_E= -2.24e-05  |g|= 0.00298  |ddm|= 0.0109
HOMO (B2) = 0.422387514134017  LUMO (B1) = 1.01314166336562
cycle= 14 E= -101.797400453771  delta_E= -1.18e-05  |g|= 0.00204  |ddm|= 0.008
HOMO (B2) = 0.422271895958588  LUMO (B1) = 1.01314446489667
cycle= 15 E= -101.797407334207  delta_E= -6.88e-06  |g|= 0.00146  |ddm|= 0.00613
HOMO (B2) = 0.422153995503926  LUMO (B1) = 1.01314372842574
cycle= 16 E= -101.797411347863  delta_E= -4.01e-06  |g|= 0.00109  |ddm|= 0.00468
HOMO (B2) = 0.421940568061155  LUMO (B1) = 1.01314353235976
cycle= 17 E= -101.79741376779  delta_E= -2.42e-06  |g|= 0.00094  |ddm|= 0.00439
HOMO (B2) = 0.421932454351095  LUMO (B1) = 1.01314366179212
cycle= 18 E= -101.797415208619  delta_E= -1.44e-06  |g|= 0.000742  |ddm|= 0.00286
HOMO (B2) = 0.421826295112264  LUMO (B1) = 1.01314382675231
cycle= 19 E= -101.797416063821  delta_E= -8.55e-07  |g|= 0.000639  |ddm|= 0.00246
HOMO (B2) = 0.421813275879344  LUMO (B1) = 1.01314400219899
cycle= 20 E= -101.797416551707  delta_E= -4.88e-07  |g|= 0.000524  |ddm|= 0.00184
HOMO (B2) = 0.421801199206615  LUMO (B1) = 1.01314381467749
cycle= 21 E= -101.797416845415  delta_E= -2.94e-07  |g|= 0.000427  |ddm|= 0.00152
HOMO (B2) = 0.421789371170113  LUMO (B1) = 1.01314368863003
cycle= 22 E= -101.797417006818  delta_E= -1.61e-07  |g|= 0.000343  |ddm|= 0.00108
HOMO (B2) = 0.421805755901037  LUMO (B1) = 1.01314369246094
cycle= 23 E= -101.797417097109  delta_E= -9.03e-08  |g|= 0.000255  |ddm|= 0.00077
HOMO (B2) = 0.42181346911396  LUMO (B1) = 1.01314349695501
cycle= 24 E= -101.797417157573  delta_E= -6.05e-08  |g|= 0.000174  |ddm|= 0.000681
HOMO (B2) = 0.421813071175799  LUMO (B1) = 1.01314342378823
cycle= 25 E= -101.797417182655  delta_E= -2.51e-08  |g|= 0.000131  |ddm|= 0.000391
HOMO (B2) = 0.421825541080705  LUMO (B1) = 1.01314337874457
cycle= 26 E= -101.797417199943  delta_E= -1.73e-08  |g|= 8.56e-05  |ddm|= 0.000311
HOMO (B2) = 0.421826029492123  LUMO (B1) = 1.01314335545773
cycle= 27 E= -101.797417209367  delta_E= -9.42e-09  |g|= 5.72e-05  |ddm|= 0.000252
HOMO (B2) = 0.421824606225535  LUMO (B1) = 1.0131432952974
cycle= 28 E= -101.797417212845  delta_E= -3.48e-09  |g|= 4.41e-05  |ddm|= 0.000135
HOMO (B2) = 0.421825019552042  LUMO (B1) = 1.01314325940306
cycle= 29 E= -101.797417215121  delta_E= -2.28e-09  |g|= 3.25e-05  |ddm|= 0.000103
HOMO (B2) = 0.421825741503094  LUMO (B1) = 1.0131432578837
cycle= 30 E= -101.797417216447  delta_E= -1.33e-09  |g|= 2.35e-05  |ddm|= 7.88e-05
HOMO (B2) = 0.421825385492884  LUMO (B1) = 1.01314324182157
cycle= 31 E= -101.797417217183  delta_E= -7.36e-10  |g|= 1.68e-05  |ddm|= 6.1e-05
HOMO (B2) = -0.0781709135701965  LUMO (B1) = 0.013143261975778
Extra cycle  E= -101.797417215811  delta_E= 1.37e-09  |g|= 3.32e-05  |ddm|= 0.000326
converged SCF energy = -101.797417215811
**** SCF Summaries ****
Total Energy =                        -101.797417215811009
Nuclear Repulsion Energy =              31.750632655200008
One-electron Energy =                 -238.310969731288480
Two-electron Energy =                  104.762919860277464
Wave-function symmetry = B1
occupancy for each irrep:     A1   A2   B1   B2
double occ                     4    0    2    2
single occ                     2    1    0    1
**** MO energy ****
                          Roothaan           | alpha              | beta
MO #1   (A1  #1 ) energy= -3.64819578682304  | -3.76957079224516  | -3.52682078176807  occ= 2
MO #2   (A1  #2 ) energy= -2.37949665029821  | -2.46466431785056  | -2.29432898330341  occ= 2
MO #3   (B1  #1 ) energy= -2.31834325554891  | -2.46803664282761  | -2.16864986827022  occ= 2
MO #4   (B2  #1 ) energy= -2.31175109617306  | -2.50950604123757  | -2.11399614841145  occ= 2
MO #5   (A1  #3 ) energy= -1.216826164475    | -1.23249286750462  | -1.20115946147057  occ= 2
MO #6   (B2  #2 ) energy= -0.546287708998295 | -0.582388383866813 | -0.510186973379794 occ= 2
MO #7   (A1  #4 ) energy= -0.529996766628177 | -0.55299099932443  | -0.50700241157447  occ= 2
MO #8   (B1  #2 ) energy= -0.524931411318077 | -0.535768628655038 | -0.514094193981114 occ= 2
MO #9   (A1  #5 ) energy= -0.125213119090576 | -0.429501954334967 | 0.1790743784784    occ= 1
MO #10  (A2  #1 ) energy= -0.119028380045266 | -0.540801019559546 | 0.302743749280101  occ= 1
MO #11  (A1  #6 ) energy= -0.11372722340796  | -0.398882211473714 | 0.171426094764382  occ= 1
MO #12  (B2  #3 ) energy= -0.0781709135701965 | -0.464174948870087 | 0.307832755668428  occ= 1
MO #13  (B1  #3 ) energy= 0.013143261975778  | 0.011385082747375  | 0.0149014412041824 occ= 0
MO #14  (A1  #7 ) energy= 0.0143761658319454 | 0.0134635534840585 | 0.0152899159326171 occ= 0
MO #15  (B2  #4 ) energy= 0.0147836875394752 | 0.0141468043603673 | 0.0154181843780407 occ= 0
MO #16  (A1  #8 ) energy= 0.024907856709486  | 0.0237578877976245 | 0.0260577811798883 occ= 0
MO #17  (B1  #4 ) energy= 0.0386797246924326 | 0.0273274941033777 | 0.0500319552814872 occ= 0
MO #18  (A1  #9 ) energy= 0.0508257519652617 | 0.0444374694622057 | 0.0572150873070327 occ= 0
MO #19  (B2  #5 ) energy= 0.051199991805494  | 0.0434746033848924 | 0.0589266033892877 occ= 0
MO #20  (A1  #10) energy= 0.0648260080959547 | 0.0643181291424467 | 0.0653334493541874 occ= 0
MO #21  (A2  #2 ) energy= 0.0648414882874415 | 0.0643352131622192 | 0.0653473315480749 occ= 0
MO #22  (B1  #5 ) energy= 0.0694275456850655 | 0.0686911894121739 | 0.0701639019579566 occ= 0
MO #23  (B2  #6 ) energy= 0.0720633158735712 | 0.0710243964994322 | 0.0731028049327516 occ= 0
MO #24  (A1  #11) energy= 0.0786518354394953 | 0.0774459536205014 | 0.0798579007512912 occ= 0
MO #25  (A1  #12) energy= 0.116729478587244  | 0.0952457101075605 | 0.138213108696179  occ= 0
MO #26  (B1  #6 ) energy= 0.133342463614937  | 0.105518138959222  | 0.161166788270652  occ= 0
MO #27  (A1  #13) energy= 0.157525502416874  | 0.143894577878954  | 0.171156797984141  occ= 0
MO #28  (B2  #7 ) energy= 0.177890167723265  | 0.151209031317327  | 0.204571753233058  occ= 0
MO #29  (A1  #14) energy= 0.202651511564081  | 0.192552201622695  | 0.212751574989953  occ= 0
MO #30  (A2  #3 ) energy= 0.202777501508509  | 0.192585005530554  | 0.212970734427014  occ= 0
MO #31  (B1  #7 ) energy= 0.215878751669784  | 0.204501733973283  | 0.227255769366283  occ= 0
MO #32  (B2  #8 ) energy= 0.239902085775283  | 0.215454772577637  | 0.264349540473523  occ= 0
MO #33  (A1  #15) energy= 0.250352071306747  | 0.235142974462131  | 0.265561066290905  occ= 0
MO #34  (B1  #8 ) energy= 0.271798944658975  | 0.239537466822019  | 0.304060422495929  occ= 0
MO #35  (A1  #16) energy= 0.353014328633604  | 0.345477780258332  | 0.360550874019568  occ= 0
MO #36  (B1  #9 ) energy= 0.464786527963974  | 0.461072820718125  | 0.468500235209824  occ= 0
MO #37  (B2  #9 ) energy= 0.465594177752859  | 0.460327451135352  | 0.470860879237844  occ= 0
MO #38  (A1  #17) energy= 0.50960948057999   | 0.494343400085664  | 0.524875530808323  occ= 0
MO #39  (A1  #18) energy= 1.18260259867831   | 1.15265067132698   | 1.2125545200837    occ= 0
MO #40  (A2  #4 ) energy= 1.24388345435909   | 1.19113117797713   | 1.29663583319434   occ= 0
MO #41  (A1  #19) energy= 1.24539079895735   | 1.19433310675553   | 1.29644857113283   occ= 0
MO #42  (B2  #10) energy= 1.39255876421024   | 1.3348682872518    | 1.45024945028903   occ= 0
MO #43  (B1  #10) energy= 1.42367632170494   | 1.40665144546144   | 1.44070119794845   occ= 0
MO #44  (A1  #20) energy= 1.46146568068835   | 1.45568992889708   | 1.46724143018104   occ= 0
MO #45  (A2  #5 ) energy= 1.48117493780674   | 1.43579574402699   | 1.52655423794254   occ= 0
MO #46  (A1  #21) energy= 1.48155079290147   | 1.43634463240471   | 1.5267570500861    occ= 0
MO #47  (B2  #11) energy= 1.51023228748962   | 1.48760102985509   | 1.53286362439371   occ= 0
MO #48  (B1  #11) energy= 1.52155964788552   | 1.51206854985019   | 1.53105074592086   occ= 0
MO #49  (B2  #12) energy= 1.65080108765291   | 1.61759637677793   | 1.6840058461175    occ= 0
MO #50  (B1  #12) energy= 1.65266261477764   | 1.63663282379308   | 1.6686924057622    occ= 0
MO #51  (A1  #22) energy= 1.80059135463429   | 1.79017632930847   | 1.81100638025103   occ= 0
MO #52  (A1  #23) energy= 1.82555410981784   | 1.7885556056495    | 1.86255260309797   occ= 0
MO #53  (A1  #24) energy= 2.19927064063498   | 2.16472497020499   | 2.23381630019441   occ= 0
MO #54  (B1  #13) energy= 2.81562149040068   | 2.72943506906341   | 2.90180791173795   occ= 0
MO #55  (B2  #13) energy= 2.8159702740025    | 2.72898575494855   | 2.90295479331572   occ= 0
MO #56  (B1  #14) energy= 2.8577857771089    | 2.80586936468461   | 2.90970218953319   occ= 0
MO #57  (B2  #14) energy= 2.87076346961886   | 2.80509730891766   | 2.93642963663527   occ= 0
MO #58  (A2  #6 ) energy= 2.89942448982268   | 2.83980904146447   | 2.95903993369066   occ= 0
MO #59  (A1  #25) energy= 2.899522908096     | 2.84028298727311   | 2.95876282389401   occ= 0
MO #60  (A1  #26) energy= 3.29720496978838   | 3.27572402558463   | 3.3186859138317    occ= 0
MO #61  (B1  #15) energy= 3.35104167359501   | 3.32594454874238   | 3.37613879844765   occ= 0
MO #62  (B2  #15) energy= 3.36052137621971   | 3.3116725782327    | 3.40937015969732   occ= 0
MO #63  (A1  #27) energy= 4.16741219660214   | 4.16358928699461   | 4.17123510622886   occ= 0
MO #64  (A2  #7 ) energy= 4.1674221781679    | 4.16360750049994   | 4.17123685586702   occ= 0
MO #65  (A1  #28) energy= 4.18111654743073   | 4.15196195837981   | 4.21027113676734   occ= 0
MO #66  (B1  #16) energy= 4.30082653143407   | 4.29706704875843   | 4.3045860141097    occ= 0
MO #67  (B2  #16) energy= 4.30647935620064   | 4.29767203753476   | 4.315286676623     occ= 0
MO #68  (A1  #29) energy= 4.79297824311065   | 4.78177837678288   | 4.80417810931543   occ= 0
MO #69  (B1  #17) energy= 7.51567484811588   | 7.42951577931063   | 7.60183391692111   occ= 0
MO #70  (B2  #17) energy= 7.51567748553978   | 7.42950177727031   | 7.60185319395617   occ= 0
MO #71  (A1  #30) energy= 7.55198844918294   | 7.48667651041458   | 7.61730038902465   occ= 0
MO #72  (A2  #8 ) energy= 7.5521242705613    | 7.48587494694831   | 7.61837359493697   occ= 0
MO #73  (B1  #18) energy= 7.75279211574626   | 7.72299217975104   | 7.78259205174144   occ= 0
MO #74  (B2  #18) energy= 7.76319086102431   | 7.70134115578579   | 7.82504056694949   occ= 0
MO #75  (A1  #31) energy= 7.88073699015411   | 7.84235297475046   | 7.91912100577057   occ= 0
MO #76  (A1  #32) energy= 10.6067857172662   | 10.5883483214589   | 10.6252231130281   occ= 0
 ** Mulliken pop on meta-lowdin orthogonal AOs  **
 ** Mulliken pop  **
pop of  0 Cr 3s        1.99962
pop of  0 Cr 4s        0.88720
pop of  0 Cr 5s        0.00330
pop of  0 Cr 6s        0.00395
pop of  0 Cr 7s        0.00178
pop of  0 Cr 3px       1.99619
pop of  0 Cr 3py       1.99962
pop of  0 Cr 3pz       1.99957
pop of  0 Cr 4px       0.04989
pop of  0 Cr 4py       0.00605
pop of  0 Cr 4pz       0.04224
pop of  0 Cr 5px       0.00481
pop of  0 Cr 5py       0.00003
pop of  0 Cr 5pz       0.00118
pop of  0 Cr 6px       0.00416
pop of  0 Cr 6py       0.00000
pop of  0 Cr 6pz       0.00046
pop of  0 Cr 7px       0.00052
pop of  0 Cr 7py       0.00002
pop of  0 Cr 7pz       0.00022
pop of  0 Cr 3dxy      0.39334
pop of  0 Cr 3dyz      0.99835
pop of  0 Cr 3dz^2     0.87841
pop of  0 Cr 3dxz      1.09837
pop of  0 Cr 3dx2-y2    0.90024
pop of  0 Cr 4dxy      0.00084
pop of  0 Cr 4dyz      0.00111
pop of  0 Cr 4dz^2     0.00092
pop of  0 Cr 4dxz      0.00085
pop of  0 Cr 4dx2-y2    0.00122
pop of  0 Cr 5dxy      0.00012
pop of  0 Cr 5dyz      0.00049
pop of  0 Cr 5dz^2     0.00052
pop of  0 Cr 5dxz      0.00058
pop of  0 Cr 5dx2-y2    0.00099
pop of  0 Cr 6dxy      0.00000
pop of  0 Cr 6dyz      0.00001
pop of  0 Cr 6dz^2     0.00002
pop of  0 Cr 6dxz      0.00005
pop of  0 Cr 6dx2-y2    0.00002
pop of  0 Cr 4fy^3     0.00024
pop of  0 Cr 4fxyz     0.00000
pop of  0 Cr 4fyz^2    0.00002
pop of  0 Cr 4fz^3     0.00010
pop of  0 Cr 4fxz^2    0.00019
pop of  0 Cr 4fzx^2    0.00012
pop of  0 Cr 4fx^3     0.00029
pop of  0 Cr 5fy^3     0.00113
pop of  0 Cr 5fxyz     0.00000
pop of  0 Cr 5fyz^2    0.00008
pop of  0 Cr 5fz^3     0.00037
pop of  0 Cr 5fxz^2    0.00097
pop of  0 Cr 5fzx^2    0.00055
pop of  0 Cr 5fx^3     0.00132
pop of  1 O 2s        1.82887
pop of  1 O 3s        0.00711
pop of  1 O 4s        0.01397
pop of  1 O 2px       1.40242
pop of  1 O 2py       1.58924
pop of  1 O 2pz       1.82729
pop of  1 O 3px       0.00096
pop of  1 O 3py       0.00125
pop of  1 O 3pz       0.00821
pop of  1 O 4px       0.00485
pop of  1 O 4py       0.00026
pop of  1 O 4pz       0.01305
pop of  1 O 3dxy      0.00233
pop of  1 O 3dyz      0.00002
pop of  1 O 3dz^2     0.00069
pop of  1 O 3dxz      0.00163
pop of  1 O 3dx2-y2    0.00180
pop of  1 O 4dxy      0.00542
pop of  1 O 4dyz      0.00000
pop of  1 O 4dz^2     0.00083
pop of  1 O 4dxz      0.00516
pop of  1 O 4dx2-y2    0.00198
 ** Mulliken atomic charges  **
charge of  0Cr =      0.71735
charge of  1O =     -0.71735
Dipole moment(X, Y, Z, Debye): -3.05819,  0.00000,  0.00000
mol.nao: 76
mol.nelec: (12, 8)
ncore for each irreps {'A1': 3, 'A2': 0, 'B1': 1, 'B2': 1}
ncas for each irreps {'A1': 5, 'A2': 2, 'B1': 3, 'B2': 3}
(0-based) caslst = [ 5  6  7  8  9 10 11 12 13 14 15 16 20]

******** <class 'pyscf.mcscf.mc1step_symm.SymAdaptedCASSCF'> ********
CAS (7e+3e, 13o), ncore = 5, nvir = 58
max_cycle_macro = 10
max_cycle_micro = 4
conv_tol = 1e-07
conv_tol_grad = None
orbital rotation max_stepsize = 0.02
augmented hessian ah_max_cycle = 30
augmented hessian ah_conv_tol = 1e-12
augmented hessian ah_linear dependence = 1e-14
augmented hessian ah_level shift = 0
augmented hessian ah_start_tol = 2.5
augmented hessian ah_start_cycle = 3
augmented hessian ah_grad_trust_region = 3
kf_trust_region = 3
kf_interval = 4
ci_response_space = 4
ci_grad_trust_region = 3
with_dep4 0
natorb = False
canonicalization = True
sorting_mo_energy = False
ao2mo_level = 2
chkfile = cro_SHCISCF.chk
max_memory 4000 MB (current use 203 MB)
internal_rotation = True

******** SHCI flags ********
executable             = /projects/anma2640/newDice/Dice/Dice
mpiprefix              = mpirun -np 36
scratchDirectory       = /rc_scratch/anma2640/cro/
integralFile           = ./FCIDUMP
configFile             = ./input.dat
outputFile             = ./output.dat
maxIter                = 6
sweep_iter             = [    0]
sweep_epsilon          = [1e-05]
nPTiter                = 0
Stochastic             = True
restart                = False
fullrestart            = False
num_thrds              = 1
memory                 = None

Active space CI wfn symmetry = B1
CASCI E = -101.798126438094  S^2 = 6.0000000
Set conv_tol_grad to 0.000316228
macro iter 1 (21 JK  4 micro), CASSCF E = -101.816825458932  dE = -0.018699021  S^2 = 6.0000000
               |grad[o]|=0.00417  |grad[c]|= None  |ddm|=0.0792
macro iter 2 (21 JK  4 micro), CASSCF E = -101.867083018347  dE = -0.050257559  S^2 = 6.0000000
               |grad[o]|=0.0496  |grad[c]|= None  |ddm|=0.0486
macro iter 3 (21 JK  4 micro), CASSCF E = -101.909867453341  dE = -0.042784435  S^2 = 6.0000000
               |grad[o]|=0.076  |grad[c]|= None  |ddm|=0.0447
macro iter 4 (21 JK  4 micro), CASSCF E = -101.933857535327  dE = -0.023990082  S^2 = 6.0000000
               |grad[o]|=0.0527  |grad[c]|= None  |ddm|=0.0349
macro iter 5 (21 JK  4 micro), CASSCF E = -101.949605054382  dE = -0.015747519  S^2 = 6.0000000
               |grad[o]|=0.0401  |grad[c]|= None  |ddm|=0.0165
macro iter 6 (21 JK  4 micro), CASSCF E = -101.959142865896  dE = -0.0095378115  S^2 = 6.0000000
               |grad[o]|=0.021  |grad[c]|= None  |ddm|=0.0137
macro iter 7 (21 JK  4 micro), CASSCF E = -101.968271226199  dE = -0.0091283603  S^2 = 6.0000000
               |grad[o]|=0.0172  |grad[c]|= None  |ddm|=0.00842
macro iter 8 (21 JK  4 micro), CASSCF E = -101.974630072981  dE = -0.0063588468  S^2 = 6.0000000
               |grad[o]|=0.0117  |grad[c]|= None  |ddm|=0.00732
macro iter 9 (19 JK  4 micro), CASSCF E = -101.975613918416  dE = -0.00098384544  S^2 = 6.0000000
               |grad[o]|=0.00331  |grad[c]|= None  |ddm|=0.00865
macro iter 10 (20 JK  4 micro), CASSCF E = -101.976330929245  dE = -0.00071701083  S^2 = 6.0000000
               |grad[o]|=0.00496  |grad[c]|= None  |ddm|=0.00739
1-step CASSCF not converged, 10 macro (207 JK 40 micro) steps
CASSCF canonicalization
Density matrix diagonal elements [1.96170636 1.93132295 1.92200665 0.99510576 0.99283228 0.99891788
 1.00462429 0.01583737 0.03841994 0.03163669 0.03664446 0.06388567
 0.0070597 ]
CASSCF energy = -101.976330929245
CASCI E = -101.976330929245  E(CI) = -26.3938620113314  S^2 = 6.0000000
 # Transforming hcore and eri to ortho AO basis.
 # Performing modified Cholesky decomposition on ERI tensor.
# Generating Cholesky decomposition of ERIs.
# max number of cholesky vectors = 760
# iteration     0: delta_max = 1.002732
# iteration     1: delta_max = 7.11697889e-01: time = 1.24114682e-02
# iteration     2: delta_max = 2.72562002e-01: time = 6.23675203e-03
# iteration     3: delta_max = 2.26457274e-01: time = 1.33049628e-02
# iteration     4: delta_max = 2.26457274e-01: time = 2.04628170e-02
# iteration     5: delta_max = 2.20497109e-01: time = 2.09120349e-02
# iteration     6: delta_max = 1.79147338e-01: time = 3.26556209e-02
# iteration     7: delta_max = 1.60454337e-01: time = 1.78093570e-02
# iteration     8: delta_max = 1.60454337e-01: time = 1.09985932e-02
# iteration     9: delta_max = 1.41115057e-01: time = 1.24666807e-02
# iteration    10: delta_max = 1.33325741e-01: time = 1.07400301e-02
# iteration    11: delta_max = 1.20148089e-01: time = 1.27149271e-02
# iteration    12: delta_max = 1.06609213e-01: time = 6.40763482e-03
# iteration    13: delta_max = 9.59493506e-02: time = 4.41996427e-03
# iteration    14: delta_max = 9.43134237e-02: time = 1.14253550e-02
# iteration    15: delta_max = 9.40416240e-02: time = 2.68660299e-02
# iteration    16: delta_max = 8.89612588e-02: time = 1.13500431e-02
# iteration    17: delta_max = 8.00796181e-02: time = 4.89076599e-03
# iteration    18: delta_max = 7.93208124e-02: time = 4.98505915e-03
# iteration    19: delta_max = 7.92921521e-02: time = 4.97343810e-03
# iteration    20: delta_max = 7.86941069e-02: time = 7.41305808e-03
# iteration    21: delta_max = 7.49842101e-02: time = 4.41799001e-02
# iteration    22: delta_max = 7.34658431e-02: time = 7.20873289e-03
# iteration    23: delta_max = 7.14081945e-02: time = 1.90606001e-02
# iteration    24: delta_max = 7.12081717e-02: time = 1.14298980e-02
# iteration    25: delta_max = 6.83840651e-02: time = 4.88576801e-02
# iteration    26: delta_max = 6.63816296e-02: time = 4.32010600e-03
# iteration    27: delta_max = 5.97967215e-02: time = 6.07355032e-03
# iteration    28: delta_max = 5.97903178e-02: time = 6.07011328e-03
# iteration    29: delta_max = 5.96820829e-02: time = 1.25307650e-02
# iteration    30: delta_max = 5.95896399e-02: time = 1.59038790e-02
# iteration    31: delta_max = 5.94713715e-02: time = 6.12671301e-03
# iteration    32: delta_max = 5.91237470e-02: time = 6.14436716e-03
# iteration    33: delta_max = 5.91052531e-02: time = 6.16481295e-03
# iteration    34: delta_max = 5.75086044e-02: time = 3.78341787e-03
# iteration    35: delta_max = 5.64135567e-02: time = 1.03710699e-02
# iteration    36: delta_max = 5.49605503e-02: time = 1.82228270e-02
# iteration    37: delta_max = 4.81887930e-02: time = 4.43955138e-03
# iteration    38: delta_max = 4.72996235e-02: time = 6.41070306e-03
# iteration    39: delta_max = 4.63986294e-02: time = 4.37488314e-03
# iteration    40: delta_max = 4.59607601e-02: time = 3.99166020e-03
# iteration    41: delta_max = 4.50539635e-02: time = 6.30272971e-03
# iteration    42: delta_max = 4.22853362e-02: time = 2.75190109e-02
# iteration    43: delta_max = 4.21734517e-02: time = 1.14885452e-02
# iteration    44: delta_max = 4.17259290e-02: time = 1.14226718e-02
# iteration    45: delta_max = 4.13779072e-02: time = 2.79338178e-02
# iteration    46: delta_max = 4.08023913e-02: time = 1.33298580e-02
# iteration    47: delta_max = 4.05737697e-02: time = 1.34466873e-02
# iteration    48: delta_max = 3.83740350e-02: time = 1.14602139e-02
# iteration    49: delta_max = 3.83324438e-02: time = 1.14639648e-02
# iteration    50: delta_max = 3.62469915e-02: time = 2.47913320e-02
# iteration    51: delta_max = 3.47311083e-02: time = 1.10995327e-02
# iteration    52: delta_max = 3.44776025e-02: time = 1.16439662e-02
# iteration    53: delta_max = 3.44493681e-02: time = 7.79516296e-03
# iteration    54: delta_max = 3.37969206e-02: time = 6.25152607e-03
# iteration    55: delta_max = 3.13023249e-02: time = 3.94301815e-03
# iteration    56: delta_max = 3.06535220e-02: time = 1.82714602e-02
# iteration    57: delta_max = 2.94942603e-02: time = 1.30233034e-02
# iteration    58: delta_max = 2.91776241e-02: time = 9.31813661e-03
# iteration    59: delta_max = 2.87979900e-02: time = 4.31764219e-03
# iteration    60: delta_max = 2.87702398e-02: time = 1.14038712e-02
# iteration    61: delta_max = 2.72749195e-02: time = 3.91073292e-03
# iteration    62: delta_max = 2.57100472e-02: time = 6.23598881e-03
# iteration    63: delta_max = 2.55617021e-02: time = 1.29762981e-02
# iteration    64: delta_max = 2.47091217e-02: time = 1.40547478e-02
# iteration    65: delta_max = 2.45878533e-02: time = 4.96017998e-02
# iteration    66: delta_max = 2.45707031e-02: time = 1.61020034e-02
# iteration    67: delta_max = 2.35023706e-02: time = 2.77525433e-02
# iteration    68: delta_max = 2.26526873e-02: time = 8.30729026e-03
# iteration    69: delta_max = 2.23926511e-02: time = 4.46734484e-03
# iteration    70: delta_max = 2.23908592e-02: time = 4.42162761e-03
# iteration    71: delta_max = 2.21060339e-02: time = 4.37694602e-03
# iteration    72: delta_max = 2.20923225e-02: time = 2.22960906e-02
# iteration    73: delta_max = 2.20721277e-02: time = 3.08245141e-02
# iteration    74: delta_max = 2.20684606e-02: time = 6.29940582e-03
# iteration    75: delta_max = 2.18603396e-02: time = 8.27092025e-03
# iteration    76: delta_max = 2.17978278e-02: time = 2.16390258e-02
# iteration    77: delta_max = 2.14599204e-02: time = 6.59458898e-03
# iteration    78: delta_max = 2.06750426e-02: time = 4.90077944e-02
# iteration    79: delta_max = 2.04126149e-02: time = 6.40144525e-03
# iteration    80: delta_max = 1.98540553e-02: time = 3.70427407e-03
# iteration    81: delta_max = 1.95914698e-02: time = 6.51470292e-03
# iteration    82: delta_max = 1.95840498e-02: time = 8.44581658e-03
# iteration    83: delta_max = 1.93384215e-02: time = 1.12298098e-02
# iteration    84: delta_max = 1.91370984e-02: time = 1.35964942e-02
# iteration    85: delta_max = 1.89897567e-02: time = 3.97403305e-03
# iteration    86: delta_max = 1.88771473e-02: time = 6.34607687e-02
# iteration    87: delta_max = 1.87916015e-02: time = 3.11905541e-02
# iteration    88: delta_max = 1.82378110e-02: time = 2.20869351e-02
# iteration    89: delta_max = 1.79356181e-02: time = 1.26578413e-01
# iteration    90: delta_max = 1.71727595e-02: time = 1.28981997e-02
# iteration    91: delta_max = 1.67755570e-02: time = 3.79999587e-03
# iteration    92: delta_max = 1.66053968e-02: time = 7.24370684e-03
# iteration    93: delta_max = 1.64574921e-02: time = 7.27388170e-03
# iteration    94: delta_max = 1.64107734e-02: time = 4.44004964e-03
# iteration    95: delta_max = 1.64081184e-02: time = 2.16215518e-02
# iteration    96: delta_max = 1.63419903e-02: time = 6.20471593e-03
# iteration    97: delta_max = 1.63198993e-02: time = 6.27697306e-03
# iteration    98: delta_max = 1.60614624e-02: time = 6.25205692e-03
# iteration    99: delta_max = 1.53185798e-02: time = 2.53371582e-02
# iteration   100: delta_max = 1.52924950e-02: time = 1.32426904e-02
# iteration   101: delta_max = 1.51954773e-02: time = 6.37468416e-03
# iteration   102: delta_max = 1.49976818e-02: time = 6.44635223e-03
# iteration   103: delta_max = 1.49847272e-02: time = 6.37885602e-03
# iteration   104: delta_max = 1.49340872e-02: time = 4.09173965e-03
# iteration   105: delta_max = 1.48252518e-02: time = 7.83530204e-03
# iteration   106: delta_max = 1.39132672e-02: time = 7.48937763e-02
# iteration   107: delta_max = 1.38665402e-02: time = 7.29325274e-03
# iteration   108: delta_max = 1.38020821e-02: time = 1.82254859e-02
# iteration   109: delta_max = 1.36976471e-02: time = 1.32908458e-02
# iteration   110: delta_max = 1.33459622e-02: time = 2.09533111e-02
# iteration   111: delta_max = 1.32539709e-02: time = 4.49631317e-03
# iteration   112: delta_max = 1.30830406e-02: time = 6.30486384e-03
# iteration   113: delta_max = 1.28460560e-02: time = 3.26856039e-02
# iteration   114: delta_max = 1.26695143e-02: time = 6.39761984e-03
# iteration   115: delta_max = 1.23895073e-02: time = 1.63178542e-02
# iteration   116: delta_max = 1.23842539e-02: time = 1.19836763e-02
# iteration   117: delta_max = 1.22840871e-02: time = 1.21832099e-02
# iteration   118: delta_max = 1.22224171e-02: time = 2.45227618e-02
# iteration   119: delta_max = 1.20480210e-02: time = 5.98831102e-03
# iteration   120: delta_max = 1.20145173e-02: time = 1.09815951e-02
# iteration   121: delta_max = 1.19308055e-02: time = 1.22027150e-01
# iteration   122: delta_max = 1.17374189e-02: time = 6.46701595e-03
# iteration   123: delta_max = 1.10849343e-02: time = 6.26182701e-02
# iteration   124: delta_max = 1.09877677e-02: time = 2.04554042e-02
# iteration   125: delta_max = 1.08974172e-02: time = 6.39888225e-03
# iteration   126: delta_max = 1.08709959e-02: time = 1.61484890e-02
# iteration   127: delta_max = 1.08383851e-02: time = 6.44171610e-03
# iteration   128: delta_max = 1.07565301e-02: time = 6.30538119e-03
# iteration   129: delta_max = 1.06657772e-02: time = 1.34628862e-02
# iteration   130: delta_max = 1.05524004e-02: time = 1.06693399e-02
# iteration   131: delta_max = 1.05056159e-02: time = 6.45880494e-03
# iteration   132: delta_max = 1.04271817e-02: time = 4.51823696e-03
# iteration   133: delta_max = 1.04151697e-02: time = 6.38908381e-03
# iteration   134: delta_max = 1.02976865e-02: time = 6.54685497e-03
# iteration   135: delta_max = 1.02077001e-02: time = 1.21602989e-02
# iteration   136: delta_max = 1.01064607e-02: time = 1.49576040e-02
# iteration   137: delta_max = 1.01062508e-02: time = 6.44139294e-03
# iteration   138: delta_max = 1.00621613e-02: time = 6.46339217e-03
# iteration   139: delta_max = 1.00463666e-02: time = 6.46049390e-03
# iteration   140: delta_max = 9.92883602e-03: time = 7.03294529e-03
# iteration   141: delta_max = 9.74964433e-03: time = 1.35901519e-02
# iteration   142: delta_max = 9.56873977e-03: time = 1.21053203e-01
# iteration   143: delta_max = 9.48598687e-03: time = 4.52220906e-03
# iteration   144: delta_max = 9.43661479e-03: time = 4.17219801e-03
# iteration   145: delta_max = 9.34232310e-03: time = 4.06243419e-03
# iteration   146: delta_max = 9.13537964e-03: time = 6.40465040e-03
# iteration   147: delta_max = 8.97828265e-03: time = 7.81069300e-02
# iteration   148: delta_max = 8.90027643e-03: time = 6.24889350e-02
# iteration   149: delta_max = 8.73594415e-03: time = 4.06782376e-03
# iteration   150: delta_max = 8.56303669e-03: time = 6.48559863e-03
# iteration   151: delta_max = 8.53909501e-03: time = 3.24330344e-02
# iteration   152: delta_max = 8.51897920e-03: time = 1.62625201e-02
# iteration   153: delta_max = 8.50844531e-03: time = 6.54806895e-03
# iteration   154: delta_max = 8.41876722e-03: time = 1.11279129e-02
# iteration   155: delta_max = 8.20718910e-03: time = 2.48538209e-02
# iteration   156: delta_max = 8.20513861e-03: time = 4.57735173e-03
# iteration   157: delta_max = 8.09612959e-03: time = 3.74199813e-02
# iteration   158: delta_max = 7.72475782e-03: time = 1.62411910e-02
# iteration   159: delta_max = 7.60667768e-03: time = 6.51722010e-02
# iteration   160: delta_max = 7.56865688e-03: time = 1.94364311e-02
# iteration   161: delta_max = 7.55641826e-03: time = 6.46341406e-03
# iteration   162: delta_max = 7.48902600e-03: time = 4.78607696e-03
# iteration   163: delta_max = 7.42818099e-03: time = 4.60573472e-03
# iteration   164: delta_max = 7.26868022e-03: time = 1.15049757e-01
# iteration   165: delta_max = 7.19452989e-03: time = 2.09861682e-02
# iteration   166: delta_max = 7.04341347e-03: time = 9.64301219e-03
# iteration   167: delta_max = 6.94699010e-03: time = 3.88794532e-03
# iteration   168: delta_max = 6.92847127e-03: time = 6.51665404e-03
# iteration   169: delta_max = 6.92029045e-03: time = 6.27764249e-02
# iteration   170: delta_max = 6.84711478e-03: time = 7.87770618e-02
# iteration   171: delta_max = 6.82304541e-03: time = 6.43656403e-03
# iteration   172: delta_max = 6.69609347e-03: time = 6.60879025e-03
# iteration   173: delta_max = 6.50765134e-03: time = 6.28072703e-02
# iteration   174: delta_max = 6.50171139e-03: time = 9.29943193e-03
# iteration   175: delta_max = 6.34708901e-03: time = 1.72074190e-02
# iteration   176: delta_max = 6.34258458e-03: time = 2.12406563e-02
# iteration   177: delta_max = 5.95739428e-03: time = 8.93960195e-03
# iteration   178: delta_max = 5.88900111e-03: time = 1.97170791e-02
# iteration   179: delta_max = 5.87460557e-03: time = 4.22313670e-03
# iteration   180: delta_max = 5.64968785e-03: time = 3.94373666e-03
# iteration   181: delta_max = 5.64138676e-03: time = 6.57928782e-03
# iteration   182: delta_max = 5.22821256e-03: time = 1.16284487e-01
# iteration   183: delta_max = 5.17441409e-03: time = 1.13529046e-02
# iteration   184: delta_max = 5.13140455e-03: time = 1.54351410e-02
# iteration   185: delta_max = 5.12838570e-03: time = 6.72843726e-03
# iteration   186: delta_max = 5.01735838e-03: time = 1.17352848e-01
# iteration   187: delta_max = 4.82036962e-03: time = 7.83361578e-02
# iteration   188: delta_max = 4.77386513e-03: time = 1.18519037e-01
# iteration   189: delta_max = 4.76688498e-03: time = 1.17349828e-01
# iteration   190: delta_max = 4.55454084e-03: time = 3.27808764e-02
# iteration   191: delta_max = 4.46655771e-03: time = 1.16207186e-01
# iteration   192: delta_max = 4.30847263e-03: time = 7.32481168e-02
# iteration   193: delta_max = 4.30275927e-03: time = 6.97966260e-02
# iteration   194: delta_max = 4.24109386e-03: time = 1.62605462e-02
# iteration   195: delta_max = 4.19810768e-03: time = 3.32351611e-02
# iteration   196: delta_max = 4.19620553e-03: time = 4.65909578e-03
# iteration   197: delta_max = 4.06178815e-03: time = 1.16573937e-01
# iteration   198: delta_max = 3.93156872e-03: time = 1.33214012e-01
# iteration   199: delta_max = 3.85987735e-03: time = 4.66934266e-03
# iteration   200: delta_max = 3.82711061e-03: time = 4.62152483e-03
# iteration   201: delta_max = 3.80940324e-03: time = 1.63045400e-02
# iteration   202: delta_max = 3.75128930e-03: time = 1.32111011e-01
# iteration   203: delta_max = 3.67978932e-03: time = 4.68980102e-03
# iteration   204: delta_max = 3.47560361e-03: time = 3.99193587e-03
# iteration   205: delta_max = 3.44614235e-03: time = 4.20346903e-03
# iteration   206: delta_max = 3.44259645e-03: time = 4.60992800e-03
# iteration   207: delta_max = 3.38355412e-03: time = 4.00632992e-03
# iteration   208: delta_max = 3.31918278e-03: time = 3.24092391e-02
# iteration   209: delta_max = 3.26178475e-03: time = 1.15554675e-01
# iteration   210: delta_max = 3.12036090e-03: time = 4.70984820e-03
# iteration   211: delta_max = 3.09870924e-03: time = 1.31735019e-01
# iteration   212: delta_max = 2.97443428e-03: time = 4.68503404e-03
# iteration   213: delta_max = 2.94916874e-03: time = 4.01684502e-03
# iteration   214: delta_max = 2.91719349e-03: time = 1.62748508e-02
# iteration   215: delta_max = 2.91583440e-03: time = 6.66979700e-03
# iteration   216: delta_max = 2.80966139e-03: time = 1.38162388e-02
# iteration   217: delta_max = 2.77630209e-03: time = 1.94665170e-02
# iteration   218: delta_max = 2.75549514e-03: time = 1.15171817e-01
# iteration   219: delta_max = 2.68744924e-03: time = 3.21819270e-02
# iteration   220: delta_max = 2.68680440e-03: time = 4.68555186e-03
# iteration   221: delta_max = 2.62530659e-03: time = 4.71188128e-03
# iteration   222: delta_max = 2.55438882e-03: time = 6.24670452e-02
# iteration   223: delta_max = 2.48712067e-03: time = 8.64875875e-03
# iteration   224: delta_max = 2.41959909e-03: time = 1.37371542e-02
# iteration   225: delta_max = 2.39954145e-03: time = 1.16996411e-01
# iteration   226: delta_max = 2.37506592e-03: time = 4.72543482e-03
# iteration   227: delta_max = 2.26674609e-03: time = 8.15070421e-03
# iteration   228: delta_max = 2.24722068e-03: time = 1.27998564e-01
# iteration   229: delta_max = 2.24574405e-03: time = 2.67642508e-02
# iteration   230: delta_max = 2.17841882e-03: time = 4.70032031e-03
# iteration   231: delta_max = 2.14745890e-03: time = 4.04744279e-02
# iteration   232: delta_max = 2.14427382e-03: time = 4.10110448e-02
# iteration   233: delta_max = 2.14057425e-03: time = 4.70648101e-03
# iteration   234: delta_max = 2.12094688e-03: time = 4.68369294e-03
# iteration   235: delta_max = 1.97285608e-03: time = 6.26789187e-02
# iteration   236: delta_max = 1.86083550e-03: time = 3.25969160e-02
# iteration   237: delta_max = 1.84488980e-03: time = 6.29138737e-02
# iteration   238: delta_max = 1.78547945e-03: time = 8.30792869e-03
# iteration   239: delta_max = 1.70479681e-03: time = 3.25287059e-02
# iteration   240: delta_max = 1.69998110e-03: time = 6.30382197e-02
# iteration   241: delta_max = 1.63740492e-03: time = 1.67535529e-02
# iteration   242: delta_max = 1.62681915e-03: time = 2.72656134e-02
# iteration   243: delta_max = 1.53983397e-03: time = 4.75378707e-03
# iteration   244: delta_max = 1.53138436e-03: time = 1.18605872e-02
# iteration   245: delta_max = 1.52386727e-03: time = 1.31267672e-02
# iteration   246: delta_max = 1.45182916e-03: time = 1.19048720e-02
# iteration   247: delta_max = 1.40839337e-03: time = 4.70734015e-03
# iteration   248: delta_max = 1.39685833e-03: time = 8.41465499e-03
# iteration   249: delta_max = 1.36904513e-03: time = 4.75288788e-03
# iteration   250: delta_max = 1.34366602e-03: time = 3.92302033e-03
# iteration   251: delta_max = 1.30455888e-03: time = 2.56523057e-02
# iteration   252: delta_max = 1.26166331e-03: time = 6.48965957e-02
# iteration   253: delta_max = 1.22252830e-03: time = 4.75906488e-03
# iteration   254: delta_max = 1.17913172e-03: time = 1.16268368e-01
# iteration   255: delta_max = 1.15945481e-03: time = 1.33452578e-01
# iteration   256: delta_max = 1.14241477e-03: time = 1.17264461e-01
# iteration   257: delta_max = 1.07381557e-03: time = 1.88331329e-02
# iteration   258: delta_max = 1.05195982e-03: time = 2.05741529e-02
# iteration   259: delta_max = 9.96516657e-04: time = 1.18480544e-02
# iteration   260: delta_max = 9.91289422e-04: time = 1.78060080e-02
# iteration   261: delta_max = 9.77540659e-04: time = 1.79830459e-02
# iteration   262: delta_max = 9.76152412e-04: time = 1.19262901e-02
# iteration   263: delta_max = 9.64905488e-04: time = 6.58441195e-03
# iteration   264: delta_max = 9.29255203e-04: time = 4.73302603e-03
# iteration   265: delta_max = 9.06916797e-04: time = 1.31367234e-01
# iteration   266: delta_max = 8.85073471e-04: time = 1.19232968e-02
# iteration   267: delta_max = 8.79939489e-04: time = 6.64912490e-03
# iteration   268: delta_max = 8.70041930e-04: time = 4.76795901e-03
# iteration   269: delta_max = 8.22512779e-04: time = 1.00540677e-02
# iteration   270: delta_max = 8.22353415e-04: time = 1.40601620e-02
# iteration   271: delta_max = 8.06829741e-04: time = 1.22108730e-02
# iteration   272: delta_max = 7.98663862e-04: time = 4.80022095e-03
# iteration   273: delta_max = 7.92364468e-04: time = 1.18868640e-02
# iteration   274: delta_max = 7.71141580e-04: time = 1.17134368e-02
# iteration   275: delta_max = 7.65096923e-04: time = 1.97948599e-02
# iteration   276: delta_max = 7.52485128e-04: time = 1.18629732e-02
# iteration   277: delta_max = 6.98927756e-04: time = 4.80904104e-03
# iteration   278: delta_max = 6.73753888e-04: time = 3.23475772e-02
# iteration   279: delta_max = 6.70080902e-04: time = 4.93079899e-02
# iteration   280: delta_max = 6.62475441e-04: time = 1.65293780e-02
# iteration   281: delta_max = 6.47534989e-04: time = 4.43743309e-03
# iteration   282: delta_max = 6.26294767e-04: time = 4.46906034e-03
# iteration   283: delta_max = 6.08172353e-04: time = 1.32418678e-01
# iteration   284: delta_max = 5.96492638e-04: time = 5.38657000e-03
# iteration   285: delta_max = 5.63595019e-04: time = 1.39039368e-02
# iteration   286: delta_max = 5.59213293e-04: time = 2.85924664e-02
# iteration   287: delta_max = 5.50716958e-04: time = 1.16960071e-01
# iteration   288: delta_max = 5.40383089e-04: time = 4.87020286e-03
# iteration   289: delta_max = 5.36222686e-04: time = 6.67638285e-03
# iteration   290: delta_max = 5.32319747e-04: time = 3.82860382e-02
# iteration   291: delta_max = 5.25780642e-04: time = 4.43233084e-03
# iteration   292: delta_max = 5.23766894e-04: time = 4.35730908e-03
# iteration   293: delta_max = 5.19789566e-04: time = 3.34594827e-02
# iteration   294: delta_max = 4.96431146e-04: time = 4.93373396e-03
# iteration   295: delta_max = 4.96043534e-04: time = 4.43015574e-03
# iteration   296: delta_max = 4.78820167e-04: time = 1.17769759e-01
# iteration   297: delta_max = 4.77215151e-04: time = 1.25741372e-02
# iteration   298: delta_max = 4.74833828e-04: time = 1.52462847e-02
# iteration   299: delta_max = 4.72785788e-04: time = 4.46702074e-03
# iteration   300: delta_max = 4.52893252e-04: time = 5.32994373e-03
# iteration   301: delta_max = 4.48973396e-04: time = 1.90705708e-02
# iteration   302: delta_max = 4.45288772e-04: time = 1.27728931e-02
# iteration   303: delta_max = 4.39904115e-04: time = 1.21125998e-02
# iteration   304: delta_max = 4.14828412e-04: time = 4.44297493e-03
# iteration   305: delta_max = 4.10592888e-04: time = 4.85417992e-03
# iteration   306: delta_max = 4.08626532e-04: time = 2.27599409e-02
# iteration   307: delta_max = 4.00420133e-04: time = 1.71873351e-02
# iteration   308: delta_max = 3.95604252e-04: time = 6.38650092e-02
# iteration   309: delta_max = 3.90051146e-04: time = 2.39891331e-02
# iteration   310: delta_max = 3.81400504e-04: time = 1.61517947e-02
# iteration   311: delta_max = 3.76718144e-04: time = 4.23264923e-03
# iteration   312: delta_max = 3.72808987e-04: time = 4.58152173e-03
# iteration   313: delta_max = 3.58736817e-04: time = 6.88622007e-03
# iteration   314: delta_max = 3.54636669e-04: time = 3.33030280e-02
# iteration   315: delta_max = 3.48287254e-04: time = 1.66898579e-02
# iteration   316: delta_max = 3.39258898e-04: time = 2.98693981e-02
# iteration   317: delta_max = 3.19199127e-04: time = 8.26395815e-03
# iteration   318: delta_max = 3.17952213e-04: time = 1.67349377e-02
# iteration   319: delta_max = 3.11359773e-04: time = 3.36075546e-02
# iteration   320: delta_max = 3.11042542e-04: time = 4.56674304e-03
# iteration   321: delta_max = 3.08832024e-04: time = 6.91660587e-03
# iteration   322: delta_max = 3.05172468e-04: time = 2.19563153e-02
# iteration   323: delta_max = 3.02095544e-04: time = 1.90227213e-02
# iteration   324: delta_max = 2.98798940e-04: time = 1.40188439e-02
# iteration   325: delta_max = 2.84573625e-04: time = 5.55409398e-03
# iteration   326: delta_max = 2.84154583e-04: time = 5.09216869e-03
# iteration   327: delta_max = 2.80078323e-04: time = 1.57880480e-02
# iteration   328: delta_max = 2.75660051e-04: time = 1.25776990e-02
# iteration   329: delta_max = 2.66513908e-04: time = 4.60483180e-03
# iteration   330: delta_max = 2.61640764e-04: time = 5.54204592e-03
# iteration   331: delta_max = 2.56594770e-04: time = 4.38516494e-03
# iteration   332: delta_max = 2.48162371e-04: time = 3.33777107e-02
# iteration   333: delta_max = 2.41596113e-04: time = 1.67838121e-02
# iteration   334: delta_max = 2.36268782e-04: time = 5.17490320e-03
# iteration   335: delta_max = 2.35776175e-04: time = 4.62770974e-03
# iteration   336: delta_max = 2.35709003e-04: time = 2.46694488e-02
# iteration   337: delta_max = 2.25975700e-04: time = 5.52069815e-03
# iteration   338: delta_max = 2.25713775e-04: time = 5.05729392e-03
# iteration   339: delta_max = 2.25637124e-04: time = 5.02839964e-03
# iteration   340: delta_max = 2.21031553e-04: time = 4.56753140e-03
# iteration   341: delta_max = 2.15182586e-04: time = 6.90997019e-03
# iteration   342: delta_max = 2.14297885e-04: time = 1.31792441e-01
# iteration   343: delta_max = 2.02656297e-04: time = 1.67998667e-02
# iteration   344: delta_max = 2.00779942e-04: time = 5.07476414e-03
# iteration   345: delta_max = 1.97415195e-04: time = 1.75142577e-02
# iteration   346: delta_max = 1.88226731e-04: time = 9.41202790e-03
# iteration   347: delta_max = 1.88016429e-04: time = 6.89228810e-03
# iteration   348: delta_max = 1.82941047e-04: time = 7.11912289e-03
# iteration   349: delta_max = 1.76859905e-04: time = 4.50861268e-03
# iteration   350: delta_max = 1.75581228e-04: time = 4.56223590e-03
# iteration   351: delta_max = 1.75345038e-04: time = 8.08373932e-03
# iteration   352: delta_max = 1.73772046e-04: time = 2.96451040e-02
# iteration   353: delta_max = 1.73720669e-04: time = 1.42163290e-02
# iteration   354: delta_max = 1.67689652e-04: time = 7.29260128e-03
# iteration   355: delta_max = 1.64346688e-04: time = 2.00295709e-02
# iteration   356: delta_max = 1.57040583e-04: time = 4.65652486e-03
# iteration   357: delta_max = 1.55480140e-04: time = 5.56588499e-03
# iteration   358: delta_max = 1.47693159e-04: time = 5.57295093e-03
# iteration   359: delta_max = 1.43364254e-04: time = 5.14266687e-03
# iteration   360: delta_max = 1.39943340e-04: time = 4.69578803e-03
# iteration   361: delta_max = 1.38196033e-04: time = 1.78718562e-02
# iteration   362: delta_max = 1.29022550e-04: time = 1.21047869e-02
# iteration   363: delta_max = 1.27820589e-04: time = 4.74596024e-03
# iteration   364: delta_max = 1.26795073e-04: time = 4.63407999e-03
# iteration   365: delta_max = 1.26070339e-04: time = 7.23762484e-03
# iteration   366: delta_max = 1.21171053e-04: time = 7.87591003e-03
# iteration   367: delta_max = 1.20240106e-04: time = 2.08126181e-02
# iteration   368: delta_max = 1.19957951e-04: time = 8.07560980e-03
# iteration   369: delta_max = 1.15122935e-04: time = 5.74989384e-03
# iteration   370: delta_max = 1.10559278e-04: time = 7.18083326e-03
# iteration   371: delta_max = 1.07171492e-04: time = 5.84646082e-03
# iteration   372: delta_max = 1.03289480e-04: time = 9.52606183e-03
# iteration   373: delta_max = 9.99835060e-05: time = 1.20737571e-02
# iteration   374: delta_max = 9.34332994e-05: time = 1.19473996e-01
# iteration   375: delta_max = 8.91753216e-05: time = 8.59712809e-03
# iteration   376: delta_max = 8.52519955e-05: time = 5.70568489e-03
# iteration   377: delta_max = 7.94933626e-05: time = 1.04029276e-02
# iteration   378: delta_max = 7.77296820e-05: time = 2.26262300e-02
# iteration   379: delta_max = 7.66540027e-05: time = 8.63087922e-03
# iteration   380: delta_max = 7.58511253e-05: time = 2.60438588e-02
# iteration   381: delta_max = 7.35060849e-05: time = 1.18723679e-02
# iteration   382: delta_max = 7.13889251e-05: time = 7.04118982e-03
# iteration   383: delta_max = 6.98933503e-05: time = 1.22604300e-02
# iteration   384: delta_max = 6.91737357e-05: time = 4.74449899e-03
# iteration   385: delta_max = 6.36628100e-05: time = 1.68409622e-02
# iteration   386: delta_max = 6.18231727e-05: time = 9.93216736e-03
# iteration   387: delta_max = 5.86383042e-05: time = 9.32518905e-03
# iteration   388: delta_max = 5.75469627e-05: time = 4.66454402e-03
# iteration   389: delta_max = 5.74829757e-05: time = 1.22549669e-02
# iteration   390: delta_max = 5.66002721e-05: time = 2.80980882e-02
# iteration   391: delta_max = 5.38913743e-05: time = 6.98070507e-03
# iteration   392: delta_max = 5.34513943e-05: time = 7.20858900e-03
# iteration   393: delta_max = 5.30088356e-05: time = 4.97735222e-02
# iteration   394: delta_max = 5.21709950e-05: time = 1.17076242e-01
# iteration   395: delta_max = 5.20743739e-05: time = 2.01509153e-02
# iteration   396: delta_max = 5.05194101e-05: time = 4.85445978e-03
# iteration   397: delta_max = 4.85546349e-05: time = 6.19929889e-02
# iteration   398: delta_max = 4.77335158e-05: time = 4.77345614e-03
# iteration   399: delta_max = 4.69000856e-05: time = 1.67665263e-02
# iteration   400: delta_max = 4.68502170e-05: time = 1.32728270e-02
# iteration   401: delta_max = 4.63557221e-05: time = 5.63988974e-03
# iteration   402: delta_max = 4.35906690e-05: time = 5.68654016e-03
# iteration   403: delta_max = 4.33289762e-05: time = 5.73500991e-03
# iteration   404: delta_max = 4.32770989e-05: time = 7.18749780e-03
# iteration   405: delta_max = 4.31000738e-05: time = 3.20681171e-02
# iteration   406: delta_max = 4.16400062e-05: time = 1.70399360e-02
# iteration   407: delta_max = 4.10951606e-05: time = 1.73072773e-02
# iteration   408: delta_max = 3.95310230e-05: time = 1.45097631e-02
# iteration   409: delta_max = 3.87612428e-05: time = 4.84044198e-03
# iteration   410: delta_max = 3.66608589e-05: time = 5.30157285e-03
# iteration   411: delta_max = 3.64851163e-05: time = 1.24725378e-02
# iteration   412: delta_max = 3.55002595e-05: time = 4.67152381e-03
# iteration   413: delta_max = 3.53776800e-05: time = 3.76274632e-02
# iteration   414: delta_max = 3.36778901e-05: time = 4.95380862e-02
# iteration   415: delta_max = 3.36749797e-05: time = 5.25192311e-03
# iteration   416: delta_max = 3.35072591e-05: time = 5.73389418e-03
# iteration   417: delta_max = 3.30020593e-05: time = 5.77415200e-03
# iteration   418: delta_max = 3.26778716e-05: time = 9.70761431e-03
# iteration   419: delta_max = 3.26235406e-05: time = 2.26778751e-02
# iteration   420: delta_max = 3.21008555e-05: time = 5.52055892e-03
# iteration   421: delta_max = 3.11230193e-05: time = 4.86281468e-03
# iteration   422: delta_max = 2.97625652e-05: time = 4.83989716e-03
# iteration   423: delta_max = 2.84916409e-05: time = 5.23225823e-03
# iteration   424: delta_max = 2.83842381e-05: time = 1.22794150e-02
# iteration   425: delta_max = 2.73584456e-05: time = 1.30035873e-02
# iteration   426: delta_max = 2.70886453e-05: time = 1.24145327e-02
# iteration   427: delta_max = 2.70360829e-05: time = 4.88946727e-03
# iteration   428: delta_max = 2.65857488e-05: time = 4.81791096e-03
# iteration   429: delta_max = 2.64745610e-05: time = 1.16101960e-02
# iteration   430: delta_max = 2.64457356e-05: time = 1.49225369e-02
# iteration   431: delta_max = 2.63236985e-05: time = 7.81266205e-03
# iteration   432: delta_max = 2.60679442e-05: time = 4.92565194e-03
# iteration   433: delta_max = 2.47312284e-05: time = 4.93591838e-03
# iteration   434: delta_max = 2.46593879e-05: time = 4.84017795e-03
# iteration   435: delta_max = 2.45530762e-05: time = 7.35816592e-03
# iteration   436: delta_max = 2.41560581e-05: time = 1.34718590e-02
# iteration   437: delta_max = 2.35528152e-05: time = 1.18875760e-02
# iteration   438: delta_max = 2.30705929e-05: time = 7.89122889e-03
# iteration   439: delta_max = 2.30202831e-05: time = 4.98449570e-03
# iteration   440: delta_max = 2.25351871e-05: time = 4.93421890e-02
# iteration   441: delta_max = 2.23496806e-05: time = 7.29995966e-03
# iteration   442: delta_max = 2.22835523e-05: time = 2.06346828e-02
# iteration   443: delta_max = 2.19925971e-05: time = 1.22108851e-02
# iteration   444: delta_max = 2.16521296e-05: time = 6.34591072e-02
# iteration   445: delta_max = 2.12453899e-05: time = 5.86416060e-03
# iteration   446: delta_max = 2.08668683e-05: time = 1.78561709e-02
# iteration   447: delta_max = 2.04260188e-05: time = 1.59761850e-02
# iteration   448: delta_max = 1.96282429e-05: time = 5.85524505e-03
# iteration   449: delta_max = 1.90668008e-05: time = 5.86155383e-03
# iteration   450: delta_max = 1.89469015e-05: time = 1.87284090e-02
# iteration   451: delta_max = 1.88986114e-05: time = 1.65395280e-02
# iteration   452: delta_max = 1.87357877e-05: time = 7.74432858e-03
# iteration   453: delta_max = 1.83996100e-05: time = 5.86416200e-03
# iteration   454: delta_max = 1.83585321e-05: time = 1.26063358e-02
# iteration   455: delta_max = 1.82252124e-05: time = 3.36578852e-02
# iteration   456: delta_max = 1.77662822e-05: time = 8.93968623e-03
# iteration   457: delta_max = 1.74412181e-05: time = 7.42033822e-03
# iteration   458: delta_max = 1.74256100e-05: time = 1.07635148e-02
# iteration   459: delta_max = 1.71427314e-05: time = 1.65956402e-02
# iteration   460: delta_max = 1.70978166e-05: time = 9.87333013e-03
# iteration   461: delta_max = 1.63180049e-05: time = 1.26146539e-02
# iteration   462: delta_max = 1.60212654e-05: time = 7.52977282e-03
# iteration   463: delta_max = 1.56688531e-05: time = 1.37660820e-02
# iteration   464: delta_max = 1.49778985e-05: time = 1.37386010e-02
# iteration   465: delta_max = 1.47818991e-05: time = 5.94541803e-03
# iteration   466: delta_max = 1.47451850e-05: time = 5.35130175e-03
# iteration   467: delta_max = 1.45582912e-05: time = 5.42313932e-03
# iteration   468: delta_max = 1.38323134e-05: time = 4.95670596e-03
# iteration   469: delta_max = 1.37376481e-05: time = 6.76721288e-03
# iteration   470: delta_max = 1.32944695e-05: time = 3.11202421e-02
# iteration   471: delta_max = 1.28528663e-05: time = 5.91220707e-03
# iteration   472: delta_max = 1.26362712e-05: time = 5.00597525e-03
# iteration   473: delta_max = 1.24314455e-05: time = 4.97092810e-02
# iteration   474: delta_max = 1.24035709e-05: time = 5.44005539e-03
# iteration   475: delta_max = 1.23126627e-05: time = 6.76499726e-03
# iteration   476: delta_max = 1.22711283e-05: time = 1.35997599e-02
# iteration   477: delta_max = 1.17760515e-05: time = 9.09331720e-03
# iteration   478: delta_max = 1.13386486e-05: time = 4.80088592e-03
# iteration   479: delta_max = 1.11884108e-05: time = 1.71719361e-02
# iteration   480: delta_max = 1.11133432e-05: time = 2.91885370e-02
# iteration   481: delta_max = 1.10841443e-05: time = 6.02222793e-03
# iteration   482: delta_max = 1.09356364e-05: time = 5.37927076e-03
# iteration   483: delta_max = 1.08510103e-05: time = 5.57090016e-03
# iteration   484: delta_max = 1.07157484e-05: time = 5.01268152e-02
# iteration   485: delta_max = 1.04020974e-05: time = 2.97020571e-02
# iteration   486: delta_max = 1.04002758e-05: time = 2.07556537e-02
# iteration   487: delta_max = 9.78383193e-06: time = 1.33151882e-02
 # Orthogonalising Cholesky vectors.
 # Time to orthogonalise: 0.032307
nelec: (12, 8)
nbasis: 76
chol.shape: (487, 5776)

******** <class 'pyscf.cc.uccsd.UCCSD'> ********
CC2 = 0
CCSD nocc = (12, 8), nmo = (76, 76)
max_cycle = 50
direct = 0
conv_tol = 1e-07
conv_tol_normt = 1e-06
diis_space = 6
diis_start_cycle = 0
diis_start_energy_diff = 1e+09
max_memory 4000 MB (current use 590 MB)
Init t2, MP2 energy = -0.68650034660582
    CPU time for init mp2      0.59 sec, wall time      0.02 sec
Init E_corr(CCSD) = -0.692373702487133
cycle = 1  E_corr(CCSD) = -0.618225426548177  dE = 0.0741482759  norm(t1,t2) = 0.23438
    CPU time for CCSD iter     43.95 sec, wall time      1.23 sec
cycle = 2  E_corr(CCSD) = -0.685162179033464  dE = -0.0669367525  norm(t1,t2) = 0.16
    CPU time for CCSD iter     41.53 sec, wall time      1.16 sec
cycle = 3  E_corr(CCSD) = -0.665647007563634  dE = 0.0195151715  norm(t1,t2) = 0.15557
    CPU time for CCSD iter     42.05 sec, wall time      1.17 sec
cycle = 4  E_corr(CCSD) = -0.666870017989452  dE = -0.00122301043  norm(t1,t2) = 0.0325529
    CPU time for CCSD iter     41.51 sec, wall time      1.16 sec
cycle = 5  E_corr(CCSD) = -0.670296403338181  dE = -0.00342638535  norm(t1,t2) = 0.0144312
    CPU time for CCSD iter     42.20 sec, wall time      1.18 sec
cycle = 6  E_corr(CCSD) = -0.671107901550553  dE = -0.000811498212  norm(t1,t2) = 0.0090207
    CPU time for CCSD iter     43.65 sec, wall time      1.22 sec
cycle = 7  E_corr(CCSD) = -0.670759252187052  dE = 0.000348649364  norm(t1,t2) = 0.00477913
    CPU time for CCSD iter     44.63 sec, wall time      1.25 sec
cycle = 8  E_corr(CCSD) = -0.670743388189974  dE = 1.58639971e-05  norm(t1,t2) = 0.00262359
    CPU time for CCSD iter     44.34 sec, wall time      1.24 sec
cycle = 9  E_corr(CCSD) = -0.670868233083636  dE = -0.000124844894  norm(t1,t2) = 0.00149235
    CPU time for CCSD iter     45.07 sec, wall time      1.26 sec
cycle = 10  E_corr(CCSD) = -0.670887745798317  dE = -1.95127147e-05  norm(t1,t2) = 0.000922424
    CPU time for CCSD iter     44.06 sec, wall time      1.23 sec
cycle = 11  E_corr(CCSD) = -0.670868625280907  dE = 1.91205174e-05  norm(t1,t2) = 0.000426027
    CPU time for CCSD iter     44.65 sec, wall time      1.24 sec
cycle = 12  E_corr(CCSD) = -0.670879075458034  dE = -1.04501771e-05  norm(t1,t2) = 0.000237938
    CPU time for CCSD iter     44.18 sec, wall time      1.23 sec
cycle = 13  E_corr(CCSD) = -0.670863763221928  dE = 1.53122361e-05  norm(t1,t2) = 0.00015441
    CPU time for CCSD iter     43.60 sec, wall time      1.21 sec
cycle = 14  E_corr(CCSD) = -0.670866509977409  dE = -2.74675548e-06  norm(t1,t2) = 0.000100215
    CPU time for CCSD iter     43.88 sec, wall time      1.22 sec
cycle = 15  E_corr(CCSD) = -0.670871448784715  dE = -4.93880731e-06  norm(t1,t2) = 5.84969e-05
    CPU time for CCSD iter     43.68 sec, wall time      1.22 sec
cycle = 16  E_corr(CCSD) = -0.670870661567726  dE = 7.87216989e-07  norm(t1,t2) = 3.21235e-05
    CPU time for CCSD iter     43.38 sec, wall time      1.21 sec
cycle = 17  E_corr(CCSD) = -0.670872257568957  dE = -1.59600123e-06  norm(t1,t2) = 1.94465e-05
    CPU time for CCSD iter     42.87 sec, wall time      1.19 sec
cycle = 18  E_corr(CCSD) = -0.670873480147135  dE = -1.22257818e-06  norm(t1,t2) = 1.17376e-05
    CPU time for CCSD iter     43.62 sec, wall time      1.21 sec
cycle = 19  E_corr(CCSD) = -0.670873365106719  dE = 1.15040417e-07  norm(t1,t2) = 6.16606e-06
    CPU time for CCSD iter     43.83 sec, wall time      1.22 sec
cycle = 20  E_corr(CCSD) = -0.670873573313291  dE = -2.08206572e-07  norm(t1,t2) = 3.32447e-06
    CPU time for CCSD iter     44.19 sec, wall time      1.23 sec
cycle = 21  E_corr(CCSD) = -0.670873578930851  dE = -5.61755953e-09  norm(t1,t2) = 2.12019e-06
    CPU time for CCSD iter     44.09 sec, wall time      1.23 sec
cycle = 22  E_corr(CCSD) = -0.670873552832464  dE = 2.60983868e-08  norm(t1,t2) = 1.39497e-06
    CPU time for CCSD iter     43.83 sec, wall time      1.22 sec
cycle = 23  E_corr(CCSD) = -0.67087357990517  dE = -2.70727057e-08  norm(t1,t2) = 7.3553e-07
    CPU time for CCSD iter     43.87 sec, wall time      1.22 sec
    CPU time for CCSD   1002.67 sec, wall time     27.94 sec
UCCSD converged
E(UCCSD) = -102.4682907957162  E_corr = -0.6708735799051696
max_memory 3111 MB (888 MB in use)
max_memory 3111 MB (888 MB in use)
    CPU time for UCCSD(T)     36.16 sec, wall time      1.01 sec
UCCSD(T) correction = -0.0310070795309335
UCCSD(T) energy -102.49929787524712
